2025-09-28 13:21:20 | INFO | {'message': 'I just found Python! It was exciting.', 'author': 'Alice', 'timestamp': '2025-09-28 13:21:20', 'category': 'tech', 'sentiment': 0.3, 'keyword_mentioned': 'Python', 'message_length': 37}
2025-09-28 13:21:25 | INFO | {'message': 'I just loved a meme! It was weird.', 'author': 'Bob', 'timestamp': '2025-09-28 13:21:25', 'category': 'humor', 'sentiment': 0.28, 'keyword_mentioned': 'meme', 'message_length': 34}
2025-09-28 13:21:30 | INFO | {'message': 'I just tried recipe! It was funny.', 'author': 'Charlie', 'timestamp': '2025-09-28 13:21:30', 'category': 'food', 'sentiment': 0.13, 'keyword_mentioned': 'recipe', 'message_length': 34}
2025-09-28 13:21:35 | INFO | {'message': 'I just shared an app! It was weird.', 'author': 'Eve', 'timestamp': '2025-09-28 13:21:35', 'category': 'other', 'sentiment': 0.49, 'keyword_mentioned': 'other', 'message_length': 35}
2025-09-28 13:21:40 | INFO | {'message': 'I just found recipe! It was exciting.', 'author': 'Bob', 'timestamp': '2025-09-28 13:21:40', 'category': 'food', 'sentiment': 0.21, 'keyword_mentioned': 'recipe', 'message_length': 37}
2025-09-28 13:21:45 | INFO | {'message': 'I just found travel! It was exciting.', 'author': 'Charlie', 'timestamp': '2025-09-28 13:21:45', 'category': 'travel', 'sentiment': 0.1, 'keyword_mentioned': 'travel', 'message_length': 37}
2025-09-28 13:21:50 | INFO | {'message': 'I just found Python! It was funny.', 'author': 'Charlie', 'timestamp': '2025-09-28 13:21:50', 'category': 'tech', 'sentiment': 0.38, 'keyword_mentioned': 'Python', 'message_length': 34}
2025-09-28 13:21:55 | INFO | {'message': 'I just tried a meme! It was funny.', 'author': 'Charlie', 'timestamp': '2025-09-28 13:21:55', 'category': 'humor', 'sentiment': 0.58, 'keyword_mentioned': 'meme', 'message_length': 34}
2025-09-28 13:22:00 | INFO | {'message': 'I just tried a movie! It was exciting.', 'author': 'Charlie', 'timestamp': '2025-09-28 13:22:00', 'category': 'entertainment', 'sentiment': 0.77, 'keyword_mentioned': 'movie', 'message_length': 38}
2025-09-28 13:22:05 | INFO | {'message': 'I just shared game! It was amazing.', 'author': 'Eve', 'timestamp': '2025-09-28 13:22:05', 'category': 'gaming', 'sentiment': 0.57, 'keyword_mentioned': 'game', 'message_length': 35}
2025-09-28 13:22:10 | INFO | {'message': 'I just loved travel! It was exciting.', 'author': 'Alice', 'timestamp': '2025-09-28 13:22:10', 'category': 'travel', 'sentiment': 0.74, 'keyword_mentioned': 'travel', 'message_length': 37}
2025-09-28 13:22:15 | INFO | {'message': 'I just loved an app! It was funny.', 'author': 'Charlie', 'timestamp': '2025-09-28 13:22:15', 'category': 'other', 'sentiment': 0.33, 'keyword_mentioned': 'other', 'message_length': 34}
2025-09-28 13:22:20 | INFO | {'message': 'I just shared a trick! It was weird.', 'author': 'Bob', 'timestamp': '2025-09-28 13:22:20', 'category': 'other', 'sentiment': 0.98, 'keyword_mentioned': 'other', 'message_length': 36}
2025-09-28 13:22:25 | INFO | {'message': 'I just saw travel! It was exciting.', 'author': 'Bob', 'timestamp': '2025-09-28 13:22:25', 'category': 'travel', 'sentiment': 0.67, 'keyword_mentioned': 'travel', 'message_length': 35}
2025-09-28 13:22:30 | INFO | {'message': 'I just shared a story! It was amazing.', 'author': 'Charlie', 'timestamp': '2025-09-28 13:22:30', 'category': 'other', 'sentiment': 0.09, 'keyword_mentioned': 'other', 'message_length': 38}
2025-09-28 13:22:35 | INFO | {'message': 'I just loved game! It was exciting.', 'author': 'Charlie', 'timestamp': '2025-09-28 13:22:35', 'category': 'gaming', 'sentiment': 0.35, 'keyword_mentioned': 'game', 'message_length': 35}
2025-09-28 13:22:40 | INFO | {'message': 'I just loved recipe! It was boring.', 'author': 'Alice', 'timestamp': '2025-09-28 13:22:40', 'category': 'food', 'sentiment': 0.48, 'keyword_mentioned': 'recipe', 'message_length': 35}
2025-09-28 13:22:45 | INFO | {'message': 'I just loved a story! It was amazing.', 'author': 'Bob', 'timestamp': '2025-09-28 13:22:45', 'category': 'other', 'sentiment': 0.8, 'keyword_mentioned': 'other', 'message_length': 37}
2025-09-28 13:22:50 | INFO | {'message': 'I just loved travel! It was exciting.', 'author': 'Alice', 'timestamp': '2025-09-28 13:22:50', 'category': 'travel', 'sentiment': 0.03, 'keyword_mentioned': 'travel', 'message_length': 37}
2025-09-28 13:22:55 | INFO | {'message': 'I just loved a meme! It was funny.', 'author': 'Alice', 'timestamp': '2025-09-28 13:22:55', 'category': 'humor', 'sentiment': 0.65, 'keyword_mentioned': 'meme', 'message_length': 34}
2025-09-28 13:23:00 | INFO | {'message': 'I just saw a meme! It was exciting.', 'author': 'Bob', 'timestamp': '2025-09-28 13:23:00', 'category': 'humor', 'sentiment': 0.96, 'keyword_mentioned': 'meme', 'message_length': 35}
2025-09-28 13:23:05 | INFO | {'message': 'I just shared an app! It was boring.', 'author': 'Bob', 'timestamp': '2025-09-28 13:23:05', 'category': 'other', 'sentiment': 0.26, 'keyword_mentioned': 'other', 'message_length': 36}
2025-09-28 13:23:10 | INFO | {'message': 'I just shared game! It was weird.', 'author': 'Eve', 'timestamp': '2025-09-28 13:23:10', 'category': 'gaming', 'sentiment': 0.71, 'keyword_mentioned': 'game', 'message_length': 33}
2025-09-28 13:23:15 | INFO | {'message': 'I just saw an app! It was funny.', 'author': 'Eve', 'timestamp': '2025-09-28 13:23:15', 'category': 'other', 'sentiment': 0.33, 'keyword_mentioned': 'other', 'message_length': 32}
2025-09-28 13:23:20 | INFO | {'message': 'I just tried Python! It was amazing.', 'author': 'Alice', 'timestamp': '2025-09-28 13:23:20', 'category': 'tech', 'sentiment': 0.86, 'keyword_mentioned': 'Python', 'message_length': 36}
2025-09-28 13:23:25 | INFO | {'message': 'I just found a story! It was boring.', 'author': 'Alice', 'timestamp': '2025-09-28 13:23:25', 'category': 'other', 'sentiment': 0.11, 'keyword_mentioned': 'other', 'message_length': 36}
2025-09-28 13:23:30 | INFO | {'message': 'I just tried a meme! It was boring.', 'author': 'Eve', 'timestamp': '2025-09-28 13:23:30', 'category': 'humor', 'sentiment': 0.15, 'keyword_mentioned': 'meme', 'message_length': 35}
2025-09-28 13:23:35 | INFO | {'message': 'I just saw Python! It was boring.', 'author': 'Eve', 'timestamp': '2025-09-28 13:23:35', 'category': 'tech', 'sentiment': 0.18, 'keyword_mentioned': 'Python', 'message_length': 33}
2025-09-28 13:23:40 | INFO | {'message': 'I just found an app! It was exciting.', 'author': 'Bob', 'timestamp': '2025-09-28 13:23:40', 'category': 'other', 'sentiment': 0.95, 'keyword_mentioned': 'other', 'message_length': 37}
2025-09-28 13:23:45 | INFO | {'message': 'I just found travel! It was amazing.', 'author': 'Eve', 'timestamp': '2025-09-28 13:23:45', 'category': 'travel', 'sentiment': 0.41, 'keyword_mentioned': 'travel', 'message_length': 36}
2025-09-28 13:23:50 | INFO | {'message': 'I just tried game! It was boring.', 'author': 'Eve', 'timestamp': '2025-09-28 13:23:50', 'category': 'gaming', 'sentiment': 0.41, 'keyword_mentioned': 'game', 'message_length': 33}
2025-09-28 13:23:54 | WARNING | Producer interrupted by user.
2025-09-28 13:23:54 | INFO | Producer shutting down.
2025-09-28 13:24:59 | INFO | Logging to file: logs/project_log.log
2025-09-28 13:24:59 | INFO | Log sanitization enabled, personal info removed
2025-09-28 13:24:59 | INFO | Starting Producer to run continuously.
2025-09-28 13:24:59 | INFO | Use Ctrl+C to stop.
2025-09-28 13:24:59 | INFO | MESSAGE_INTERVAL_SECONDS: 5
2025-09-28 13:24:59 | INFO | BUZZ_TOPIC: buzzline
2025-09-28 13:24:59 | INFO | KAFKA_BROKER_ADDRESS: 127.0.0.1:9092
2025-09-28 13:24:59 | INFO | BASE_DATA_DIR: PROJECT_ROOT/data
2025-09-28 13:24:59 | INFO | LIVE_DATA_PATH: PROJECT_ROOT/data/project_live.json
2025-09-28 13:24:59 | INFO | BASE_DATA_DIR: PROJECT_ROOT/data
2025-09-28 13:24:59 | INFO | SQLITE_PATH: PROJECT_ROOT/data/buzz.sqlite
2025-09-28 13:24:59 | INFO | Deleted existing live data file.
2025-09-28 13:24:59 | INFO | Kafka broker address: localhost:9092
2025-09-28 13:25:00 | INFO | Kafka is ready. Brokers: {'throttle_time_ms': 0, 'brokers': [{'node_id': 1, 'host': 'localhost', 'port': 9092, 'rack': None}], 'cluster_id': 'zJ62-SIKSqi5x7SKZvUAXA', 'controller_id': 1}
2025-09-28 13:25:02 | WARNING | WARNING: Kafka setup failed: NoBrokersAvailable
2025-09-28 13:25:02 | INFO | {'message': 'I just tried recipe! It was funny.', 'author': 'Charlie', 'timestamp': '2025-09-28 13:25:02', 'category': 'food', 'sentiment': 0.99, 'keyword_mentioned': 'recipe', 'message_length': 34}
2025-09-28 13:25:07 | INFO | {'message': 'I just shared a meme! It was amazing.', 'author': 'Alice', 'timestamp': '2025-09-28 13:25:07', 'category': 'humor', 'sentiment': 0.67, 'keyword_mentioned': 'meme', 'message_length': 37}
2025-09-28 13:25:12 | INFO | {'message': 'I just shared a meme! It was weird.', 'author': 'Charlie', 'timestamp': '2025-09-28 13:25:12', 'category': 'humor', 'sentiment': 0.47, 'keyword_mentioned': 'meme', 'message_length': 35}
2025-09-28 13:25:17 | INFO | {'message': 'I just saw travel! It was exciting.', 'author': 'Alice', 'timestamp': '2025-09-28 13:25:17', 'category': 'travel', 'sentiment': 0.27, 'keyword_mentioned': 'travel', 'message_length': 35}
2025-09-28 13:25:22 | INFO | {'message': 'I just found an app! It was boring.', 'author': 'Bob', 'timestamp': '2025-09-28 13:25:22', 'category': 'other', 'sentiment': 0.64, 'keyword_mentioned': 'other', 'message_length': 35}
2025-09-28 13:25:27 | INFO | {'message': 'I just shared recipe! It was funny.', 'author': 'Eve', 'timestamp': '2025-09-28 13:25:27', 'category': 'food', 'sentiment': 0.35, 'keyword_mentioned': 'recipe', 'message_length': 35}
2025-09-28 13:25:32 | INFO | {'message': 'I just saw JavaScript! It was boring.', 'author': 'Charlie', 'timestamp': '2025-09-28 13:25:32', 'category': 'tech', 'sentiment': 0.24, 'keyword_mentioned': 'JavaScript', 'message_length': 37}
2025-09-28 13:25:37 | INFO | {'message': 'I just saw Python! It was weird.', 'author': 'Charlie', 'timestamp': '2025-09-28 13:25:37', 'category': 'tech', 'sentiment': 0.98, 'keyword_mentioned': 'Python', 'message_length': 32}
2025-09-28 13:25:42 | INFO | {'message': 'I just saw travel! It was boring.', 'author': 'Bob', 'timestamp': '2025-09-28 13:25:42', 'category': 'travel', 'sentiment': 0.02, 'keyword_mentioned': 'travel', 'message_length': 33}
2025-09-28 13:25:45 | INFO | Logging to file: logs/project_log.log
2025-09-28 13:25:45 | INFO | Log sanitization enabled, personal info removed
2025-09-28 13:25:45 | INFO | Starting continuous Kafka Consumer.
2025-09-28 13:25:45 | INFO | Use Ctrl+C to stop.
2025-09-28 13:25:45 | INFO | BUZZ_TOPIC: buzzline
2025-09-28 13:25:45 | INFO | KAFKA_BROKER_ADDRESS: 127.0.0.1:9092
2025-09-28 13:25:45 | INFO | BASE_DATA_DIR: PROJECT_ROOT/data
2025-09-28 13:25:45 | INFO | SQLITE_PATH: PROJECT_ROOT/data/buzz.sqlite
2025-09-28 13:25:45 | INFO | Calling SQLite init_db() to set up tables.
2025-09-28 13:25:45 | INFO | SUCCESS: Database initialized at PROJECT_ROOT/data/buzz.sqlite.
2025-09-28 13:25:47 | INFO | {'message': 'I just loved an app! It was amazing.', 'author': 'Eve', 'timestamp': '2025-09-28 13:25:47', 'category': 'other', 'sentiment': 0.6, 'keyword_mentioned': 'other', 'message_length': 36}
2025-09-28 13:25:47 | ERROR | ERROR: Failed to set up Kafka consumer. Is Kafka running? Error: NoBrokersAvailable
2025-09-28 13:25:52 | INFO | {'message': 'I just tried a movie! It was boring.', 'author': 'Bob', 'timestamp': '2025-09-28 13:25:52', 'category': 'entertainment', 'sentiment': 0.01, 'keyword_mentioned': 'movie', 'message_length': 36}
2025-09-28 13:25:57 | INFO | {'message': 'I just loved an app! It was funny.', 'author': 'Eve', 'timestamp': '2025-09-28 13:25:57', 'category': 'other', 'sentiment': 0.26, 'keyword_mentioned': 'other', 'message_length': 34}
2025-09-28 13:26:02 | INFO | {'message': 'I just found travel! It was boring.', 'author': 'Alice', 'timestamp': '2025-09-28 13:26:02', 'category': 'travel', 'sentiment': 0.98, 'keyword_mentioned': 'travel', 'message_length': 35}
2025-09-28 13:26:07 | INFO | {'message': 'I just loved travel! It was weird.', 'author': 'Eve', 'timestamp': '2025-09-28 13:26:07', 'category': 'travel', 'sentiment': 0.31, 'keyword_mentioned': 'travel', 'message_length': 34}
2025-09-28 13:26:12 | INFO | {'message': 'I just found travel! It was amazing.', 'author': 'Alice', 'timestamp': '2025-09-28 13:26:12', 'category': 'travel', 'sentiment': 0.98, 'keyword_mentioned': 'travel', 'message_length': 36}
2025-09-28 13:26:17 | INFO | {'message': 'I just tried JavaScript! It was weird.', 'author': 'Bob', 'timestamp': '2025-09-28 13:26:17', 'category': 'tech', 'sentiment': 0.89, 'keyword_mentioned': 'JavaScript', 'message_length': 38}
2025-09-28 13:26:22 | INFO | {'message': 'I just tried an app! It was exciting.', 'author': 'Charlie', 'timestamp': '2025-09-28 13:26:22', 'category': 'other', 'sentiment': 0.62, 'keyword_mentioned': 'other', 'message_length': 37}
2025-09-28 13:26:27 | INFO | {'message': 'I just saw game! It was weird.', 'author': 'Charlie', 'timestamp': '2025-09-28 13:26:27', 'category': 'gaming', 'sentiment': 0.11, 'keyword_mentioned': 'game', 'message_length': 30}
2025-09-28 13:26:32 | INFO | {'message': 'I just found Python! It was weird.', 'author': 'Alice', 'timestamp': '2025-09-28 13:26:32', 'category': 'tech', 'sentiment': 0.58, 'keyword_mentioned': 'Python', 'message_length': 34}
2025-09-28 13:26:37 | INFO | {'message': 'I just found travel! It was amazing.', 'author': 'Bob', 'timestamp': '2025-09-28 13:26:37', 'category': 'travel', 'sentiment': 0.03, 'keyword_mentioned': 'travel', 'message_length': 36}
2025-09-28 13:26:42 | INFO | {'message': 'I just found a movie! It was exciting.', 'author': 'Charlie', 'timestamp': '2025-09-28 13:26:42', 'category': 'entertainment', 'sentiment': 0.83, 'keyword_mentioned': 'movie', 'message_length': 38}
2025-09-28 13:26:47 | INFO | {'message': 'I just shared a meme! It was amazing.', 'author': 'Eve', 'timestamp': '2025-09-28 13:26:47', 'category': 'humor', 'sentiment': 0.09, 'keyword_mentioned': 'meme', 'message_length': 37}
2025-09-28 13:26:52 | INFO | {'message': 'I just loved game! It was weird.', 'author': 'Alice', 'timestamp': '2025-09-28 13:26:52', 'category': 'gaming', 'sentiment': 0.56, 'keyword_mentioned': 'game', 'message_length': 32}
2025-09-28 13:26:57 | INFO | {'message': 'I just shared a movie! It was funny.', 'author': 'Charlie', 'timestamp': '2025-09-28 13:26:57', 'category': 'entertainment', 'sentiment': 0.69, 'keyword_mentioned': 'movie', 'message_length': 36}
2025-09-28 13:27:02 | INFO | {'message': 'I just tried a movie! It was boring.', 'author': 'Bob', 'timestamp': '2025-09-28 13:27:02', 'category': 'entertainment', 'sentiment': 0.84, 'keyword_mentioned': 'movie', 'message_length': 36}
2025-09-28 13:27:07 | INFO | {'message': 'I just loved game! It was amazing.', 'author': 'Eve', 'timestamp': '2025-09-28 13:27:07', 'category': 'gaming', 'sentiment': 0.86, 'keyword_mentioned': 'game', 'message_length': 34}
2025-09-28 13:27:12 | INFO | {'message': 'I just tried Python! It was funny.', 'author': 'Bob', 'timestamp': '2025-09-28 13:27:12', 'category': 'tech', 'sentiment': 0.7, 'keyword_mentioned': 'Python', 'message_length': 34}
2025-09-28 13:27:17 | INFO | {'message': 'I just tried a trick! It was weird.', 'author': 'Alice', 'timestamp': '2025-09-28 13:27:17', 'category': 'other', 'sentiment': 0.51, 'keyword_mentioned': 'other', 'message_length': 35}
2025-09-28 13:27:22 | INFO | {'message': 'I just tried travel! It was exciting.', 'author': 'Alice', 'timestamp': '2025-09-28 13:27:22', 'category': 'travel', 'sentiment': 0.16, 'keyword_mentioned': 'travel', 'message_length': 37}
2025-09-28 13:27:27 | INFO | {'message': 'I just shared a movie! It was amazing.', 'author': 'Eve', 'timestamp': '2025-09-28 13:27:27', 'category': 'entertainment', 'sentiment': 0.22, 'keyword_mentioned': 'movie', 'message_length': 38}
2025-09-28 13:27:32 | INFO | {'message': 'I just loved game! It was amazing.', 'author': 'Alice', 'timestamp': '2025-09-28 13:27:32', 'category': 'gaming', 'sentiment': 0.94, 'keyword_mentioned': 'game', 'message_length': 34}
2025-09-28 13:27:37 | INFO | {'message': 'I just found game! It was funny.', 'author': 'Bob', 'timestamp': '2025-09-28 13:27:37', 'category': 'gaming', 'sentiment': 0.75, 'keyword_mentioned': 'game', 'message_length': 32}
2025-09-28 13:27:42 | INFO | {'message': 'I just shared Python! It was funny.', 'author': 'Bob', 'timestamp': '2025-09-28 13:27:42', 'category': 'tech', 'sentiment': 0.74, 'keyword_mentioned': 'Python', 'message_length': 35}
2025-09-28 13:27:47 | INFO | {'message': 'I just found travel! It was funny.', 'author': 'Bob', 'timestamp': '2025-09-28 13:27:47', 'category': 'travel', 'sentiment': 0.03, 'keyword_mentioned': 'travel', 'message_length': 34}
2025-09-28 13:27:52 | INFO | {'message': 'I just tried a meme! It was amazing.', 'author': 'Alice', 'timestamp': '2025-09-28 13:27:52', 'category': 'humor', 'sentiment': 0.7, 'keyword_mentioned': 'meme', 'message_length': 36}
2025-09-28 13:27:57 | INFO | {'message': 'I just saw a movie! It was weird.', 'author': 'Bob', 'timestamp': '2025-09-28 13:27:57', 'category': 'entertainment', 'sentiment': 0.66, 'keyword_mentioned': 'movie', 'message_length': 33}
2025-09-28 13:28:02 | INFO | {'message': 'I just shared a story! It was amazing.', 'author': 'Alice', 'timestamp': '2025-09-28 13:28:02', 'category': 'other', 'sentiment': 0.02, 'keyword_mentioned': 'other', 'message_length': 38}
2025-09-28 13:28:07 | INFO | {'message': 'I just shared a movie! It was weird.', 'author': 'Bob', 'timestamp': '2025-09-28 13:28:07', 'category': 'entertainment', 'sentiment': 0.12, 'keyword_mentioned': 'movie', 'message_length': 36}
2025-09-28 13:28:12 | INFO | {'message': 'I just tried a movie! It was exciting.', 'author': 'Eve', 'timestamp': '2025-09-28 13:28:12', 'category': 'entertainment', 'sentiment': 0.88, 'keyword_mentioned': 'movie', 'message_length': 38}
2025-09-28 13:28:17 | INFO | {'message': 'I just tried a story! It was weird.', 'author': 'Bob', 'timestamp': '2025-09-28 13:28:17', 'category': 'other', 'sentiment': 0.53, 'keyword_mentioned': 'other', 'message_length': 35}
2025-09-28 13:28:22 | INFO | {'message': 'I just loved a movie! It was exciting.', 'author': 'Eve', 'timestamp': '2025-09-28 13:28:22', 'category': 'entertainment', 'sentiment': 0.46, 'keyword_mentioned': 'movie', 'message_length': 38}
2025-09-28 13:28:27 | INFO | {'message': 'I just shared recipe! It was boring.', 'author': 'Eve', 'timestamp': '2025-09-28 13:28:27', 'category': 'food', 'sentiment': 0.65, 'keyword_mentioned': 'recipe', 'message_length': 36}
2025-09-28 13:28:32 | INFO | {'message': 'I just loved game! It was weird.', 'author': 'Bob', 'timestamp': '2025-09-28 13:28:32', 'category': 'gaming', 'sentiment': 0.37, 'keyword_mentioned': 'game', 'message_length': 32}
2025-09-28 13:28:37 | INFO | {'message': 'I just loved a trick! It was amazing.', 'author': 'Alice', 'timestamp': '2025-09-28 13:28:37', 'category': 'other', 'sentiment': 0.38, 'keyword_mentioned': 'other', 'message_length': 37}
2025-09-28 13:28:42 | INFO | {'message': 'I just saw a story! It was exciting.', 'author': 'Eve', 'timestamp': '2025-09-28 13:28:42', 'category': 'other', 'sentiment': 0.91, 'keyword_mentioned': 'other', 'message_length': 36}
2025-09-28 13:28:47 | INFO | {'message': 'I just loved a trick! It was boring.', 'author': 'Bob', 'timestamp': '2025-09-28 13:28:47', 'category': 'other', 'sentiment': 0.9, 'keyword_mentioned': 'other', 'message_length': 36}
2025-09-28 13:28:52 | INFO | {'message': 'I just found JavaScript! It was weird.', 'author': 'Eve', 'timestamp': '2025-09-28 13:28:52', 'category': 'tech', 'sentiment': 0.63, 'keyword_mentioned': 'JavaScript', 'message_length': 38}
2025-09-28 13:28:57 | INFO | {'message': 'I just saw a meme! It was weird.', 'author': 'Eve', 'timestamp': '2025-09-28 13:28:57', 'category': 'humor', 'sentiment': 0.7, 'keyword_mentioned': 'meme', 'message_length': 32}
2025-09-28 13:29:02 | INFO | {'message': 'I just loved a trick! It was weird.', 'author': 'Alice', 'timestamp': '2025-09-28 13:29:02', 'category': 'other', 'sentiment': 0.74, 'keyword_mentioned': 'other', 'message_length': 35}
2025-09-28 13:29:07 | INFO | {'message': 'I just loved a meme! It was weird.', 'author': 'Alice', 'timestamp': '2025-09-28 13:29:07', 'category': 'humor', 'sentiment': 0.66, 'keyword_mentioned': 'meme', 'message_length': 34}
2025-09-28 13:29:12 | INFO | {'message': 'I just saw a story! It was funny.', 'author': 'Charlie', 'timestamp': '2025-09-28 13:29:12', 'category': 'other', 'sentiment': 0.68, 'keyword_mentioned': 'other', 'message_length': 33}
2025-09-28 13:29:17 | INFO | {'message': 'I just shared JavaScript! It was weird.', 'author': 'Charlie', 'timestamp': '2025-09-28 13:29:17', 'category': 'tech', 'sentiment': 0.58, 'keyword_mentioned': 'JavaScript', 'message_length': 39}
2025-09-28 13:29:22 | INFO | {'message': 'I just saw a trick! It was boring.', 'author': 'Alice', 'timestamp': '2025-09-28 13:29:22', 'category': 'other', 'sentiment': 0.63, 'keyword_mentioned': 'other', 'message_length': 34}
2025-09-28 13:29:27 | INFO | {'message': 'I just tried a meme! It was amazing.', 'author': 'Charlie', 'timestamp': '2025-09-28 13:29:27', 'category': 'humor', 'sentiment': 0.07, 'keyword_mentioned': 'meme', 'message_length': 36}
2025-09-28 13:29:32 | INFO | {'message': 'I just found a meme! It was funny.', 'author': 'Charlie', 'timestamp': '2025-09-28 13:29:32', 'category': 'humor', 'sentiment': 0.03, 'keyword_mentioned': 'meme', 'message_length': 34}
2025-09-28 13:29:37 | INFO | {'message': 'I just found a trick! It was amazing.', 'author': 'Bob', 'timestamp': '2025-09-28 13:29:37', 'category': 'other', 'sentiment': 0.3, 'keyword_mentioned': 'other', 'message_length': 37}
2025-09-28 13:29:42 | INFO | {'message': 'I just saw JavaScript! It was boring.', 'author': 'Charlie', 'timestamp': '2025-09-28 13:29:42', 'category': 'tech', 'sentiment': 0.72, 'keyword_mentioned': 'JavaScript', 'message_length': 37}
2025-09-28 13:29:47 | INFO | {'message': 'I just tried game! It was funny.', 'author': 'Charlie', 'timestamp': '2025-09-28 13:29:47', 'category': 'gaming', 'sentiment': 0.69, 'keyword_mentioned': 'game', 'message_length': 32}
2025-09-28 13:29:52 | INFO | {'message': 'I just shared recipe! It was weird.', 'author': 'Eve', 'timestamp': '2025-09-28 13:29:52', 'category': 'food', 'sentiment': 0.31, 'keyword_mentioned': 'recipe', 'message_length': 35}
2025-09-28 13:29:57 | INFO | {'message': 'I just tried a trick! It was funny.', 'author': 'Bob', 'timestamp': '2025-09-28 13:29:57', 'category': 'other', 'sentiment': 0.56, 'keyword_mentioned': 'other', 'message_length': 35}
2025-09-28 13:30:02 | INFO | {'message': 'I just tried recipe! It was amazing.', 'author': 'Eve', 'timestamp': '2025-09-28 13:30:02', 'category': 'food', 'sentiment': 0.42, 'keyword_mentioned': 'recipe', 'message_length': 36}
2025-09-28 13:30:07 | INFO | {'message': 'I just tried an app! It was boring.', 'author': 'Charlie', 'timestamp': '2025-09-28 13:30:07', 'category': 'other', 'sentiment': 0.45, 'keyword_mentioned': 'other', 'message_length': 35}
2025-09-28 13:30:12 | INFO | {'message': 'I just loved a movie! It was exciting.', 'author': 'Alice', 'timestamp': '2025-09-28 13:30:12', 'category': 'entertainment', 'sentiment': 0.82, 'keyword_mentioned': 'movie', 'message_length': 38}
2025-09-28 13:30:17 | INFO | {'message': 'I just saw Python! It was boring.', 'author': 'Charlie', 'timestamp': '2025-09-28 13:30:17', 'category': 'tech', 'sentiment': 0.15, 'keyword_mentioned': 'Python', 'message_length': 33}
2025-09-28 13:30:22 | INFO | {'message': 'I just saw a story! It was amazing.', 'author': 'Charlie', 'timestamp': '2025-09-28 13:30:22', 'category': 'other', 'sentiment': 0.98, 'keyword_mentioned': 'other', 'message_length': 35}
2025-09-28 13:30:27 | INFO | {'message': 'I just shared an app! It was funny.', 'author': 'Alice', 'timestamp': '2025-09-28 13:30:27', 'category': 'other', 'sentiment': 0.39, 'keyword_mentioned': 'other', 'message_length': 35}
2025-09-28 13:30:32 | INFO | {'message': 'I just loved JavaScript! It was funny.', 'author': 'Bob', 'timestamp': '2025-09-28 13:30:32', 'category': 'tech', 'sentiment': 0.56, 'keyword_mentioned': 'JavaScript', 'message_length': 38}
2025-09-28 13:30:37 | INFO | {'message': 'I just shared an app! It was amazing.', 'author': 'Alice', 'timestamp': '2025-09-28 13:30:37', 'category': 'other', 'sentiment': 0.31, 'keyword_mentioned': 'other', 'message_length': 37}
2025-09-28 13:30:42 | INFO | {'message': 'I just loved a meme! It was amazing.', 'author': 'Bob', 'timestamp': '2025-09-28 13:30:42', 'category': 'humor', 'sentiment': 0.67, 'keyword_mentioned': 'meme', 'message_length': 36}
2025-09-28 13:30:47 | INFO | {'message': 'I just shared an app! It was amazing.', 'author': 'Charlie', 'timestamp': '2025-09-28 13:30:47', 'category': 'other', 'sentiment': 0.88, 'keyword_mentioned': 'other', 'message_length': 37}
2025-09-28 13:30:52 | INFO | {'message': 'I just loved a trick! It was funny.', 'author': 'Eve', 'timestamp': '2025-09-28 13:30:52', 'category': 'other', 'sentiment': 0.59, 'keyword_mentioned': 'other', 'message_length': 35}
2025-09-28 13:30:57 | INFO | {'message': 'I just tried JavaScript! It was boring.', 'author': 'Charlie', 'timestamp': '2025-09-28 13:30:57', 'category': 'tech', 'sentiment': 0.53, 'keyword_mentioned': 'JavaScript', 'message_length': 39}
2025-09-28 13:31:02 | INFO | {'message': 'I just loved game! It was weird.', 'author': 'Eve', 'timestamp': '2025-09-28 13:31:02', 'category': 'gaming', 'sentiment': 0.63, 'keyword_mentioned': 'game', 'message_length': 32}
2025-09-28 13:31:07 | INFO | {'message': 'I just tried a trick! It was boring.', 'author': 'Eve', 'timestamp': '2025-09-28 13:31:07', 'category': 'other', 'sentiment': 0.42, 'keyword_mentioned': 'other', 'message_length': 36}
2025-09-28 13:31:12 | INFO | {'message': 'I just loved an app! It was funny.', 'author': 'Bob', 'timestamp': '2025-09-28 13:31:12', 'category': 'other', 'sentiment': 0.61, 'keyword_mentioned': 'other', 'message_length': 34}
2025-09-28 13:31:17 | INFO | {'message': 'I just loved travel! It was exciting.', 'author': 'Bob', 'timestamp': '2025-09-28 13:31:17', 'category': 'travel', 'sentiment': 0.58, 'keyword_mentioned': 'travel', 'message_length': 37}
2025-09-28 13:31:22 | INFO | {'message': 'I just saw a movie! It was funny.', 'author': 'Alice', 'timestamp': '2025-09-28 13:31:22', 'category': 'entertainment', 'sentiment': 0.54, 'keyword_mentioned': 'movie', 'message_length': 33}
2025-09-28 13:31:27 | INFO | {'message': 'I just saw Python! It was amazing.', 'author': 'Alice', 'timestamp': '2025-09-28 13:31:27', 'category': 'tech', 'sentiment': 0.66, 'keyword_mentioned': 'Python', 'message_length': 34}
2025-09-28 13:31:32 | INFO | {'message': 'I just saw an app! It was boring.', 'author': 'Eve', 'timestamp': '2025-09-28 13:31:32', 'category': 'other', 'sentiment': 0.37, 'keyword_mentioned': 'other', 'message_length': 33}
2025-09-28 13:31:37 | INFO | {'message': 'I just loved a trick! It was boring.', 'author': 'Bob', 'timestamp': '2025-09-28 13:31:37', 'category': 'other', 'sentiment': 0.71, 'keyword_mentioned': 'other', 'message_length': 36}
2025-09-28 13:31:42 | INFO | {'message': 'I just saw a meme! It was boring.', 'author': 'Bob', 'timestamp': '2025-09-28 13:31:42', 'category': 'humor', 'sentiment': 0.92, 'keyword_mentioned': 'meme', 'message_length': 33}
2025-09-28 13:31:47 | INFO | {'message': 'I just tried a meme! It was amazing.', 'author': 'Alice', 'timestamp': '2025-09-28 13:31:47', 'category': 'humor', 'sentiment': 0.45, 'keyword_mentioned': 'meme', 'message_length': 36}
2025-09-28 13:31:52 | INFO | {'message': 'I just found JavaScript! It was funny.', 'author': 'Eve', 'timestamp': '2025-09-28 13:31:52', 'category': 'tech', 'sentiment': 0.62, 'keyword_mentioned': 'JavaScript', 'message_length': 38}
2025-09-28 13:31:57 | INFO | {'message': 'I just loved a story! It was funny.', 'author': 'Alice', 'timestamp': '2025-09-28 13:31:57', 'category': 'other', 'sentiment': 0.67, 'keyword_mentioned': 'other', 'message_length': 35}
2025-09-28 13:32:02 | INFO | {'message': 'I just shared Python! It was weird.', 'author': 'Eve', 'timestamp': '2025-09-28 13:32:02', 'category': 'tech', 'sentiment': 0.26, 'keyword_mentioned': 'Python', 'message_length': 35}
2025-09-28 13:32:07 | INFO | {'message': 'I just saw a movie! It was weird.', 'author': 'Eve', 'timestamp': '2025-09-28 13:32:07', 'category': 'entertainment', 'sentiment': 0.69, 'keyword_mentioned': 'movie', 'message_length': 33}
2025-09-28 13:32:12 | INFO | {'message': 'I just found JavaScript! It was weird.', 'author': 'Alice', 'timestamp': '2025-09-28 13:32:12', 'category': 'tech', 'sentiment': 0.06, 'keyword_mentioned': 'JavaScript', 'message_length': 38}
2025-09-28 13:32:17 | INFO | {'message': 'I just loved JavaScript! It was funny.', 'author': 'Eve', 'timestamp': '2025-09-28 13:32:17', 'category': 'tech', 'sentiment': 0.42, 'keyword_mentioned': 'JavaScript', 'message_length': 38}
2025-09-28 13:32:22 | INFO | {'message': 'I just loved a story! It was exciting.', 'author': 'Charlie', 'timestamp': '2025-09-28 13:32:22', 'category': 'other', 'sentiment': 0.05, 'keyword_mentioned': 'other', 'message_length': 38}
2025-09-28 13:32:27 | INFO | {'message': 'I just found a story! It was amazing.', 'author': 'Alice', 'timestamp': '2025-09-28 13:32:27', 'category': 'other', 'sentiment': 0.47, 'keyword_mentioned': 'other', 'message_length': 37}
2025-09-28 13:32:32 | INFO | {'message': 'I just tried a meme! It was weird.', 'author': 'Eve', 'timestamp': '2025-09-28 13:32:32', 'category': 'humor', 'sentiment': 0.16, 'keyword_mentioned': 'meme', 'message_length': 34}
2025-09-28 13:32:37 | INFO | {'message': 'I just tried game! It was boring.', 'author': 'Alice', 'timestamp': '2025-09-28 13:32:37', 'category': 'gaming', 'sentiment': 0.4, 'keyword_mentioned': 'game', 'message_length': 33}
2025-09-28 13:32:42 | INFO | {'message': 'I just loved an app! It was weird.', 'author': 'Charlie', 'timestamp': '2025-09-28 13:32:42', 'category': 'other', 'sentiment': 0.11, 'keyword_mentioned': 'other', 'message_length': 34}
2025-09-28 13:32:47 | INFO | {'message': 'I just loved a movie! It was weird.', 'author': 'Bob', 'timestamp': '2025-09-28 13:32:47', 'category': 'entertainment', 'sentiment': 0.93, 'keyword_mentioned': 'movie', 'message_length': 35}
2025-09-28 13:32:52 | INFO | {'message': 'I just found a meme! It was exciting.', 'author': 'Eve', 'timestamp': '2025-09-28 13:32:52', 'category': 'humor', 'sentiment': 0.16, 'keyword_mentioned': 'meme', 'message_length': 37}
2025-09-28 13:32:57 | INFO | {'message': 'I just shared game! It was weird.', 'author': 'Bob', 'timestamp': '2025-09-28 13:32:57', 'category': 'gaming', 'sentiment': 0.05, 'keyword_mentioned': 'game', 'message_length': 33}
2025-09-28 13:33:02 | INFO | {'message': 'I just saw recipe! It was amazing.', 'author': 'Alice', 'timestamp': '2025-09-28 13:33:02', 'category': 'food', 'sentiment': 0.98, 'keyword_mentioned': 'recipe', 'message_length': 34}
2025-09-28 13:33:07 | INFO | {'message': 'I just loved game! It was amazing.', 'author': 'Eve', 'timestamp': '2025-09-28 13:33:07', 'category': 'gaming', 'sentiment': 0.71, 'keyword_mentioned': 'game', 'message_length': 34}
2025-09-28 13:33:12 | INFO | {'message': 'I just shared a story! It was boring.', 'author': 'Charlie', 'timestamp': '2025-09-28 13:33:12', 'category': 'other', 'sentiment': 0.37, 'keyword_mentioned': 'other', 'message_length': 37}
2025-09-28 13:33:17 | INFO | {'message': 'I just found an app! It was funny.', 'author': 'Eve', 'timestamp': '2025-09-28 13:33:17', 'category': 'other', 'sentiment': 0.02, 'keyword_mentioned': 'other', 'message_length': 34}
2025-09-28 13:33:22 | INFO | {'message': 'I just saw game! It was funny.', 'author': 'Alice', 'timestamp': '2025-09-28 13:33:22', 'category': 'gaming', 'sentiment': 0.99, 'keyword_mentioned': 'game', 'message_length': 30}
2025-09-28 13:33:27 | INFO | {'message': 'I just tried a story! It was weird.', 'author': 'Charlie', 'timestamp': '2025-09-28 13:33:27', 'category': 'other', 'sentiment': 0.76, 'keyword_mentioned': 'other', 'message_length': 35}
2025-09-28 13:33:32 | INFO | {'message': 'I just found an app! It was exciting.', 'author': 'Bob', 'timestamp': '2025-09-28 13:33:32', 'category': 'other', 'sentiment': 0.52, 'keyword_mentioned': 'other', 'message_length': 37}
2025-09-28 13:33:37 | INFO | {'message': 'I just loved a movie! It was weird.', 'author': 'Alice', 'timestamp': '2025-09-28 13:33:37', 'category': 'entertainment', 'sentiment': 0.13, 'keyword_mentioned': 'movie', 'message_length': 35}
2025-09-28 13:33:42 | INFO | {'message': 'I just loved Python! It was exciting.', 'author': 'Eve', 'timestamp': '2025-09-28 13:33:42', 'category': 'tech', 'sentiment': 0.58, 'keyword_mentioned': 'Python', 'message_length': 37}
2025-09-28 13:33:47 | INFO | {'message': 'I just tried recipe! It was boring.', 'author': 'Alice', 'timestamp': '2025-09-28 13:33:47', 'category': 'food', 'sentiment': 0.84, 'keyword_mentioned': 'recipe', 'message_length': 35}
2025-09-28 13:33:52 | INFO | {'message': 'I just loved JavaScript! It was funny.', 'author': 'Charlie', 'timestamp': '2025-09-28 13:33:52', 'category': 'tech', 'sentiment': 0.9, 'keyword_mentioned': 'JavaScript', 'message_length': 38}
2025-09-28 13:33:57 | INFO | {'message': 'I just loved travel! It was weird.', 'author': 'Bob', 'timestamp': '2025-09-28 13:33:57', 'category': 'travel', 'sentiment': 0.95, 'keyword_mentioned': 'travel', 'message_length': 34}
2025-09-28 13:34:02 | INFO | {'message': 'I just saw recipe! It was funny.', 'author': 'Bob', 'timestamp': '2025-09-28 13:34:02', 'category': 'food', 'sentiment': 0.17, 'keyword_mentioned': 'recipe', 'message_length': 32}
2025-09-28 13:34:07 | INFO | {'message': 'I just shared a movie! It was boring.', 'author': 'Bob', 'timestamp': '2025-09-28 13:34:07', 'category': 'entertainment', 'sentiment': 0.27, 'keyword_mentioned': 'movie', 'message_length': 37}
2025-09-28 13:34:12 | INFO | {'message': 'I just saw a trick! It was weird.', 'author': 'Eve', 'timestamp': '2025-09-28 13:34:12', 'category': 'other', 'sentiment': 0.54, 'keyword_mentioned': 'other', 'message_length': 33}
2025-09-28 13:34:17 | INFO | {'message': 'I just tried a meme! It was boring.', 'author': 'Charlie', 'timestamp': '2025-09-28 13:34:17', 'category': 'humor', 'sentiment': 0.64, 'keyword_mentioned': 'meme', 'message_length': 35}
2025-09-28 13:34:22 | INFO | {'message': 'I just found travel! It was weird.', 'author': 'Eve', 'timestamp': '2025-09-28 13:34:22', 'category': 'travel', 'sentiment': 0.89, 'keyword_mentioned': 'travel', 'message_length': 34}
2025-09-28 13:34:27 | INFO | {'message': 'I just tried recipe! It was amazing.', 'author': 'Charlie', 'timestamp': '2025-09-28 13:34:27', 'category': 'food', 'sentiment': 0.47, 'keyword_mentioned': 'recipe', 'message_length': 36}
2025-09-28 13:34:32 | INFO | {'message': 'I just saw a trick! It was exciting.', 'author': 'Charlie', 'timestamp': '2025-09-28 13:34:32', 'category': 'other', 'sentiment': 0.35, 'keyword_mentioned': 'other', 'message_length': 36}
2025-09-28 13:34:37 | INFO | {'message': 'I just shared travel! It was amazing.', 'author': 'Charlie', 'timestamp': '2025-09-28 13:34:37', 'category': 'travel', 'sentiment': 0.81, 'keyword_mentioned': 'travel', 'message_length': 37}
2025-09-28 13:34:42 | INFO | {'message': 'I just saw travel! It was boring.', 'author': 'Charlie', 'timestamp': '2025-09-28 13:34:42', 'category': 'travel', 'sentiment': 0.17, 'keyword_mentioned': 'travel', 'message_length': 33}
2025-09-28 13:34:47 | INFO | {'message': 'I just tried a story! It was amazing.', 'author': 'Eve', 'timestamp': '2025-09-28 13:34:47', 'category': 'other', 'sentiment': 0.74, 'keyword_mentioned': 'other', 'message_length': 37}
2025-09-28 13:34:52 | INFO | {'message': 'I just saw travel! It was exciting.', 'author': 'Charlie', 'timestamp': '2025-09-28 13:34:52', 'category': 'travel', 'sentiment': 0.85, 'keyword_mentioned': 'travel', 'message_length': 35}
2025-09-28 13:34:57 | INFO | {'message': 'I just loved Python! It was amazing.', 'author': 'Bob', 'timestamp': '2025-09-28 13:34:57', 'category': 'tech', 'sentiment': 0.09, 'keyword_mentioned': 'Python', 'message_length': 36}
2025-09-28 13:35:02 | INFO | {'message': 'I just found a story! It was boring.', 'author': 'Charlie', 'timestamp': '2025-09-28 13:35:02', 'category': 'other', 'sentiment': 0.93, 'keyword_mentioned': 'other', 'message_length': 36}
2025-09-28 13:35:07 | INFO | {'message': 'I just found an app! It was boring.', 'author': 'Alice', 'timestamp': '2025-09-28 13:35:07', 'category': 'other', 'sentiment': 0.48, 'keyword_mentioned': 'other', 'message_length': 35}
2025-09-28 13:35:12 | INFO | {'message': 'I just saw travel! It was boring.', 'author': 'Bob', 'timestamp': '2025-09-28 13:35:12', 'category': 'travel', 'sentiment': 0.51, 'keyword_mentioned': 'travel', 'message_length': 33}
2025-09-28 13:35:17 | INFO | {'message': 'I just shared an app! It was funny.', 'author': 'Eve', 'timestamp': '2025-09-28 13:35:17', 'category': 'other', 'sentiment': 0.15, 'keyword_mentioned': 'other', 'message_length': 35}
2025-09-28 13:35:22 | INFO | {'message': 'I just tried a trick! It was funny.', 'author': 'Alice', 'timestamp': '2025-09-28 13:35:22', 'category': 'other', 'sentiment': 0.25, 'keyword_mentioned': 'other', 'message_length': 35}
2025-09-28 13:35:27 | INFO | {'message': 'I just saw Python! It was amazing.', 'author': 'Bob', 'timestamp': '2025-09-28 13:35:27', 'category': 'tech', 'sentiment': 0.4, 'keyword_mentioned': 'Python', 'message_length': 34}
2025-09-28 13:35:32 | INFO | {'message': 'I just loved JavaScript! It was weird.', 'author': 'Charlie', 'timestamp': '2025-09-28 13:35:32', 'category': 'tech', 'sentiment': 0.96, 'keyword_mentioned': 'JavaScript', 'message_length': 38}
2025-09-28 13:35:37 | INFO | {'message': 'I just shared an app! It was weird.', 'author': 'Charlie', 'timestamp': '2025-09-28 13:35:37', 'category': 'other', 'sentiment': 0.43, 'keyword_mentioned': 'other', 'message_length': 35}
2025-09-28 13:35:42 | INFO | {'message': 'I just saw a meme! It was boring.', 'author': 'Bob', 'timestamp': '2025-09-28 13:35:42', 'category': 'humor', 'sentiment': 0.04, 'keyword_mentioned': 'meme', 'message_length': 33}
2025-09-28 13:35:47 | INFO | {'message': 'I just saw game! It was funny.', 'author': 'Charlie', 'timestamp': '2025-09-28 13:35:47', 'category': 'gaming', 'sentiment': 0.5, 'keyword_mentioned': 'game', 'message_length': 30}
2025-09-28 13:35:52 | INFO | {'message': 'I just tried JavaScript! It was amazing.', 'author': 'Eve', 'timestamp': '2025-09-28 13:35:52', 'category': 'tech', 'sentiment': 0.02, 'keyword_mentioned': 'JavaScript', 'message_length': 40}
2025-09-28 13:35:57 | INFO | {'message': 'I just found a trick! It was exciting.', 'author': 'Charlie', 'timestamp': '2025-09-28 13:35:57', 'category': 'other', 'sentiment': 0.2, 'keyword_mentioned': 'other', 'message_length': 38}
2025-09-28 13:36:02 | INFO | {'message': 'I just loved game! It was funny.', 'author': 'Alice', 'timestamp': '2025-09-28 13:36:02', 'category': 'gaming', 'sentiment': 0.59, 'keyword_mentioned': 'game', 'message_length': 32}
2025-09-28 13:36:07 | INFO | {'message': 'I just saw JavaScript! It was boring.', 'author': 'Alice', 'timestamp': '2025-09-28 13:36:07', 'category': 'tech', 'sentiment': 0.23, 'keyword_mentioned': 'JavaScript', 'message_length': 37}
2025-09-28 13:36:12 | INFO | {'message': 'I just tried a movie! It was weird.', 'author': 'Alice', 'timestamp': '2025-09-28 13:36:12', 'category': 'entertainment', 'sentiment': 0.66, 'keyword_mentioned': 'movie', 'message_length': 35}
2025-09-28 13:36:17 | INFO | {'message': 'I just tried a meme! It was exciting.', 'author': 'Charlie', 'timestamp': '2025-09-28 13:36:17', 'category': 'humor', 'sentiment': 0.05, 'keyword_mentioned': 'meme', 'message_length': 37}
2025-09-28 13:36:22 | INFO | {'message': 'I just shared recipe! It was funny.', 'author': 'Alice', 'timestamp': '2025-09-28 13:36:22', 'category': 'food', 'sentiment': 0.01, 'keyword_mentioned': 'recipe', 'message_length': 35}
2025-09-28 13:36:27 | INFO | {'message': 'I just saw a meme! It was boring.', 'author': 'Alice', 'timestamp': '2025-09-28 13:36:27', 'category': 'humor', 'sentiment': 0.54, 'keyword_mentioned': 'meme', 'message_length': 33}
2025-09-28 13:36:32 | INFO | {'message': 'I just shared a story! It was exciting.', 'author': 'Bob', 'timestamp': '2025-09-28 13:36:32', 'category': 'other', 'sentiment': 0.18, 'keyword_mentioned': 'other', 'message_length': 39}
2025-09-28 13:36:37 | INFO | {'message': 'I just tried Python! It was amazing.', 'author': 'Charlie', 'timestamp': '2025-09-28 13:36:37', 'category': 'tech', 'sentiment': 0.73, 'keyword_mentioned': 'Python', 'message_length': 36}
2025-09-28 13:36:42 | INFO | {'message': 'I just loved a trick! It was boring.', 'author': 'Charlie', 'timestamp': '2025-09-28 13:36:42', 'category': 'other', 'sentiment': 0.55, 'keyword_mentioned': 'other', 'message_length': 36}
2025-09-28 13:36:47 | INFO | {'message': 'I just tried a movie! It was exciting.', 'author': 'Alice', 'timestamp': '2025-09-28 13:36:47', 'category': 'entertainment', 'sentiment': 0.95, 'keyword_mentioned': 'movie', 'message_length': 38}
2025-09-28 13:36:52 | INFO | {'message': 'I just shared recipe! It was funny.', 'author': 'Alice', 'timestamp': '2025-09-28 13:36:52', 'category': 'food', 'sentiment': 0.82, 'keyword_mentioned': 'recipe', 'message_length': 35}
2025-09-28 13:36:57 | INFO | {'message': 'I just tried a story! It was amazing.', 'author': 'Alice', 'timestamp': '2025-09-28 13:36:57', 'category': 'other', 'sentiment': 0.19, 'keyword_mentioned': 'other', 'message_length': 37}
2025-09-28 13:37:02 | INFO | {'message': 'I just loved a movie! It was weird.', 'author': 'Alice', 'timestamp': '2025-09-28 13:37:02', 'category': 'entertainment', 'sentiment': 0.1, 'keyword_mentioned': 'movie', 'message_length': 35}
2025-09-28 13:37:07 | INFO | {'message': 'I just saw an app! It was funny.', 'author': 'Charlie', 'timestamp': '2025-09-28 13:37:07', 'category': 'other', 'sentiment': 0.63, 'keyword_mentioned': 'other', 'message_length': 32}
2025-09-28 13:37:12 | INFO | {'message': 'I just saw a movie! It was weird.', 'author': 'Charlie', 'timestamp': '2025-09-28 13:37:12', 'category': 'entertainment', 'sentiment': 0.08, 'keyword_mentioned': 'movie', 'message_length': 33}
2025-09-28 13:37:17 | INFO | {'message': 'I just found JavaScript! It was amazing.', 'author': 'Charlie', 'timestamp': '2025-09-28 13:37:17', 'category': 'tech', 'sentiment': 0.2, 'keyword_mentioned': 'JavaScript', 'message_length': 40}
2025-09-28 13:37:22 | INFO | {'message': 'I just shared an app! It was funny.', 'author': 'Alice', 'timestamp': '2025-09-28 13:37:22', 'category': 'other', 'sentiment': 0.82, 'keyword_mentioned': 'other', 'message_length': 35}
2025-09-28 13:37:27 | INFO | {'message': 'I just tried an app! It was boring.', 'author': 'Eve', 'timestamp': '2025-09-28 13:37:27', 'category': 'other', 'sentiment': 0.43, 'keyword_mentioned': 'other', 'message_length': 35}
2025-09-28 13:37:32 | INFO | {'message': 'I just loved a trick! It was exciting.', 'author': 'Alice', 'timestamp': '2025-09-28 13:37:32', 'category': 'other', 'sentiment': 0.46, 'keyword_mentioned': 'other', 'message_length': 38}
2025-09-28 13:37:37 | INFO | {'message': 'I just loved travel! It was exciting.', 'author': 'Eve', 'timestamp': '2025-09-28 13:37:37', 'category': 'travel', 'sentiment': 0.91, 'keyword_mentioned': 'travel', 'message_length': 37}
2025-09-28 13:37:42 | INFO | {'message': 'I just tried a story! It was amazing.', 'author': 'Eve', 'timestamp': '2025-09-28 13:37:42', 'category': 'other', 'sentiment': 0.89, 'keyword_mentioned': 'other', 'message_length': 37}
2025-09-28 13:37:47 | INFO | {'message': 'I just loved game! It was weird.', 'author': 'Bob', 'timestamp': '2025-09-28 13:37:47', 'category': 'gaming', 'sentiment': 0.67, 'keyword_mentioned': 'game', 'message_length': 32}
2025-09-28 13:37:52 | INFO | {'message': 'I just loved a trick! It was funny.', 'author': 'Charlie', 'timestamp': '2025-09-28 13:37:52', 'category': 'other', 'sentiment': 0.3, 'keyword_mentioned': 'other', 'message_length': 35}
2025-09-28 13:37:57 | INFO | {'message': 'I just tried an app! It was exciting.', 'author': 'Charlie', 'timestamp': '2025-09-28 13:37:57', 'category': 'other', 'sentiment': 0.57, 'keyword_mentioned': 'other', 'message_length': 37}
2025-09-28 13:38:02 | INFO | {'message': 'I just loved an app! It was boring.', 'author': 'Charlie', 'timestamp': '2025-09-28 13:38:02', 'category': 'other', 'sentiment': 0.71, 'keyword_mentioned': 'other', 'message_length': 35}
2025-09-28 13:38:07 | INFO | {'message': 'I just found game! It was funny.', 'author': 'Charlie', 'timestamp': '2025-09-28 13:38:07', 'category': 'gaming', 'sentiment': 0.74, 'keyword_mentioned': 'game', 'message_length': 32}
2025-09-28 13:38:12 | INFO | {'message': 'I just loved recipe! It was weird.', 'author': 'Alice', 'timestamp': '2025-09-28 13:38:12', 'category': 'food', 'sentiment': 0.68, 'keyword_mentioned': 'recipe', 'message_length': 34}
2025-09-28 13:38:17 | INFO | {'message': 'I just saw recipe! It was boring.', 'author': 'Eve', 'timestamp': '2025-09-28 13:38:17', 'category': 'food', 'sentiment': 0.66, 'keyword_mentioned': 'recipe', 'message_length': 33}
2025-09-28 13:38:22 | INFO | {'message': 'I just shared a meme! It was boring.', 'author': 'Alice', 'timestamp': '2025-09-28 13:38:22', 'category': 'humor', 'sentiment': 0.71, 'keyword_mentioned': 'meme', 'message_length': 36}
2025-09-28 13:38:27 | INFO | {'message': 'I just found recipe! It was weird.', 'author': 'Alice', 'timestamp': '2025-09-28 13:38:27', 'category': 'food', 'sentiment': 0.41, 'keyword_mentioned': 'recipe', 'message_length': 34}
2025-09-28 13:38:32 | INFO | {'message': 'I just loved a trick! It was weird.', 'author': 'Eve', 'timestamp': '2025-09-28 13:38:32', 'category': 'other', 'sentiment': 0.56, 'keyword_mentioned': 'other', 'message_length': 35}
2025-09-28 13:38:37 | INFO | {'message': 'I just saw Python! It was weird.', 'author': 'Bob', 'timestamp': '2025-09-28 13:38:37', 'category': 'tech', 'sentiment': 0.76, 'keyword_mentioned': 'Python', 'message_length': 32}
2025-09-28 13:38:42 | INFO | {'message': 'I just saw an app! It was funny.', 'author': 'Charlie', 'timestamp': '2025-09-28 13:38:42', 'category': 'other', 'sentiment': 0.43, 'keyword_mentioned': 'other', 'message_length': 32}
2025-09-28 13:38:47 | INFO | {'message': 'I just shared recipe! It was amazing.', 'author': 'Alice', 'timestamp': '2025-09-28 13:38:47', 'category': 'food', 'sentiment': 0.92, 'keyword_mentioned': 'recipe', 'message_length': 37}
2025-09-28 13:38:52 | INFO | {'message': 'I just shared a movie! It was amazing.', 'author': 'Bob', 'timestamp': '2025-09-28 13:38:52', 'category': 'entertainment', 'sentiment': 0.21, 'keyword_mentioned': 'movie', 'message_length': 38}
2025-09-28 13:38:57 | INFO | {'message': 'I just shared game! It was exciting.', 'author': 'Eve', 'timestamp': '2025-09-28 13:38:57', 'category': 'gaming', 'sentiment': 0.12, 'keyword_mentioned': 'game', 'message_length': 36}
2025-09-28 13:39:02 | INFO | {'message': 'I just found a story! It was weird.', 'author': 'Bob', 'timestamp': '2025-09-28 13:39:02', 'category': 'other', 'sentiment': 0.34, 'keyword_mentioned': 'other', 'message_length': 35}
2025-09-28 13:39:07 | INFO | {'message': 'I just tried travel! It was amazing.', 'author': 'Charlie', 'timestamp': '2025-09-28 13:39:07', 'category': 'travel', 'sentiment': 0.53, 'keyword_mentioned': 'travel', 'message_length': 36}
2025-09-28 13:39:12 | INFO | {'message': 'I just saw recipe! It was exciting.', 'author': 'Alice', 'timestamp': '2025-09-28 13:39:12', 'category': 'food', 'sentiment': 0.07, 'keyword_mentioned': 'recipe', 'message_length': 35}
2025-09-28 13:39:17 | INFO | {'message': 'I just saw recipe! It was weird.', 'author': 'Alice', 'timestamp': '2025-09-28 13:39:17', 'category': 'food', 'sentiment': 0.1, 'keyword_mentioned': 'recipe', 'message_length': 32}
2025-09-28 13:39:22 | INFO | {'message': 'I just saw a movie! It was amazing.', 'author': 'Alice', 'timestamp': '2025-09-28 13:39:22', 'category': 'entertainment', 'sentiment': 0.26, 'keyword_mentioned': 'movie', 'message_length': 35}
2025-09-28 13:39:27 | INFO | {'message': 'I just loved travel! It was amazing.', 'author': 'Alice', 'timestamp': '2025-09-28 13:39:27', 'category': 'travel', 'sentiment': 0.79, 'keyword_mentioned': 'travel', 'message_length': 36}
2025-09-28 13:39:32 | INFO | {'message': 'I just shared JavaScript! It was boring.', 'author': 'Bob', 'timestamp': '2025-09-28 13:39:32', 'category': 'tech', 'sentiment': 0.96, 'keyword_mentioned': 'JavaScript', 'message_length': 40}
2025-09-28 13:39:37 | INFO | {'message': 'I just tried game! It was weird.', 'author': 'Charlie', 'timestamp': '2025-09-28 13:39:37', 'category': 'gaming', 'sentiment': 0.57, 'keyword_mentioned': 'game', 'message_length': 32}
2025-09-28 13:39:42 | INFO | {'message': 'I just loved travel! It was weird.', 'author': 'Alice', 'timestamp': '2025-09-28 13:39:42', 'category': 'travel', 'sentiment': 0.75, 'keyword_mentioned': 'travel', 'message_length': 34}
2025-09-28 13:39:47 | INFO | {'message': 'I just shared recipe! It was boring.', 'author': 'Bob', 'timestamp': '2025-09-28 13:39:47', 'category': 'food', 'sentiment': 0.53, 'keyword_mentioned': 'recipe', 'message_length': 36}
