2025-09-28 13:39:52 | INFO | {'message': 'I just shared a movie! It was funny.', 'author': 'Alice', 'timestamp': '2025-09-28 13:39:52', 'category': 'entertainment', 'sentiment': 0.08, 'keyword_mentioned': 'movie', 'message_length': 36}
2025-09-28 13:39:57 | INFO | {'message': 'I just tried Python! It was weird.', 'author': 'Bob', 'timestamp': '2025-09-28 13:39:57', 'category': 'tech', 'sentiment': 0.58, 'keyword_mentioned': 'Python', 'message_length': 34}
2025-09-28 13:40:03 | INFO | {'message': 'I just loved a movie! It was funny.', 'author': 'Alice', 'timestamp': '2025-09-28 13:40:03', 'category': 'entertainment', 'sentiment': 0.86, 'keyword_mentioned': 'movie', 'message_length': 35}
2025-09-28 13:40:08 | INFO | {'message': 'I just saw a movie! It was funny.', 'author': 'Eve', 'timestamp': '2025-09-28 13:40:08', 'category': 'entertainment', 'sentiment': 0.44, 'keyword_mentioned': 'movie', 'message_length': 33}
2025-09-28 13:40:13 | INFO | {'message': 'I just tried Python! It was weird.', 'author': 'Charlie', 'timestamp': '2025-09-28 13:40:13', 'category': 'tech', 'sentiment': 0.61, 'keyword_mentioned': 'Python', 'message_length': 34}
2025-09-28 13:40:18 | INFO | {'message': 'I just loved recipe! It was exciting.', 'author': 'Bob', 'timestamp': '2025-09-28 13:40:18', 'category': 'food', 'sentiment': 0.04, 'keyword_mentioned': 'recipe', 'message_length': 37}
2025-09-28 13:40:23 | INFO | {'message': 'I just found JavaScript! It was funny.', 'author': 'Charlie', 'timestamp': '2025-09-28 13:40:23', 'category': 'tech', 'sentiment': 0.89, 'keyword_mentioned': 'JavaScript', 'message_length': 38}
2025-09-28 13:41:34 | INFO | {'message': 'I just tried an app! It was funny.', 'author': 'Alice', 'timestamp': '2025-09-28 13:41:34', 'category': 'other', 'sentiment': 0.03, 'keyword_mentioned': 'other', 'message_length': 34}
2025-09-28 13:41:39 | INFO | {'message': 'I just found JavaScript! It was funny.', 'author': 'Alice', 'timestamp': '2025-09-28 13:41:39', 'category': 'tech', 'sentiment': 0.88, 'keyword_mentioned': 'JavaScript', 'message_length': 38}
2025-09-28 13:41:44 | INFO | {'message': 'I just saw recipe! It was amazing.', 'author': 'Alice', 'timestamp': '2025-09-28 13:41:44', 'category': 'food', 'sentiment': 0.78, 'keyword_mentioned': 'recipe', 'message_length': 34}
2025-09-28 13:41:49 | INFO | {'message': 'I just found Python! It was amazing.', 'author': 'Alice', 'timestamp': '2025-09-28 13:41:49', 'category': 'tech', 'sentiment': 0.24, 'keyword_mentioned': 'Python', 'message_length': 36}
2025-09-28 13:41:54 | INFO | {'message': 'I just found recipe! It was exciting.', 'author': 'Bob', 'timestamp': '2025-09-28 13:41:54', 'category': 'food', 'sentiment': 0.64, 'keyword_mentioned': 'recipe', 'message_length': 37}
2025-09-28 13:41:59 | INFO | {'message': 'I just shared a meme! It was amazing.', 'author': 'Eve', 'timestamp': '2025-09-28 13:41:59', 'category': 'humor', 'sentiment': 0.79, 'keyword_mentioned': 'meme', 'message_length': 37}
2025-09-28 13:42:04 | INFO | {'message': 'I just shared recipe! It was exciting.', 'author': 'Alice', 'timestamp': '2025-09-28 13:42:04', 'category': 'food', 'sentiment': 0.15, 'keyword_mentioned': 'recipe', 'message_length': 38}
2025-09-28 13:42:09 | INFO | {'message': 'I just found a meme! It was exciting.', 'author': 'Eve', 'timestamp': '2025-09-28 13:42:09', 'category': 'humor', 'sentiment': 0.87, 'keyword_mentioned': 'meme', 'message_length': 37}
2025-09-28 13:42:14 | INFO | {'message': 'I just saw an app! It was weird.', 'author': 'Bob', 'timestamp': '2025-09-28 13:42:14', 'category': 'other', 'sentiment': 0.03, 'keyword_mentioned': 'other', 'message_length': 32}
2025-09-28 13:42:19 | INFO | {'message': 'I just saw JavaScript! It was amazing.', 'author': 'Charlie', 'timestamp': '2025-09-28 13:42:19', 'category': 'tech', 'sentiment': 0.03, 'keyword_mentioned': 'JavaScript', 'message_length': 38}
2025-09-28 13:42:24 | INFO | {'message': 'I just loved an app! It was weird.', 'author': 'Charlie', 'timestamp': '2025-09-28 13:42:24', 'category': 'other', 'sentiment': 0.38, 'keyword_mentioned': 'other', 'message_length': 34}
2025-09-28 13:42:29 | INFO | {'message': 'I just saw travel! It was funny.', 'author': 'Bob', 'timestamp': '2025-09-28 13:42:29', 'category': 'travel', 'sentiment': 0.47, 'keyword_mentioned': 'travel', 'message_length': 32}
2025-09-28 13:42:34 | INFO | {'message': 'I just shared a trick! It was weird.', 'author': 'Eve', 'timestamp': '2025-09-28 13:42:34', 'category': 'other', 'sentiment': 0.1, 'keyword_mentioned': 'other', 'message_length': 36}
2025-09-28 13:42:39 | INFO | {'message': 'I just saw Python! It was exciting.', 'author': 'Bob', 'timestamp': '2025-09-28 13:42:39', 'category': 'tech', 'sentiment': 0.11, 'keyword_mentioned': 'Python', 'message_length': 35}
2025-09-28 13:42:44 | INFO | {'message': 'I just saw a trick! It was boring.', 'author': 'Charlie', 'timestamp': '2025-09-28 13:42:44', 'category': 'other', 'sentiment': 0.46, 'keyword_mentioned': 'other', 'message_length': 34}
2025-09-28 13:42:49 | INFO | {'message': 'I just shared travel! It was boring.', 'author': 'Charlie', 'timestamp': '2025-09-28 13:42:49', 'category': 'travel', 'sentiment': 0.84, 'keyword_mentioned': 'travel', 'message_length': 36}
2025-09-28 13:42:54 | INFO | {'message': 'I just found a movie! It was boring.', 'author': 'Bob', 'timestamp': '2025-09-28 13:42:54', 'category': 'entertainment', 'sentiment': 0.01, 'keyword_mentioned': 'movie', 'message_length': 36}
2025-09-28 13:42:59 | INFO | {'message': 'I just tried Python! It was exciting.', 'author': 'Charlie', 'timestamp': '2025-09-28 13:42:59', 'category': 'tech', 'sentiment': 0.22, 'keyword_mentioned': 'Python', 'message_length': 37}
2025-09-28 13:43:04 | INFO | {'message': 'I just saw game! It was exciting.', 'author': 'Alice', 'timestamp': '2025-09-28 13:43:04', 'category': 'gaming', 'sentiment': 0.25, 'keyword_mentioned': 'game', 'message_length': 33}
2025-09-28 13:43:09 | INFO | {'message': 'I just shared a story! It was amazing.', 'author': 'Eve', 'timestamp': '2025-09-28 13:43:09', 'category': 'other', 'sentiment': 0.26, 'keyword_mentioned': 'other', 'message_length': 38}
2025-09-28 13:43:14 | INFO | {'message': 'I just saw recipe! It was funny.', 'author': 'Eve', 'timestamp': '2025-09-28 13:43:14', 'category': 'food', 'sentiment': 0.89, 'keyword_mentioned': 'recipe', 'message_length': 32}
2025-09-28 13:43:19 | INFO | {'message': 'I just tried recipe! It was exciting.', 'author': 'Bob', 'timestamp': '2025-09-28 13:43:19', 'category': 'food', 'sentiment': 0.26, 'keyword_mentioned': 'recipe', 'message_length': 37}
2025-09-28 13:43:24 | INFO | {'message': 'I just saw game! It was exciting.', 'author': 'Bob', 'timestamp': '2025-09-28 13:43:24', 'category': 'gaming', 'sentiment': 0.79, 'keyword_mentioned': 'game', 'message_length': 33}
2025-09-28 13:43:29 | INFO | {'message': 'I just shared a movie! It was exciting.', 'author': 'Bob', 'timestamp': '2025-09-28 13:43:29', 'category': 'entertainment', 'sentiment': 0.3, 'keyword_mentioned': 'movie', 'message_length': 39}
2025-09-28 13:43:34 | INFO | {'message': 'I just saw JavaScript! It was weird.', 'author': 'Alice', 'timestamp': '2025-09-28 13:43:34', 'category': 'tech', 'sentiment': 0.14, 'keyword_mentioned': 'JavaScript', 'message_length': 36}
2025-09-28 13:43:39 | INFO | {'message': 'I just loved JavaScript! It was exciting.', 'author': 'Charlie', 'timestamp': '2025-09-28 13:43:39', 'category': 'tech', 'sentiment': 0.04, 'keyword_mentioned': 'JavaScript', 'message_length': 41}
2025-09-28 13:43:44 | INFO | {'message': 'I just shared a story! It was boring.', 'author': 'Alice', 'timestamp': '2025-09-28 13:43:44', 'category': 'other', 'sentiment': 0.58, 'keyword_mentioned': 'other', 'message_length': 37}
2025-09-28 13:43:49 | INFO | {'message': 'I just found a meme! It was weird.', 'author': 'Charlie', 'timestamp': '2025-09-28 13:43:49', 'category': 'humor', 'sentiment': 0.98, 'keyword_mentioned': 'meme', 'message_length': 34}
2025-09-28 13:43:54 | INFO | {'message': 'I just found travel! It was amazing.', 'author': 'Eve', 'timestamp': '2025-09-28 13:43:54', 'category': 'travel', 'sentiment': 0.39, 'keyword_mentioned': 'travel', 'message_length': 36}
2025-09-28 13:43:59 | INFO | {'message': 'I just loved a trick! It was exciting.', 'author': 'Charlie', 'timestamp': '2025-09-28 13:43:59', 'category': 'other', 'sentiment': 0.06, 'keyword_mentioned': 'other', 'message_length': 38}
2025-09-28 13:44:04 | INFO | {'message': 'I just found a movie! It was funny.', 'author': 'Eve', 'timestamp': '2025-09-28 13:44:04', 'category': 'entertainment', 'sentiment': 0.8, 'keyword_mentioned': 'movie', 'message_length': 35}
2025-09-28 13:44:09 | INFO | {'message': 'I just loved JavaScript! It was exciting.', 'author': 'Bob', 'timestamp': '2025-09-28 13:44:09', 'category': 'tech', 'sentiment': 0.28, 'keyword_mentioned': 'JavaScript', 'message_length': 41}
2025-09-28 13:44:14 | INFO | {'message': 'I just found a story! It was weird.', 'author': 'Alice', 'timestamp': '2025-09-28 13:44:14', 'category': 'other', 'sentiment': 0.87, 'keyword_mentioned': 'other', 'message_length': 35}
2025-09-28 13:44:19 | INFO | {'message': 'I just found a movie! It was boring.', 'author': 'Bob', 'timestamp': '2025-09-28 13:44:19', 'category': 'entertainment', 'sentiment': 0.54, 'keyword_mentioned': 'movie', 'message_length': 36}
2025-09-28 13:44:24 | INFO | {'message': 'I just saw a trick! It was weird.', 'author': 'Alice', 'timestamp': '2025-09-28 13:44:24', 'category': 'other', 'sentiment': 0.17, 'keyword_mentioned': 'other', 'message_length': 33}
2025-09-28 13:44:29 | INFO | {'message': 'I just loved recipe! It was weird.', 'author': 'Eve', 'timestamp': '2025-09-28 13:44:29', 'category': 'food', 'sentiment': 0.93, 'keyword_mentioned': 'recipe', 'message_length': 34}
2025-09-28 13:44:34 | INFO | {'message': 'I just shared recipe! It was boring.', 'author': 'Charlie', 'timestamp': '2025-09-28 13:44:34', 'category': 'food', 'sentiment': 0.94, 'keyword_mentioned': 'recipe', 'message_length': 36}
2025-09-28 13:44:39 | INFO | {'message': 'I just saw Python! It was boring.', 'author': 'Bob', 'timestamp': '2025-09-28 13:44:39', 'category': 'tech', 'sentiment': 0.89, 'keyword_mentioned': 'Python', 'message_length': 33}
2025-09-28 13:44:44 | INFO | {'message': 'I just tried a movie! It was amazing.', 'author': 'Alice', 'timestamp': '2025-09-28 13:44:44', 'category': 'entertainment', 'sentiment': 0.18, 'keyword_mentioned': 'movie', 'message_length': 37}
2025-09-28 13:44:49 | INFO | {'message': 'I just tried Python! It was weird.', 'author': 'Eve', 'timestamp': '2025-09-28 13:44:49', 'category': 'tech', 'sentiment': 0.11, 'keyword_mentioned': 'Python', 'message_length': 34}
2025-09-28 13:44:54 | INFO | {'message': 'I just found recipe! It was funny.', 'author': 'Bob', 'timestamp': '2025-09-28 13:44:54', 'category': 'food', 'sentiment': 0.99, 'keyword_mentioned': 'recipe', 'message_length': 34}
2025-09-28 13:44:59 | INFO | {'message': 'I just shared a trick! It was weird.', 'author': 'Alice', 'timestamp': '2025-09-28 13:44:59', 'category': 'other', 'sentiment': 0.83, 'keyword_mentioned': 'other', 'message_length': 36}
2025-09-28 13:45:04 | INFO | {'message': 'I just tried a meme! It was weird.', 'author': 'Charlie', 'timestamp': '2025-09-28 13:45:04', 'category': 'humor', 'sentiment': 0.26, 'keyword_mentioned': 'meme', 'message_length': 34}
2025-09-28 13:45:09 | INFO | {'message': 'I just shared a movie! It was exciting.', 'author': 'Alice', 'timestamp': '2025-09-28 13:45:09', 'category': 'entertainment', 'sentiment': 0.52, 'keyword_mentioned': 'movie', 'message_length': 39}
2025-09-28 13:45:14 | INFO | {'message': 'I just tried travel! It was boring.', 'author': 'Bob', 'timestamp': '2025-09-28 13:45:14', 'category': 'travel', 'sentiment': 0.95, 'keyword_mentioned': 'travel', 'message_length': 35}
2025-09-28 13:45:19 | INFO | {'message': 'I just found a story! It was weird.', 'author': 'Alice', 'timestamp': '2025-09-28 13:45:19', 'category': 'other', 'sentiment': 0.77, 'keyword_mentioned': 'other', 'message_length': 35}
2025-09-28 13:45:24 | INFO | {'message': 'I just found travel! It was boring.', 'author': 'Charlie', 'timestamp': '2025-09-28 13:45:24', 'category': 'travel', 'sentiment': 0.22, 'keyword_mentioned': 'travel', 'message_length': 35}
2025-09-28 13:45:29 | INFO | {'message': 'I just saw an app! It was boring.', 'author': 'Eve', 'timestamp': '2025-09-28 13:45:29', 'category': 'other', 'sentiment': 0.57, 'keyword_mentioned': 'other', 'message_length': 33}
2025-09-28 13:45:34 | INFO | {'message': 'I just tried a trick! It was exciting.', 'author': 'Alice', 'timestamp': '2025-09-28 13:45:34', 'category': 'other', 'sentiment': 0.87, 'keyword_mentioned': 'other', 'message_length': 38}
2025-09-28 13:45:39 | INFO | {'message': 'I just loved travel! It was exciting.', 'author': 'Eve', 'timestamp': '2025-09-28 13:45:39', 'category': 'travel', 'sentiment': 0.94, 'keyword_mentioned': 'travel', 'message_length': 37}
2025-09-28 13:45:44 | INFO | {'message': 'I just saw a story! It was weird.', 'author': 'Eve', 'timestamp': '2025-09-28 13:45:44', 'category': 'other', 'sentiment': 0.52, 'keyword_mentioned': 'other', 'message_length': 33}
2025-09-28 13:45:49 | INFO | {'message': 'I just saw travel! It was exciting.', 'author': 'Charlie', 'timestamp': '2025-09-28 13:45:49', 'category': 'travel', 'sentiment': 0.36, 'keyword_mentioned': 'travel', 'message_length': 35}
2025-09-28 13:45:54 | INFO | {'message': 'I just shared an app! It was exciting.', 'author': 'Bob', 'timestamp': '2025-09-28 13:45:54', 'category': 'other', 'sentiment': 0.4, 'keyword_mentioned': 'other', 'message_length': 38}
2025-09-28 13:45:59 | INFO | {'message': 'I just shared a trick! It was weird.', 'author': 'Bob', 'timestamp': '2025-09-28 13:45:59', 'category': 'other', 'sentiment': 0.36, 'keyword_mentioned': 'other', 'message_length': 36}
2025-09-28 13:46:04 | INFO | {'message': 'I just tried a trick! It was funny.', 'author': 'Charlie', 'timestamp': '2025-09-28 13:46:04', 'category': 'other', 'sentiment': 0.99, 'keyword_mentioned': 'other', 'message_length': 35}
2025-09-28 13:46:09 | INFO | {'message': 'I just shared game! It was boring.', 'author': 'Alice', 'timestamp': '2025-09-28 13:46:09', 'category': 'gaming', 'sentiment': 0.83, 'keyword_mentioned': 'game', 'message_length': 34}
2025-09-28 13:46:12 | INFO | Logging to file: logs/project_log.log
2025-09-28 13:46:12 | INFO | Log sanitization enabled, personal info removed
2025-09-28 13:46:12 | INFO | Starting continuous Kafka Consumer.
2025-09-28 13:46:12 | INFO | Use Ctrl+C to stop.
2025-09-28 13:46:12 | INFO | BUZZ_TOPIC: buzzline
2025-09-28 13:46:12 | INFO | KAFKA_BROKER_ADDRESS: 127.0.0.1:9092
2025-09-28 13:46:12 | INFO | BASE_DATA_DIR: PROJECT_ROOT/data
2025-09-28 13:46:12 | INFO | SQLITE_PATH: PROJECT_ROOT/data/buzz.sqlite
2025-09-28 13:46:12 | INFO | Calling SQLite init_db() to set up tables.
2025-09-28 13:46:12 | INFO | SUCCESS: Database initialized at PROJECT_ROOT/data/buzz.sqlite.
2025-09-28 13:46:14 | ERROR | ERROR: Failed to set up Kafka consumer. Is Kafka running? Error: NoBrokersAvailable
2025-09-28 13:46:14 | INFO | {'message': 'I just found JavaScript! It was exciting.', 'author': 'Alice', 'timestamp': '2025-09-28 13:46:14', 'category': 'tech', 'sentiment': 0.3, 'keyword_mentioned': 'JavaScript', 'message_length': 41}
2025-09-28 13:46:19 | INFO | {'message': 'I just found a story! It was amazing.', 'author': 'Bob', 'timestamp': '2025-09-28 13:46:19', 'category': 'other', 'sentiment': 0.76, 'keyword_mentioned': 'other', 'message_length': 37}
2025-09-28 13:46:24 | INFO | {'message': 'I just loved a meme! It was boring.', 'author': 'Charlie', 'timestamp': '2025-09-28 13:46:24', 'category': 'humor', 'sentiment': 0.95, 'keyword_mentioned': 'meme', 'message_length': 35}
2025-09-28 13:46:29 | INFO | {'message': 'I just shared a trick! It was boring.', 'author': 'Alice', 'timestamp': '2025-09-28 13:46:29', 'category': 'other', 'sentiment': 0.14, 'keyword_mentioned': 'other', 'message_length': 37}
2025-09-28 13:46:34 | INFO | {'message': 'I just loved a movie! It was boring.', 'author': 'Charlie', 'timestamp': '2025-09-28 13:46:34', 'category': 'entertainment', 'sentiment': 0.57, 'keyword_mentioned': 'movie', 'message_length': 36}
2025-09-28 13:46:39 | INFO | {'message': 'I just shared travel! It was amazing.', 'author': 'Charlie', 'timestamp': '2025-09-28 13:46:39', 'category': 'travel', 'sentiment': 0.7, 'keyword_mentioned': 'travel', 'message_length': 37}
2025-09-28 13:46:44 | INFO | {'message': 'I just tried a movie! It was weird.', 'author': 'Eve', 'timestamp': '2025-09-28 13:46:44', 'category': 'entertainment', 'sentiment': 0.19, 'keyword_mentioned': 'movie', 'message_length': 35}
2025-09-28 13:46:49 | INFO | {'message': 'I just saw an app! It was weird.', 'author': 'Charlie', 'timestamp': '2025-09-28 13:46:49', 'category': 'other', 'sentiment': 0.35, 'keyword_mentioned': 'other', 'message_length': 32}
2025-09-28 13:46:54 | INFO | {'message': 'I just saw a story! It was boring.', 'author': 'Charlie', 'timestamp': '2025-09-28 13:46:54', 'category': 'other', 'sentiment': 0.06, 'keyword_mentioned': 'other', 'message_length': 34}
2025-09-28 13:46:59 | INFO | {'message': 'I just loved a meme! It was exciting.', 'author': 'Eve', 'timestamp': '2025-09-28 13:46:59', 'category': 'humor', 'sentiment': 0.45, 'keyword_mentioned': 'meme', 'message_length': 37}
2025-09-28 13:47:04 | INFO | {'message': 'I just loved travel! It was funny.', 'author': 'Charlie', 'timestamp': '2025-09-28 13:47:04', 'category': 'travel', 'sentiment': 0.8, 'keyword_mentioned': 'travel', 'message_length': 34}
2025-09-28 13:47:09 | INFO | {'message': 'I just found a movie! It was amazing.', 'author': 'Alice', 'timestamp': '2025-09-28 13:47:09', 'category': 'entertainment', 'sentiment': 0.21, 'keyword_mentioned': 'movie', 'message_length': 37}
2025-09-28 13:47:14 | INFO | {'message': 'I just loved a trick! It was weird.', 'author': 'Alice', 'timestamp': '2025-09-28 13:47:14', 'category': 'other', 'sentiment': 0.34, 'keyword_mentioned': 'other', 'message_length': 35}
2025-09-28 13:47:19 | INFO | {'message': 'I just saw recipe! It was funny.', 'author': 'Alice', 'timestamp': '2025-09-28 13:47:19', 'category': 'food', 'sentiment': 0.6, 'keyword_mentioned': 'recipe', 'message_length': 32}
2025-09-28 13:47:24 | INFO | {'message': 'I just tried travel! It was funny.', 'author': 'Alice', 'timestamp': '2025-09-28 13:47:24', 'category': 'travel', 'sentiment': 0.92, 'keyword_mentioned': 'travel', 'message_length': 34}
2025-09-28 13:47:29 | INFO | {'message': 'I just saw a story! It was amazing.', 'author': 'Charlie', 'timestamp': '2025-09-28 13:47:29', 'category': 'other', 'sentiment': 0.9, 'keyword_mentioned': 'other', 'message_length': 35}
2025-09-28 13:47:34 | INFO | {'message': 'I just tried a story! It was amazing.', 'author': 'Charlie', 'timestamp': '2025-09-28 13:47:34', 'category': 'other', 'sentiment': 0.76, 'keyword_mentioned': 'other', 'message_length': 37}
2025-09-28 13:47:39 | INFO | {'message': 'I just shared JavaScript! It was weird.', 'author': 'Eve', 'timestamp': '2025-09-28 13:47:39', 'category': 'tech', 'sentiment': 0.5, 'keyword_mentioned': 'JavaScript', 'message_length': 39}
2025-09-28 13:47:44 | INFO | {'message': 'I just found a story! It was boring.', 'author': 'Charlie', 'timestamp': '2025-09-28 13:47:44', 'category': 'other', 'sentiment': 0.13, 'keyword_mentioned': 'other', 'message_length': 36}
2025-09-28 13:47:49 | INFO | {'message': 'I just found a story! It was exciting.', 'author': 'Bob', 'timestamp': '2025-09-28 13:47:49', 'category': 'other', 'sentiment': 0.25, 'keyword_mentioned': 'other', 'message_length': 38}
2025-09-28 13:47:54 | INFO | {'message': 'I just tried an app! It was funny.', 'author': 'Alice', 'timestamp': '2025-09-28 13:47:54', 'category': 'other', 'sentiment': 0.02, 'keyword_mentioned': 'other', 'message_length': 34}
2025-09-28 13:47:59 | INFO | {'message': 'I just saw travel! It was weird.', 'author': 'Charlie', 'timestamp': '2025-09-28 13:47:59', 'category': 'travel', 'sentiment': 0.17, 'keyword_mentioned': 'travel', 'message_length': 32}
2025-09-28 13:48:04 | INFO | {'message': 'I just loved an app! It was amazing.', 'author': 'Eve', 'timestamp': '2025-09-28 13:48:04', 'category': 'other', 'sentiment': 0.26, 'keyword_mentioned': 'other', 'message_length': 36}
2025-09-28 13:48:09 | INFO | {'message': 'I just saw a meme! It was boring.', 'author': 'Alice', 'timestamp': '2025-09-28 13:48:09', 'category': 'humor', 'sentiment': 0.71, 'keyword_mentioned': 'meme', 'message_length': 33}
2025-09-28 13:48:14 | INFO | {'message': 'I just found a story! It was exciting.', 'author': 'Bob', 'timestamp': '2025-09-28 13:48:14', 'category': 'other', 'sentiment': 1.0, 'keyword_mentioned': 'other', 'message_length': 38}
2025-09-28 13:48:19 | INFO | {'message': 'I just loved a story! It was exciting.', 'author': 'Alice', 'timestamp': '2025-09-28 13:48:19', 'category': 'other', 'sentiment': 0.28, 'keyword_mentioned': 'other', 'message_length': 38}
2025-09-28 13:48:21 | INFO | Logging to file: logs/project_log.log
2025-09-28 13:48:21 | INFO | Log sanitization enabled, personal info removed
2025-09-28 13:48:21 | INFO | Starting continuous Kafka Consumer.
2025-09-28 13:48:21 | INFO | Use Ctrl+C to stop.
2025-09-28 13:48:21 | INFO | BUZZ_TOPIC: buzzline
2025-09-28 13:48:21 | INFO | KAFKA_BROKER_ADDRESS: 127.0.0.1:9092
2025-09-28 13:48:21 | INFO | BASE_DATA_DIR: PROJECT_ROOT/data
2025-09-28 13:48:21 | INFO | SQLITE_PATH: PROJECT_ROOT/data/buzz.sqlite
2025-09-28 13:48:21 | INFO | Calling SQLite init_db() to set up tables.
2025-09-28 13:48:21 | INFO | SUCCESS: Database initialized at PROJECT_ROOT/data/buzz.sqlite.
2025-09-28 13:48:24 | ERROR | ERROR: Failed to set up Kafka consumer. Is Kafka running? Error: NoBrokersAvailable
2025-09-28 13:48:24 | INFO | {'message': 'I just saw a movie! It was funny.', 'author': 'Eve', 'timestamp': '2025-09-28 13:48:24', 'category': 'entertainment', 'sentiment': 0.06, 'keyword_mentioned': 'movie', 'message_length': 33}
2025-09-28 13:48:29 | INFO | {'message': 'I just shared travel! It was exciting.', 'author': 'Alice', 'timestamp': '2025-09-28 13:48:29', 'category': 'travel', 'sentiment': 0.37, 'keyword_mentioned': 'travel', 'message_length': 38}
2025-09-28 13:48:34 | INFO | {'message': 'I just loved travel! It was weird.', 'author': 'Eve', 'timestamp': '2025-09-28 13:48:34', 'category': 'travel', 'sentiment': 0.37, 'keyword_mentioned': 'travel', 'message_length': 34}
2025-09-28 13:48:39 | INFO | {'message': 'I just saw JavaScript! It was amazing.', 'author': 'Bob', 'timestamp': '2025-09-28 13:48:39', 'category': 'tech', 'sentiment': 0.55, 'keyword_mentioned': 'JavaScript', 'message_length': 38}
2025-09-28 13:48:44 | INFO | {'message': 'I just shared JavaScript! It was funny.', 'author': 'Charlie', 'timestamp': '2025-09-28 13:48:44', 'category': 'tech', 'sentiment': 0.98, 'keyword_mentioned': 'JavaScript', 'message_length': 39}
2025-09-28 13:48:49 | INFO | {'message': 'I just loved an app! It was weird.', 'author': 'Charlie', 'timestamp': '2025-09-28 13:48:49', 'category': 'other', 'sentiment': 0.15, 'keyword_mentioned': 'other', 'message_length': 34}
2025-09-28 13:48:54 | INFO | {'message': 'I just shared game! It was amazing.', 'author': 'Bob', 'timestamp': '2025-09-28 13:48:54', 'category': 'gaming', 'sentiment': 0.58, 'keyword_mentioned': 'game', 'message_length': 35}
2025-09-28 13:48:59 | INFO | {'message': 'I just loved a story! It was boring.', 'author': 'Alice', 'timestamp': '2025-09-28 13:48:59', 'category': 'other', 'sentiment': 0.07, 'keyword_mentioned': 'other', 'message_length': 36}
2025-09-28 13:49:04 | INFO | {'message': 'I just saw Python! It was weird.', 'author': 'Eve', 'timestamp': '2025-09-28 13:49:04', 'category': 'tech', 'sentiment': 0.63, 'keyword_mentioned': 'Python', 'message_length': 32}
2025-09-28 13:49:09 | INFO | {'message': 'I just tried an app! It was amazing.', 'author': 'Bob', 'timestamp': '2025-09-28 13:49:09', 'category': 'other', 'sentiment': 0.58, 'keyword_mentioned': 'other', 'message_length': 36}
2025-09-28 13:49:14 | INFO | {'message': 'I just tried a meme! It was weird.', 'author': 'Charlie', 'timestamp': '2025-09-28 13:49:14', 'category': 'humor', 'sentiment': 0.11, 'keyword_mentioned': 'meme', 'message_length': 34}
2025-09-28 13:49:19 | INFO | {'message': 'I just found a movie! It was exciting.', 'author': 'Charlie', 'timestamp': '2025-09-28 13:49:19', 'category': 'entertainment', 'sentiment': 1.0, 'keyword_mentioned': 'movie', 'message_length': 38}
2025-09-28 13:49:24 | INFO | {'message': 'I just saw JavaScript! It was funny.', 'author': 'Eve', 'timestamp': '2025-09-28 13:49:24', 'category': 'tech', 'sentiment': 0.72, 'keyword_mentioned': 'JavaScript', 'message_length': 36}
2025-09-28 13:49:29 | INFO | {'message': 'I just shared a movie! It was exciting.', 'author': 'Charlie', 'timestamp': '2025-09-28 13:49:29', 'category': 'entertainment', 'sentiment': 0.49, 'keyword_mentioned': 'movie', 'message_length': 39}
2025-09-28 13:49:34 | INFO | {'message': 'I just shared recipe! It was boring.', 'author': 'Charlie', 'timestamp': '2025-09-28 13:49:34', 'category': 'food', 'sentiment': 0.53, 'keyword_mentioned': 'recipe', 'message_length': 36}
2025-09-28 13:49:39 | INFO | {'message': 'I just found a meme! It was funny.', 'author': 'Alice', 'timestamp': '2025-09-28 13:49:39', 'category': 'humor', 'sentiment': 0.63, 'keyword_mentioned': 'meme', 'message_length': 34}
2025-09-28 13:49:44 | INFO | {'message': 'I just loved a trick! It was boring.', 'author': 'Eve', 'timestamp': '2025-09-28 13:49:44', 'category': 'other', 'sentiment': 0.74, 'keyword_mentioned': 'other', 'message_length': 36}
2025-09-28 13:49:49 | INFO | {'message': 'I just tried an app! It was funny.', 'author': 'Bob', 'timestamp': '2025-09-28 13:49:49', 'category': 'other', 'sentiment': 0.71, 'keyword_mentioned': 'other', 'message_length': 34}
2025-09-28 13:49:51 | INFO | Logging to file: logs/project_log.log
2025-09-28 13:49:51 | INFO | Log sanitization enabled, personal info removed
2025-09-28 13:49:51 | INFO | Starting db testing.
2025-09-28 13:49:51 | INFO | BASE_DATA_DIR: PROJECT_ROOT/data
2025-09-28 13:49:51 | INFO | Calling SQLite init_db() with {db_path=}.
2025-09-28 13:49:51 | INFO | SUCCESS: Got a cursor to execute SQL.
2025-09-28 13:49:51 | INFO | SUCCESS: Database initialized and table ready at PROJECT_ROOT/data/test_buzz.sqlite.
2025-09-28 13:49:51 | INFO | Initialized database file at PROJECT_ROOT/data/test_buzz.sqlite.
2025-09-28 13:49:51 | INFO | Calling SQLite insert_message() with:
2025-09-28 13:49:51 | INFO | message={'message': 'I just shared a meme! It was amazing.', 'author': 'Charlie', 'timestamp': '2025-01-29 14:35:20', 'category': 'humor', 'sentiment': 0.87, 'keyword_mentioned': 'meme', 'message_length': 42}
2025-09-28 13:49:51 | INFO | db_path=WindowsPath('C:/Repos/buzzline-05-sahoward/data/test_buzz.sqlite')
2025-09-28 13:49:51 | INFO | Inserted one message into the database.
2025-09-28 13:49:51 | INFO | Calling SQLite insert_message() with:
2025-09-28 13:49:51 | INFO | message={'message': 'Python is so confusing today.', 'author': 'Alice', 'timestamp': '2025-01-29 14:36:00', 'category': 'tech', 'sentiment': 0.25, 'keyword_mentioned': 'Python', 'message_length': 30}
2025-09-28 13:49:51 | INFO | db_path=WindowsPath('C:/Repos/buzzline-05-sahoward/data/test_buzz.sqlite')
2025-09-28 13:49:51 | INFO | Inserted one message into the database.
2025-09-28 13:49:51 | INFO | Calling SQLite insert_message() with:
2025-09-28 13:49:51 | INFO | message={'message': 'Saw a funny movie last night.', 'author': 'Charlie', 'timestamp': '2025-01-29 14:37:00', 'category': 'entertainment', 'sentiment': 0.75, 'keyword_mentioned': 'movie', 'message_length': 34}
2025-09-28 13:49:51 | INFO | db_path=WindowsPath('C:/Repos/buzzline-05-sahoward/data/test_buzz.sqlite')
2025-09-28 13:49:51 | INFO | Inserted one message into the database.
2025-09-28 13:49:51 | INFO | Calling SQLite insert_message() with:
2025-09-28 13:49:51 | INFO | message={'message': 'I love this recipe, so easy!', 'author': 'Alice', 'timestamp': '2025-01-29 14:38:00', 'category': 'food', 'sentiment': 0.95, 'keyword_mentioned': 'recipe', 'message_length': 30}
2025-09-28 13:49:51 | INFO | db_path=WindowsPath('C:/Repos/buzzline-05-sahoward/data/test_buzz.sqlite')
2025-09-28 13:49:51 | INFO | Inserted one message into the database.
2025-09-28 13:49:51 | INFO | Calling get_average_sentiment_by_author() with:
2025-09-28 13:49:51 | INFO | db_path=WindowsPath('C:/Repos/buzzline-05-sahoward/data/test_buzz.sqlite')
2025-09-28 13:49:51 | INFO | --- Average Sentiment by Author ---
2025-09-28 13:49:51 | INFO | Author: Charlie    | Average Sentiment: 0.81
2025-09-28 13:49:51 | INFO | Author: Alice      | Average Sentiment: 0.60
2025-09-28 13:49:51 | INFO | -----------------------------------
2025-09-28 13:49:51 | INFO | Cleaned up test messages from the database.
2025-09-28 13:49:51 | INFO | Finished testing.
2025-09-28 13:49:54 | INFO | {'message': 'I just shared a story! It was exciting.', 'author': 'Alice', 'timestamp': '2025-09-28 13:49:54', 'category': 'other', 'sentiment': 0.88, 'keyword_mentioned': 'other', 'message_length': 39}
2025-09-28 13:49:59 | INFO | {'message': 'I just saw Python! It was weird.', 'author': 'Bob', 'timestamp': '2025-09-28 13:49:59', 'category': 'tech', 'sentiment': 0.26, 'keyword_mentioned': 'Python', 'message_length': 32}
2025-09-28 13:50:04 | INFO | {'message': 'I just tried recipe! It was exciting.', 'author': 'Alice', 'timestamp': '2025-09-28 13:50:04', 'category': 'food', 'sentiment': 0.03, 'keyword_mentioned': 'recipe', 'message_length': 37}
2025-09-28 13:50:09 | INFO | {'message': 'I just found a meme! It was weird.', 'author': 'Charlie', 'timestamp': '2025-09-28 13:50:09', 'category': 'humor', 'sentiment': 0.25, 'keyword_mentioned': 'meme', 'message_length': 34}
2025-09-28 13:50:14 | INFO | {'message': 'I just shared a trick! It was exciting.', 'author': 'Bob', 'timestamp': '2025-09-28 13:50:14', 'category': 'other', 'sentiment': 0.86, 'keyword_mentioned': 'other', 'message_length': 39}
2025-09-28 13:50:19 | INFO | {'message': 'I just loved Python! It was amazing.', 'author': 'Eve', 'timestamp': '2025-09-28 13:50:19', 'category': 'tech', 'sentiment': 0.56, 'keyword_mentioned': 'Python', 'message_length': 36}
2025-09-28 13:50:24 | INFO | {'message': 'I just tried a story! It was amazing.', 'author': 'Alice', 'timestamp': '2025-09-28 13:50:24', 'category': 'other', 'sentiment': 0.58, 'keyword_mentioned': 'other', 'message_length': 37}
2025-09-28 13:50:29 | INFO | {'message': 'I just found a meme! It was funny.', 'author': 'Alice', 'timestamp': '2025-09-28 13:50:29', 'category': 'humor', 'sentiment': 0.49, 'keyword_mentioned': 'meme', 'message_length': 34}
2025-09-28 13:50:34 | INFO | {'message': 'I just loved Python! It was weird.', 'author': 'Bob', 'timestamp': '2025-09-28 13:50:34', 'category': 'tech', 'sentiment': 0.58, 'keyword_mentioned': 'Python', 'message_length': 34}
2025-09-28 13:50:39 | INFO | {'message': 'I just saw game! It was funny.', 'author': 'Eve', 'timestamp': '2025-09-28 13:50:39', 'category': 'gaming', 'sentiment': 0.44, 'keyword_mentioned': 'game', 'message_length': 30}
2025-09-28 13:50:44 | INFO | {'message': 'I just loved an app! It was exciting.', 'author': 'Bob', 'timestamp': '2025-09-28 13:50:44', 'category': 'other', 'sentiment': 0.56, 'keyword_mentioned': 'other', 'message_length': 37}
2025-09-28 13:50:50 | INFO | {'message': 'I just shared travel! It was exciting.', 'author': 'Charlie', 'timestamp': '2025-09-28 13:50:50', 'category': 'travel', 'sentiment': 0.38, 'keyword_mentioned': 'travel', 'message_length': 38}
2025-09-28 13:50:55 | INFO | {'message': 'I just shared game! It was amazing.', 'author': 'Bob', 'timestamp': '2025-09-28 13:50:55', 'category': 'gaming', 'sentiment': 0.18, 'keyword_mentioned': 'game', 'message_length': 35}
2025-09-28 13:51:00 | INFO | {'message': 'I just tried JavaScript! It was exciting.', 'author': 'Charlie', 'timestamp': '2025-09-28 13:51:00', 'category': 'tech', 'sentiment': 0.89, 'keyword_mentioned': 'JavaScript', 'message_length': 41}
2025-09-28 13:51:05 | INFO | {'message': 'I just saw a movie! It was exciting.', 'author': 'Bob', 'timestamp': '2025-09-28 13:51:05', 'category': 'entertainment', 'sentiment': 0.8, 'keyword_mentioned': 'movie', 'message_length': 36}
2025-09-28 13:51:10 | INFO | {'message': 'I just loved a movie! It was boring.', 'author': 'Alice', 'timestamp': '2025-09-28 13:51:10', 'category': 'entertainment', 'sentiment': 0.81, 'keyword_mentioned': 'movie', 'message_length': 36}
2025-09-28 13:51:15 | INFO | {'message': 'I just found Python! It was exciting.', 'author': 'Alice', 'timestamp': '2025-09-28 13:51:15', 'category': 'tech', 'sentiment': 0.26, 'keyword_mentioned': 'Python', 'message_length': 37}
2025-09-28 13:51:20 | INFO | {'message': 'I just loved JavaScript! It was exciting.', 'author': 'Charlie', 'timestamp': '2025-09-28 13:51:20', 'category': 'tech', 'sentiment': 0.57, 'keyword_mentioned': 'JavaScript', 'message_length': 41}
2025-09-28 13:51:25 | INFO | {'message': 'I just shared game! It was weird.', 'author': 'Charlie', 'timestamp': '2025-09-28 13:51:25', 'category': 'gaming', 'sentiment': 0.17, 'keyword_mentioned': 'game', 'message_length': 33}
2025-09-28 13:51:30 | INFO | {'message': 'I just saw JavaScript! It was exciting.', 'author': 'Bob', 'timestamp': '2025-09-28 13:51:30', 'category': 'tech', 'sentiment': 0.36, 'keyword_mentioned': 'JavaScript', 'message_length': 39}
2025-09-28 13:51:35 | INFO | {'message': 'I just tried an app! It was boring.', 'author': 'Eve', 'timestamp': '2025-09-28 13:51:35', 'category': 'other', 'sentiment': 0.97, 'keyword_mentioned': 'other', 'message_length': 35}
2025-09-28 13:51:40 | INFO | {'message': 'I just found Python! It was boring.', 'author': 'Charlie', 'timestamp': '2025-09-28 13:51:40', 'category': 'tech', 'sentiment': 0.5, 'keyword_mentioned': 'Python', 'message_length': 35}
2025-09-28 13:51:45 | INFO | {'message': 'I just loved travel! It was weird.', 'author': 'Bob', 'timestamp': '2025-09-28 13:51:45', 'category': 'travel', 'sentiment': 0.99, 'keyword_mentioned': 'travel', 'message_length': 34}
2025-09-28 13:51:50 | INFO | {'message': 'I just loved Python! It was funny.', 'author': 'Charlie', 'timestamp': '2025-09-28 13:51:50', 'category': 'tech', 'sentiment': 0.89, 'keyword_mentioned': 'Python', 'message_length': 34}
2025-09-28 13:51:55 | INFO | {'message': 'I just found a trick! It was exciting.', 'author': 'Eve', 'timestamp': '2025-09-28 13:51:55', 'category': 'other', 'sentiment': 0.94, 'keyword_mentioned': 'other', 'message_length': 38}
2025-09-28 13:52:00 | INFO | {'message': 'I just shared a trick! It was boring.', 'author': 'Alice', 'timestamp': '2025-09-28 13:52:00', 'category': 'other', 'sentiment': 0.95, 'keyword_mentioned': 'other', 'message_length': 37}
2025-09-28 13:52:02 | INFO | Logging to file: logs/project_log.log
2025-09-28 13:52:02 | INFO | Log sanitization enabled, personal info removed
2025-09-28 13:52:05 | INFO | {'message': 'I just saw JavaScript! It was weird.', 'author': 'Alice', 'timestamp': '2025-09-28 13:52:05', 'category': 'tech', 'sentiment': 0.87, 'keyword_mentioned': 'JavaScript', 'message_length': 36}
2025-09-28 13:52:10 | INFO | {'message': 'I just tried a meme! It was weird.', 'author': 'Alice', 'timestamp': '2025-09-28 13:52:10', 'category': 'humor', 'sentiment': 0.84, 'keyword_mentioned': 'meme', 'message_length': 34}
2025-09-28 13:52:15 | INFO | {'message': 'I just tried game! It was exciting.', 'author': 'Charlie', 'timestamp': '2025-09-28 13:52:15', 'category': 'gaming', 'sentiment': 0.28, 'keyword_mentioned': 'game', 'message_length': 35}
2025-09-28 13:52:20 | INFO | {'message': 'I just tried travel! It was amazing.', 'author': 'Alice', 'timestamp': '2025-09-28 13:52:20', 'category': 'travel', 'sentiment': 0.69, 'keyword_mentioned': 'travel', 'message_length': 36}
2025-09-28 13:52:25 | INFO | {'message': 'I just found a movie! It was exciting.', 'author': 'Alice', 'timestamp': '2025-09-28 13:52:25', 'category': 'entertainment', 'sentiment': 0.38, 'keyword_mentioned': 'movie', 'message_length': 38}
2025-09-28 13:52:30 | INFO | {'message': 'I just tried travel! It was weird.', 'author': 'Alice', 'timestamp': '2025-09-28 13:52:30', 'category': 'travel', 'sentiment': 0.8, 'keyword_mentioned': 'travel', 'message_length': 34}
2025-09-28 13:52:35 | INFO | {'message': 'I just found a trick! It was boring.', 'author': 'Alice', 'timestamp': '2025-09-28 13:52:35', 'category': 'other', 'sentiment': 0.56, 'keyword_mentioned': 'other', 'message_length': 36}
2025-09-28 13:52:40 | INFO | {'message': 'I just found a meme! It was amazing.', 'author': 'Eve', 'timestamp': '2025-09-28 13:52:40', 'category': 'humor', 'sentiment': 0.84, 'keyword_mentioned': 'meme', 'message_length': 36}
2025-09-28 13:52:45 | INFO | {'message': 'I just loved a trick! It was weird.', 'author': 'Bob', 'timestamp': '2025-09-28 13:52:45', 'category': 'other', 'sentiment': 0.69, 'keyword_mentioned': 'other', 'message_length': 35}
2025-09-28 13:52:50 | INFO | {'message': 'I just saw JavaScript! It was amazing.', 'author': 'Bob', 'timestamp': '2025-09-28 13:52:50', 'category': 'tech', 'sentiment': 0.44, 'keyword_mentioned': 'JavaScript', 'message_length': 38}
2025-09-28 13:52:55 | INFO | {'message': 'I just loved an app! It was exciting.', 'author': 'Charlie', 'timestamp': '2025-09-28 13:52:55', 'category': 'other', 'sentiment': 0.22, 'keyword_mentioned': 'other', 'message_length': 37}
2025-09-28 13:53:00 | INFO | {'message': 'I just loved game! It was funny.', 'author': 'Eve', 'timestamp': '2025-09-28 13:53:00', 'category': 'gaming', 'sentiment': 0.1, 'keyword_mentioned': 'game', 'message_length': 32}
2025-09-28 13:53:05 | INFO | {'message': 'I just saw Python! It was boring.', 'author': 'Alice', 'timestamp': '2025-09-28 13:53:05', 'category': 'tech', 'sentiment': 0.67, 'keyword_mentioned': 'Python', 'message_length': 33}
2025-09-28 13:53:10 | INFO | {'message': 'I just found a meme! It was amazing.', 'author': 'Alice', 'timestamp': '2025-09-28 13:53:10', 'category': 'humor', 'sentiment': 0.37, 'keyword_mentioned': 'meme', 'message_length': 36}
2025-09-28 13:53:15 | INFO | {'message': 'I just loved Python! It was weird.', 'author': 'Charlie', 'timestamp': '2025-09-28 13:53:15', 'category': 'tech', 'sentiment': 0.63, 'keyword_mentioned': 'Python', 'message_length': 34}
2025-09-28 13:53:20 | INFO | {'message': 'I just shared Python! It was boring.', 'author': 'Eve', 'timestamp': '2025-09-28 13:53:20', 'category': 'tech', 'sentiment': 0.06, 'keyword_mentioned': 'Python', 'message_length': 36}
2025-09-28 13:53:25 | INFO | {'message': 'I just tried recipe! It was funny.', 'author': 'Alice', 'timestamp': '2025-09-28 13:53:25', 'category': 'food', 'sentiment': 0.39, 'keyword_mentioned': 'recipe', 'message_length': 34}
2025-09-28 13:53:30 | INFO | {'message': 'I just saw a story! It was boring.', 'author': 'Charlie', 'timestamp': '2025-09-28 13:53:30', 'category': 'other', 'sentiment': 0.82, 'keyword_mentioned': 'other', 'message_length': 34}
2025-09-28 13:53:35 | INFO | {'message': 'I just loved recipe! It was amazing.', 'author': 'Bob', 'timestamp': '2025-09-28 13:53:35', 'category': 'food', 'sentiment': 0.51, 'keyword_mentioned': 'recipe', 'message_length': 36}
2025-09-28 13:53:40 | INFO | {'message': 'I just shared a movie! It was weird.', 'author': 'Bob', 'timestamp': '2025-09-28 13:53:40', 'category': 'entertainment', 'sentiment': 0.42, 'keyword_mentioned': 'movie', 'message_length': 36}
2025-09-28 13:53:45 | INFO | {'message': 'I just shared Python! It was boring.', 'author': 'Charlie', 'timestamp': '2025-09-28 13:53:45', 'category': 'tech', 'sentiment': 0.15, 'keyword_mentioned': 'Python', 'message_length': 36}
2025-09-28 13:53:50 | INFO | {'message': 'I just shared game! It was boring.', 'author': 'Alice', 'timestamp': '2025-09-28 13:53:50', 'category': 'gaming', 'sentiment': 0.33, 'keyword_mentioned': 'game', 'message_length': 34}
2025-09-28 13:53:55 | INFO | {'message': 'I just loved an app! It was weird.', 'author': 'Alice', 'timestamp': '2025-09-28 13:53:55', 'category': 'other', 'sentiment': 0.74, 'keyword_mentioned': 'other', 'message_length': 34}
2025-09-28 13:54:00 | INFO | {'message': 'I just tried a trick! It was exciting.', 'author': 'Eve', 'timestamp': '2025-09-28 13:54:00', 'category': 'other', 'sentiment': 0.38, 'keyword_mentioned': 'other', 'message_length': 38}
2025-09-28 13:54:05 | INFO | {'message': 'I just shared Python! It was boring.', 'author': 'Charlie', 'timestamp': '2025-09-28 13:54:05', 'category': 'tech', 'sentiment': 0.16, 'keyword_mentioned': 'Python', 'message_length': 36}
2025-09-28 13:54:10 | INFO | {'message': 'I just loved JavaScript! It was funny.', 'author': 'Charlie', 'timestamp': '2025-09-28 13:54:10', 'category': 'tech', 'sentiment': 0.74, 'keyword_mentioned': 'JavaScript', 'message_length': 38}
2025-09-28 13:54:15 | INFO | {'message': 'I just tried a movie! It was amazing.', 'author': 'Charlie', 'timestamp': '2025-09-28 13:54:15', 'category': 'entertainment', 'sentiment': 0.25, 'keyword_mentioned': 'movie', 'message_length': 37}
2025-09-28 13:54:20 | INFO | {'message': 'I just tried Python! It was exciting.', 'author': 'Bob', 'timestamp': '2025-09-28 13:54:20', 'category': 'tech', 'sentiment': 0.98, 'keyword_mentioned': 'Python', 'message_length': 37}
2025-09-28 13:54:25 | INFO | {'message': 'I just shared game! It was boring.', 'author': 'Bob', 'timestamp': '2025-09-28 13:54:25', 'category': 'gaming', 'sentiment': 0.66, 'keyword_mentioned': 'game', 'message_length': 34}
2025-09-28 13:54:30 | INFO | {'message': 'I just tried a trick! It was boring.', 'author': 'Alice', 'timestamp': '2025-09-28 13:54:30', 'category': 'other', 'sentiment': 0.04, 'keyword_mentioned': 'other', 'message_length': 36}
2025-09-28 13:54:35 | INFO | {'message': 'I just tried JavaScript! It was funny.', 'author': 'Charlie', 'timestamp': '2025-09-28 13:54:35', 'category': 'tech', 'sentiment': 0.24, 'keyword_mentioned': 'JavaScript', 'message_length': 38}
2025-09-28 13:54:40 | INFO | {'message': 'I just tried a meme! It was exciting.', 'author': 'Charlie', 'timestamp': '2025-09-28 13:54:40', 'category': 'humor', 'sentiment': 0.24, 'keyword_mentioned': 'meme', 'message_length': 37}
2025-09-28 13:54:45 | INFO | {'message': 'I just loved an app! It was funny.', 'author': 'Charlie', 'timestamp': '2025-09-28 13:54:45', 'category': 'other', 'sentiment': 0.31, 'keyword_mentioned': 'other', 'message_length': 34}
2025-09-28 13:54:50 | INFO | {'message': 'I just tried game! It was amazing.', 'author': 'Alice', 'timestamp': '2025-09-28 13:54:50', 'category': 'gaming', 'sentiment': 0.32, 'keyword_mentioned': 'game', 'message_length': 34}
2025-09-28 13:54:55 | INFO | {'message': 'I just found Python! It was boring.', 'author': 'Eve', 'timestamp': '2025-09-28 13:54:55', 'category': 'tech', 'sentiment': 0.01, 'keyword_mentioned': 'Python', 'message_length': 35}
2025-09-28 13:55:00 | INFO | {'message': 'I just shared Python! It was exciting.', 'author': 'Alice', 'timestamp': '2025-09-28 13:55:00', 'category': 'tech', 'sentiment': 0.52, 'keyword_mentioned': 'Python', 'message_length': 38}
2025-09-28 13:55:05 | INFO | {'message': 'I just found travel! It was amazing.', 'author': 'Bob', 'timestamp': '2025-09-28 13:55:05', 'category': 'travel', 'sentiment': 0.12, 'keyword_mentioned': 'travel', 'message_length': 36}
2025-09-28 13:55:10 | INFO | {'message': 'I just shared travel! It was funny.', 'author': 'Alice', 'timestamp': '2025-09-28 13:55:10', 'category': 'travel', 'sentiment': 0.19, 'keyword_mentioned': 'travel', 'message_length': 35}
2025-09-28 13:55:15 | INFO | {'message': 'I just found an app! It was weird.', 'author': 'Eve', 'timestamp': '2025-09-28 13:55:15', 'category': 'other', 'sentiment': 0.96, 'keyword_mentioned': 'other', 'message_length': 34}
2025-09-28 13:55:20 | INFO | {'message': 'I just tried a meme! It was amazing.', 'author': 'Alice', 'timestamp': '2025-09-28 13:55:20', 'category': 'humor', 'sentiment': 0.99, 'keyword_mentioned': 'meme', 'message_length': 36}
2025-09-28 13:55:25 | INFO | {'message': 'I just found a movie! It was boring.', 'author': 'Charlie', 'timestamp': '2025-09-28 13:55:25', 'category': 'entertainment', 'sentiment': 0.04, 'keyword_mentioned': 'movie', 'message_length': 36}
2025-09-28 13:55:30 | INFO | {'message': 'I just found a meme! It was boring.', 'author': 'Bob', 'timestamp': '2025-09-28 13:55:30', 'category': 'humor', 'sentiment': 0.01, 'keyword_mentioned': 'meme', 'message_length': 35}
2025-09-28 13:55:35 | INFO | {'message': 'I just loved travel! It was boring.', 'author': 'Alice', 'timestamp': '2025-09-28 13:55:35', 'category': 'travel', 'sentiment': 0.82, 'keyword_mentioned': 'travel', 'message_length': 35}
2025-09-28 13:55:40 | INFO | {'message': 'I just found recipe! It was amazing.', 'author': 'Bob', 'timestamp': '2025-09-28 13:55:40', 'category': 'food', 'sentiment': 0.54, 'keyword_mentioned': 'recipe', 'message_length': 36}
2025-09-28 13:55:45 | INFO | {'message': 'I just loved travel! It was funny.', 'author': 'Eve', 'timestamp': '2025-09-28 13:55:45', 'category': 'travel', 'sentiment': 0.64, 'keyword_mentioned': 'travel', 'message_length': 34}
2025-09-28 13:55:50 | INFO | {'message': 'I just found a movie! It was amazing.', 'author': 'Eve', 'timestamp': '2025-09-28 13:55:50', 'category': 'entertainment', 'sentiment': 0.56, 'keyword_mentioned': 'movie', 'message_length': 37}
2025-09-28 13:55:55 | INFO | {'message': 'I just loved a movie! It was funny.', 'author': 'Alice', 'timestamp': '2025-09-28 13:55:55', 'category': 'entertainment', 'sentiment': 0.96, 'keyword_mentioned': 'movie', 'message_length': 35}
2025-09-28 13:56:00 | INFO | {'message': 'I just saw a movie! It was boring.', 'author': 'Charlie', 'timestamp': '2025-09-28 13:56:00', 'category': 'entertainment', 'sentiment': 0.37, 'keyword_mentioned': 'movie', 'message_length': 34}
2025-09-28 13:56:05 | INFO | {'message': 'I just shared a movie! It was funny.', 'author': 'Bob', 'timestamp': '2025-09-28 13:56:05', 'category': 'entertainment', 'sentiment': 0.83, 'keyword_mentioned': 'movie', 'message_length': 36}
2025-09-28 13:56:10 | INFO | {'message': 'I just found a story! It was exciting.', 'author': 'Charlie', 'timestamp': '2025-09-28 13:56:10', 'category': 'other', 'sentiment': 0.79, 'keyword_mentioned': 'other', 'message_length': 38}
2025-09-28 13:56:15 | INFO | {'message': 'I just saw recipe! It was boring.', 'author': 'Charlie', 'timestamp': '2025-09-28 13:56:15', 'category': 'food', 'sentiment': 0.62, 'keyword_mentioned': 'recipe', 'message_length': 33}
2025-09-28 13:56:20 | INFO | {'message': 'I just loved travel! It was weird.', 'author': 'Charlie', 'timestamp': '2025-09-28 13:56:20', 'category': 'travel', 'sentiment': 0.63, 'keyword_mentioned': 'travel', 'message_length': 34}
2025-09-28 13:56:25 | INFO | {'message': 'I just found a story! It was exciting.', 'author': 'Alice', 'timestamp': '2025-09-28 13:56:25', 'category': 'other', 'sentiment': 0.52, 'keyword_mentioned': 'other', 'message_length': 38}
2025-09-28 13:56:30 | INFO | {'message': 'I just saw Python! It was weird.', 'author': 'Charlie', 'timestamp': '2025-09-28 13:56:30', 'category': 'tech', 'sentiment': 0.06, 'keyword_mentioned': 'Python', 'message_length': 32}
2025-09-28 13:56:35 | INFO | {'message': 'I just saw a story! It was weird.', 'author': 'Bob', 'timestamp': '2025-09-28 13:56:35', 'category': 'other', 'sentiment': 0.0, 'keyword_mentioned': 'other', 'message_length': 33}
2025-09-28 13:56:40 | INFO | {'message': 'I just tried game! It was exciting.', 'author': 'Bob', 'timestamp': '2025-09-28 13:56:40', 'category': 'gaming', 'sentiment': 0.46, 'keyword_mentioned': 'game', 'message_length': 35}
2025-09-28 13:56:45 | INFO | {'message': 'I just saw game! It was funny.', 'author': 'Alice', 'timestamp': '2025-09-28 13:56:45', 'category': 'gaming', 'sentiment': 0.54, 'keyword_mentioned': 'game', 'message_length': 30}
2025-09-28 13:56:50 | INFO | {'message': 'I just shared game! It was funny.', 'author': 'Bob', 'timestamp': '2025-09-28 13:56:50', 'category': 'gaming', 'sentiment': 0.14, 'keyword_mentioned': 'game', 'message_length': 33}
2025-09-28 13:56:55 | INFO | {'message': 'I just shared Python! It was exciting.', 'author': 'Charlie', 'timestamp': '2025-09-28 13:56:55', 'category': 'tech', 'sentiment': 0.29, 'keyword_mentioned': 'Python', 'message_length': 38}
2025-09-28 13:57:00 | INFO | {'message': 'I just loved game! It was weird.', 'author': 'Bob', 'timestamp': '2025-09-28 13:57:00', 'category': 'gaming', 'sentiment': 0.43, 'keyword_mentioned': 'game', 'message_length': 32}
2025-09-28 13:57:05 | INFO | {'message': 'I just shared travel! It was boring.', 'author': 'Charlie', 'timestamp': '2025-09-28 13:57:05', 'category': 'travel', 'sentiment': 0.64, 'keyword_mentioned': 'travel', 'message_length': 36}
2025-09-28 13:57:10 | INFO | {'message': 'I just found a movie! It was exciting.', 'author': 'Bob', 'timestamp': '2025-09-28 13:57:10', 'category': 'entertainment', 'sentiment': 0.94, 'keyword_mentioned': 'movie', 'message_length': 38}
2025-09-28 13:57:15 | INFO | {'message': 'I just shared an app! It was boring.', 'author': 'Bob', 'timestamp': '2025-09-28 13:57:15', 'category': 'other', 'sentiment': 0.75, 'keyword_mentioned': 'other', 'message_length': 36}
