2025-09-28 14:38:00 | INFO | Author: Alice      | Avg Sentiment: 0.45 | Messages: 166
2025-09-28 14:38:00 | INFO | Author: Charlie    | Avg Sentiment: 0.45 | Messages: 165
2025-09-28 14:38:00 | INFO | Author: Bob        | Avg Sentiment: 0.45 | Messages: 166
2025-09-28 14:38:00 | INFO | --------------------------------
2025-09-28 14:38:02 | INFO | Inserted message and updated sentiment for Charlie.
2025-09-28 14:38:02 | INFO | --- Author Sentiment Summary ---
2025-09-28 14:38:02 | INFO | Author: Charlie    | Avg Sentiment: 0.45 | Messages: 166
2025-09-28 14:38:02 | INFO | Author: Alice      | Avg Sentiment: 0.45 | Messages: 166
2025-09-28 14:38:02 | INFO | Author: Bob        | Avg Sentiment: 0.45 | Messages: 166
2025-09-28 14:38:02 | INFO | --------------------------------
2025-09-28 14:38:03 | INFO | {'message': 'I just shared travel! It was exciting.', 'author': 'Charlie', 'timestamp': '2025-09-28 14:38:03', 'category': 'travel', 'sentiment': 0.79, 'keyword_mentioned': 'travel', 'message_length': 38}
2025-09-28 14:38:04 | INFO | Inserted message and updated sentiment for Alice.
2025-09-28 14:38:04 | INFO | --- Author Sentiment Summary ---
2025-09-28 14:38:04 | INFO | Author: Alice      | Avg Sentiment: 0.45 | Messages: 167
2025-09-28 14:38:04 | INFO | Author: Charlie    | Avg Sentiment: 0.45 | Messages: 166
2025-09-28 14:38:04 | INFO | Author: Bob        | Avg Sentiment: 0.45 | Messages: 166
2025-09-28 14:38:04 | INFO | --------------------------------
2025-09-28 14:38:06 | INFO | Inserted message and updated sentiment for Bob.
2025-09-28 14:38:06 | INFO | --- Author Sentiment Summary ---
2025-09-28 14:38:06 | INFO | Author: Alice      | Avg Sentiment: 0.45 | Messages: 167
2025-09-28 14:38:06 | INFO | Author: Charlie    | Avg Sentiment: 0.45 | Messages: 166
2025-09-28 14:38:06 | INFO | Author: Bob        | Avg Sentiment: 0.45 | Messages: 167
2025-09-28 14:38:06 | INFO | --------------------------------
2025-09-28 14:38:08 | INFO | {'message': 'I just shared an app! It was boring.', 'author': 'Alice', 'timestamp': '2025-09-28 14:38:08', 'category': 'other', 'sentiment': 0.96, 'keyword_mentioned': 'other', 'message_length': 36}
2025-09-28 14:38:08 | INFO | Inserted message and updated sentiment for Charlie.
2025-09-28 14:38:08 | INFO | --- Author Sentiment Summary ---
2025-09-28 14:38:08 | INFO | Author: Alice      | Avg Sentiment: 0.45 | Messages: 167
2025-09-28 14:38:08 | INFO | Author: Bob        | Avg Sentiment: 0.45 | Messages: 167
2025-09-28 14:38:08 | INFO | Author: Charlie    | Avg Sentiment: 0.45 | Messages: 167
2025-09-28 14:38:08 | INFO | --------------------------------
2025-09-28 14:38:10 | INFO | Inserted message and updated sentiment for Alice.
2025-09-28 14:38:10 | INFO | --- Author Sentiment Summary ---
2025-09-28 14:38:10 | INFO | Author: Bob        | Avg Sentiment: 0.45 | Messages: 167
2025-09-28 14:38:10 | INFO | Author: Alice      | Avg Sentiment: 0.45 | Messages: 168
2025-09-28 14:38:10 | INFO | Author: Charlie    | Avg Sentiment: 0.45 | Messages: 167
2025-09-28 14:38:10 | INFO | --------------------------------
2025-09-28 14:38:12 | INFO | Inserted message and updated sentiment for Bob.
2025-09-28 14:38:12 | INFO | --- Author Sentiment Summary ---
2025-09-28 14:38:12 | INFO | Author: Alice      | Avg Sentiment: 0.45 | Messages: 168
2025-09-28 14:38:12 | INFO | Author: Bob        | Avg Sentiment: 0.45 | Messages: 168
2025-09-28 14:38:12 | INFO | Author: Charlie    | Avg Sentiment: 0.45 | Messages: 167
2025-09-28 14:38:12 | INFO | --------------------------------
2025-09-28 14:38:13 | INFO | {'message': 'I just loved travel! It was amazing.', 'author': 'Alice', 'timestamp': '2025-09-28 14:38:13', 'category': 'travel', 'sentiment': 0.54, 'keyword_mentioned': 'travel', 'message_length': 36}
2025-09-28 14:38:14 | INFO | Inserted message and updated sentiment for Charlie.
2025-09-28 14:38:14 | INFO | --- Author Sentiment Summary ---
2025-09-28 14:38:14 | INFO | Author: Alice      | Avg Sentiment: 0.45 | Messages: 168
2025-09-28 14:38:14 | INFO | Author: Bob        | Avg Sentiment: 0.45 | Messages: 168
2025-09-28 14:38:14 | INFO | Author: Charlie    | Avg Sentiment: 0.45 | Messages: 168
2025-09-28 14:38:14 | INFO | --------------------------------
2025-09-28 14:38:16 | INFO | Inserted message and updated sentiment for Alice.
2025-09-28 14:38:16 | INFO | --- Author Sentiment Summary ---
2025-09-28 14:38:16 | INFO | Author: Alice      | Avg Sentiment: 0.45 | Messages: 169
2025-09-28 14:38:16 | INFO | Author: Bob        | Avg Sentiment: 0.45 | Messages: 168
2025-09-28 14:38:16 | INFO | Author: Charlie    | Avg Sentiment: 0.45 | Messages: 168
2025-09-28 14:38:16 | INFO | --------------------------------
2025-09-28 14:38:18 | INFO | {'message': 'I just found Python! It was exciting.', 'author': 'Charlie', 'timestamp': '2025-09-28 14:38:18', 'category': 'tech', 'sentiment': 0.21, 'keyword_mentioned': 'Python', 'message_length': 37}
2025-09-28 14:38:18 | INFO | Inserted message and updated sentiment for Bob.
2025-09-28 14:38:18 | INFO | --- Author Sentiment Summary ---
2025-09-28 14:38:18 | INFO | Author: Alice      | Avg Sentiment: 0.45 | Messages: 169
2025-09-28 14:38:18 | INFO | Author: Bob        | Avg Sentiment: 0.45 | Messages: 169
2025-09-28 14:38:18 | INFO | Author: Charlie    | Avg Sentiment: 0.45 | Messages: 168
2025-09-28 14:38:18 | INFO | --------------------------------
2025-09-28 14:38:20 | INFO | Inserted message and updated sentiment for Charlie.
2025-09-28 14:38:20 | INFO | --- Author Sentiment Summary ---
2025-09-28 14:38:20 | INFO | Author: Alice      | Avg Sentiment: 0.45 | Messages: 169
2025-09-28 14:38:20 | INFO | Author: Bob        | Avg Sentiment: 0.45 | Messages: 169
2025-09-28 14:38:20 | INFO | Author: Charlie    | Avg Sentiment: 0.45 | Messages: 169
2025-09-28 14:38:20 | INFO | --------------------------------
2025-09-28 14:38:22 | INFO | Inserted message and updated sentiment for Alice.
2025-09-28 14:38:22 | INFO | --- Author Sentiment Summary ---
2025-09-28 14:38:22 | INFO | Author: Alice      | Avg Sentiment: 0.45 | Messages: 170
2025-09-28 14:38:22 | INFO | Author: Bob        | Avg Sentiment: 0.45 | Messages: 169
2025-09-28 14:38:22 | INFO | Author: Charlie    | Avg Sentiment: 0.45 | Messages: 169
2025-09-28 14:38:22 | INFO | --------------------------------
2025-09-28 14:38:23 | INFO | {'message': 'I just saw a trick! It was boring.', 'author': 'Charlie', 'timestamp': '2025-09-28 14:38:23', 'category': 'other', 'sentiment': 0.6, 'keyword_mentioned': 'other', 'message_length': 34}
2025-09-28 14:38:24 | INFO | Inserted message and updated sentiment for Bob.
2025-09-28 14:38:24 | INFO | --- Author Sentiment Summary ---
2025-09-28 14:38:24 | INFO | Author: Alice      | Avg Sentiment: 0.45 | Messages: 170
2025-09-28 14:38:24 | INFO | Author: Bob        | Avg Sentiment: 0.45 | Messages: 170
2025-09-28 14:38:24 | INFO | Author: Charlie    | Avg Sentiment: 0.45 | Messages: 169
2025-09-28 14:38:24 | INFO | --------------------------------
2025-09-28 14:38:26 | INFO | Inserted message and updated sentiment for Charlie.
2025-09-28 14:38:26 | INFO | --- Author Sentiment Summary ---
2025-09-28 14:38:26 | INFO | Author: Alice      | Avg Sentiment: 0.45 | Messages: 170
2025-09-28 14:38:26 | INFO | Author: Bob        | Avg Sentiment: 0.45 | Messages: 170
2025-09-28 14:38:26 | INFO | Author: Charlie    | Avg Sentiment: 0.45 | Messages: 170
2025-09-28 14:38:26 | INFO | --------------------------------
2025-09-28 14:38:28 | INFO | {'message': 'I just found a meme! It was boring.', 'author': 'Alice', 'timestamp': '2025-09-28 14:38:28', 'category': 'humor', 'sentiment': 0.44, 'keyword_mentioned': 'meme', 'message_length': 35}
2025-09-28 14:38:28 | INFO | Inserted message and updated sentiment for Alice.
2025-09-28 14:38:28 | INFO | --- Author Sentiment Summary ---
2025-09-28 14:38:28 | INFO | Author: Bob        | Avg Sentiment: 0.45 | Messages: 170
2025-09-28 14:38:29 | INFO | Author: Charlie    | Avg Sentiment: 0.45 | Messages: 170
2025-09-28 14:38:29 | INFO | Author: Alice      | Avg Sentiment: 0.45 | Messages: 171
2025-09-28 14:38:29 | INFO | --------------------------------
2025-09-28 14:38:31 | INFO | Inserted message and updated sentiment for Bob.
2025-09-28 14:38:31 | INFO | --- Author Sentiment Summary ---
2025-09-28 14:38:31 | INFO | Author: Charlie    | Avg Sentiment: 0.45 | Messages: 170
2025-09-28 14:38:31 | INFO | Author: Bob        | Avg Sentiment: 0.45 | Messages: 171
2025-09-28 14:38:31 | INFO | Author: Alice      | Avg Sentiment: 0.45 | Messages: 171
2025-09-28 14:38:31 | INFO | --------------------------------
2025-09-28 14:38:33 | INFO | Inserted message and updated sentiment for Charlie.
2025-09-28 14:38:33 | INFO | --- Author Sentiment Summary ---
2025-09-28 14:38:33 | INFO | Author: Charlie    | Avg Sentiment: 0.45 | Messages: 171
2025-09-28 14:38:33 | INFO | Author: Bob        | Avg Sentiment: 0.45 | Messages: 171
2025-09-28 14:38:33 | INFO | Author: Alice      | Avg Sentiment: 0.45 | Messages: 171
2025-09-28 14:38:33 | INFO | --------------------------------
2025-09-28 14:38:33 | INFO | {'message': 'I just loved a movie! It was exciting.', 'author': 'Charlie', 'timestamp': '2025-09-28 14:38:33', 'category': 'entertainment', 'sentiment': 0.63, 'keyword_mentioned': 'movie', 'message_length': 38}
2025-09-28 14:38:35 | INFO | Inserted message and updated sentiment for Alice.
2025-09-28 14:38:35 | INFO | --- Author Sentiment Summary ---
2025-09-28 14:38:35 | INFO | Author: Charlie    | Avg Sentiment: 0.45 | Messages: 171
2025-09-28 14:38:35 | INFO | Author: Bob        | Avg Sentiment: 0.45 | Messages: 171
2025-09-28 14:38:35 | INFO | Author: Alice      | Avg Sentiment: 0.45 | Messages: 172
2025-09-28 14:38:35 | INFO | --------------------------------
2025-09-28 14:38:37 | INFO | Inserted message and updated sentiment for Bob.
2025-09-28 14:38:37 | INFO | --- Author Sentiment Summary ---
2025-09-28 14:38:37 | INFO | Author: Charlie    | Avg Sentiment: 0.45 | Messages: 171
2025-09-28 14:38:37 | INFO | Author: Bob        | Avg Sentiment: 0.45 | Messages: 172
2025-09-28 14:38:37 | INFO | Author: Alice      | Avg Sentiment: 0.45 | Messages: 172
2025-09-28 14:38:37 | INFO | --------------------------------
2025-09-28 14:38:38 | INFO | {'message': 'I just loved travel! It was exciting.', 'author': 'Bob', 'timestamp': '2025-09-28 14:38:38', 'category': 'travel', 'sentiment': 0.24, 'keyword_mentioned': 'travel', 'message_length': 37}
2025-09-28 14:38:39 | INFO | Inserted message and updated sentiment for Charlie.
2025-09-28 14:38:39 | INFO | --- Author Sentiment Summary ---
2025-09-28 14:38:39 | INFO | Author: Charlie    | Avg Sentiment: 0.45 | Messages: 172
2025-09-28 14:38:39 | INFO | Author: Bob        | Avg Sentiment: 0.45 | Messages: 172
2025-09-28 14:38:39 | INFO | Author: Alice      | Avg Sentiment: 0.45 | Messages: 172
2025-09-28 14:38:39 | INFO | --------------------------------
2025-09-28 14:38:41 | INFO | Inserted message and updated sentiment for Alice.
2025-09-28 14:38:41 | INFO | --- Author Sentiment Summary ---
2025-09-28 14:38:41 | INFO | Author: Charlie    | Avg Sentiment: 0.45 | Messages: 172
2025-09-28 14:38:41 | INFO | Author: Bob        | Avg Sentiment: 0.45 | Messages: 172
2025-09-28 14:38:41 | INFO | Author: Alice      | Avg Sentiment: 0.45 | Messages: 173
2025-09-28 14:38:41 | INFO | --------------------------------
2025-09-28 14:38:43 | INFO | Inserted message and updated sentiment for Bob.
2025-09-28 14:38:43 | INFO | --- Author Sentiment Summary ---
2025-09-28 14:38:43 | INFO | Author: Bob        | Avg Sentiment: 0.45 | Messages: 173
2025-09-28 14:38:43 | INFO | Author: Charlie    | Avg Sentiment: 0.45 | Messages: 172
2025-09-28 14:38:43 | INFO | Author: Alice      | Avg Sentiment: 0.45 | Messages: 173
2025-09-28 14:38:43 | INFO | --------------------------------
2025-09-28 14:38:43 | INFO | {'message': 'I just found Python! It was boring.', 'author': 'Bob', 'timestamp': '2025-09-28 14:38:43', 'category': 'tech', 'sentiment': 0.04, 'keyword_mentioned': 'Python', 'message_length': 35}
2025-09-28 14:38:45 | INFO | Inserted message and updated sentiment for Charlie.
2025-09-28 14:38:45 | INFO | --- Author Sentiment Summary ---
2025-09-28 14:38:45 | INFO | Author: Charlie    | Avg Sentiment: 0.45 | Messages: 173
2025-09-28 14:38:45 | INFO | Author: Bob        | Avg Sentiment: 0.45 | Messages: 173
2025-09-28 14:38:45 | INFO | Author: Alice      | Avg Sentiment: 0.45 | Messages: 173
2025-09-28 14:38:45 | INFO | --------------------------------
2025-09-28 14:38:47 | INFO | Inserted message and updated sentiment for Alice.
2025-09-28 14:38:47 | INFO | --- Author Sentiment Summary ---
2025-09-28 14:38:47 | INFO | Author: Charlie    | Avg Sentiment: 0.45 | Messages: 173
2025-09-28 14:38:47 | INFO | Author: Alice      | Avg Sentiment: 0.45 | Messages: 174
2025-09-28 14:38:47 | INFO | Author: Bob        | Avg Sentiment: 0.45 | Messages: 173
2025-09-28 14:38:47 | INFO | --------------------------------
2025-09-28 14:38:48 | INFO | {'message': 'I just tried recipe! It was exciting.', 'author': 'Alice', 'timestamp': '2025-09-28 14:38:48', 'category': 'food', 'sentiment': 0.62, 'keyword_mentioned': 'recipe', 'message_length': 37}
2025-09-28 14:38:49 | INFO | Inserted message and updated sentiment for Bob.
2025-09-28 14:38:49 | INFO | --- Author Sentiment Summary ---
2025-09-28 14:38:49 | INFO | Author: Charlie    | Avg Sentiment: 0.45 | Messages: 173
2025-09-28 14:38:49 | INFO | Author: Alice      | Avg Sentiment: 0.45 | Messages: 174
2025-09-28 14:38:49 | INFO | Author: Bob        | Avg Sentiment: 0.45 | Messages: 174
2025-09-28 14:38:49 | INFO | --------------------------------
2025-09-28 14:38:51 | INFO | Inserted message and updated sentiment for Charlie.
2025-09-28 14:38:51 | INFO | --- Author Sentiment Summary ---
2025-09-28 14:38:51 | INFO | Author: Alice      | Avg Sentiment: 0.45 | Messages: 174
2025-09-28 14:38:51 | INFO | Author: Charlie    | Avg Sentiment: 0.45 | Messages: 174
2025-09-28 14:38:51 | INFO | Author: Bob        | Avg Sentiment: 0.45 | Messages: 174
2025-09-28 14:38:51 | INFO | --------------------------------
2025-09-28 14:38:53 | INFO | {'message': 'I just saw a movie! It was weird.', 'author': 'Charlie', 'timestamp': '2025-09-28 14:38:53', 'category': 'entertainment', 'sentiment': 0.65, 'keyword_mentioned': 'movie', 'message_length': 33}
2025-09-28 14:38:53 | INFO | Inserted message and updated sentiment for Alice.
2025-09-28 14:38:53 | INFO | --- Author Sentiment Summary ---
2025-09-28 14:38:53 | INFO | Author: Charlie    | Avg Sentiment: 0.45 | Messages: 174
2025-09-28 14:38:53 | INFO | Author: Alice      | Avg Sentiment: 0.45 | Messages: 175
2025-09-28 14:38:53 | INFO | Author: Bob        | Avg Sentiment: 0.45 | Messages: 174
2025-09-28 14:38:53 | INFO | --------------------------------
2025-09-28 14:38:55 | INFO | Inserted message and updated sentiment for Bob.
2025-09-28 14:38:55 | INFO | --- Author Sentiment Summary ---
2025-09-28 14:38:55 | INFO | Author: Charlie    | Avg Sentiment: 0.45 | Messages: 174
2025-09-28 14:38:55 | INFO | Author: Alice      | Avg Sentiment: 0.45 | Messages: 175
2025-09-28 14:38:55 | INFO | Author: Bob        | Avg Sentiment: 0.45 | Messages: 175
2025-09-28 14:38:55 | INFO | --------------------------------
2025-09-28 14:38:57 | INFO | Inserted message and updated sentiment for Charlie.
2025-09-28 14:38:57 | INFO | --- Author Sentiment Summary ---
2025-09-28 14:38:57 | INFO | Author: Alice      | Avg Sentiment: 0.45 | Messages: 175
2025-09-28 14:38:57 | INFO | Author: Charlie    | Avg Sentiment: 0.45 | Messages: 175
2025-09-28 14:38:57 | INFO | Author: Bob        | Avg Sentiment: 0.45 | Messages: 175
2025-09-28 14:38:57 | INFO | --------------------------------
2025-09-28 14:38:58 | INFO | {'message': 'I just tried a story! It was exciting.', 'author': 'Alice', 'timestamp': '2025-09-28 14:38:58', 'category': 'other', 'sentiment': 0.09, 'keyword_mentioned': 'other', 'message_length': 38}
2025-09-28 14:38:59 | INFO | Inserted message and updated sentiment for Alice.
2025-09-28 14:38:59 | INFO | --- Author Sentiment Summary ---
2025-09-28 14:38:59 | INFO | Author: Alice      | Avg Sentiment: 0.45 | Messages: 176
2025-09-28 14:38:59 | INFO | Author: Charlie    | Avg Sentiment: 0.45 | Messages: 175
2025-09-28 14:38:59 | INFO | Author: Bob        | Avg Sentiment: 0.45 | Messages: 175
2025-09-28 14:38:59 | INFO | --------------------------------
2025-09-28 14:39:01 | INFO | Inserted message and updated sentiment for Bob.
2025-09-28 14:39:01 | INFO | --- Author Sentiment Summary ---
2025-09-28 14:39:01 | INFO | Author: Alice      | Avg Sentiment: 0.45 | Messages: 176
2025-09-28 14:39:01 | INFO | Author: Charlie    | Avg Sentiment: 0.45 | Messages: 175
2025-09-28 14:39:01 | INFO | Author: Bob        | Avg Sentiment: 0.45 | Messages: 176
2025-09-28 14:39:01 | INFO | --------------------------------
2025-09-28 14:39:03 | INFO | {'message': 'I just loved an app! It was boring.', 'author': 'Bob', 'timestamp': '2025-09-28 14:39:03', 'category': 'other', 'sentiment': 0.23, 'keyword_mentioned': 'other', 'message_length': 35}
2025-09-28 14:39:03 | INFO | Inserted message and updated sentiment for Charlie.
2025-09-28 14:39:03 | INFO | --- Author Sentiment Summary ---
2025-09-28 14:39:03 | INFO | Author: Charlie    | Avg Sentiment: 0.45 | Messages: 176
2025-09-28 14:39:03 | INFO | Author: Alice      | Avg Sentiment: 0.45 | Messages: 176
2025-09-28 14:39:03 | INFO | Author: Bob        | Avg Sentiment: 0.45 | Messages: 176
2025-09-28 14:39:03 | INFO | --------------------------------
2025-09-28 14:39:05 | INFO | Inserted message and updated sentiment for Alice.
2025-09-28 14:39:05 | INFO | --- Author Sentiment Summary ---
2025-09-28 14:39:05 | INFO | Author: Alice      | Avg Sentiment: 0.45 | Messages: 177
2025-09-28 14:39:05 | INFO | Author: Charlie    | Avg Sentiment: 0.45 | Messages: 176
2025-09-28 14:39:05 | INFO | Author: Bob        | Avg Sentiment: 0.45 | Messages: 176
2025-09-28 14:39:05 | INFO | --------------------------------
2025-09-28 14:39:07 | INFO | Inserted message and updated sentiment for Bob.
2025-09-28 14:39:07 | INFO | --- Author Sentiment Summary ---
2025-09-28 14:39:07 | INFO | Author: Alice      | Avg Sentiment: 0.45 | Messages: 177
2025-09-28 14:39:07 | INFO | Author: Charlie    | Avg Sentiment: 0.45 | Messages: 176
2025-09-28 14:39:07 | INFO | Author: Bob        | Avg Sentiment: 0.45 | Messages: 177
2025-09-28 14:39:07 | INFO | --------------------------------
2025-09-28 14:39:08 | INFO | {'message': 'I just found a trick! It was boring.', 'author': 'Bob', 'timestamp': '2025-09-28 14:39:08', 'category': 'other', 'sentiment': 0.4, 'keyword_mentioned': 'other', 'message_length': 36}
2025-09-28 14:39:09 | INFO | Inserted message and updated sentiment for Charlie.
2025-09-28 14:39:09 | INFO | --- Author Sentiment Summary ---
2025-09-28 14:39:09 | INFO | Author: Alice      | Avg Sentiment: 0.45 | Messages: 177
2025-09-28 14:39:09 | INFO | Author: Bob        | Avg Sentiment: 0.45 | Messages: 177
2025-09-28 14:39:09 | INFO | Author: Charlie    | Avg Sentiment: 0.45 | Messages: 177
2025-09-28 14:39:09 | INFO | --------------------------------
2025-09-28 14:39:11 | INFO | Inserted message and updated sentiment for Alice.
2025-09-28 14:39:11 | INFO | --- Author Sentiment Summary ---
2025-09-28 14:39:11 | INFO | Author: Bob        | Avg Sentiment: 0.45 | Messages: 177
2025-09-28 14:39:11 | INFO | Author: Alice      | Avg Sentiment: 0.45 | Messages: 178
2025-09-28 14:39:11 | INFO | Author: Charlie    | Avg Sentiment: 0.45 | Messages: 177
2025-09-28 14:39:11 | INFO | --------------------------------
2025-09-28 14:39:13 | INFO | {'message': 'I just found a meme! It was exciting.', 'author': 'Bob', 'timestamp': '2025-09-28 14:39:13', 'category': 'humor', 'sentiment': 0.28, 'keyword_mentioned': 'meme', 'message_length': 37}
2025-09-28 14:39:13 | INFO | Inserted message and updated sentiment for Bob.
2025-09-28 14:39:13 | INFO | --- Author Sentiment Summary ---
2025-09-28 14:39:13 | INFO | Author: Alice      | Avg Sentiment: 0.45 | Messages: 178
2025-09-28 14:39:13 | INFO | Author: Bob        | Avg Sentiment: 0.45 | Messages: 178
2025-09-28 14:39:13 | INFO | Author: Charlie    | Avg Sentiment: 0.45 | Messages: 177
2025-09-28 14:39:13 | INFO | --------------------------------
2025-09-28 14:39:15 | INFO | Inserted message and updated sentiment for Charlie.
2025-09-28 14:39:15 | INFO | --- Author Sentiment Summary ---
2025-09-28 14:39:15 | INFO | Author: Alice      | Avg Sentiment: 0.45 | Messages: 178
2025-09-28 14:39:15 | INFO | Author: Bob        | Avg Sentiment: 0.45 | Messages: 178
2025-09-28 14:39:15 | INFO | Author: Charlie    | Avg Sentiment: 0.45 | Messages: 178
2025-09-28 14:39:15 | INFO | --------------------------------
2025-09-28 14:39:18 | INFO | Inserted message and updated sentiment for Alice.
2025-09-28 14:39:18 | INFO | --- Author Sentiment Summary ---
2025-09-28 14:39:18 | INFO | Author: Alice      | Avg Sentiment: 0.45 | Messages: 179
2025-09-28 14:39:18 | INFO | Author: Bob        | Avg Sentiment: 0.45 | Messages: 178
2025-09-28 14:39:18 | INFO | Author: Charlie    | Avg Sentiment: 0.45 | Messages: 178
2025-09-28 14:39:18 | INFO | --------------------------------
2025-09-28 14:39:18 | INFO | {'message': 'I just shared a story! It was boring.', 'author': 'Alice', 'timestamp': '2025-09-28 14:39:18', 'category': 'other', 'sentiment': 0.72, 'keyword_mentioned': 'other', 'message_length': 37}
2025-09-28 14:39:20 | INFO | Inserted message and updated sentiment for Bob.
2025-09-28 14:39:20 | INFO | --- Author Sentiment Summary ---
2025-09-28 14:39:20 | INFO | Author: Alice      | Avg Sentiment: 0.45 | Messages: 179
2025-09-28 14:39:20 | INFO | Author: Bob        | Avg Sentiment: 0.45 | Messages: 179
2025-09-28 14:39:20 | INFO | Author: Charlie    | Avg Sentiment: 0.45 | Messages: 178
2025-09-28 14:39:20 | INFO | --------------------------------
2025-09-28 14:39:22 | INFO | Inserted message and updated sentiment for Charlie.
2025-09-28 14:39:22 | INFO | --- Author Sentiment Summary ---
2025-09-28 14:39:22 | INFO | Author: Alice      | Avg Sentiment: 0.45 | Messages: 179
2025-09-28 14:39:22 | INFO | Author: Bob        | Avg Sentiment: 0.45 | Messages: 179
2025-09-28 14:39:22 | INFO | Author: Charlie    | Avg Sentiment: 0.45 | Messages: 179
2025-09-28 14:39:22 | INFO | --------------------------------
2025-09-28 14:39:23 | INFO | {'message': 'I just saw a movie! It was amazing.', 'author': 'Eve', 'timestamp': '2025-09-28 14:39:23', 'category': 'entertainment', 'sentiment': 0.24, 'keyword_mentioned': 'movie', 'message_length': 35}
2025-09-28 14:39:24 | INFO | Inserted message and updated sentiment for Alice.
2025-09-28 14:39:24 | INFO | --- Author Sentiment Summary ---
2025-09-28 14:39:24 | INFO | Author: Alice      | Avg Sentiment: 0.45 | Messages: 180
2025-09-28 14:39:24 | INFO | Author: Bob        | Avg Sentiment: 0.45 | Messages: 179
2025-09-28 14:39:24 | INFO | Author: Charlie    | Avg Sentiment: 0.45 | Messages: 179
2025-09-28 14:39:24 | INFO | --------------------------------
2025-09-28 14:39:26 | INFO | Inserted message and updated sentiment for Bob.
2025-09-28 14:39:26 | INFO | --- Author Sentiment Summary ---
2025-09-28 14:39:26 | INFO | Author: Alice      | Avg Sentiment: 0.45 | Messages: 180
2025-09-28 14:39:26 | INFO | Author: Bob        | Avg Sentiment: 0.45 | Messages: 180
2025-09-28 14:39:26 | INFO | Author: Charlie    | Avg Sentiment: 0.45 | Messages: 179
2025-09-28 14:39:26 | INFO | --------------------------------
2025-09-28 14:39:28 | INFO | Inserted message and updated sentiment for Charlie.
2025-09-28 14:39:28 | INFO | --- Author Sentiment Summary ---
2025-09-28 14:39:28 | INFO | Author: Alice      | Avg Sentiment: 0.45 | Messages: 180
2025-09-28 14:39:28 | INFO | Author: Bob        | Avg Sentiment: 0.45 | Messages: 180
2025-09-28 14:39:28 | INFO | Author: Charlie    | Avg Sentiment: 0.45 | Messages: 180
2025-09-28 14:39:28 | INFO | --------------------------------
2025-09-28 14:39:28 | INFO | {'message': 'I just saw a trick! It was boring.', 'author': 'Alice', 'timestamp': '2025-09-28 14:39:28', 'category': 'other', 'sentiment': 0.49, 'keyword_mentioned': 'other', 'message_length': 34}
2025-09-28 14:39:30 | INFO | Inserted message and updated sentiment for Alice.
2025-09-28 14:39:30 | INFO | --- Author Sentiment Summary ---
2025-09-28 14:39:30 | INFO | Author: Bob        | Avg Sentiment: 0.45 | Messages: 180
2025-09-28 14:39:30 | INFO | Author: Charlie    | Avg Sentiment: 0.45 | Messages: 180
2025-09-28 14:39:30 | INFO | Author: Alice      | Avg Sentiment: 0.45 | Messages: 181
2025-09-28 14:39:30 | INFO | --------------------------------
2025-09-28 14:39:32 | INFO | Inserted message and updated sentiment for Bob.
2025-09-28 14:39:32 | INFO | --- Author Sentiment Summary ---
2025-09-28 14:39:32 | INFO | Author: Charlie    | Avg Sentiment: 0.45 | Messages: 180
2025-09-28 14:39:32 | INFO | Author: Bob        | Avg Sentiment: 0.45 | Messages: 181
2025-09-28 14:39:32 | INFO | Author: Alice      | Avg Sentiment: 0.45 | Messages: 181
2025-09-28 14:39:32 | INFO | --------------------------------
2025-09-28 14:39:33 | INFO | {'message': 'I just saw a meme! It was weird.', 'author': 'Bob', 'timestamp': '2025-09-28 14:39:33', 'category': 'humor', 'sentiment': 0.78, 'keyword_mentioned': 'meme', 'message_length': 32}
2025-09-28 14:39:34 | INFO | Inserted message and updated sentiment for Charlie.
2025-09-28 14:39:34 | INFO | --- Author Sentiment Summary ---
2025-09-28 14:39:34 | INFO | Author: Charlie    | Avg Sentiment: 0.45 | Messages: 181
2025-09-28 14:39:34 | INFO | Author: Bob        | Avg Sentiment: 0.45 | Messages: 181
2025-09-28 14:39:34 | INFO | Author: Alice      | Avg Sentiment: 0.45 | Messages: 181
2025-09-28 14:39:34 | INFO | --------------------------------
2025-09-28 14:39:36 | INFO | Inserted message and updated sentiment for Alice.
2025-09-28 14:39:36 | INFO | --- Author Sentiment Summary ---
2025-09-28 14:39:36 | INFO | Author: Charlie    | Avg Sentiment: 0.45 | Messages: 181
2025-09-28 14:39:36 | INFO | Author: Bob        | Avg Sentiment: 0.45 | Messages: 181
2025-09-28 14:39:36 | INFO | Author: Alice      | Avg Sentiment: 0.45 | Messages: 182
2025-09-28 14:39:36 | INFO | --------------------------------
2025-09-28 14:39:38 | INFO | {'message': 'I just tried recipe! It was funny.', 'author': 'Alice', 'timestamp': '2025-09-28 14:39:38', 'category': 'food', 'sentiment': 0.39, 'keyword_mentioned': 'recipe', 'message_length': 34}
2025-09-28 14:39:38 | INFO | Inserted message and updated sentiment for Bob.
2025-09-28 14:39:38 | INFO | --- Author Sentiment Summary ---
2025-09-28 14:39:38 | INFO | Author: Charlie    | Avg Sentiment: 0.45 | Messages: 181
2025-09-28 14:39:38 | INFO | Author: Bob        | Avg Sentiment: 0.45 | Messages: 182
2025-09-28 14:39:38 | INFO | Author: Alice      | Avg Sentiment: 0.45 | Messages: 182
2025-09-28 14:39:38 | INFO | --------------------------------
2025-09-28 14:39:40 | INFO | Inserted message and updated sentiment for Charlie.
2025-09-28 14:39:40 | INFO | --- Author Sentiment Summary ---
2025-09-28 14:39:40 | INFO | Author: Charlie    | Avg Sentiment: 0.45 | Messages: 182
2025-09-28 14:39:40 | INFO | Author: Bob        | Avg Sentiment: 0.45 | Messages: 182
2025-09-28 14:39:40 | INFO | Author: Alice      | Avg Sentiment: 0.45 | Messages: 182
2025-09-28 14:39:40 | INFO | --------------------------------
2025-09-28 14:39:42 | INFO | Inserted message and updated sentiment for Alice.
2025-09-28 14:39:42 | INFO | --- Author Sentiment Summary ---
2025-09-28 14:39:42 | INFO | Author: Charlie    | Avg Sentiment: 0.45 | Messages: 182
2025-09-28 14:39:42 | INFO | Author: Bob        | Avg Sentiment: 0.45 | Messages: 182
2025-09-28 14:39:42 | INFO | Author: Alice      | Avg Sentiment: 0.45 | Messages: 183
2025-09-28 14:39:42 | INFO | --------------------------------
2025-09-28 14:39:43 | INFO | {'message': 'I just saw a trick! It was funny.', 'author': 'Eve', 'timestamp': '2025-09-28 14:39:43', 'category': 'other', 'sentiment': 0.32, 'keyword_mentioned': 'other', 'message_length': 33}
2025-09-28 14:39:44 | INFO | Inserted message and updated sentiment for Bob.
2025-09-28 14:39:44 | INFO | --- Author Sentiment Summary ---
2025-09-28 14:39:44 | INFO | Author: Bob        | Avg Sentiment: 0.45 | Messages: 183
2025-09-28 14:39:44 | INFO | Author: Charlie    | Avg Sentiment: 0.45 | Messages: 182
2025-09-28 14:39:44 | INFO | Author: Alice      | Avg Sentiment: 0.45 | Messages: 183
2025-09-28 14:39:44 | INFO | --------------------------------
2025-09-28 14:39:46 | INFO | Inserted message and updated sentiment for Charlie.
2025-09-28 14:39:46 | INFO | --- Author Sentiment Summary ---
2025-09-28 14:39:46 | INFO | Author: Charlie    | Avg Sentiment: 0.45 | Messages: 183
2025-09-28 14:39:46 | INFO | Author: Bob        | Avg Sentiment: 0.45 | Messages: 183
2025-09-28 14:39:46 | INFO | Author: Alice      | Avg Sentiment: 0.45 | Messages: 183
2025-09-28 14:39:46 | INFO | --------------------------------
2025-09-28 14:39:48 | INFO | {'message': 'I just tried JavaScript! It was boring.', 'author': 'Eve', 'timestamp': '2025-09-28 14:39:48', 'category': 'tech', 'sentiment': 0.96, 'keyword_mentioned': 'JavaScript', 'message_length': 39}
2025-09-28 14:39:48 | INFO | Inserted message and updated sentiment for Alice.
2025-09-28 14:39:48 | INFO | --- Author Sentiment Summary ---
2025-09-28 14:39:48 | INFO | Author: Charlie    | Avg Sentiment: 0.45 | Messages: 183
2025-09-28 14:39:48 | INFO | Author: Alice      | Avg Sentiment: 0.45 | Messages: 184
2025-09-28 14:39:48 | INFO | Author: Bob        | Avg Sentiment: 0.45 | Messages: 183
2025-09-28 14:39:48 | INFO | --------------------------------
2025-09-28 14:39:50 | INFO | Inserted message and updated sentiment for Bob.
2025-09-28 14:39:50 | INFO | --- Author Sentiment Summary ---
2025-09-28 14:39:50 | INFO | Author: Charlie    | Avg Sentiment: 0.45 | Messages: 183
2025-09-28 14:39:50 | INFO | Author: Alice      | Avg Sentiment: 0.45 | Messages: 184
2025-09-28 14:39:50 | INFO | Author: Bob        | Avg Sentiment: 0.45 | Messages: 184
2025-09-28 14:39:50 | INFO | --------------------------------
2025-09-28 14:39:52 | INFO | Inserted message and updated sentiment for Charlie.
2025-09-28 14:39:52 | INFO | --- Author Sentiment Summary ---
2025-09-28 14:39:52 | INFO | Author: Alice      | Avg Sentiment: 0.45 | Messages: 184
2025-09-28 14:39:52 | INFO | Author: Charlie    | Avg Sentiment: 0.45 | Messages: 184
2025-09-28 14:39:52 | INFO | Author: Bob        | Avg Sentiment: 0.45 | Messages: 184
2025-09-28 14:39:52 | INFO | --------------------------------
2025-09-28 14:39:53 | INFO | {'message': 'I just shared a meme! It was weird.', 'author': 'Bob', 'timestamp': '2025-09-28 14:39:53', 'category': 'humor', 'sentiment': 0.52, 'keyword_mentioned': 'meme', 'message_length': 35}
2025-09-28 14:39:54 | INFO | Inserted message and updated sentiment for Alice.
2025-09-28 14:39:54 | INFO | --- Author Sentiment Summary ---
2025-09-28 14:39:54 | INFO | Author: Charlie    | Avg Sentiment: 0.45 | Messages: 184
2025-09-28 14:39:54 | INFO | Author: Alice      | Avg Sentiment: 0.45 | Messages: 185
2025-09-28 14:39:54 | INFO | Author: Bob        | Avg Sentiment: 0.45 | Messages: 184
2025-09-28 14:39:54 | INFO | --------------------------------
2025-09-28 14:39:56 | INFO | Inserted message and updated sentiment for Bob.
2025-09-28 14:39:56 | INFO | --- Author Sentiment Summary ---
2025-09-28 14:39:56 | INFO | Author: Charlie    | Avg Sentiment: 0.45 | Messages: 184
2025-09-28 14:39:56 | INFO | Author: Alice      | Avg Sentiment: 0.45 | Messages: 185
2025-09-28 14:39:56 | INFO | Author: Bob        | Avg Sentiment: 0.45 | Messages: 185
2025-09-28 14:39:56 | INFO | --------------------------------
2025-09-28 14:39:58 | INFO | {'message': 'I just found a story! It was exciting.', 'author': 'Bob', 'timestamp': '2025-09-28 14:39:58', 'category': 'other', 'sentiment': 0.66, 'keyword_mentioned': 'other', 'message_length': 38}
2025-09-28 14:39:59 | INFO | Inserted message and updated sentiment for Charlie.
2025-09-28 14:39:59 | INFO | --- Author Sentiment Summary ---
2025-09-28 14:39:59 | INFO | Author: Alice      | Avg Sentiment: 0.45 | Messages: 185
2025-09-28 14:39:59 | INFO | Author: Charlie    | Avg Sentiment: 0.45 | Messages: 185
2025-09-28 14:39:59 | INFO | Author: Bob        | Avg Sentiment: 0.45 | Messages: 185
2025-09-28 14:39:59 | INFO | --------------------------------
2025-09-28 14:40:01 | INFO | Inserted message and updated sentiment for Alice.
2025-09-28 14:40:01 | INFO | --- Author Sentiment Summary ---
2025-09-28 14:40:01 | INFO | Author: Alice      | Avg Sentiment: 0.45 | Messages: 186
2025-09-28 14:40:01 | INFO | Author: Charlie    | Avg Sentiment: 0.45 | Messages: 185
2025-09-28 14:40:01 | INFO | Author: Bob        | Avg Sentiment: 0.45 | Messages: 185
2025-09-28 14:40:01 | INFO | --------------------------------
2025-09-28 14:40:03 | INFO | Inserted message and updated sentiment for Bob.
2025-09-28 14:40:03 | INFO | --- Author Sentiment Summary ---
2025-09-28 14:40:03 | INFO | Author: Alice      | Avg Sentiment: 0.45 | Messages: 186
2025-09-28 14:40:03 | INFO | Author: Charlie    | Avg Sentiment: 0.45 | Messages: 185
2025-09-28 14:40:03 | INFO | Author: Bob        | Avg Sentiment: 0.45 | Messages: 186
2025-09-28 14:40:03 | INFO | --------------------------------
2025-09-28 14:40:03 | INFO | {'message': 'I just tried Python! It was funny.', 'author': 'Bob', 'timestamp': '2025-09-28 14:40:03', 'category': 'tech', 'sentiment': 0.33, 'keyword_mentioned': 'Python', 'message_length': 34}
2025-09-28 14:40:05 | INFO | Inserted message and updated sentiment for Charlie.
2025-09-28 14:40:05 | INFO | --- Author Sentiment Summary ---
2025-09-28 14:40:05 | INFO | Author: Charlie    | Avg Sentiment: 0.45 | Messages: 186
2025-09-28 14:40:05 | INFO | Author: Alice      | Avg Sentiment: 0.45 | Messages: 186
2025-09-28 14:40:05 | INFO | Author: Bob        | Avg Sentiment: 0.45 | Messages: 186
2025-09-28 14:40:05 | INFO | --------------------------------
2025-09-28 14:40:07 | INFO | Inserted message and updated sentiment for Alice.
2025-09-28 14:40:07 | INFO | --- Author Sentiment Summary ---
2025-09-28 14:40:07 | INFO | Author: Alice      | Avg Sentiment: 0.45 | Messages: 187
2025-09-28 14:40:07 | INFO | Author: Charlie    | Avg Sentiment: 0.45 | Messages: 186
2025-09-28 14:40:07 | INFO | Author: Bob        | Avg Sentiment: 0.45 | Messages: 186
2025-09-28 14:40:07 | INFO | --------------------------------
2025-09-28 14:40:08 | INFO | {'message': 'I just found Python! It was boring.', 'author': 'Eve', 'timestamp': '2025-09-28 14:40:08', 'category': 'tech', 'sentiment': 0.43, 'keyword_mentioned': 'Python', 'message_length': 35}
2025-09-28 14:40:09 | INFO | Inserted message and updated sentiment for Bob.
2025-09-28 14:40:09 | INFO | --- Author Sentiment Summary ---
2025-09-28 14:40:09 | INFO | Author: Alice      | Avg Sentiment: 0.45 | Messages: 187
2025-09-28 14:40:09 | INFO | Author: Charlie    | Avg Sentiment: 0.45 | Messages: 186
2025-09-28 14:40:09 | INFO | Author: Bob        | Avg Sentiment: 0.45 | Messages: 187
2025-09-28 14:40:09 | INFO | --------------------------------
2025-09-28 14:40:11 | INFO | Inserted message and updated sentiment for Charlie.
2025-09-28 14:40:11 | INFO | --- Author Sentiment Summary ---
2025-09-28 14:40:11 | INFO | Author: Alice      | Avg Sentiment: 0.45 | Messages: 187
2025-09-28 14:40:11 | INFO | Author: Bob        | Avg Sentiment: 0.45 | Messages: 187
2025-09-28 14:40:11 | INFO | Author: Charlie    | Avg Sentiment: 0.45 | Messages: 187
2025-09-28 14:40:11 | INFO | --------------------------------
2025-09-28 14:40:13 | INFO | Inserted message and updated sentiment for Alice.
2025-09-28 14:40:13 | INFO | --- Author Sentiment Summary ---
2025-09-28 14:40:13 | INFO | Author: Bob        | Avg Sentiment: 0.45 | Messages: 187
2025-09-28 14:40:13 | INFO | Author: Alice      | Avg Sentiment: 0.45 | Messages: 188
2025-09-28 14:40:13 | INFO | Author: Charlie    | Avg Sentiment: 0.45 | Messages: 187
2025-09-28 14:40:13 | INFO | --------------------------------
2025-09-28 14:40:13 | INFO | {'message': 'I just found Python! It was amazing.', 'author': 'Bob', 'timestamp': '2025-09-28 14:40:13', 'category': 'tech', 'sentiment': 0.96, 'keyword_mentioned': 'Python', 'message_length': 36}
2025-09-28 14:40:15 | INFO | Inserted message and updated sentiment for Bob.
2025-09-28 14:40:15 | INFO | --- Author Sentiment Summary ---
2025-09-28 14:40:15 | INFO | Author: Alice      | Avg Sentiment: 0.45 | Messages: 188
2025-09-28 14:40:15 | INFO | Author: Bob        | Avg Sentiment: 0.45 | Messages: 188
2025-09-28 14:40:15 | INFO | Author: Charlie    | Avg Sentiment: 0.45 | Messages: 187
2025-09-28 14:40:15 | INFO | --------------------------------
2025-09-28 14:40:17 | INFO | Inserted message and updated sentiment for Charlie.
2025-09-28 14:40:17 | INFO | --- Author Sentiment Summary ---
2025-09-28 14:40:17 | INFO | Author: Alice      | Avg Sentiment: 0.45 | Messages: 188
2025-09-28 14:40:17 | INFO | Author: Bob        | Avg Sentiment: 0.45 | Messages: 188
2025-09-28 14:40:17 | INFO | Author: Charlie    | Avg Sentiment: 0.45 | Messages: 188
2025-09-28 14:40:17 | INFO | --------------------------------
2025-09-28 14:40:18 | INFO | {'message': 'I just found a trick! It was weird.', 'author': 'Bob', 'timestamp': '2025-09-28 14:40:18', 'category': 'other', 'sentiment': 0.74, 'keyword_mentioned': 'other', 'message_length': 35}
2025-09-28 14:40:19 | INFO | Inserted message and updated sentiment for Alice.
2025-09-28 14:40:19 | INFO | --- Author Sentiment Summary ---
2025-09-28 14:40:19 | INFO | Author: Alice      | Avg Sentiment: 0.45 | Messages: 189
2025-09-28 14:40:19 | INFO | Author: Bob        | Avg Sentiment: 0.45 | Messages: 188
2025-09-28 14:40:19 | INFO | Author: Charlie    | Avg Sentiment: 0.45 | Messages: 188
2025-09-28 14:40:19 | INFO | --------------------------------
2025-09-28 14:40:21 | INFO | Inserted message and updated sentiment for Bob.
2025-09-28 14:40:21 | INFO | --- Author Sentiment Summary ---
2025-09-28 14:40:21 | INFO | Author: Alice      | Avg Sentiment: 0.45 | Messages: 189
2025-09-28 14:40:21 | INFO | Author: Bob        | Avg Sentiment: 0.45 | Messages: 189
2025-09-28 14:40:21 | INFO | Author: Charlie    | Avg Sentiment: 0.45 | Messages: 188
2025-09-28 14:40:21 | INFO | --------------------------------
2025-09-28 14:40:23 | INFO | {'message': 'I just saw a meme! It was boring.', 'author': 'Charlie', 'timestamp': '2025-09-28 14:40:23', 'category': 'humor', 'sentiment': 0.68, 'keyword_mentioned': 'meme', 'message_length': 33}
2025-09-28 14:40:23 | INFO | Inserted message and updated sentiment for Charlie.
2025-09-28 14:40:23 | INFO | --- Author Sentiment Summary ---
2025-09-28 14:40:23 | INFO | Author: Alice      | Avg Sentiment: 0.45 | Messages: 189
2025-09-28 14:40:23 | INFO | Author: Bob        | Avg Sentiment: 0.45 | Messages: 189
2025-09-28 14:40:23 | INFO | Author: Charlie    | Avg Sentiment: 0.45 | Messages: 189
2025-09-28 14:40:23 | INFO | --------------------------------
2025-09-28 14:40:28 | INFO | {'message': 'I just loved a trick! It was funny.', 'author': 'Alice', 'timestamp': '2025-09-28 14:40:28', 'category': 'other', 'sentiment': 0.7, 'keyword_mentioned': 'other', 'message_length': 35}
2025-09-28 14:40:33 | INFO | {'message': 'I just found recipe! It was funny.', 'author': 'Eve', 'timestamp': '2025-09-28 14:40:33', 'category': 'food', 'sentiment': 0.01, 'keyword_mentioned': 'recipe', 'message_length': 34}
2025-09-28 14:40:38 | INFO | {'message': 'I just saw a movie! It was amazing.', 'author': 'Eve', 'timestamp': '2025-09-28 14:40:38', 'category': 'entertainment', 'sentiment': 0.64, 'keyword_mentioned': 'movie', 'message_length': 35}
2025-09-28 14:40:43 | INFO | {'message': 'I just shared JavaScript! It was exciting.', 'author': 'Charlie', 'timestamp': '2025-09-28 14:40:43', 'category': 'tech', 'sentiment': 0.89, 'keyword_mentioned': 'JavaScript', 'message_length': 42}
2025-09-28 14:40:48 | INFO | {'message': 'I just shared JavaScript! It was boring.', 'author': 'Alice', 'timestamp': '2025-09-28 14:40:48', 'category': 'tech', 'sentiment': 0.57, 'keyword_mentioned': 'JavaScript', 'message_length': 40}
2025-09-28 14:40:53 | INFO | {'message': 'I just loved travel! It was boring.', 'author': 'Charlie', 'timestamp': '2025-09-28 14:40:53', 'category': 'travel', 'sentiment': 0.06, 'keyword_mentioned': 'travel', 'message_length': 35}
2025-09-28 14:40:58 | INFO | {'message': 'I just found an app! It was weird.', 'author': 'Bob', 'timestamp': '2025-09-28 14:40:58', 'category': 'other', 'sentiment': 0.38, 'keyword_mentioned': 'other', 'message_length': 34}
2025-09-28 14:41:03 | INFO | {'message': 'I just loved Python! It was exciting.', 'author': 'Alice', 'timestamp': '2025-09-28 14:41:03', 'category': 'tech', 'sentiment': 0.52, 'keyword_mentioned': 'Python', 'message_length': 37}
2025-09-28 14:41:08 | INFO | {'message': 'I just loved a story! It was exciting.', 'author': 'Eve', 'timestamp': '2025-09-28 14:41:08', 'category': 'other', 'sentiment': 0.72, 'keyword_mentioned': 'other', 'message_length': 38}
2025-09-28 14:41:13 | INFO | {'message': 'I just tried a trick! It was boring.', 'author': 'Alice', 'timestamp': '2025-09-28 14:41:13', 'category': 'other', 'sentiment': 0.22, 'keyword_mentioned': 'other', 'message_length': 36}
2025-09-28 14:41:18 | INFO | {'message': 'I just found JavaScript! It was funny.', 'author': 'Alice', 'timestamp': '2025-09-28 14:41:18', 'category': 'tech', 'sentiment': 0.29, 'keyword_mentioned': 'JavaScript', 'message_length': 38}
2025-09-28 14:41:23 | INFO | {'message': 'I just tried a movie! It was funny.', 'author': 'Alice', 'timestamp': '2025-09-28 14:41:23', 'category': 'entertainment', 'sentiment': 0.77, 'keyword_mentioned': 'movie', 'message_length': 35}
2025-09-28 14:41:28 | INFO | {'message': 'I just shared a trick! It was boring.', 'author': 'Eve', 'timestamp': '2025-09-28 14:41:28', 'category': 'other', 'sentiment': 0.18, 'keyword_mentioned': 'other', 'message_length': 37}
2025-09-28 14:41:33 | INFO | {'message': 'I just saw an app! It was weird.', 'author': 'Alice', 'timestamp': '2025-09-28 14:41:33', 'category': 'other', 'sentiment': 0.25, 'keyword_mentioned': 'other', 'message_length': 32}
2025-09-28 14:41:38 | INFO | {'message': 'I just loved Python! It was exciting.', 'author': 'Alice', 'timestamp': '2025-09-28 14:41:38', 'category': 'tech', 'sentiment': 0.68, 'keyword_mentioned': 'Python', 'message_length': 37}
2025-09-28 14:41:43 | INFO | {'message': 'I just found a movie! It was boring.', 'author': 'Charlie', 'timestamp': '2025-09-28 14:41:43', 'category': 'entertainment', 'sentiment': 0.3, 'keyword_mentioned': 'movie', 'message_length': 36}
2025-09-28 14:41:48 | INFO | {'message': 'I just shared a trick! It was boring.', 'author': 'Charlie', 'timestamp': '2025-09-28 14:41:48', 'category': 'other', 'sentiment': 0.61, 'keyword_mentioned': 'other', 'message_length': 37}
2025-09-28 14:41:53 | INFO | {'message': 'I just found JavaScript! It was boring.', 'author': 'Alice', 'timestamp': '2025-09-28 14:41:53', 'category': 'tech', 'sentiment': 0.53, 'keyword_mentioned': 'JavaScript', 'message_length': 39}
2025-09-28 14:41:58 | INFO | {'message': 'I just shared a story! It was weird.', 'author': 'Alice', 'timestamp': '2025-09-28 14:41:58', 'category': 'other', 'sentiment': 0.05, 'keyword_mentioned': 'other', 'message_length': 36}
2025-09-28 14:42:03 | INFO | {'message': 'I just tried recipe! It was exciting.', 'author': 'Bob', 'timestamp': '2025-09-28 14:42:03', 'category': 'food', 'sentiment': 0.82, 'keyword_mentioned': 'recipe', 'message_length': 37}
2025-09-28 14:42:08 | INFO | {'message': 'I just found a story! It was funny.', 'author': 'Alice', 'timestamp': '2025-09-28 14:42:08', 'category': 'other', 'sentiment': 0.02, 'keyword_mentioned': 'other', 'message_length': 35}
2025-09-28 14:42:13 | INFO | {'message': 'I just saw JavaScript! It was amazing.', 'author': 'Eve', 'timestamp': '2025-09-28 14:42:13', 'category': 'tech', 'sentiment': 0.57, 'keyword_mentioned': 'JavaScript', 'message_length': 38}
2025-09-28 14:42:18 | INFO | {'message': 'I just found a movie! It was exciting.', 'author': 'Alice', 'timestamp': '2025-09-28 14:42:18', 'category': 'entertainment', 'sentiment': 0.01, 'keyword_mentioned': 'movie', 'message_length': 38}
2025-09-28 14:42:23 | INFO | {'message': 'I just saw Python! It was amazing.', 'author': 'Charlie', 'timestamp': '2025-09-28 14:42:23', 'category': 'tech', 'sentiment': 0.74, 'keyword_mentioned': 'Python', 'message_length': 34}
2025-09-28 14:42:28 | INFO | {'message': 'I just saw recipe! It was funny.', 'author': 'Bob', 'timestamp': '2025-09-28 14:42:28', 'category': 'food', 'sentiment': 0.91, 'keyword_mentioned': 'recipe', 'message_length': 32}
2025-09-28 14:42:33 | INFO | {'message': 'I just tried travel! It was amazing.', 'author': 'Alice', 'timestamp': '2025-09-28 14:42:33', 'category': 'travel', 'sentiment': 0.68, 'keyword_mentioned': 'travel', 'message_length': 36}
2025-09-28 14:42:38 | INFO | {'message': 'I just saw travel! It was boring.', 'author': 'Alice', 'timestamp': '2025-09-28 14:42:38', 'category': 'travel', 'sentiment': 0.91, 'keyword_mentioned': 'travel', 'message_length': 33}
2025-09-28 14:42:43 | INFO | {'message': 'I just saw Python! It was boring.', 'author': 'Bob', 'timestamp': '2025-09-28 14:42:43', 'category': 'tech', 'sentiment': 0.94, 'keyword_mentioned': 'Python', 'message_length': 33}
2025-09-28 14:42:48 | INFO | {'message': 'I just tried a movie! It was exciting.', 'author': 'Bob', 'timestamp': '2025-09-28 14:42:48', 'category': 'entertainment', 'sentiment': 0.47, 'keyword_mentioned': 'movie', 'message_length': 38}
2025-09-28 14:42:53 | INFO | {'message': 'I just shared a story! It was amazing.', 'author': 'Charlie', 'timestamp': '2025-09-28 14:42:53', 'category': 'other', 'sentiment': 0.13, 'keyword_mentioned': 'other', 'message_length': 38}
2025-09-28 14:42:58 | INFO | {'message': 'I just found a story! It was funny.', 'author': 'Bob', 'timestamp': '2025-09-28 14:42:58', 'category': 'other', 'sentiment': 0.68, 'keyword_mentioned': 'other', 'message_length': 35}
2025-09-28 14:43:03 | INFO | {'message': 'I just loved a trick! It was boring.', 'author': 'Alice', 'timestamp': '2025-09-28 14:43:03', 'category': 'other', 'sentiment': 0.58, 'keyword_mentioned': 'other', 'message_length': 36}
2025-09-28 14:43:08 | INFO | {'message': 'I just found a movie! It was boring.', 'author': 'Charlie', 'timestamp': '2025-09-28 14:43:08', 'category': 'entertainment', 'sentiment': 0.21, 'keyword_mentioned': 'movie', 'message_length': 36}
2025-09-28 14:43:13 | INFO | {'message': 'I just loved JavaScript! It was weird.', 'author': 'Alice', 'timestamp': '2025-09-28 14:43:13', 'category': 'tech', 'sentiment': 0.85, 'keyword_mentioned': 'JavaScript', 'message_length': 38}
2025-09-28 14:43:18 | INFO | {'message': 'I just shared an app! It was boring.', 'author': 'Alice', 'timestamp': '2025-09-28 14:43:18', 'category': 'other', 'sentiment': 0.15, 'keyword_mentioned': 'other', 'message_length': 36}
2025-09-28 14:43:23 | INFO | {'message': 'I just found an app! It was weird.', 'author': 'Eve', 'timestamp': '2025-09-28 14:43:23', 'category': 'other', 'sentiment': 0.4, 'keyword_mentioned': 'other', 'message_length': 34}
2025-09-28 14:43:28 | INFO | {'message': 'I just saw a story! It was weird.', 'author': 'Charlie', 'timestamp': '2025-09-28 14:43:28', 'category': 'other', 'sentiment': 0.93, 'keyword_mentioned': 'other', 'message_length': 33}
2025-09-28 14:43:33 | INFO | {'message': 'I just shared game! It was weird.', 'author': 'Bob', 'timestamp': '2025-09-28 14:43:33', 'category': 'gaming', 'sentiment': 0.2, 'keyword_mentioned': 'game', 'message_length': 33}
2025-09-28 14:43:38 | INFO | {'message': 'I just found Python! It was boring.', 'author': 'Eve', 'timestamp': '2025-09-28 14:43:38', 'category': 'tech', 'sentiment': 0.61, 'keyword_mentioned': 'Python', 'message_length': 35}
2025-09-28 14:43:43 | INFO | {'message': 'I just shared a trick! It was amazing.', 'author': 'Eve', 'timestamp': '2025-09-28 14:43:43', 'category': 'other', 'sentiment': 0.17, 'keyword_mentioned': 'other', 'message_length': 38}
2025-09-28 14:43:48 | INFO | {'message': 'I just saw a story! It was weird.', 'author': 'Charlie', 'timestamp': '2025-09-28 14:43:48', 'category': 'other', 'sentiment': 0.77, 'keyword_mentioned': 'other', 'message_length': 33}
2025-09-28 14:43:53 | INFO | {'message': 'I just saw a meme! It was amazing.', 'author': 'Bob', 'timestamp': '2025-09-28 14:43:53', 'category': 'humor', 'sentiment': 0.28, 'keyword_mentioned': 'meme', 'message_length': 34}
2025-09-28 14:43:58 | INFO | {'message': 'I just loved JavaScript! It was exciting.', 'author': 'Charlie', 'timestamp': '2025-09-28 14:43:58', 'category': 'tech', 'sentiment': 0.74, 'keyword_mentioned': 'JavaScript', 'message_length': 41}
2025-09-28 14:44:03 | INFO | {'message': 'I just loved a meme! It was funny.', 'author': 'Bob', 'timestamp': '2025-09-28 14:44:03', 'category': 'humor', 'sentiment': 0.28, 'keyword_mentioned': 'meme', 'message_length': 34}
