2025-09-28 14:22:37 | INFO | Inserted message and updated sentiment for Charlie.
2025-09-28 14:22:37 | INFO | --- Author Sentiment Summary ---
2025-09-28 14:22:37 | INFO | Author: Alice      | Avg Sentiment: 0.43 | Messages: 15
2025-09-28 14:22:37 | INFO | Author: Charlie    | Avg Sentiment: 0.43 | Messages: 15
2025-09-28 14:22:37 | INFO | Author: Bob        | Avg Sentiment: 0.40 | Messages: 15
2025-09-28 14:22:37 | INFO | --------------------------------
2025-09-28 14:22:39 | INFO | Inserted message and updated sentiment for Alice.
2025-09-28 14:22:39 | INFO | --- Author Sentiment Summary ---
2025-09-28 14:22:39 | INFO | Author: Alice      | Avg Sentiment: 0.44 | Messages: 16
2025-09-28 14:22:39 | INFO | Author: Charlie    | Avg Sentiment: 0.43 | Messages: 15
2025-09-28 14:22:39 | INFO | Author: Bob        | Avg Sentiment: 0.40 | Messages: 15
2025-09-28 14:22:39 | INFO | --------------------------------
2025-09-28 14:22:41 | INFO | Inserted message and updated sentiment for Bob.
2025-09-28 14:22:41 | INFO | --- Author Sentiment Summary ---
2025-09-28 14:22:41 | INFO | Author: Alice      | Avg Sentiment: 0.44 | Messages: 16
2025-09-28 14:22:41 | INFO | Author: Charlie    | Avg Sentiment: 0.43 | Messages: 15
2025-09-28 14:22:41 | INFO | Author: Bob        | Avg Sentiment: 0.41 | Messages: 16
2025-09-28 14:22:41 | INFO | --------------------------------
2025-09-28 14:22:42 | INFO | {'message': 'I just shared Python! It was funny.', 'author': 'Bob', 'timestamp': '2025-09-28 14:22:42', 'category': 'tech', 'sentiment': 0.61, 'keyword_mentioned': 'Python', 'message_length': 35}
2025-09-28 14:22:43 | INFO | Inserted message and updated sentiment for Charlie.
2025-09-28 14:22:43 | INFO | --- Author Sentiment Summary ---
2025-09-28 14:22:43 | INFO | Author: Charlie    | Avg Sentiment: 0.45 | Messages: 16
2025-09-28 14:22:43 | INFO | Author: Alice      | Avg Sentiment: 0.44 | Messages: 16
2025-09-28 14:22:43 | INFO | Author: Bob        | Avg Sentiment: 0.41 | Messages: 16
2025-09-28 14:22:43 | INFO | --------------------------------
2025-09-28 14:22:45 | INFO | Inserted message and updated sentiment for Alice.
2025-09-28 14:22:46 | INFO | --- Author Sentiment Summary ---
2025-09-28 14:22:46 | INFO | Author: Alice      | Avg Sentiment: 0.46 | Messages: 17
2025-09-28 14:22:46 | INFO | Author: Charlie    | Avg Sentiment: 0.45 | Messages: 16
2025-09-28 14:22:46 | INFO | Author: Bob        | Avg Sentiment: 0.41 | Messages: 16
2025-09-28 14:22:46 | INFO | --------------------------------
2025-09-28 14:22:47 | INFO | {'message': 'I just tried recipe! It was funny.', 'author': 'Charlie', 'timestamp': '2025-09-28 14:22:47', 'category': 'food', 'sentiment': 0.59, 'keyword_mentioned': 'recipe', 'message_length': 34}
2025-09-28 14:22:48 | INFO | Inserted message and updated sentiment for Bob.
2025-09-28 14:22:48 | INFO | --- Author Sentiment Summary ---
2025-09-28 14:22:48 | INFO | Author: Alice      | Avg Sentiment: 0.46 | Messages: 17
2025-09-28 14:22:48 | INFO | Author: Charlie    | Avg Sentiment: 0.45 | Messages: 16
2025-09-28 14:22:48 | INFO | Author: Bob        | Avg Sentiment: 0.44 | Messages: 17
2025-09-28 14:22:48 | INFO | --------------------------------
2025-09-28 14:22:50 | INFO | Inserted message and updated sentiment for Charlie.
2025-09-28 14:22:50 | INFO | --- Author Sentiment Summary ---
2025-09-28 14:22:50 | INFO | Author: Alice      | Avg Sentiment: 0.46 | Messages: 17
2025-09-28 14:22:50 | INFO | Author: Bob        | Avg Sentiment: 0.44 | Messages: 17
2025-09-28 14:22:50 | INFO | Author: Charlie    | Avg Sentiment: 0.42 | Messages: 17
2025-09-28 14:22:50 | INFO | --------------------------------
2025-09-28 14:22:52 | INFO | Inserted message and updated sentiment for Alice.
2025-09-28 14:22:52 | INFO | --- Author Sentiment Summary ---
2025-09-28 14:22:52 | INFO | Author: Bob        | Avg Sentiment: 0.44 | Messages: 17
2025-09-28 14:22:52 | INFO | Author: Alice      | Avg Sentiment: 0.44 | Messages: 18
2025-09-28 14:22:52 | INFO | Author: Charlie    | Avg Sentiment: 0.42 | Messages: 17
2025-09-28 14:22:52 | INFO | --------------------------------
2025-09-28 14:22:52 | INFO | {'message': 'I just loved a story! It was exciting.', 'author': 'Bob', 'timestamp': '2025-09-28 14:22:52', 'category': 'other', 'sentiment': 0.77, 'keyword_mentioned': 'other', 'message_length': 38}
2025-09-28 14:22:54 | INFO | Inserted message and updated sentiment for Bob.
2025-09-28 14:22:54 | INFO | --- Author Sentiment Summary ---
2025-09-28 14:22:54 | INFO | Author: Alice      | Avg Sentiment: 0.44 | Messages: 18
2025-09-28 14:22:54 | INFO | Author: Bob        | Avg Sentiment: 0.43 | Messages: 18
2025-09-28 14:22:54 | INFO | Author: Charlie    | Avg Sentiment: 0.42 | Messages: 17
2025-09-28 14:22:54 | INFO | --------------------------------
2025-09-28 14:22:56 | INFO | Inserted message and updated sentiment for Charlie.
2025-09-28 14:22:56 | INFO | --- Author Sentiment Summary ---
2025-09-28 14:22:56 | INFO | Author: Alice      | Avg Sentiment: 0.44 | Messages: 18
2025-09-28 14:22:56 | INFO | Author: Bob        | Avg Sentiment: 0.43 | Messages: 18
2025-09-28 14:22:56 | INFO | Author: Charlie    | Avg Sentiment: 0.42 | Messages: 18
2025-09-28 14:22:56 | INFO | --------------------------------
2025-09-28 14:22:57 | INFO | {'message': 'I just tried a story! It was amazing.', 'author': 'Eve', 'timestamp': '2025-09-28 14:22:57', 'category': 'other', 'sentiment': 0.87, 'keyword_mentioned': 'other', 'message_length': 37}
2025-09-28 14:22:58 | INFO | Inserted message and updated sentiment for Alice.
2025-09-28 14:22:58 | INFO | --- Author Sentiment Summary ---
2025-09-28 14:22:58 | INFO | Author: Alice      | Avg Sentiment: 0.44 | Messages: 19
2025-09-28 14:22:58 | INFO | Author: Bob        | Avg Sentiment: 0.43 | Messages: 18
2025-09-28 14:22:58 | INFO | Author: Charlie    | Avg Sentiment: 0.42 | Messages: 18
2025-09-28 14:22:58 | INFO | --------------------------------
2025-09-28 14:23:00 | INFO | Inserted message and updated sentiment for Bob.
2025-09-28 14:23:00 | INFO | --- Author Sentiment Summary ---
2025-09-28 14:23:00 | INFO | Author: Alice      | Avg Sentiment: 0.44 | Messages: 19
2025-09-28 14:23:00 | INFO | Author: Bob        | Avg Sentiment: 0.43 | Messages: 19
2025-09-28 14:23:00 | INFO | Author: Charlie    | Avg Sentiment: 0.42 | Messages: 18
2025-09-28 14:23:00 | INFO | --------------------------------
2025-09-28 14:23:02 | INFO | Inserted message and updated sentiment for Charlie.
2025-09-28 14:23:02 | INFO | --- Author Sentiment Summary ---
2025-09-28 14:23:02 | INFO | Author: Alice      | Avg Sentiment: 0.44 | Messages: 19
2025-09-28 14:23:02 | INFO | Author: Bob        | Avg Sentiment: 0.43 | Messages: 19
2025-09-28 14:23:02 | INFO | Author: Charlie    | Avg Sentiment: 0.43 | Messages: 19
2025-09-28 14:23:02 | INFO | --------------------------------
2025-09-28 14:23:02 | INFO | {'message': 'I just tried recipe! It was boring.', 'author': 'Eve', 'timestamp': '2025-09-28 14:23:02', 'category': 'food', 'sentiment': 0.76, 'keyword_mentioned': 'recipe', 'message_length': 35}
2025-09-28 14:23:04 | INFO | Inserted message and updated sentiment for Alice.
2025-09-28 14:23:04 | INFO | --- Author Sentiment Summary ---
2025-09-28 14:23:04 | INFO | Author: Alice      | Avg Sentiment: 0.45 | Messages: 20
2025-09-28 14:23:04 | INFO | Author: Bob        | Avg Sentiment: 0.43 | Messages: 19
2025-09-28 14:23:04 | INFO | Author: Charlie    | Avg Sentiment: 0.43 | Messages: 19
2025-09-28 14:23:04 | INFO | --------------------------------
2025-09-28 14:23:06 | INFO | Inserted message and updated sentiment for Bob.
2025-09-28 14:23:06 | INFO | --- Author Sentiment Summary ---
2025-09-28 14:23:06 | INFO | Author: Bob        | Avg Sentiment: 0.45 | Messages: 20
2025-09-28 14:23:06 | INFO | Author: Alice      | Avg Sentiment: 0.45 | Messages: 20
2025-09-28 14:23:06 | INFO | Author: Charlie    | Avg Sentiment: 0.43 | Messages: 19
2025-09-28 14:23:06 | INFO | --------------------------------
2025-09-28 14:23:07 | INFO | {'message': 'I just loved Python! It was funny.', 'author': 'Eve', 'timestamp': '2025-09-28 14:23:07', 'category': 'tech', 'sentiment': 0.67, 'keyword_mentioned': 'Python', 'message_length': 34}
2025-09-28 14:23:08 | INFO | Inserted message and updated sentiment for Charlie.
2025-09-28 14:23:08 | INFO | --- Author Sentiment Summary ---
2025-09-28 14:23:08 | INFO | Author: Bob        | Avg Sentiment: 0.45 | Messages: 20
2025-09-28 14:23:08 | INFO | Author: Alice      | Avg Sentiment: 0.45 | Messages: 20
2025-09-28 14:23:08 | INFO | Author: Charlie    | Avg Sentiment: 0.45 | Messages: 20
2025-09-28 14:23:08 | INFO | --------------------------------
2025-09-28 14:23:10 | INFO | Inserted message and updated sentiment for Alice.
2025-09-28 14:23:10 | INFO | --- Author Sentiment Summary ---
2025-09-28 14:23:10 | INFO | Author: Bob        | Avg Sentiment: 0.45 | Messages: 20
2025-09-28 14:23:10 | INFO | Author: Charlie    | Avg Sentiment: 0.45 | Messages: 20
2025-09-28 14:23:10 | INFO | Author: Alice      | Avg Sentiment: 0.43 | Messages: 21
2025-09-28 14:23:10 | INFO | --------------------------------
2025-09-28 14:23:12 | INFO | {'message': 'I just found recipe! It was boring.', 'author': 'Charlie', 'timestamp': '2025-09-28 14:23:12', 'category': 'food', 'sentiment': 0.88, 'keyword_mentioned': 'recipe', 'message_length': 35}
2025-09-28 14:23:12 | INFO | Inserted message and updated sentiment for Bob.
2025-09-28 14:23:12 | INFO | --- Author Sentiment Summary ---
2025-09-28 14:23:12 | INFO | Author: Charlie    | Avg Sentiment: 0.45 | Messages: 20
2025-09-28 14:23:12 | INFO | Author: Bob        | Avg Sentiment: 0.43 | Messages: 21
2025-09-28 14:23:12 | INFO | Author: Alice      | Avg Sentiment: 0.43 | Messages: 21
2025-09-28 14:23:12 | INFO | --------------------------------
2025-09-28 14:23:14 | INFO | Inserted message and updated sentiment for Charlie.
2025-09-28 14:23:14 | INFO | --- Author Sentiment Summary ---
2025-09-28 14:23:14 | INFO | Author: Charlie    | Avg Sentiment: 0.44 | Messages: 21
2025-09-28 14:23:14 | INFO | Author: Bob        | Avg Sentiment: 0.43 | Messages: 21
2025-09-28 14:23:14 | INFO | Author: Alice      | Avg Sentiment: 0.43 | Messages: 21
2025-09-28 14:23:14 | INFO | --------------------------------
2025-09-28 14:23:16 | INFO | Inserted message and updated sentiment for Alice.
2025-09-28 14:23:16 | INFO | --- Author Sentiment Summary ---
2025-09-28 14:23:16 | INFO | Author: Charlie    | Avg Sentiment: 0.44 | Messages: 21
2025-09-28 14:23:16 | INFO | Author: Bob        | Avg Sentiment: 0.43 | Messages: 21
2025-09-28 14:23:16 | INFO | Author: Alice      | Avg Sentiment: 0.42 | Messages: 22
2025-09-28 14:23:16 | INFO | --------------------------------
2025-09-28 14:23:17 | INFO | {'message': 'I just loved a story! It was funny.', 'author': 'Charlie', 'timestamp': '2025-09-28 14:23:17', 'category': 'other', 'sentiment': 0.51, 'keyword_mentioned': 'other', 'message_length': 35}
2025-09-28 14:23:18 | INFO | Inserted message and updated sentiment for Bob.
2025-09-28 14:23:18 | INFO | --- Author Sentiment Summary ---
2025-09-28 14:23:18 | INFO | Author: Charlie    | Avg Sentiment: 0.44 | Messages: 21
2025-09-28 14:23:18 | INFO | Author: Bob        | Avg Sentiment: 0.43 | Messages: 22
2025-09-28 14:23:18 | INFO | Author: Alice      | Avg Sentiment: 0.42 | Messages: 22
2025-09-28 14:23:18 | INFO | --------------------------------
2025-09-28 14:23:20 | INFO | Inserted message and updated sentiment for Charlie.
2025-09-28 14:23:20 | INFO | --- Author Sentiment Summary ---
2025-09-28 14:23:20 | INFO | Author: Charlie    | Avg Sentiment: 0.44 | Messages: 22
2025-09-28 14:23:20 | INFO | Author: Bob        | Avg Sentiment: 0.43 | Messages: 22
2025-09-28 14:23:20 | INFO | Author: Alice      | Avg Sentiment: 0.42 | Messages: 22
2025-09-28 14:23:20 | INFO | --------------------------------
2025-09-28 14:23:22 | INFO | {'message': 'I just loved recipe! It was weird.', 'author': 'Eve', 'timestamp': '2025-09-28 14:23:22', 'category': 'food', 'sentiment': 0.91, 'keyword_mentioned': 'recipe', 'message_length': 34}
2025-09-28 14:23:22 | INFO | Inserted message and updated sentiment for Alice.
2025-09-28 14:23:22 | INFO | --- Author Sentiment Summary ---
2025-09-28 14:23:22 | INFO | Author: Charlie    | Avg Sentiment: 0.44 | Messages: 22
2025-09-28 14:23:22 | INFO | Author: Bob        | Avg Sentiment: 0.43 | Messages: 22
2025-09-28 14:23:22 | INFO | Author: Alice      | Avg Sentiment: 0.43 | Messages: 23
2025-09-28 14:23:22 | INFO | --------------------------------
2025-09-28 14:23:24 | INFO | Inserted message and updated sentiment for Bob.
2025-09-28 14:23:24 | INFO | --- Author Sentiment Summary ---
2025-09-28 14:23:24 | INFO | Author: Bob        | Avg Sentiment: 0.44 | Messages: 23
2025-09-28 14:23:24 | INFO | Author: Charlie    | Avg Sentiment: 0.44 | Messages: 22
2025-09-28 14:23:24 | INFO | Author: Alice      | Avg Sentiment: 0.43 | Messages: 23
2025-09-28 14:23:24 | INFO | --------------------------------
2025-09-28 14:23:26 | INFO | Inserted message and updated sentiment for Charlie.
2025-09-28 14:23:26 | INFO | --- Author Sentiment Summary ---
2025-09-28 14:23:26 | INFO | Author: Charlie    | Avg Sentiment: 0.46 | Messages: 23
2025-09-28 14:23:26 | INFO | Author: Bob        | Avg Sentiment: 0.44 | Messages: 23
2025-09-28 14:23:26 | INFO | Author: Alice      | Avg Sentiment: 0.43 | Messages: 23
2025-09-28 14:23:26 | INFO | --------------------------------
2025-09-28 14:23:27 | INFO | {'message': 'I just found a story! It was boring.', 'author': 'Eve', 'timestamp': '2025-09-28 14:23:27', 'category': 'other', 'sentiment': 0.83, 'keyword_mentioned': 'other', 'message_length': 36}
2025-09-28 14:23:29 | INFO | Inserted message and updated sentiment for Alice.
2025-09-28 14:23:29 | INFO | --- Author Sentiment Summary ---
2025-09-28 14:23:29 | INFO | Author: Charlie    | Avg Sentiment: 0.46 | Messages: 23
2025-09-28 14:23:29 | INFO | Author: Alice      | Avg Sentiment: 0.45 | Messages: 24
2025-09-28 14:23:29 | INFO | Author: Bob        | Avg Sentiment: 0.44 | Messages: 23
2025-09-28 14:23:29 | INFO | --------------------------------
2025-09-28 14:23:31 | INFO | Inserted message and updated sentiment for Bob.
2025-09-28 14:23:31 | INFO | --- Author Sentiment Summary ---
2025-09-28 14:23:31 | INFO | Author: Charlie    | Avg Sentiment: 0.46 | Messages: 23
2025-09-28 14:23:31 | INFO | Author: Alice      | Avg Sentiment: 0.45 | Messages: 24
2025-09-28 14:23:31 | INFO | Author: Bob        | Avg Sentiment: 0.43 | Messages: 24
2025-09-28 14:23:31 | INFO | --------------------------------
2025-09-28 14:23:32 | INFO | {'message': 'I just shared travel! It was boring.', 'author': 'Charlie', 'timestamp': '2025-09-28 14:23:32', 'category': 'travel', 'sentiment': 0.1, 'keyword_mentioned': 'travel', 'message_length': 36}
2025-09-28 14:23:33 | INFO | Inserted message and updated sentiment for Charlie.
2025-09-28 14:23:33 | INFO | --- Author Sentiment Summary ---
2025-09-28 14:23:33 | INFO | Author: Alice      | Avg Sentiment: 0.45 | Messages: 24
2025-09-28 14:23:33 | INFO | Author: Charlie    | Avg Sentiment: 0.44 | Messages: 24
2025-09-28 14:23:33 | INFO | Author: Bob        | Avg Sentiment: 0.43 | Messages: 24
2025-09-28 14:23:33 | INFO | --------------------------------
2025-09-28 14:23:35 | INFO | Inserted message and updated sentiment for Alice.
2025-09-28 14:23:35 | INFO | --- Author Sentiment Summary ---
2025-09-28 14:23:35 | INFO | Author: Charlie    | Avg Sentiment: 0.44 | Messages: 24
2025-09-28 14:23:35 | INFO | Author: Alice      | Avg Sentiment: 0.44 | Messages: 25
2025-09-28 14:23:35 | INFO | Author: Bob        | Avg Sentiment: 0.43 | Messages: 24
2025-09-28 14:23:35 | INFO | --------------------------------
2025-09-28 14:23:37 | INFO | Inserted message and updated sentiment for Bob.
2025-09-28 14:23:37 | INFO | --- Author Sentiment Summary ---
2025-09-28 14:23:37 | INFO | Author: Charlie    | Avg Sentiment: 0.44 | Messages: 24
2025-09-28 14:23:37 | INFO | Author: Alice      | Avg Sentiment: 0.44 | Messages: 25
2025-09-28 14:23:37 | INFO | Author: Bob        | Avg Sentiment: 0.42 | Messages: 25
2025-09-28 14:23:37 | INFO | --------------------------------
2025-09-28 14:23:37 | INFO | {'message': 'I just shared JavaScript! It was funny.', 'author': 'Alice', 'timestamp': '2025-09-28 14:23:37', 'category': 'tech', 'sentiment': 0.28, 'keyword_mentioned': 'JavaScript', 'message_length': 39}
2025-09-28 14:23:39 | INFO | Inserted message and updated sentiment for Charlie.
2025-09-28 14:23:39 | INFO | --- Author Sentiment Summary ---
2025-09-28 14:23:39 | INFO | Author: Alice      | Avg Sentiment: 0.44 | Messages: 25
2025-09-28 14:23:39 | INFO | Author: Charlie    | Avg Sentiment: 0.44 | Messages: 25
2025-09-28 14:23:39 | INFO | Author: Bob        | Avg Sentiment: 0.42 | Messages: 25
2025-09-28 14:23:39 | INFO | --------------------------------
2025-09-28 14:23:41 | INFO | Inserted message and updated sentiment for Alice.
2025-09-28 14:23:41 | INFO | --- Author Sentiment Summary ---
2025-09-28 14:23:41 | INFO | Author: Alice      | Avg Sentiment: 0.44 | Messages: 26
2025-09-28 14:23:41 | INFO | Author: Charlie    | Avg Sentiment: 0.44 | Messages: 25
2025-09-28 14:23:41 | INFO | Author: Bob        | Avg Sentiment: 0.42 | Messages: 25
2025-09-28 14:23:41 | INFO | --------------------------------
2025-09-28 14:23:42 | INFO | {'message': 'I just found game! It was funny.', 'author': 'Bob', 'timestamp': '2025-09-28 14:23:42', 'category': 'gaming', 'sentiment': 0.19, 'keyword_mentioned': 'game', 'message_length': 32}
2025-09-28 14:23:43 | INFO | Inserted message and updated sentiment for Bob.
2025-09-28 14:23:43 | INFO | --- Author Sentiment Summary ---
2025-09-28 14:23:43 | INFO | Author: Alice      | Avg Sentiment: 0.44 | Messages: 26
2025-09-28 14:23:43 | INFO | Author: Charlie    | Avg Sentiment: 0.44 | Messages: 25
2025-09-28 14:23:43 | INFO | Author: Bob        | Avg Sentiment: 0.43 | Messages: 26
2025-09-28 14:23:43 | INFO | --------------------------------
2025-09-28 14:23:45 | INFO | Inserted message and updated sentiment for Charlie.
2025-09-28 14:23:45 | INFO | --- Author Sentiment Summary ---
2025-09-28 14:23:45 | INFO | Author: Charlie    | Avg Sentiment: 0.45 | Messages: 26
2025-09-28 14:23:45 | INFO | Author: Alice      | Avg Sentiment: 0.44 | Messages: 26
2025-09-28 14:23:45 | INFO | Author: Bob        | Avg Sentiment: 0.43 | Messages: 26
2025-09-28 14:23:45 | INFO | --------------------------------
2025-09-28 14:23:47 | INFO | Inserted message and updated sentiment for Alice.
2025-09-28 14:23:47 | INFO | --- Author Sentiment Summary ---
2025-09-28 14:23:47 | INFO | Author: Alice      | Avg Sentiment: 0.46 | Messages: 27
2025-09-28 14:23:47 | INFO | Author: Charlie    | Avg Sentiment: 0.45 | Messages: 26
2025-09-28 14:23:47 | INFO | Author: Bob        | Avg Sentiment: 0.43 | Messages: 26
2025-09-28 14:23:47 | INFO | --------------------------------
2025-09-28 14:23:47 | INFO | {'message': 'I just found a meme! It was amazing.', 'author': 'Alice', 'timestamp': '2025-09-28 14:23:47', 'category': 'humor', 'sentiment': 0.19, 'keyword_mentioned': 'meme', 'message_length': 36}
2025-09-28 14:23:49 | INFO | Inserted message and updated sentiment for Bob.
2025-09-28 14:23:49 | INFO | --- Author Sentiment Summary ---
2025-09-28 14:23:49 | INFO | Author: Alice      | Avg Sentiment: 0.46 | Messages: 27
2025-09-28 14:23:49 | INFO | Author: Charlie    | Avg Sentiment: 0.45 | Messages: 26
2025-09-28 14:23:49 | INFO | Author: Bob        | Avg Sentiment: 0.44 | Messages: 27
2025-09-28 14:23:49 | INFO | --------------------------------
2025-09-28 14:23:51 | INFO | Inserted message and updated sentiment for Charlie.
2025-09-28 14:23:51 | INFO | --- Author Sentiment Summary ---
2025-09-28 14:23:51 | INFO | Author: Alice      | Avg Sentiment: 0.46 | Messages: 27
2025-09-28 14:23:51 | INFO | Author: Bob        | Avg Sentiment: 0.44 | Messages: 27
2025-09-28 14:23:51 | INFO | Author: Charlie    | Avg Sentiment: 0.43 | Messages: 27
2025-09-28 14:23:51 | INFO | --------------------------------
2025-09-28 14:23:52 | INFO | {'message': 'I just saw travel! It was weird.', 'author': 'Eve', 'timestamp': '2025-09-28 14:23:52', 'category': 'travel', 'sentiment': 0.14, 'keyword_mentioned': 'travel', 'message_length': 32}
2025-09-28 14:23:53 | INFO | Inserted message and updated sentiment for Alice.
2025-09-28 14:23:53 | INFO | --- Author Sentiment Summary ---
2025-09-28 14:23:53 | INFO | Author: Bob        | Avg Sentiment: 0.44 | Messages: 27
2025-09-28 14:23:53 | INFO | Author: Alice      | Avg Sentiment: 0.44 | Messages: 28
2025-09-28 14:23:53 | INFO | Author: Charlie    | Avg Sentiment: 0.43 | Messages: 27
2025-09-28 14:23:53 | INFO | --------------------------------
2025-09-28 14:23:55 | INFO | Inserted message and updated sentiment for Bob.
2025-09-28 14:23:55 | INFO | --- Author Sentiment Summary ---
2025-09-28 14:23:55 | INFO | Author: Alice      | Avg Sentiment: 0.44 | Messages: 28
2025-09-28 14:23:55 | INFO | Author: Bob        | Avg Sentiment: 0.44 | Messages: 28
2025-09-28 14:23:55 | INFO | Author: Charlie    | Avg Sentiment: 0.43 | Messages: 27
2025-09-28 14:23:55 | INFO | --------------------------------
2025-09-28 14:23:57 | INFO | {'message': 'I just loved travel! It was weird.', 'author': 'Eve', 'timestamp': '2025-09-28 14:23:57', 'category': 'travel', 'sentiment': 0.61, 'keyword_mentioned': 'travel', 'message_length': 34}
2025-09-28 14:23:57 | INFO | Inserted message and updated sentiment for Charlie.
2025-09-28 14:23:57 | INFO | --- Author Sentiment Summary ---
2025-09-28 14:23:57 | INFO | Author: Alice      | Avg Sentiment: 0.44 | Messages: 28
2025-09-28 14:23:57 | INFO | Author: Bob        | Avg Sentiment: 0.44 | Messages: 28
2025-09-28 14:23:57 | INFO | Author: Charlie    | Avg Sentiment: 0.43 | Messages: 28
2025-09-28 14:23:57 | INFO | --------------------------------
2025-09-28 14:23:59 | INFO | Inserted message and updated sentiment for Alice.
2025-09-28 14:23:59 | INFO | --- Author Sentiment Summary ---
2025-09-28 14:23:59 | INFO | Author: Alice      | Avg Sentiment: 0.44 | Messages: 29
2025-09-28 14:23:59 | INFO | Author: Bob        | Avg Sentiment: 0.44 | Messages: 28
2025-09-28 14:23:59 | INFO | Author: Charlie    | Avg Sentiment: 0.43 | Messages: 28
2025-09-28 14:23:59 | INFO | --------------------------------
2025-09-28 14:24:01 | INFO | Inserted message and updated sentiment for Bob.
2025-09-28 14:24:01 | INFO | --- Author Sentiment Summary ---
2025-09-28 14:24:01 | INFO | Author: Alice      | Avg Sentiment: 0.44 | Messages: 29
2025-09-28 14:24:01 | INFO | Author: Bob        | Avg Sentiment: 0.44 | Messages: 29
2025-09-28 14:24:01 | INFO | Author: Charlie    | Avg Sentiment: 0.43 | Messages: 28
2025-09-28 14:24:01 | INFO | --------------------------------
2025-09-28 14:24:02 | INFO | {'message': 'I just saw a story! It was funny.', 'author': 'Bob', 'timestamp': '2025-09-28 14:24:02', 'category': 'other', 'sentiment': 0.87, 'keyword_mentioned': 'other', 'message_length': 33}
2025-09-28 14:24:03 | INFO | Inserted message and updated sentiment for Charlie.
2025-09-28 14:24:03 | INFO | --- Author Sentiment Summary ---
2025-09-28 14:24:03 | INFO | Author: Alice      | Avg Sentiment: 0.44 | Messages: 29
2025-09-28 14:24:03 | INFO | Author: Bob        | Avg Sentiment: 0.44 | Messages: 29
2025-09-28 14:24:03 | INFO | Author: Charlie    | Avg Sentiment: 0.43 | Messages: 29
2025-09-28 14:24:03 | INFO | --------------------------------
2025-09-28 14:24:05 | INFO | Inserted message and updated sentiment for Alice.
2025-09-28 14:24:05 | INFO | --- Author Sentiment Summary ---
2025-09-28 14:24:05 | INFO | Author: Alice      | Avg Sentiment: 0.45 | Messages: 30
2025-09-28 14:24:05 | INFO | Author: Bob        | Avg Sentiment: 0.44 | Messages: 29
2025-09-28 14:24:05 | INFO | Author: Charlie    | Avg Sentiment: 0.43 | Messages: 29
2025-09-28 14:24:05 | INFO | --------------------------------
2025-09-28 14:24:07 | INFO | {'message': 'I just saw travel! It was exciting.', 'author': 'Alice', 'timestamp': '2025-09-28 14:24:07', 'category': 'travel', 'sentiment': 0.0, 'keyword_mentioned': 'travel', 'message_length': 35}
2025-09-28 14:24:07 | INFO | Inserted message and updated sentiment for Bob.
2025-09-28 14:24:07 | INFO | --- Author Sentiment Summary ---
2025-09-28 14:24:07 | INFO | Author: Bob        | Avg Sentiment: 0.45 | Messages: 30
2025-09-28 14:24:07 | INFO | Author: Alice      | Avg Sentiment: 0.45 | Messages: 30
2025-09-28 14:24:07 | INFO | Author: Charlie    | Avg Sentiment: 0.43 | Messages: 29
2025-09-28 14:24:07 | INFO | --------------------------------
2025-09-28 14:24:09 | INFO | Inserted message and updated sentiment for Charlie.
2025-09-28 14:24:09 | INFO | --- Author Sentiment Summary ---
2025-09-28 14:24:09 | INFO | Author: Bob        | Avg Sentiment: 0.45 | Messages: 30
2025-09-28 14:24:09 | INFO | Author: Alice      | Avg Sentiment: 0.45 | Messages: 30
2025-09-28 14:24:09 | INFO | Author: Charlie    | Avg Sentiment: 0.45 | Messages: 30
2025-09-28 14:24:09 | INFO | --------------------------------
2025-09-28 14:24:11 | INFO | Inserted message and updated sentiment for Alice.
2025-09-28 14:24:11 | INFO | --- Author Sentiment Summary ---
2025-09-28 14:24:11 | INFO | Author: Bob        | Avg Sentiment: 0.45 | Messages: 30
2025-09-28 14:24:11 | INFO | Author: Charlie    | Avg Sentiment: 0.45 | Messages: 30
2025-09-28 14:24:11 | INFO | Author: Alice      | Avg Sentiment: 0.44 | Messages: 31
2025-09-28 14:24:11 | INFO | --------------------------------
2025-09-28 14:24:12 | INFO | {'message': 'I just loved a meme! It was amazing.', 'author': 'Alice', 'timestamp': '2025-09-28 14:24:12', 'category': 'humor', 'sentiment': 0.44, 'keyword_mentioned': 'meme', 'message_length': 36}
2025-09-28 14:24:13 | INFO | Inserted message and updated sentiment for Bob.
2025-09-28 14:24:13 | INFO | --- Author Sentiment Summary ---
2025-09-28 14:24:13 | INFO | Author: Charlie    | Avg Sentiment: 0.45 | Messages: 30
2025-09-28 14:24:13 | INFO | Author: Bob        | Avg Sentiment: 0.44 | Messages: 31
2025-09-28 14:24:13 | INFO | Author: Alice      | Avg Sentiment: 0.44 | Messages: 31
2025-09-28 14:24:13 | INFO | --------------------------------
2025-09-28 14:24:15 | INFO | Inserted message and updated sentiment for Charlie.
2025-09-28 14:24:15 | INFO | --- Author Sentiment Summary ---
2025-09-28 14:24:15 | INFO | Author: Charlie    | Avg Sentiment: 0.44 | Messages: 31
2025-09-28 14:24:15 | INFO | Author: Bob        | Avg Sentiment: 0.44 | Messages: 31
2025-09-28 14:24:15 | INFO | Author: Alice      | Avg Sentiment: 0.44 | Messages: 31
2025-09-28 14:24:15 | INFO | --------------------------------
2025-09-28 14:24:17 | INFO | {'message': 'I just tried a trick! It was boring.', 'author': 'Charlie', 'timestamp': '2025-09-28 14:24:17', 'category': 'other', 'sentiment': 0.75, 'keyword_mentioned': 'other', 'message_length': 36}
2025-09-28 14:24:18 | INFO | Inserted message and updated sentiment for Alice.
2025-09-28 14:24:18 | INFO | --- Author Sentiment Summary ---
2025-09-28 14:24:18 | INFO | Author: Charlie    | Avg Sentiment: 0.44 | Messages: 31
2025-09-28 14:24:18 | INFO | Author: Bob        | Avg Sentiment: 0.44 | Messages: 31
2025-09-28 14:24:18 | INFO | Author: Alice      | Avg Sentiment: 0.43 | Messages: 32
2025-09-28 14:24:18 | INFO | --------------------------------
2025-09-28 14:24:20 | INFO | Inserted message and updated sentiment for Bob.
2025-09-28 14:24:20 | INFO | --- Author Sentiment Summary ---
2025-09-28 14:24:20 | INFO | Author: Charlie    | Avg Sentiment: 0.44 | Messages: 31
2025-09-28 14:24:20 | INFO | Author: Bob        | Avg Sentiment: 0.44 | Messages: 32
2025-09-28 14:24:20 | INFO | Author: Alice      | Avg Sentiment: 0.43 | Messages: 32
2025-09-28 14:24:20 | INFO | --------------------------------
2025-09-28 14:24:22 | INFO | Inserted message and updated sentiment for Charlie.
2025-09-28 14:24:22 | INFO | --- Author Sentiment Summary ---
2025-09-28 14:24:22 | INFO | Author: Charlie    | Avg Sentiment: 0.44 | Messages: 32
2025-09-28 14:24:22 | INFO | Author: Bob        | Avg Sentiment: 0.44 | Messages: 32
2025-09-28 14:24:22 | INFO | Author: Alice      | Avg Sentiment: 0.43 | Messages: 32
2025-09-28 14:24:22 | INFO | --------------------------------
2025-09-28 14:24:22 | INFO | {'message': 'I just shared Python! It was boring.', 'author': 'Alice', 'timestamp': '2025-09-28 14:24:22', 'category': 'tech', 'sentiment': 0.45, 'keyword_mentioned': 'Python', 'message_length': 36}
2025-09-28 14:24:24 | INFO | Inserted message and updated sentiment for Alice.
2025-09-28 14:24:24 | INFO | --- Author Sentiment Summary ---
2025-09-28 14:24:24 | INFO | Author: Charlie    | Avg Sentiment: 0.44 | Messages: 32
2025-09-28 14:24:24 | INFO | Author: Bob        | Avg Sentiment: 0.44 | Messages: 32
2025-09-28 14:24:24 | INFO | Author: Alice      | Avg Sentiment: 0.44 | Messages: 33
2025-09-28 14:24:24 | INFO | --------------------------------
2025-09-28 14:24:26 | INFO | Inserted message and updated sentiment for Bob.
2025-09-28 14:24:26 | INFO | --- Author Sentiment Summary ---
2025-09-28 14:24:26 | INFO | Author: Bob        | Avg Sentiment: 0.45 | Messages: 33
2025-09-28 14:24:26 | INFO | Author: Charlie    | Avg Sentiment: 0.44 | Messages: 32
2025-09-28 14:24:26 | INFO | Author: Alice      | Avg Sentiment: 0.44 | Messages: 33
2025-09-28 14:24:26 | INFO | --------------------------------
2025-09-28 14:24:27 | INFO | {'message': 'I just loved a meme! It was weird.', 'author': 'Bob', 'timestamp': '2025-09-28 14:24:27', 'category': 'humor', 'sentiment': 0.74, 'keyword_mentioned': 'meme', 'message_length': 34}
2025-09-28 14:24:28 | INFO | Inserted message and updated sentiment for Charlie.
2025-09-28 14:24:28 | INFO | --- Author Sentiment Summary ---
2025-09-28 14:24:28 | INFO | Author: Charlie    | Avg Sentiment: 0.45 | Messages: 33
2025-09-28 14:24:28 | INFO | Author: Bob        | Avg Sentiment: 0.45 | Messages: 33
2025-09-28 14:24:28 | INFO | Author: Alice      | Avg Sentiment: 0.44 | Messages: 33
2025-09-28 14:24:28 | INFO | --------------------------------
2025-09-28 14:24:30 | INFO | Inserted message and updated sentiment for Alice.
2025-09-28 14:24:30 | INFO | --- Author Sentiment Summary ---
2025-09-28 14:24:30 | INFO | Author: Charlie    | Avg Sentiment: 0.45 | Messages: 33
2025-09-28 14:24:30 | INFO | Author: Alice      | Avg Sentiment: 0.45 | Messages: 34
2025-09-28 14:24:30 | INFO | Author: Bob        | Avg Sentiment: 0.45 | Messages: 33
2025-09-28 14:24:30 | INFO | --------------------------------
2025-09-28 14:24:32 | INFO | Inserted message and updated sentiment for Bob.
2025-09-28 14:24:32 | INFO | --- Author Sentiment Summary ---
2025-09-28 14:24:32 | INFO | Author: Charlie    | Avg Sentiment: 0.45 | Messages: 33
2025-09-28 14:24:32 | INFO | Author: Alice      | Avg Sentiment: 0.45 | Messages: 34
2025-09-28 14:24:32 | INFO | Author: Bob        | Avg Sentiment: 0.43 | Messages: 34
2025-09-28 14:24:32 | INFO | --------------------------------
2025-09-28 14:24:32 | INFO | {'message': 'I just tried recipe! It was boring.', 'author': 'Alice', 'timestamp': '2025-09-28 14:24:32', 'category': 'food', 'sentiment': 0.89, 'keyword_mentioned': 'recipe', 'message_length': 35}
2025-09-28 14:24:34 | INFO | Inserted message and updated sentiment for Charlie.
2025-09-28 14:24:34 | INFO | --- Author Sentiment Summary ---
2025-09-28 14:24:34 | INFO | Author: Alice      | Avg Sentiment: 0.45 | Messages: 34
2025-09-28 14:24:34 | INFO | Author: Charlie    | Avg Sentiment: 0.44 | Messages: 34
2025-09-28 14:24:34 | INFO | Author: Bob        | Avg Sentiment: 0.43 | Messages: 34
2025-09-28 14:24:34 | INFO | --------------------------------
2025-09-28 14:24:36 | INFO | Inserted message and updated sentiment for Alice.
2025-09-28 14:24:36 | INFO | --- Author Sentiment Summary ---
2025-09-28 14:24:36 | INFO | Author: Charlie    | Avg Sentiment: 0.44 | Messages: 34
2025-09-28 14:24:36 | INFO | Author: Alice      | Avg Sentiment: 0.44 | Messages: 35
2025-09-28 14:24:36 | INFO | Author: Bob        | Avg Sentiment: 0.43 | Messages: 34
2025-09-28 14:24:36 | INFO | --------------------------------
2025-09-28 14:24:37 | INFO | {'message': 'I just saw a trick! It was weird.', 'author': 'Eve', 'timestamp': '2025-09-28 14:24:37', 'category': 'other', 'sentiment': 0.34, 'keyword_mentioned': 'other', 'message_length': 33}
2025-09-28 14:24:38 | INFO | Inserted message and updated sentiment for Bob.
2025-09-28 14:24:38 | INFO | --- Author Sentiment Summary ---
2025-09-28 14:24:38 | INFO | Author: Charlie    | Avg Sentiment: 0.44 | Messages: 34
2025-09-28 14:24:38 | INFO | Author: Alice      | Avg Sentiment: 0.44 | Messages: 35
2025-09-28 14:24:38 | INFO | Author: Bob        | Avg Sentiment: 0.43 | Messages: 35
2025-09-28 14:24:38 | INFO | --------------------------------
2025-09-28 14:24:40 | INFO | Inserted message and updated sentiment for Charlie.
2025-09-28 14:24:40 | INFO | --- Author Sentiment Summary ---
2025-09-28 14:24:40 | INFO | Author: Alice      | Avg Sentiment: 0.44 | Messages: 35
2025-09-28 14:24:40 | INFO | Author: Charlie    | Avg Sentiment: 0.44 | Messages: 35
2025-09-28 14:24:40 | INFO | Author: Bob        | Avg Sentiment: 0.43 | Messages: 35
2025-09-28 14:24:40 | INFO | --------------------------------
2025-09-28 14:24:42 | INFO | Inserted message and updated sentiment for Alice.
2025-09-28 14:24:42 | INFO | --- Author Sentiment Summary ---
2025-09-28 14:24:42 | INFO | Author: Alice      | Avg Sentiment: 0.44 | Messages: 36
2025-09-28 14:24:42 | INFO | Author: Charlie    | Avg Sentiment: 0.44 | Messages: 35
2025-09-28 14:24:42 | INFO | Author: Bob        | Avg Sentiment: 0.43 | Messages: 35
2025-09-28 14:24:42 | INFO | --------------------------------
2025-09-28 14:24:42 | INFO | {'message': 'I just saw recipe! It was exciting.', 'author': 'Bob', 'timestamp': '2025-09-28 14:24:42', 'category': 'food', 'sentiment': 0.07, 'keyword_mentioned': 'recipe', 'message_length': 35}
2025-09-28 14:24:44 | INFO | Inserted message and updated sentiment for Bob.
2025-09-28 14:24:44 | INFO | --- Author Sentiment Summary ---
2025-09-28 14:24:44 | INFO | Author: Alice      | Avg Sentiment: 0.44 | Messages: 36
2025-09-28 14:24:44 | INFO | Author: Charlie    | Avg Sentiment: 0.44 | Messages: 35
2025-09-28 14:24:44 | INFO | Author: Bob        | Avg Sentiment: 0.43 | Messages: 36
2025-09-28 14:24:44 | INFO | --------------------------------
2025-09-28 14:24:46 | INFO | Inserted message and updated sentiment for Charlie.
2025-09-28 14:24:46 | INFO | --- Author Sentiment Summary ---
2025-09-28 14:24:46 | INFO | Author: Charlie    | Avg Sentiment: 0.45 | Messages: 36
2025-09-28 14:24:46 | INFO | Author: Alice      | Avg Sentiment: 0.44 | Messages: 36
2025-09-28 14:24:46 | INFO | Author: Bob        | Avg Sentiment: 0.43 | Messages: 36
2025-09-28 14:24:46 | INFO | --------------------------------
2025-09-28 14:24:47 | INFO | {'message': 'I just saw a movie! It was boring.', 'author': 'Eve', 'timestamp': '2025-09-28 14:24:47', 'category': 'entertainment', 'sentiment': 0.85, 'keyword_mentioned': 'movie', 'message_length': 34}
2025-09-28 14:24:48 | INFO | Inserted message and updated sentiment for Alice.
2025-09-28 14:24:48 | INFO | --- Author Sentiment Summary ---
2025-09-28 14:24:48 | INFO | Author: Alice      | Avg Sentiment: 0.45 | Messages: 37
2025-09-28 14:24:48 | INFO | Author: Charlie    | Avg Sentiment: 0.45 | Messages: 36
2025-09-28 14:24:48 | INFO | Author: Bob        | Avg Sentiment: 0.43 | Messages: 36
2025-09-28 14:24:48 | INFO | --------------------------------
2025-09-28 14:24:50 | INFO | Inserted message and updated sentiment for Bob.
2025-09-28 14:24:50 | INFO | --- Author Sentiment Summary ---
2025-09-28 14:24:50 | INFO | Author: Alice      | Avg Sentiment: 0.45 | Messages: 37
2025-09-28 14:24:50 | INFO | Author: Charlie    | Avg Sentiment: 0.45 | Messages: 36
2025-09-28 14:24:50 | INFO | Author: Bob        | Avg Sentiment: 0.45 | Messages: 37
2025-09-28 14:24:50 | INFO | --------------------------------
2025-09-28 14:24:52 | INFO | {'message': 'I just saw game! It was exciting.', 'author': 'Bob', 'timestamp': '2025-09-28 14:24:52', 'category': 'gaming', 'sentiment': 0.04, 'keyword_mentioned': 'game', 'message_length': 33}
2025-09-28 14:24:52 | INFO | Inserted message and updated sentiment for Charlie.
2025-09-28 14:24:52 | INFO | --- Author Sentiment Summary ---
2025-09-28 14:24:52 | INFO | Author: Alice      | Avg Sentiment: 0.45 | Messages: 37
2025-09-28 14:24:52 | INFO | Author: Bob        | Avg Sentiment: 0.45 | Messages: 37
2025-09-28 14:24:52 | INFO | Author: Charlie    | Avg Sentiment: 0.44 | Messages: 37
2025-09-28 14:24:52 | INFO | --------------------------------
2025-09-28 14:24:54 | INFO | Inserted message and updated sentiment for Alice.
2025-09-28 14:24:54 | INFO | --- Author Sentiment Summary ---
2025-09-28 14:24:54 | INFO | Author: Bob        | Avg Sentiment: 0.45 | Messages: 37
2025-09-28 14:24:54 | INFO | Author: Alice      | Avg Sentiment: 0.44 | Messages: 38
2025-09-28 14:24:54 | INFO | Author: Charlie    | Avg Sentiment: 0.44 | Messages: 37
2025-09-28 14:24:54 | INFO | --------------------------------
2025-09-28 14:24:56 | INFO | Inserted message and updated sentiment for Bob.
2025-09-28 14:24:56 | INFO | --- Author Sentiment Summary ---
2025-09-28 14:24:56 | INFO | Author: Alice      | Avg Sentiment: 0.44 | Messages: 38
2025-09-28 14:24:56 | INFO | Author: Bob        | Avg Sentiment: 0.44 | Messages: 38
2025-09-28 14:24:56 | INFO | Author: Charlie    | Avg Sentiment: 0.44 | Messages: 37
2025-09-28 14:24:56 | INFO | --------------------------------
2025-09-28 14:24:57 | INFO | {'message': 'I just saw recipe! It was exciting.', 'author': 'Alice', 'timestamp': '2025-09-28 14:24:57', 'category': 'food', 'sentiment': 0.93, 'keyword_mentioned': 'recipe', 'message_length': 35}
2025-09-28 14:24:58 | INFO | Inserted message and updated sentiment for Charlie.
2025-09-28 14:24:58 | INFO | --- Author Sentiment Summary ---
2025-09-28 14:24:58 | INFO | Author: Alice      | Avg Sentiment: 0.44 | Messages: 38
2025-09-28 14:24:58 | INFO | Author: Bob        | Avg Sentiment: 0.44 | Messages: 38
2025-09-28 14:24:58 | INFO | Author: Charlie    | Avg Sentiment: 0.43 | Messages: 38
2025-09-28 14:24:58 | INFO | --------------------------------
2025-09-28 14:25:00 | INFO | Inserted message and updated sentiment for Alice.
2025-09-28 14:25:00 | INFO | --- Author Sentiment Summary ---
2025-09-28 14:25:00 | INFO | Author: Alice      | Avg Sentiment: 0.44 | Messages: 39
2025-09-28 14:25:00 | INFO | Author: Bob        | Avg Sentiment: 0.44 | Messages: 38
2025-09-28 14:25:00 | INFO | Author: Charlie    | Avg Sentiment: 0.43 | Messages: 38
2025-09-28 14:25:00 | INFO | --------------------------------
2025-09-28 14:25:02 | INFO | {'message': 'I just loved a meme! It was funny.', 'author': 'Charlie', 'timestamp': '2025-09-28 14:25:02', 'category': 'humor', 'sentiment': 0.8, 'keyword_mentioned': 'meme', 'message_length': 34}
2025-09-28 14:25:03 | INFO | Inserted message and updated sentiment for Bob.
2025-09-28 14:25:03 | INFO | --- Author Sentiment Summary ---
2025-09-28 14:25:03 | INFO | Author: Alice      | Avg Sentiment: 0.44 | Messages: 39
2025-09-28 14:25:03 | INFO | Author: Bob        | Avg Sentiment: 0.44 | Messages: 39
2025-09-28 14:25:03 | INFO | Author: Charlie    | Avg Sentiment: 0.43 | Messages: 38
2025-09-28 14:25:03 | INFO | --------------------------------
2025-09-28 14:25:05 | INFO | Inserted message and updated sentiment for Charlie.
2025-09-28 14:25:05 | INFO | --- Author Sentiment Summary ---
2025-09-28 14:25:05 | INFO | Author: Alice      | Avg Sentiment: 0.44 | Messages: 39
2025-09-28 14:25:05 | INFO | Author: Bob        | Avg Sentiment: 0.44 | Messages: 39
2025-09-28 14:25:05 | INFO | Author: Charlie    | Avg Sentiment: 0.44 | Messages: 39
2025-09-28 14:25:05 | INFO | --------------------------------
2025-09-28 14:25:07 | INFO | Inserted message and updated sentiment for Alice.
2025-09-28 14:25:07 | INFO | --- Author Sentiment Summary ---
2025-09-28 14:25:07 | INFO | Author: Alice      | Avg Sentiment: 0.45 | Messages: 40
2025-09-28 14:25:07 | INFO | Author: Bob        | Avg Sentiment: 0.44 | Messages: 39
2025-09-28 14:25:07 | INFO | Author: Charlie    | Avg Sentiment: 0.44 | Messages: 39
2025-09-28 14:25:07 | INFO | --------------------------------
2025-09-28 14:25:07 | INFO | {'message': 'I just saw a trick! It was funny.', 'author': 'Bob', 'timestamp': '2025-09-28 14:25:07', 'category': 'other', 'sentiment': 0.4, 'keyword_mentioned': 'other', 'message_length': 33}
2025-09-28 14:25:09 | INFO | Inserted message and updated sentiment for Bob.
2025-09-28 14:25:09 | INFO | --- Author Sentiment Summary ---
2025-09-28 14:25:09 | INFO | Author: Alice      | Avg Sentiment: 0.45 | Messages: 40
2025-09-28 14:25:09 | INFO | Author: Bob        | Avg Sentiment: 0.45 | Messages: 40
2025-09-28 14:25:09 | INFO | Author: Charlie    | Avg Sentiment: 0.44 | Messages: 39
2025-09-28 14:25:09 | INFO | --------------------------------
2025-09-28 14:25:11 | INFO | Inserted message and updated sentiment for Charlie.
2025-09-28 14:25:11 | INFO | --- Author Sentiment Summary ---
2025-09-28 14:25:11 | INFO | Author: Alice      | Avg Sentiment: 0.45 | Messages: 40
2025-09-28 14:25:11 | INFO | Author: Bob        | Avg Sentiment: 0.45 | Messages: 40
2025-09-28 14:25:11 | INFO | Author: Charlie    | Avg Sentiment: 0.45 | Messages: 40
2025-09-28 14:25:11 | INFO | --------------------------------
2025-09-28 14:25:12 | INFO | {'message': 'I just tried Python! It was weird.', 'author': 'Bob', 'timestamp': '2025-09-28 14:25:12', 'category': 'tech', 'sentiment': 0.28, 'keyword_mentioned': 'Python', 'message_length': 34}
2025-09-28 14:25:13 | INFO | Inserted message and updated sentiment for Alice.
2025-09-28 14:25:13 | INFO | --- Author Sentiment Summary ---
2025-09-28 14:25:13 | INFO | Author: Bob        | Avg Sentiment: 0.45 | Messages: 40
2025-09-28 14:25:13 | INFO | Author: Charlie    | Avg Sentiment: 0.45 | Messages: 40
2025-09-28 14:25:13 | INFO | Author: Alice      | Avg Sentiment: 0.44 | Messages: 41
2025-09-28 14:25:13 | INFO | --------------------------------
2025-09-28 14:25:15 | INFO | Inserted message and updated sentiment for Bob.
2025-09-28 14:25:15 | INFO | --- Author Sentiment Summary ---
2025-09-28 14:25:15 | INFO | Author: Charlie    | Avg Sentiment: 0.45 | Messages: 40
2025-09-28 14:25:15 | INFO | Author: Bob        | Avg Sentiment: 0.44 | Messages: 41
2025-09-28 14:25:15 | INFO | Author: Alice      | Avg Sentiment: 0.44 | Messages: 41
2025-09-28 14:25:15 | INFO | --------------------------------
2025-09-28 14:25:17 | INFO | Inserted message and updated sentiment for Charlie.
2025-09-28 14:25:17 | INFO | --- Author Sentiment Summary ---
2025-09-28 14:25:17 | INFO | Author: Charlie    | Avg Sentiment: 0.44 | Messages: 41
2025-09-28 14:25:17 | INFO | Author: Bob        | Avg Sentiment: 0.44 | Messages: 41
2025-09-28 14:25:17 | INFO | Author: Alice      | Avg Sentiment: 0.44 | Messages: 41
2025-09-28 14:25:17 | INFO | --------------------------------
2025-09-28 14:25:17 | INFO | {'message': 'I just loved recipe! It was exciting.', 'author': 'Bob', 'timestamp': '2025-09-28 14:25:17', 'category': 'food', 'sentiment': 0.08, 'keyword_mentioned': 'recipe', 'message_length': 37}
2025-09-28 14:25:19 | INFO | Inserted message and updated sentiment for Alice.
2025-09-28 14:25:19 | INFO | --- Author Sentiment Summary ---
2025-09-28 14:25:19 | INFO | Author: Charlie    | Avg Sentiment: 0.44 | Messages: 41
2025-09-28 14:25:19 | INFO | Author: Bob        | Avg Sentiment: 0.44 | Messages: 41
2025-09-28 14:25:19 | INFO | Author: Alice      | Avg Sentiment: 0.44 | Messages: 42
2025-09-28 14:25:19 | INFO | --------------------------------
2025-09-28 14:25:21 | INFO | Inserted message and updated sentiment for Bob.
2025-09-28 14:25:21 | INFO | --- Author Sentiment Summary ---
2025-09-28 14:25:21 | INFO | Author: Charlie    | Avg Sentiment: 0.44 | Messages: 41
2025-09-28 14:25:21 | INFO | Author: Bob        | Avg Sentiment: 0.44 | Messages: 42
2025-09-28 14:25:21 | INFO | Author: Alice      | Avg Sentiment: 0.44 | Messages: 42
2025-09-28 14:25:21 | INFO | --------------------------------
2025-09-28 14:25:22 | INFO | {'message': 'I just shared Python! It was exciting.', 'author': 'Bob', 'timestamp': '2025-09-28 14:25:22', 'category': 'tech', 'sentiment': 0.64, 'keyword_mentioned': 'Python', 'message_length': 38}
2025-09-28 14:25:23 | INFO | Inserted message and updated sentiment for Charlie.
2025-09-28 14:25:23 | INFO | --- Author Sentiment Summary ---
2025-09-28 14:25:23 | INFO | Author: Charlie    | Avg Sentiment: 0.45 | Messages: 42
2025-09-28 14:25:23 | INFO | Author: Bob        | Avg Sentiment: 0.44 | Messages: 42
2025-09-28 14:25:23 | INFO | Author: Alice      | Avg Sentiment: 0.44 | Messages: 42
2025-09-28 14:25:23 | INFO | --------------------------------
2025-09-28 14:25:25 | INFO | Inserted message and updated sentiment for Alice.
2025-09-28 14:25:25 | INFO | --- Author Sentiment Summary ---
2025-09-28 14:25:25 | INFO | Author: Charlie    | Avg Sentiment: 0.45 | Messages: 42
2025-09-28 14:25:25 | INFO | Author: Bob        | Avg Sentiment: 0.44 | Messages: 42
2025-09-28 14:25:25 | INFO | Author: Alice      | Avg Sentiment: 0.44 | Messages: 43
2025-09-28 14:25:25 | INFO | --------------------------------
2025-09-28 14:25:27 | INFO | Inserted message and updated sentiment for Bob.
2025-09-28 14:25:27 | INFO | --- Author Sentiment Summary ---
2025-09-28 14:25:27 | INFO | Author: Bob        | Avg Sentiment: 0.45 | Messages: 43
2025-09-28 14:25:27 | INFO | Author: Charlie    | Avg Sentiment: 0.45 | Messages: 42
2025-09-28 14:25:27 | INFO | Author: Alice      | Avg Sentiment: 0.44 | Messages: 43
2025-09-28 14:25:27 | INFO | --------------------------------
2025-09-28 14:25:27 | INFO | {'message': 'I just loved a trick! It was weird.', 'author': 'Alice', 'timestamp': '2025-09-28 14:25:27', 'category': 'other', 'sentiment': 0.03, 'keyword_mentioned': 'other', 'message_length': 35}
2025-09-28 14:25:29 | INFO | Inserted message and updated sentiment for Charlie.
2025-09-28 14:25:29 | INFO | --- Author Sentiment Summary ---
2025-09-28 14:25:29 | INFO | Author: Charlie    | Avg Sentiment: 0.45 | Messages: 43
2025-09-28 14:25:29 | INFO | Author: Bob        | Avg Sentiment: 0.45 | Messages: 43
2025-09-28 14:25:29 | INFO | Author: Alice      | Avg Sentiment: 0.44 | Messages: 43
2025-09-28 14:25:29 | INFO | --------------------------------
2025-09-28 14:25:31 | INFO | Inserted message and updated sentiment for Alice.
2025-09-28 14:25:31 | INFO | --- Author Sentiment Summary ---
2025-09-28 14:25:31 | INFO | Author: Charlie    | Avg Sentiment: 0.45 | Messages: 43
2025-09-28 14:25:31 | INFO | Author: Alice      | Avg Sentiment: 0.45 | Messages: 44
2025-09-28 14:25:31 | INFO | Author: Bob        | Avg Sentiment: 0.45 | Messages: 43
2025-09-28 14:25:31 | INFO | --------------------------------
2025-09-28 14:25:32 | INFO | {'message': 'I just shared Python! It was weird.', 'author': 'Eve', 'timestamp': '2025-09-28 14:25:32', 'category': 'tech', 'sentiment': 0.47, 'keyword_mentioned': 'Python', 'message_length': 35}
2025-09-28 14:25:33 | INFO | Inserted message and updated sentiment for Bob.
2025-09-28 14:25:33 | INFO | --- Author Sentiment Summary ---
2025-09-28 14:25:33 | INFO | Author: Charlie    | Avg Sentiment: 0.45 | Messages: 43
2025-09-28 14:25:33 | INFO | Author: Alice      | Avg Sentiment: 0.45 | Messages: 44
2025-09-28 14:25:33 | INFO | Author: Bob        | Avg Sentiment: 0.44 | Messages: 44
2025-09-28 14:25:33 | INFO | --------------------------------
2025-09-28 14:25:35 | INFO | Inserted message and updated sentiment for Charlie.
2025-09-28 14:25:35 | INFO | --- Author Sentiment Summary ---
2025-09-28 14:25:35 | INFO | Author: Alice      | Avg Sentiment: 0.45 | Messages: 44
2025-09-28 14:25:35 | INFO | Author: Charlie    | Avg Sentiment: 0.45 | Messages: 44
2025-09-28 14:25:35 | INFO | Author: Bob        | Avg Sentiment: 0.44 | Messages: 44
2025-09-28 14:25:35 | INFO | --------------------------------
2025-09-28 14:25:37 | INFO | {'message': 'I just loved a meme! It was exciting.', 'author': 'Bob', 'timestamp': '2025-09-28 14:25:37', 'category': 'humor', 'sentiment': 0.72, 'keyword_mentioned': 'meme', 'message_length': 37}
2025-09-28 14:25:37 | INFO | Inserted message and updated sentiment for Alice.
2025-09-28 14:25:37 | INFO | --- Author Sentiment Summary ---
2025-09-28 14:25:37 | INFO | Author: Charlie    | Avg Sentiment: 0.45 | Messages: 44
2025-09-28 14:25:37 | INFO | Author: Alice      | Avg Sentiment: 0.44 | Messages: 45
2025-09-28 14:25:37 | INFO | Author: Bob        | Avg Sentiment: 0.44 | Messages: 44
2025-09-28 14:25:37 | INFO | --------------------------------
2025-09-28 14:25:39 | INFO | Inserted message and updated sentiment for Bob.
2025-09-28 14:25:39 | INFO | --- Author Sentiment Summary ---
2025-09-28 14:25:39 | INFO | Author: Charlie    | Avg Sentiment: 0.45 | Messages: 44
2025-09-28 14:25:39 | INFO | Author: Alice      | Avg Sentiment: 0.44 | Messages: 45
2025-09-28 14:25:39 | INFO | Author: Bob        | Avg Sentiment: 0.43 | Messages: 45
2025-09-28 14:25:39 | INFO | --------------------------------
