2025-09-28 13:03:44 | INFO | {'message': 'I just found Python! It was amazing.', 'author': 'Bob', 'timestamp': '2025-09-28 13:03:44', 'category': 'tech', 'sentiment': 0.65, 'keyword_mentioned': 'Python', 'message_length': 36}
2025-09-28 13:03:49 | INFO | {'message': 'I just shared travel! It was amazing.', 'author': 'Alice', 'timestamp': '2025-09-28 13:03:49', 'category': 'travel', 'sentiment': 0.69, 'keyword_mentioned': 'travel', 'message_length': 37}
2025-09-28 13:03:54 | INFO | {'message': 'I just saw a trick! It was amazing.', 'author': 'Bob', 'timestamp': '2025-09-28 13:03:54', 'category': 'other', 'sentiment': 0.16, 'keyword_mentioned': 'other', 'message_length': 35}
2025-09-28 13:03:59 | INFO | {'message': 'I just saw recipe! It was boring.', 'author': 'Alice', 'timestamp': '2025-09-28 13:03:59', 'category': 'food', 'sentiment': 0.22, 'keyword_mentioned': 'recipe', 'message_length': 33}
2025-09-28 13:04:04 | INFO | {'message': 'I just shared game! It was exciting.', 'author': 'Eve', 'timestamp': '2025-09-28 13:04:04', 'category': 'gaming', 'sentiment': 0.86, 'keyword_mentioned': 'game', 'message_length': 36}
2025-09-28 13:04:09 | INFO | {'message': 'I just loved a story! It was funny.', 'author': 'Charlie', 'timestamp': '2025-09-28 13:04:09', 'category': 'other', 'sentiment': 0.91, 'keyword_mentioned': 'other', 'message_length': 35}
2025-09-28 13:04:14 | INFO | {'message': 'I just loved a movie! It was funny.', 'author': 'Charlie', 'timestamp': '2025-09-28 13:04:14', 'category': 'entertainment', 'sentiment': 0.96, 'keyword_mentioned': 'movie', 'message_length': 35}
2025-09-28 13:04:19 | INFO | {'message': 'I just tried a movie! It was boring.', 'author': 'Charlie', 'timestamp': '2025-09-28 13:04:19', 'category': 'entertainment', 'sentiment': 0.97, 'keyword_mentioned': 'movie', 'message_length': 36}
2025-09-28 13:04:24 | INFO | {'message': 'I just shared a story! It was boring.', 'author': 'Bob', 'timestamp': '2025-09-28 13:04:24', 'category': 'other', 'sentiment': 0.2, 'keyword_mentioned': 'other', 'message_length': 37}
2025-09-28 13:04:29 | INFO | {'message': 'I just saw a movie! It was weird.', 'author': 'Alice', 'timestamp': '2025-09-28 13:04:29', 'category': 'entertainment', 'sentiment': 0.93, 'keyword_mentioned': 'movie', 'message_length': 33}
2025-09-28 13:04:34 | INFO | {'message': 'I just shared a movie! It was boring.', 'author': 'Alice', 'timestamp': '2025-09-28 13:04:34', 'category': 'entertainment', 'sentiment': 0.34, 'keyword_mentioned': 'movie', 'message_length': 37}
2025-09-28 13:04:39 | INFO | {'message': 'I just saw game! It was funny.', 'author': 'Charlie', 'timestamp': '2025-09-28 13:04:39', 'category': 'gaming', 'sentiment': 0.43, 'keyword_mentioned': 'game', 'message_length': 30}
2025-09-28 13:04:44 | INFO | {'message': 'I just found recipe! It was boring.', 'author': 'Charlie', 'timestamp': '2025-09-28 13:04:44', 'category': 'food', 'sentiment': 0.11, 'keyword_mentioned': 'recipe', 'message_length': 35}
2025-09-28 13:04:49 | INFO | {'message': 'I just saw a trick! It was funny.', 'author': 'Alice', 'timestamp': '2025-09-28 13:04:49', 'category': 'other', 'sentiment': 0.37, 'keyword_mentioned': 'other', 'message_length': 33}
2025-09-28 13:04:54 | INFO | {'message': 'I just loved a story! It was amazing.', 'author': 'Alice', 'timestamp': '2025-09-28 13:04:54', 'category': 'other', 'sentiment': 0.34, 'keyword_mentioned': 'other', 'message_length': 37}
2025-09-28 13:04:59 | INFO | {'message': 'I just saw Python! It was amazing.', 'author': 'Charlie', 'timestamp': '2025-09-28 13:04:59', 'category': 'tech', 'sentiment': 0.74, 'keyword_mentioned': 'Python', 'message_length': 34}
2025-09-28 13:05:04 | INFO | {'message': 'I just shared a meme! It was boring.', 'author': 'Bob', 'timestamp': '2025-09-28 13:05:04', 'category': 'humor', 'sentiment': 0.21, 'keyword_mentioned': 'meme', 'message_length': 36}
2025-09-28 13:05:09 | INFO | {'message': 'I just loved recipe! It was weird.', 'author': 'Charlie', 'timestamp': '2025-09-28 13:05:09', 'category': 'food', 'sentiment': 0.36, 'keyword_mentioned': 'recipe', 'message_length': 34}
2025-09-28 13:05:14 | INFO | {'message': 'I just saw game! It was exciting.', 'author': 'Alice', 'timestamp': '2025-09-28 13:05:14', 'category': 'gaming', 'sentiment': 0.18, 'keyword_mentioned': 'game', 'message_length': 33}
2025-09-28 13:05:19 | INFO | {'message': 'I just loved a movie! It was weird.', 'author': 'Eve', 'timestamp': '2025-09-28 13:05:19', 'category': 'entertainment', 'sentiment': 0.91, 'keyword_mentioned': 'movie', 'message_length': 35}
2025-09-28 13:05:24 | INFO | {'message': 'I just loved a trick! It was amazing.', 'author': 'Charlie', 'timestamp': '2025-09-28 13:05:24', 'category': 'other', 'sentiment': 0.78, 'keyword_mentioned': 'other', 'message_length': 37}
2025-09-28 13:05:29 | INFO | {'message': 'I just loved game! It was exciting.', 'author': 'Bob', 'timestamp': '2025-09-28 13:05:29', 'category': 'gaming', 'sentiment': 0.6, 'keyword_mentioned': 'game', 'message_length': 35}
2025-09-28 13:05:34 | INFO | {'message': 'I just loved a meme! It was exciting.', 'author': 'Eve', 'timestamp': '2025-09-28 13:05:34', 'category': 'humor', 'sentiment': 0.54, 'keyword_mentioned': 'meme', 'message_length': 37}
2025-09-28 13:05:39 | INFO | {'message': 'I just loved a meme! It was boring.', 'author': 'Alice', 'timestamp': '2025-09-28 13:05:39', 'category': 'humor', 'sentiment': 0.56, 'keyword_mentioned': 'meme', 'message_length': 35}
2025-09-28 13:05:44 | INFO | {'message': 'I just tried JavaScript! It was boring.', 'author': 'Eve', 'timestamp': '2025-09-28 13:05:44', 'category': 'tech', 'sentiment': 0.34, 'keyword_mentioned': 'JavaScript', 'message_length': 39}
2025-09-28 13:05:49 | INFO | {'message': 'I just saw game! It was boring.', 'author': 'Eve', 'timestamp': '2025-09-28 13:05:49', 'category': 'gaming', 'sentiment': 0.56, 'keyword_mentioned': 'game', 'message_length': 31}
2025-09-28 13:05:54 | INFO | {'message': 'I just tried an app! It was exciting.', 'author': 'Eve', 'timestamp': '2025-09-28 13:05:54', 'category': 'other', 'sentiment': 0.2, 'keyword_mentioned': 'other', 'message_length': 37}
2025-09-28 13:05:59 | INFO | {'message': 'I just tried a story! It was funny.', 'author': 'Alice', 'timestamp': '2025-09-28 13:05:59', 'category': 'other', 'sentiment': 0.81, 'keyword_mentioned': 'other', 'message_length': 35}
2025-09-28 13:06:04 | INFO | {'message': 'I just saw an app! It was boring.', 'author': 'Charlie', 'timestamp': '2025-09-28 13:06:04', 'category': 'other', 'sentiment': 0.59, 'keyword_mentioned': 'other', 'message_length': 33}
2025-09-28 13:06:09 | INFO | {'message': 'I just saw a story! It was boring.', 'author': 'Alice', 'timestamp': '2025-09-28 13:06:09', 'category': 'other', 'sentiment': 0.34, 'keyword_mentioned': 'other', 'message_length': 34}
2025-09-28 13:06:14 | INFO | {'message': 'I just loved JavaScript! It was weird.', 'author': 'Charlie', 'timestamp': '2025-09-28 13:06:14', 'category': 'tech', 'sentiment': 0.88, 'keyword_mentioned': 'JavaScript', 'message_length': 38}
2025-09-28 13:06:19 | INFO | {'message': 'I just shared game! It was boring.', 'author': 'Alice', 'timestamp': '2025-09-28 13:06:19', 'category': 'gaming', 'sentiment': 0.29, 'keyword_mentioned': 'game', 'message_length': 34}
2025-09-28 13:06:24 | INFO | {'message': 'I just found Python! It was funny.', 'author': 'Charlie', 'timestamp': '2025-09-28 13:06:24', 'category': 'tech', 'sentiment': 0.71, 'keyword_mentioned': 'Python', 'message_length': 34}
2025-09-28 13:06:29 | INFO | {'message': 'I just tried travel! It was boring.', 'author': 'Alice', 'timestamp': '2025-09-28 13:06:29', 'category': 'travel', 'sentiment': 0.04, 'keyword_mentioned': 'travel', 'message_length': 35}
2025-09-28 13:06:34 | INFO | {'message': 'I just tried recipe! It was funny.', 'author': 'Eve', 'timestamp': '2025-09-28 13:06:34', 'category': 'food', 'sentiment': 0.14, 'keyword_mentioned': 'recipe', 'message_length': 34}
2025-09-28 13:06:39 | INFO | {'message': 'I just shared travel! It was exciting.', 'author': 'Bob', 'timestamp': '2025-09-28 13:06:39', 'category': 'travel', 'sentiment': 0.65, 'keyword_mentioned': 'travel', 'message_length': 38}
2025-09-28 13:06:44 | INFO | {'message': 'I just found JavaScript! It was exciting.', 'author': 'Charlie', 'timestamp': '2025-09-28 13:06:44', 'category': 'tech', 'sentiment': 0.01, 'keyword_mentioned': 'JavaScript', 'message_length': 41}
2025-09-28 13:06:49 | INFO | {'message': 'I just loved a meme! It was boring.', 'author': 'Eve', 'timestamp': '2025-09-28 13:06:49', 'category': 'humor', 'sentiment': 0.41, 'keyword_mentioned': 'meme', 'message_length': 35}
2025-09-28 13:06:54 | INFO | {'message': 'I just saw a meme! It was exciting.', 'author': 'Bob', 'timestamp': '2025-09-28 13:06:54', 'category': 'humor', 'sentiment': 0.23, 'keyword_mentioned': 'meme', 'message_length': 35}
2025-09-28 13:06:59 | INFO | {'message': 'I just tried an app! It was weird.', 'author': 'Charlie', 'timestamp': '2025-09-28 13:06:59', 'category': 'other', 'sentiment': 0.82, 'keyword_mentioned': 'other', 'message_length': 34}
2025-09-28 13:07:04 | INFO | {'message': 'I just shared JavaScript! It was amazing.', 'author': 'Charlie', 'timestamp': '2025-09-28 13:07:04', 'category': 'tech', 'sentiment': 0.02, 'keyword_mentioned': 'JavaScript', 'message_length': 41}
2025-09-28 13:07:09 | INFO | {'message': 'I just tried a meme! It was weird.', 'author': 'Charlie', 'timestamp': '2025-09-28 13:07:09', 'category': 'humor', 'sentiment': 0.54, 'keyword_mentioned': 'meme', 'message_length': 34}
2025-09-28 13:07:14 | INFO | {'message': 'I just found a meme! It was boring.', 'author': 'Bob', 'timestamp': '2025-09-28 13:07:14', 'category': 'humor', 'sentiment': 0.83, 'keyword_mentioned': 'meme', 'message_length': 35}
2025-09-28 13:07:19 | INFO | {'message': 'I just found a trick! It was weird.', 'author': 'Alice', 'timestamp': '2025-09-28 13:07:19', 'category': 'other', 'sentiment': 0.73, 'keyword_mentioned': 'other', 'message_length': 35}
2025-09-28 13:07:24 | INFO | {'message': 'I just saw recipe! It was funny.', 'author': 'Alice', 'timestamp': '2025-09-28 13:07:24', 'category': 'food', 'sentiment': 0.35, 'keyword_mentioned': 'recipe', 'message_length': 32}
2025-09-28 13:07:29 | INFO | {'message': 'I just saw a trick! It was amazing.', 'author': 'Eve', 'timestamp': '2025-09-28 13:07:29', 'category': 'other', 'sentiment': 0.6, 'keyword_mentioned': 'other', 'message_length': 35}
2025-09-28 13:07:34 | INFO | {'message': 'I just saw JavaScript! It was amazing.', 'author': 'Alice', 'timestamp': '2025-09-28 13:07:34', 'category': 'tech', 'sentiment': 0.73, 'keyword_mentioned': 'JavaScript', 'message_length': 38}
2025-09-28 13:07:39 | INFO | {'message': 'I just loved a story! It was weird.', 'author': 'Alice', 'timestamp': '2025-09-28 13:07:39', 'category': 'other', 'sentiment': 0.56, 'keyword_mentioned': 'other', 'message_length': 35}
2025-09-28 13:07:44 | INFO | {'message': 'I just saw a story! It was funny.', 'author': 'Bob', 'timestamp': '2025-09-28 13:07:44', 'category': 'other', 'sentiment': 0.1, 'keyword_mentioned': 'other', 'message_length': 33}
2025-09-28 13:07:49 | INFO | {'message': 'I just shared recipe! It was exciting.', 'author': 'Bob', 'timestamp': '2025-09-28 13:07:49', 'category': 'food', 'sentiment': 0.9, 'keyword_mentioned': 'recipe', 'message_length': 38}
2025-09-28 13:07:54 | INFO | {'message': 'I just saw a movie! It was exciting.', 'author': 'Eve', 'timestamp': '2025-09-28 13:07:54', 'category': 'entertainment', 'sentiment': 0.38, 'keyword_mentioned': 'movie', 'message_length': 36}
2025-09-28 13:07:59 | INFO | {'message': 'I just tried a meme! It was funny.', 'author': 'Charlie', 'timestamp': '2025-09-28 13:07:59', 'category': 'humor', 'sentiment': 0.93, 'keyword_mentioned': 'meme', 'message_length': 34}
2025-09-28 13:08:04 | INFO | {'message': 'I just loved a story! It was boring.', 'author': 'Bob', 'timestamp': '2025-09-28 13:08:04', 'category': 'other', 'sentiment': 0.35, 'keyword_mentioned': 'other', 'message_length': 36}
2025-09-28 13:08:09 | INFO | {'message': 'I just loved a story! It was amazing.', 'author': 'Charlie', 'timestamp': '2025-09-28 13:08:09', 'category': 'other', 'sentiment': 0.39, 'keyword_mentioned': 'other', 'message_length': 37}
2025-09-28 13:08:14 | INFO | {'message': 'I just loved a meme! It was funny.', 'author': 'Eve', 'timestamp': '2025-09-28 13:08:14', 'category': 'humor', 'sentiment': 0.12, 'keyword_mentioned': 'meme', 'message_length': 34}
2025-09-28 13:08:19 | INFO | {'message': 'I just tried Python! It was weird.', 'author': 'Eve', 'timestamp': '2025-09-28 13:08:19', 'category': 'tech', 'sentiment': 0.59, 'keyword_mentioned': 'Python', 'message_length': 34}
2025-09-28 13:08:24 | INFO | {'message': 'I just tried a meme! It was amazing.', 'author': 'Alice', 'timestamp': '2025-09-28 13:08:24', 'category': 'humor', 'sentiment': 0.11, 'keyword_mentioned': 'meme', 'message_length': 36}
2025-09-28 13:08:29 | INFO | {'message': 'I just saw game! It was exciting.', 'author': 'Bob', 'timestamp': '2025-09-28 13:08:29', 'category': 'gaming', 'sentiment': 0.95, 'keyword_mentioned': 'game', 'message_length': 33}
2025-09-28 13:08:34 | INFO | {'message': 'I just saw a story! It was amazing.', 'author': 'Charlie', 'timestamp': '2025-09-28 13:08:34', 'category': 'other', 'sentiment': 0.71, 'keyword_mentioned': 'other', 'message_length': 35}
2025-09-28 13:08:39 | INFO | {'message': 'I just loved Python! It was exciting.', 'author': 'Eve', 'timestamp': '2025-09-28 13:08:39', 'category': 'tech', 'sentiment': 0.23, 'keyword_mentioned': 'Python', 'message_length': 37}
2025-09-28 13:08:44 | INFO | {'message': 'I just found travel! It was boring.', 'author': 'Alice', 'timestamp': '2025-09-28 13:08:44', 'category': 'travel', 'sentiment': 0.74, 'keyword_mentioned': 'travel', 'message_length': 35}
2025-09-28 13:08:49 | INFO | {'message': 'I just found game! It was exciting.', 'author': 'Charlie', 'timestamp': '2025-09-28 13:08:49', 'category': 'gaming', 'sentiment': 0.07, 'keyword_mentioned': 'game', 'message_length': 35}
2025-09-28 13:08:54 | INFO | {'message': 'I just saw a story! It was funny.', 'author': 'Alice', 'timestamp': '2025-09-28 13:08:54', 'category': 'other', 'sentiment': 0.22, 'keyword_mentioned': 'other', 'message_length': 33}
2025-09-28 13:08:59 | INFO | {'message': 'I just tried recipe! It was exciting.', 'author': 'Alice', 'timestamp': '2025-09-28 13:08:59', 'category': 'food', 'sentiment': 0.19, 'keyword_mentioned': 'recipe', 'message_length': 37}
2025-09-28 13:09:04 | INFO | {'message': 'I just tried Python! It was funny.', 'author': 'Charlie', 'timestamp': '2025-09-28 13:09:04', 'category': 'tech', 'sentiment': 0.17, 'keyword_mentioned': 'Python', 'message_length': 34}
2025-09-28 13:09:09 | INFO | {'message': 'I just loved travel! It was boring.', 'author': 'Charlie', 'timestamp': '2025-09-28 13:09:09', 'category': 'travel', 'sentiment': 0.99, 'keyword_mentioned': 'travel', 'message_length': 35}
2025-09-28 13:09:14 | INFO | {'message': 'I just shared JavaScript! It was boring.', 'author': 'Bob', 'timestamp': '2025-09-28 13:09:14', 'category': 'tech', 'sentiment': 0.73, 'keyword_mentioned': 'JavaScript', 'message_length': 40}
2025-09-28 13:09:19 | INFO | {'message': 'I just saw JavaScript! It was amazing.', 'author': 'Charlie', 'timestamp': '2025-09-28 13:09:19', 'category': 'tech', 'sentiment': 0.04, 'keyword_mentioned': 'JavaScript', 'message_length': 38}
2025-09-28 13:09:24 | INFO | {'message': 'I just tried an app! It was boring.', 'author': 'Bob', 'timestamp': '2025-09-28 13:09:24', 'category': 'other', 'sentiment': 0.11, 'keyword_mentioned': 'other', 'message_length': 35}
2025-09-28 13:09:29 | INFO | {'message': 'I just tried a story! It was boring.', 'author': 'Bob', 'timestamp': '2025-09-28 13:09:29', 'category': 'other', 'sentiment': 0.16, 'keyword_mentioned': 'other', 'message_length': 36}
2025-09-28 13:09:34 | INFO | {'message': 'I just tried JavaScript! It was weird.', 'author': 'Alice', 'timestamp': '2025-09-28 13:09:34', 'category': 'tech', 'sentiment': 1.0, 'keyword_mentioned': 'JavaScript', 'message_length': 38}
2025-09-28 13:09:39 | INFO | {'message': 'I just tried a trick! It was amazing.', 'author': 'Alice', 'timestamp': '2025-09-28 13:09:39', 'category': 'other', 'sentiment': 0.19, 'keyword_mentioned': 'other', 'message_length': 37}
2025-09-28 13:09:44 | INFO | {'message': 'I just saw JavaScript! It was exciting.', 'author': 'Bob', 'timestamp': '2025-09-28 13:09:44', 'category': 'tech', 'sentiment': 0.95, 'keyword_mentioned': 'JavaScript', 'message_length': 39}
2025-09-28 13:09:49 | INFO | {'message': 'I just saw JavaScript! It was funny.', 'author': 'Bob', 'timestamp': '2025-09-28 13:09:49', 'category': 'tech', 'sentiment': 0.16, 'keyword_mentioned': 'JavaScript', 'message_length': 36}
2025-09-28 13:09:54 | INFO | {'message': 'I just tried a story! It was exciting.', 'author': 'Charlie', 'timestamp': '2025-09-28 13:09:54', 'category': 'other', 'sentiment': 0.91, 'keyword_mentioned': 'other', 'message_length': 38}
2025-09-28 13:09:59 | INFO | {'message': 'I just loved travel! It was funny.', 'author': 'Charlie', 'timestamp': '2025-09-28 13:09:59', 'category': 'travel', 'sentiment': 0.83, 'keyword_mentioned': 'travel', 'message_length': 34}
2025-09-28 13:10:04 | INFO | {'message': 'I just saw a story! It was boring.', 'author': 'Charlie', 'timestamp': '2025-09-28 13:10:04', 'category': 'other', 'sentiment': 0.4, 'keyword_mentioned': 'other', 'message_length': 34}
2025-09-28 13:10:09 | INFO | {'message': 'I just loved a movie! It was weird.', 'author': 'Charlie', 'timestamp': '2025-09-28 13:10:09', 'category': 'entertainment', 'sentiment': 0.24, 'keyword_mentioned': 'movie', 'message_length': 35}
2025-09-28 13:10:14 | INFO | {'message': 'I just loved game! It was weird.', 'author': 'Alice', 'timestamp': '2025-09-28 13:10:14', 'category': 'gaming', 'sentiment': 0.83, 'keyword_mentioned': 'game', 'message_length': 32}
2025-09-28 13:10:19 | INFO | {'message': 'I just found travel! It was boring.', 'author': 'Alice', 'timestamp': '2025-09-28 13:10:19', 'category': 'travel', 'sentiment': 0.74, 'keyword_mentioned': 'travel', 'message_length': 35}
2025-09-28 13:10:24 | INFO | {'message': 'I just shared Python! It was exciting.', 'author': 'Alice', 'timestamp': '2025-09-28 13:10:24', 'category': 'tech', 'sentiment': 0.69, 'keyword_mentioned': 'Python', 'message_length': 38}
2025-09-28 13:10:29 | INFO | {'message': 'I just shared game! It was exciting.', 'author': 'Eve', 'timestamp': '2025-09-28 13:10:29', 'category': 'gaming', 'sentiment': 0.8, 'keyword_mentioned': 'game', 'message_length': 36}
2025-09-28 13:10:34 | INFO | {'message': 'I just loved a story! It was weird.', 'author': 'Bob', 'timestamp': '2025-09-28 13:10:34', 'category': 'other', 'sentiment': 0.17, 'keyword_mentioned': 'other', 'message_length': 35}
2025-09-28 13:10:39 | INFO | {'message': 'I just found a trick! It was boring.', 'author': 'Alice', 'timestamp': '2025-09-28 13:10:39', 'category': 'other', 'sentiment': 0.73, 'keyword_mentioned': 'other', 'message_length': 36}
2025-09-28 13:10:44 | INFO | {'message': 'I just loved a meme! It was weird.', 'author': 'Charlie', 'timestamp': '2025-09-28 13:10:44', 'category': 'humor', 'sentiment': 0.19, 'keyword_mentioned': 'meme', 'message_length': 34}
2025-09-28 13:10:49 | INFO | {'message': 'I just tried a meme! It was exciting.', 'author': 'Charlie', 'timestamp': '2025-09-28 13:10:49', 'category': 'humor', 'sentiment': 0.03, 'keyword_mentioned': 'meme', 'message_length': 37}
2025-09-28 13:10:54 | INFO | {'message': 'I just loved a movie! It was exciting.', 'author': 'Bob', 'timestamp': '2025-09-28 13:10:54', 'category': 'entertainment', 'sentiment': 1.0, 'keyword_mentioned': 'movie', 'message_length': 38}
2025-09-28 13:10:59 | INFO | {'message': 'I just shared a trick! It was weird.', 'author': 'Alice', 'timestamp': '2025-09-28 13:10:59', 'category': 'other', 'sentiment': 0.57, 'keyword_mentioned': 'other', 'message_length': 36}
2025-09-28 13:11:04 | INFO | {'message': 'I just tried travel! It was weird.', 'author': 'Charlie', 'timestamp': '2025-09-28 13:11:04', 'category': 'travel', 'sentiment': 0.87, 'keyword_mentioned': 'travel', 'message_length': 34}
2025-09-28 13:11:09 | INFO | {'message': 'I just saw a movie! It was funny.', 'author': 'Eve', 'timestamp': '2025-09-28 13:11:09', 'category': 'entertainment', 'sentiment': 0.67, 'keyword_mentioned': 'movie', 'message_length': 33}
2025-09-28 13:11:14 | INFO | {'message': 'I just found game! It was amazing.', 'author': 'Charlie', 'timestamp': '2025-09-28 13:11:14', 'category': 'gaming', 'sentiment': 0.95, 'keyword_mentioned': 'game', 'message_length': 34}
2025-09-28 13:11:19 | INFO | {'message': 'I just found a meme! It was weird.', 'author': 'Charlie', 'timestamp': '2025-09-28 13:11:19', 'category': 'humor', 'sentiment': 0.9, 'keyword_mentioned': 'meme', 'message_length': 34}
2025-09-28 13:11:24 | INFO | {'message': 'I just tried JavaScript! It was funny.', 'author': 'Charlie', 'timestamp': '2025-09-28 13:11:24', 'category': 'tech', 'sentiment': 0.16, 'keyword_mentioned': 'JavaScript', 'message_length': 38}
2025-09-28 13:11:29 | INFO | {'message': 'I just tried a meme! It was weird.', 'author': 'Charlie', 'timestamp': '2025-09-28 13:11:29', 'category': 'humor', 'sentiment': 0.63, 'keyword_mentioned': 'meme', 'message_length': 34}
2025-09-28 13:11:34 | INFO | {'message': 'I just tried an app! It was funny.', 'author': 'Alice', 'timestamp': '2025-09-28 13:11:34', 'category': 'other', 'sentiment': 0.78, 'keyword_mentioned': 'other', 'message_length': 34}
2025-09-28 13:11:39 | INFO | Logging to file: logs/project_log.log
2025-09-28 13:11:39 | INFO | Log sanitization enabled, personal info removed
2025-09-28 13:11:39 | INFO | Starting continuous Kafka Consumer.
2025-09-28 13:11:39 | INFO | Use Ctrl+C to stop.
2025-09-28 13:11:39 | INFO | BUZZ_TOPIC: buzzline
2025-09-28 13:11:39 | INFO | KAFKA_BROKER_ADDRESS: 127.0.0.1:9092
2025-09-28 13:11:39 | INFO | BASE_DATA_DIR: PROJECT_ROOT/data
2025-09-28 13:11:39 | INFO | SQLITE_PATH: PROJECT_ROOT/data/buzz.sqlite
2025-09-28 13:11:39 | INFO | Calling SQLite init_db() to set up tables.
2025-09-28 13:11:39 | INFO | SUCCESS: Database initialized at PROJECT_ROOT/data/buzz.sqlite.
2025-09-28 13:11:39 | INFO | {'message': 'I just loved recipe! It was boring.', 'author': 'Alice', 'timestamp': '2025-09-28 13:11:39', 'category': 'food', 'sentiment': 0.98, 'keyword_mentioned': 'recipe', 'message_length': 35}
2025-09-28 13:11:41 | ERROR | ERROR: Failed to set up Kafka consumer. Is Kafka running? Error: NoBrokersAvailable
2025-09-28 13:11:44 | INFO | {'message': 'I just saw a meme! It was weird.', 'author': 'Alice', 'timestamp': '2025-09-28 13:11:44', 'category': 'humor', 'sentiment': 0.65, 'keyword_mentioned': 'meme', 'message_length': 32}
2025-09-28 13:11:49 | INFO | {'message': 'I just loved an app! It was boring.', 'author': 'Bob', 'timestamp': '2025-09-28 13:11:49', 'category': 'other', 'sentiment': 0.62, 'keyword_mentioned': 'other', 'message_length': 35}
2025-09-28 13:11:54 | INFO | {'message': 'I just tried a story! It was funny.', 'author': 'Eve', 'timestamp': '2025-09-28 13:11:54', 'category': 'other', 'sentiment': 0.49, 'keyword_mentioned': 'other', 'message_length': 35}
2025-09-28 13:11:59 | INFO | {'message': 'I just shared Python! It was weird.', 'author': 'Eve', 'timestamp': '2025-09-28 13:11:59', 'category': 'tech', 'sentiment': 0.57, 'keyword_mentioned': 'Python', 'message_length': 35}
2025-09-28 13:12:04 | INFO | {'message': 'I just loved travel! It was amazing.', 'author': 'Eve', 'timestamp': '2025-09-28 13:12:04', 'category': 'travel', 'sentiment': 0.72, 'keyword_mentioned': 'travel', 'message_length': 36}
2025-09-28 13:12:09 | INFO | {'message': 'I just saw a movie! It was weird.', 'author': 'Bob', 'timestamp': '2025-09-28 13:12:09', 'category': 'entertainment', 'sentiment': 0.39, 'keyword_mentioned': 'movie', 'message_length': 33}
2025-09-28 13:12:14 | INFO | {'message': 'I just saw a movie! It was amazing.', 'author': 'Bob', 'timestamp': '2025-09-28 13:12:14', 'category': 'entertainment', 'sentiment': 0.79, 'keyword_mentioned': 'movie', 'message_length': 35}
2025-09-28 13:12:19 | INFO | {'message': 'I just tried a movie! It was weird.', 'author': 'Eve', 'timestamp': '2025-09-28 13:12:19', 'category': 'entertainment', 'sentiment': 0.39, 'keyword_mentioned': 'movie', 'message_length': 35}
2025-09-28 13:12:24 | INFO | {'message': 'I just shared Python! It was boring.', 'author': 'Charlie', 'timestamp': '2025-09-28 13:12:24', 'category': 'tech', 'sentiment': 0.18, 'keyword_mentioned': 'Python', 'message_length': 36}
2025-09-28 13:12:29 | INFO | {'message': 'I just found recipe! It was boring.', 'author': 'Eve', 'timestamp': '2025-09-28 13:12:29', 'category': 'food', 'sentiment': 0.6, 'keyword_mentioned': 'recipe', 'message_length': 35}
2025-09-28 13:12:34 | INFO | {'message': 'I just loved recipe! It was exciting.', 'author': 'Eve', 'timestamp': '2025-09-28 13:12:34', 'category': 'food', 'sentiment': 0.64, 'keyword_mentioned': 'recipe', 'message_length': 37}
2025-09-28 13:12:39 | INFO | {'message': 'I just saw JavaScript! It was exciting.', 'author': 'Alice', 'timestamp': '2025-09-28 13:12:39', 'category': 'tech', 'sentiment': 0.67, 'keyword_mentioned': 'JavaScript', 'message_length': 39}
2025-09-28 13:12:44 | INFO | {'message': 'I just shared travel! It was exciting.', 'author': 'Alice', 'timestamp': '2025-09-28 13:12:44', 'category': 'travel', 'sentiment': 0.02, 'keyword_mentioned': 'travel', 'message_length': 38}
2025-09-28 13:12:49 | INFO | {'message': 'I just tried a story! It was boring.', 'author': 'Eve', 'timestamp': '2025-09-28 13:12:49', 'category': 'other', 'sentiment': 0.35, 'keyword_mentioned': 'other', 'message_length': 36}
2025-09-28 13:12:54 | INFO | {'message': 'I just saw game! It was funny.', 'author': 'Bob', 'timestamp': '2025-09-28 13:12:54', 'category': 'gaming', 'sentiment': 0.51, 'keyword_mentioned': 'game', 'message_length': 30}
2025-09-28 13:12:57 | INFO | Logging to file: logs/project_log.log
2025-09-28 13:12:57 | INFO | Log sanitization enabled, personal info removed
2025-09-28 13:12:57 | INFO | Starting continuous Kafka Consumer.
2025-09-28 13:12:57 | INFO | Use Ctrl+C to stop.
2025-09-28 13:12:57 | INFO | BUZZ_TOPIC: buzzline
2025-09-28 13:12:57 | INFO | KAFKA_BROKER_ADDRESS: 127.0.0.1:9092
2025-09-28 13:12:57 | INFO | BASE_DATA_DIR: PROJECT_ROOT/data
2025-09-28 13:12:57 | INFO | SQLITE_PATH: PROJECT_ROOT/data/buzz.sqlite
2025-09-28 13:12:57 | INFO | Calling SQLite init_db() to set up tables.
2025-09-28 13:12:57 | INFO | SUCCESS: Database initialized at PROJECT_ROOT/data/buzz.sqlite.
2025-09-28 13:12:59 | INFO | {'message': 'I just found a story! It was boring.', 'author': 'Bob', 'timestamp': '2025-09-28 13:12:59', 'category': 'other', 'sentiment': 0.71, 'keyword_mentioned': 'other', 'message_length': 36}
2025-09-28 13:13:00 | ERROR | ERROR: Failed to set up Kafka consumer. Is Kafka running? Error: NoBrokersAvailable
2025-09-28 13:13:04 | INFO | {'message': 'I just saw a story! It was exciting.', 'author': 'Bob', 'timestamp': '2025-09-28 13:13:04', 'category': 'other', 'sentiment': 0.0, 'keyword_mentioned': 'other', 'message_length': 36}
2025-09-28 13:13:09 | INFO | {'message': 'I just found an app! It was weird.', 'author': 'Alice', 'timestamp': '2025-09-28 13:13:09', 'category': 'other', 'sentiment': 0.43, 'keyword_mentioned': 'other', 'message_length': 34}
2025-09-28 13:13:14 | INFO | {'message': 'I just found travel! It was exciting.', 'author': 'Charlie', 'timestamp': '2025-09-28 13:13:14', 'category': 'travel', 'sentiment': 0.5, 'keyword_mentioned': 'travel', 'message_length': 37}
2025-09-28 13:13:19 | INFO | {'message': 'I just saw a trick! It was weird.', 'author': 'Eve', 'timestamp': '2025-09-28 13:13:19', 'category': 'other', 'sentiment': 0.25, 'keyword_mentioned': 'other', 'message_length': 33}
2025-09-28 13:13:24 | INFO | {'message': 'I just loved a movie! It was weird.', 'author': 'Eve', 'timestamp': '2025-09-28 13:13:24', 'category': 'entertainment', 'sentiment': 0.36, 'keyword_mentioned': 'movie', 'message_length': 35}
2025-09-28 13:13:29 | INFO | {'message': 'I just found a meme! It was funny.', 'author': 'Eve', 'timestamp': '2025-09-28 13:13:29', 'category': 'humor', 'sentiment': 0.95, 'keyword_mentioned': 'meme', 'message_length': 34}
2025-09-28 13:13:34 | INFO | {'message': 'I just loved a movie! It was exciting.', 'author': 'Charlie', 'timestamp': '2025-09-28 13:13:34', 'category': 'entertainment', 'sentiment': 0.83, 'keyword_mentioned': 'movie', 'message_length': 38}
2025-09-28 13:13:39 | INFO | {'message': 'I just tried a meme! It was amazing.', 'author': 'Charlie', 'timestamp': '2025-09-28 13:13:39', 'category': 'humor', 'sentiment': 0.39, 'keyword_mentioned': 'meme', 'message_length': 36}
2025-09-28 13:13:44 | INFO | {'message': 'I just shared a story! It was weird.', 'author': 'Alice', 'timestamp': '2025-09-28 13:13:44', 'category': 'other', 'sentiment': 0.36, 'keyword_mentioned': 'other', 'message_length': 36}
2025-09-28 13:13:49 | INFO | {'message': 'I just found a trick! It was boring.', 'author': 'Charlie', 'timestamp': '2025-09-28 13:13:49', 'category': 'other', 'sentiment': 0.64, 'keyword_mentioned': 'other', 'message_length': 36}
2025-09-28 13:13:54 | INFO | {'message': 'I just loved a movie! It was amazing.', 'author': 'Charlie', 'timestamp': '2025-09-28 13:13:54', 'category': 'entertainment', 'sentiment': 0.51, 'keyword_mentioned': 'movie', 'message_length': 37}
2025-09-28 13:13:59 | INFO | {'message': 'I just found a movie! It was amazing.', 'author': 'Bob', 'timestamp': '2025-09-28 13:13:59', 'category': 'entertainment', 'sentiment': 0.21, 'keyword_mentioned': 'movie', 'message_length': 37}
2025-09-28 13:14:04 | INFO | {'message': 'I just loved game! It was funny.', 'author': 'Eve', 'timestamp': '2025-09-28 13:14:04', 'category': 'gaming', 'sentiment': 0.94, 'keyword_mentioned': 'game', 'message_length': 32}
2025-09-28 13:14:09 | INFO | {'message': 'I just saw Python! It was boring.', 'author': 'Eve', 'timestamp': '2025-09-28 13:14:09', 'category': 'tech', 'sentiment': 0.1, 'keyword_mentioned': 'Python', 'message_length': 33}
2025-09-28 13:14:14 | INFO | {'message': 'I just found JavaScript! It was funny.', 'author': 'Eve', 'timestamp': '2025-09-28 13:14:14', 'category': 'tech', 'sentiment': 0.13, 'keyword_mentioned': 'JavaScript', 'message_length': 38}
2025-09-28 13:14:20 | INFO | {'message': 'I just found travel! It was weird.', 'author': 'Bob', 'timestamp': '2025-09-28 13:14:20', 'category': 'travel', 'sentiment': 0.68, 'keyword_mentioned': 'travel', 'message_length': 34}
2025-09-28 13:14:25 | INFO | {'message': 'I just saw a trick! It was funny.', 'author': 'Alice', 'timestamp': '2025-09-28 13:14:25', 'category': 'other', 'sentiment': 0.09, 'keyword_mentioned': 'other', 'message_length': 33}
2025-09-28 13:14:30 | INFO | {'message': 'I just saw Python! It was weird.', 'author': 'Alice', 'timestamp': '2025-09-28 13:14:30', 'category': 'tech', 'sentiment': 0.16, 'keyword_mentioned': 'Python', 'message_length': 32}
2025-09-28 13:14:35 | INFO | {'message': 'I just loved travel! It was boring.', 'author': 'Bob', 'timestamp': '2025-09-28 13:14:35', 'category': 'travel', 'sentiment': 0.41, 'keyword_mentioned': 'travel', 'message_length': 35}
2025-09-28 13:14:40 | INFO | {'message': 'I just tried game! It was boring.', 'author': 'Charlie', 'timestamp': '2025-09-28 13:14:40', 'category': 'gaming', 'sentiment': 0.31, 'keyword_mentioned': 'game', 'message_length': 33}
2025-09-28 13:14:45 | INFO | {'message': 'I just saw a movie! It was amazing.', 'author': 'Charlie', 'timestamp': '2025-09-28 13:14:45', 'category': 'entertainment', 'sentiment': 0.45, 'keyword_mentioned': 'movie', 'message_length': 35}
2025-09-28 13:14:50 | INFO | {'message': 'I just shared recipe! It was boring.', 'author': 'Alice', 'timestamp': '2025-09-28 13:14:50', 'category': 'food', 'sentiment': 0.53, 'keyword_mentioned': 'recipe', 'message_length': 36}
2025-09-28 13:14:55 | INFO | {'message': 'I just found travel! It was funny.', 'author': 'Eve', 'timestamp': '2025-09-28 13:14:55', 'category': 'travel', 'sentiment': 0.46, 'keyword_mentioned': 'travel', 'message_length': 34}
2025-09-28 13:15:00 | INFO | {'message': 'I just loved a trick! It was weird.', 'author': 'Charlie', 'timestamp': '2025-09-28 13:15:00', 'category': 'other', 'sentiment': 0.47, 'keyword_mentioned': 'other', 'message_length': 35}
2025-09-28 13:15:05 | INFO | {'message': 'I just shared a story! It was amazing.', 'author': 'Eve', 'timestamp': '2025-09-28 13:15:05', 'category': 'other', 'sentiment': 0.69, 'keyword_mentioned': 'other', 'message_length': 38}
2025-09-28 13:15:10 | INFO | {'message': 'I just shared travel! It was funny.', 'author': 'Eve', 'timestamp': '2025-09-28 13:15:10', 'category': 'travel', 'sentiment': 0.08, 'keyword_mentioned': 'travel', 'message_length': 35}
2025-09-28 13:15:15 | INFO | {'message': 'I just tried Python! It was exciting.', 'author': 'Alice', 'timestamp': '2025-09-28 13:15:15', 'category': 'tech', 'sentiment': 0.63, 'keyword_mentioned': 'Python', 'message_length': 37}
2025-09-28 13:15:20 | INFO | {'message': 'I just tried game! It was boring.', 'author': 'Eve', 'timestamp': '2025-09-28 13:15:20', 'category': 'gaming', 'sentiment': 0.23, 'keyword_mentioned': 'game', 'message_length': 33}
2025-09-28 13:15:25 | INFO | {'message': 'I just loved recipe! It was amazing.', 'author': 'Alice', 'timestamp': '2025-09-28 13:15:25', 'category': 'food', 'sentiment': 0.05, 'keyword_mentioned': 'recipe', 'message_length': 36}
2025-09-28 13:15:30 | INFO | {'message': 'I just shared Python! It was boring.', 'author': 'Bob', 'timestamp': '2025-09-28 13:15:30', 'category': 'tech', 'sentiment': 0.38, 'keyword_mentioned': 'Python', 'message_length': 36}
2025-09-28 13:15:35 | INFO | {'message': 'I just loved a meme! It was amazing.', 'author': 'Bob', 'timestamp': '2025-09-28 13:15:35', 'category': 'humor', 'sentiment': 0.46, 'keyword_mentioned': 'meme', 'message_length': 36}
2025-09-28 13:15:40 | INFO | {'message': 'I just shared game! It was funny.', 'author': 'Bob', 'timestamp': '2025-09-28 13:15:40', 'category': 'gaming', 'sentiment': 0.77, 'keyword_mentioned': 'game', 'message_length': 33}
2025-09-28 13:15:45 | INFO | {'message': 'I just shared a story! It was weird.', 'author': 'Bob', 'timestamp': '2025-09-28 13:15:45', 'category': 'other', 'sentiment': 0.17, 'keyword_mentioned': 'other', 'message_length': 36}
2025-09-28 13:15:50 | INFO | {'message': 'I just loved travel! It was weird.', 'author': 'Alice', 'timestamp': '2025-09-28 13:15:50', 'category': 'travel', 'sentiment': 0.78, 'keyword_mentioned': 'travel', 'message_length': 34}
2025-09-28 13:15:55 | INFO | {'message': 'I just found travel! It was boring.', 'author': 'Alice', 'timestamp': '2025-09-28 13:15:55', 'category': 'travel', 'sentiment': 0.9, 'keyword_mentioned': 'travel', 'message_length': 35}
2025-09-28 13:16:00 | INFO | {'message': 'I just tried a movie! It was weird.', 'author': 'Bob', 'timestamp': '2025-09-28 13:16:00', 'category': 'entertainment', 'sentiment': 0.79, 'keyword_mentioned': 'movie', 'message_length': 35}
2025-09-28 13:16:05 | INFO | {'message': 'I just loved a meme! It was weird.', 'author': 'Alice', 'timestamp': '2025-09-28 13:16:05', 'category': 'humor', 'sentiment': 0.07, 'keyword_mentioned': 'meme', 'message_length': 34}
2025-09-28 13:16:10 | INFO | {'message': 'I just shared Python! It was amazing.', 'author': 'Bob', 'timestamp': '2025-09-28 13:16:10', 'category': 'tech', 'sentiment': 0.43, 'keyword_mentioned': 'Python', 'message_length': 37}
2025-09-28 13:16:15 | INFO | {'message': 'I just loved a trick! It was exciting.', 'author': 'Alice', 'timestamp': '2025-09-28 13:16:15', 'category': 'other', 'sentiment': 0.6, 'keyword_mentioned': 'other', 'message_length': 38}
2025-09-28 13:16:20 | INFO | {'message': 'I just loved game! It was weird.', 'author': 'Bob', 'timestamp': '2025-09-28 13:16:20', 'category': 'gaming', 'sentiment': 0.53, 'keyword_mentioned': 'game', 'message_length': 32}
2025-09-28 13:16:25 | INFO | {'message': 'I just tried Python! It was weird.', 'author': 'Alice', 'timestamp': '2025-09-28 13:16:25', 'category': 'tech', 'sentiment': 0.41, 'keyword_mentioned': 'Python', 'message_length': 34}
2025-09-28 13:16:30 | INFO | {'message': 'I just shared a movie! It was funny.', 'author': 'Charlie', 'timestamp': '2025-09-28 13:16:30', 'category': 'entertainment', 'sentiment': 0.37, 'keyword_mentioned': 'movie', 'message_length': 36}
2025-09-28 13:16:35 | INFO | {'message': 'I just shared a story! It was amazing.', 'author': 'Charlie', 'timestamp': '2025-09-28 13:16:35', 'category': 'other', 'sentiment': 0.7, 'keyword_mentioned': 'other', 'message_length': 38}
2025-09-28 13:16:40 | INFO | {'message': 'I just loved Python! It was boring.', 'author': 'Eve', 'timestamp': '2025-09-28 13:16:40', 'category': 'tech', 'sentiment': 0.24, 'keyword_mentioned': 'Python', 'message_length': 35}
2025-09-28 13:16:45 | INFO | {'message': 'I just tried a movie! It was weird.', 'author': 'Eve', 'timestamp': '2025-09-28 13:16:45', 'category': 'entertainment', 'sentiment': 0.71, 'keyword_mentioned': 'movie', 'message_length': 35}
2025-09-28 13:16:50 | INFO | {'message': 'I just tried a movie! It was funny.', 'author': 'Alice', 'timestamp': '2025-09-28 13:16:50', 'category': 'entertainment', 'sentiment': 0.64, 'keyword_mentioned': 'movie', 'message_length': 35}
2025-09-28 13:16:55 | INFO | {'message': 'I just found an app! It was amazing.', 'author': 'Eve', 'timestamp': '2025-09-28 13:16:55', 'category': 'other', 'sentiment': 0.17, 'keyword_mentioned': 'other', 'message_length': 36}
2025-09-28 13:17:00 | INFO | {'message': 'I just found a movie! It was funny.', 'author': 'Alice', 'timestamp': '2025-09-28 13:17:00', 'category': 'entertainment', 'sentiment': 0.54, 'keyword_mentioned': 'movie', 'message_length': 35}
2025-09-28 13:17:05 | INFO | {'message': 'I just shared an app! It was weird.', 'author': 'Alice', 'timestamp': '2025-09-28 13:17:05', 'category': 'other', 'sentiment': 0.23, 'keyword_mentioned': 'other', 'message_length': 35}
2025-09-28 13:17:10 | INFO | {'message': 'I just tried a movie! It was weird.', 'author': 'Alice', 'timestamp': '2025-09-28 13:17:10', 'category': 'entertainment', 'sentiment': 0.7, 'keyword_mentioned': 'movie', 'message_length': 35}
2025-09-28 13:17:15 | INFO | {'message': 'I just shared travel! It was boring.', 'author': 'Charlie', 'timestamp': '2025-09-28 13:17:15', 'category': 'travel', 'sentiment': 0.09, 'keyword_mentioned': 'travel', 'message_length': 36}
2025-09-28 13:17:20 | INFO | {'message': 'I just shared a trick! It was boring.', 'author': 'Bob', 'timestamp': '2025-09-28 13:17:20', 'category': 'other', 'sentiment': 0.83, 'keyword_mentioned': 'other', 'message_length': 37}
2025-09-28 13:17:25 | INFO | {'message': 'I just loved a trick! It was weird.', 'author': 'Alice', 'timestamp': '2025-09-28 13:17:25', 'category': 'other', 'sentiment': 0.71, 'keyword_mentioned': 'other', 'message_length': 35}
2025-09-28 13:17:30 | INFO | {'message': 'I just loved game! It was amazing.', 'author': 'Bob', 'timestamp': '2025-09-28 13:17:30', 'category': 'gaming', 'sentiment': 0.12, 'keyword_mentioned': 'game', 'message_length': 34}
2025-09-28 13:17:35 | INFO | {'message': 'I just shared an app! It was weird.', 'author': 'Alice', 'timestamp': '2025-09-28 13:17:35', 'category': 'other', 'sentiment': 0.05, 'keyword_mentioned': 'other', 'message_length': 35}
2025-09-28 13:17:40 | INFO | {'message': 'I just loved an app! It was weird.', 'author': 'Eve', 'timestamp': '2025-09-28 13:17:40', 'category': 'other', 'sentiment': 0.7, 'keyword_mentioned': 'other', 'message_length': 34}
2025-09-28 13:17:45 | INFO | {'message': 'I just found a story! It was amazing.', 'author': 'Eve', 'timestamp': '2025-09-28 13:17:45', 'category': 'other', 'sentiment': 0.23, 'keyword_mentioned': 'other', 'message_length': 37}
2025-09-28 13:17:50 | INFO | {'message': 'I just found a movie! It was weird.', 'author': 'Eve', 'timestamp': '2025-09-28 13:17:50', 'category': 'entertainment', 'sentiment': 0.76, 'keyword_mentioned': 'movie', 'message_length': 35}
2025-09-28 13:17:55 | INFO | {'message': 'I just shared a story! It was weird.', 'author': 'Bob', 'timestamp': '2025-09-28 13:17:55', 'category': 'other', 'sentiment': 0.96, 'keyword_mentioned': 'other', 'message_length': 36}
2025-09-28 13:18:00 | INFO | {'message': 'I just loved Python! It was funny.', 'author': 'Bob', 'timestamp': '2025-09-28 13:18:00', 'category': 'tech', 'sentiment': 0.82, 'keyword_mentioned': 'Python', 'message_length': 34}
2025-09-28 13:18:05 | INFO | {'message': 'I just saw an app! It was boring.', 'author': 'Alice', 'timestamp': '2025-09-28 13:18:05', 'category': 'other', 'sentiment': 0.28, 'keyword_mentioned': 'other', 'message_length': 33}
2025-09-28 13:18:10 | INFO | {'message': 'I just saw travel! It was amazing.', 'author': 'Charlie', 'timestamp': '2025-09-28 13:18:10', 'category': 'travel', 'sentiment': 0.6, 'keyword_mentioned': 'travel', 'message_length': 34}
2025-09-28 13:18:15 | INFO | {'message': 'I just tried a movie! It was weird.', 'author': 'Eve', 'timestamp': '2025-09-28 13:18:15', 'category': 'entertainment', 'sentiment': 0.78, 'keyword_mentioned': 'movie', 'message_length': 35}
2025-09-28 13:18:20 | INFO | {'message': 'I just tried travel! It was boring.', 'author': 'Bob', 'timestamp': '2025-09-28 13:18:20', 'category': 'travel', 'sentiment': 0.23, 'keyword_mentioned': 'travel', 'message_length': 35}
2025-09-28 13:18:25 | INFO | {'message': 'I just tried game! It was amazing.', 'author': 'Charlie', 'timestamp': '2025-09-28 13:18:25', 'category': 'gaming', 'sentiment': 0.33, 'keyword_mentioned': 'game', 'message_length': 34}
2025-09-28 13:18:30 | INFO | {'message': 'I just shared Python! It was funny.', 'author': 'Bob', 'timestamp': '2025-09-28 13:18:30', 'category': 'tech', 'sentiment': 0.23, 'keyword_mentioned': 'Python', 'message_length': 35}
2025-09-28 13:18:35 | INFO | {'message': 'I just saw a meme! It was boring.', 'author': 'Bob', 'timestamp': '2025-09-28 13:18:35', 'category': 'humor', 'sentiment': 0.92, 'keyword_mentioned': 'meme', 'message_length': 33}
2025-09-28 13:18:40 | INFO | {'message': 'I just shared a story! It was weird.', 'author': 'Alice', 'timestamp': '2025-09-28 13:18:40', 'category': 'other', 'sentiment': 0.46, 'keyword_mentioned': 'other', 'message_length': 36}
2025-09-28 13:18:45 | INFO | {'message': 'I just shared an app! It was funny.', 'author': 'Alice', 'timestamp': '2025-09-28 13:18:45', 'category': 'other', 'sentiment': 0.55, 'keyword_mentioned': 'other', 'message_length': 35}
2025-09-28 13:18:50 | INFO | {'message': 'I just saw travel! It was funny.', 'author': 'Bob', 'timestamp': '2025-09-28 13:18:50', 'category': 'travel', 'sentiment': 0.62, 'keyword_mentioned': 'travel', 'message_length': 32}
2025-09-28 13:18:55 | INFO | {'message': 'I just loved JavaScript! It was funny.', 'author': 'Eve', 'timestamp': '2025-09-28 13:18:55', 'category': 'tech', 'sentiment': 0.47, 'keyword_mentioned': 'JavaScript', 'message_length': 38}
2025-09-28 13:19:00 | INFO | {'message': 'I just found a story! It was exciting.', 'author': 'Alice', 'timestamp': '2025-09-28 13:19:00', 'category': 'other', 'sentiment': 0.69, 'keyword_mentioned': 'other', 'message_length': 38}
2025-09-28 13:19:05 | INFO | {'message': 'I just shared travel! It was weird.', 'author': 'Alice', 'timestamp': '2025-09-28 13:19:05', 'category': 'travel', 'sentiment': 0.38, 'keyword_mentioned': 'travel', 'message_length': 35}
2025-09-28 13:19:10 | INFO | {'message': 'I just loved JavaScript! It was boring.', 'author': 'Bob', 'timestamp': '2025-09-28 13:19:10', 'category': 'tech', 'sentiment': 0.22, 'keyword_mentioned': 'JavaScript', 'message_length': 39}
2025-09-28 13:19:15 | INFO | {'message': 'I just found a story! It was funny.', 'author': 'Eve', 'timestamp': '2025-09-28 13:19:15', 'category': 'other', 'sentiment': 0.34, 'keyword_mentioned': 'other', 'message_length': 35}
2025-09-28 13:19:20 | INFO | {'message': 'I just loved a movie! It was exciting.', 'author': 'Charlie', 'timestamp': '2025-09-28 13:19:20', 'category': 'entertainment', 'sentiment': 0.22, 'keyword_mentioned': 'movie', 'message_length': 38}
2025-09-28 13:19:25 | INFO | {'message': 'I just loved a trick! It was boring.', 'author': 'Bob', 'timestamp': '2025-09-28 13:19:25', 'category': 'other', 'sentiment': 0.68, 'keyword_mentioned': 'other', 'message_length': 36}
2025-09-28 13:19:30 | INFO | {'message': 'I just loved a trick! It was funny.', 'author': 'Bob', 'timestamp': '2025-09-28 13:19:30', 'category': 'other', 'sentiment': 0.22, 'keyword_mentioned': 'other', 'message_length': 35}
2025-09-28 13:19:35 | INFO | {'message': 'I just found recipe! It was weird.', 'author': 'Charlie', 'timestamp': '2025-09-28 13:19:35', 'category': 'food', 'sentiment': 0.66, 'keyword_mentioned': 'recipe', 'message_length': 34}
2025-09-28 13:19:40 | INFO | {'message': 'I just found Python! It was boring.', 'author': 'Charlie', 'timestamp': '2025-09-28 13:19:40', 'category': 'tech', 'sentiment': 0.61, 'keyword_mentioned': 'Python', 'message_length': 35}
2025-09-28 13:19:45 | INFO | {'message': 'I just saw travel! It was weird.', 'author': 'Charlie', 'timestamp': '2025-09-28 13:19:45', 'category': 'travel', 'sentiment': 0.08, 'keyword_mentioned': 'travel', 'message_length': 32}
2025-09-28 13:19:50 | INFO | {'message': 'I just loved JavaScript! It was amazing.', 'author': 'Eve', 'timestamp': '2025-09-28 13:19:50', 'category': 'tech', 'sentiment': 0.05, 'keyword_mentioned': 'JavaScript', 'message_length': 40}
2025-09-28 13:19:55 | INFO | {'message': 'I just saw a trick! It was funny.', 'author': 'Alice', 'timestamp': '2025-09-28 13:19:55', 'category': 'other', 'sentiment': 0.69, 'keyword_mentioned': 'other', 'message_length': 33}
2025-09-28 13:20:00 | INFO | {'message': 'I just loved a story! It was weird.', 'author': 'Charlie', 'timestamp': '2025-09-28 13:20:00', 'category': 'other', 'sentiment': 0.67, 'keyword_mentioned': 'other', 'message_length': 35}
2025-09-28 13:20:05 | INFO | {'message': 'I just found game! It was funny.', 'author': 'Bob', 'timestamp': '2025-09-28 13:20:05', 'category': 'gaming', 'sentiment': 0.84, 'keyword_mentioned': 'game', 'message_length': 32}
2025-09-28 13:20:10 | INFO | {'message': 'I just found a story! It was funny.', 'author': 'Charlie', 'timestamp': '2025-09-28 13:20:10', 'category': 'other', 'sentiment': 0.94, 'keyword_mentioned': 'other', 'message_length': 35}
2025-09-28 13:20:15 | INFO | {'message': 'I just shared a movie! It was amazing.', 'author': 'Alice', 'timestamp': '2025-09-28 13:20:15', 'category': 'entertainment', 'sentiment': 0.25, 'keyword_mentioned': 'movie', 'message_length': 38}
2025-09-28 13:20:20 | INFO | {'message': 'I just saw a story! It was amazing.', 'author': 'Charlie', 'timestamp': '2025-09-28 13:20:20', 'category': 'other', 'sentiment': 0.62, 'keyword_mentioned': 'other', 'message_length': 35}
2025-09-28 13:20:25 | INFO | {'message': 'I just saw a meme! It was funny.', 'author': 'Charlie', 'timestamp': '2025-09-28 13:20:25', 'category': 'humor', 'sentiment': 0.81, 'keyword_mentioned': 'meme', 'message_length': 32}
2025-09-28 13:20:30 | INFO | {'message': 'I just found Python! It was funny.', 'author': 'Alice', 'timestamp': '2025-09-28 13:20:30', 'category': 'tech', 'sentiment': 0.54, 'keyword_mentioned': 'Python', 'message_length': 34}
2025-09-28 13:20:35 | INFO | {'message': 'I just saw a trick! It was weird.', 'author': 'Charlie', 'timestamp': '2025-09-28 13:20:35', 'category': 'other', 'sentiment': 0.58, 'keyword_mentioned': 'other', 'message_length': 33}
2025-09-28 13:20:40 | INFO | {'message': 'I just loved game! It was amazing.', 'author': 'Eve', 'timestamp': '2025-09-28 13:20:40', 'category': 'gaming', 'sentiment': 0.8, 'keyword_mentioned': 'game', 'message_length': 34}
2025-09-28 13:20:45 | INFO | {'message': 'I just found travel! It was boring.', 'author': 'Charlie', 'timestamp': '2025-09-28 13:20:45', 'category': 'travel', 'sentiment': 0.03, 'keyword_mentioned': 'travel', 'message_length': 35}
2025-09-28 13:20:50 | INFO | {'message': 'I just shared a trick! It was weird.', 'author': 'Eve', 'timestamp': '2025-09-28 13:20:50', 'category': 'other', 'sentiment': 0.95, 'keyword_mentioned': 'other', 'message_length': 36}
2025-09-28 13:20:55 | INFO | {'message': 'I just loved recipe! It was boring.', 'author': 'Alice', 'timestamp': '2025-09-28 13:20:55', 'category': 'food', 'sentiment': 0.45, 'keyword_mentioned': 'recipe', 'message_length': 35}
2025-09-28 13:21:00 | INFO | {'message': 'I just found Python! It was exciting.', 'author': 'Bob', 'timestamp': '2025-09-28 13:21:00', 'category': 'tech', 'sentiment': 0.43, 'keyword_mentioned': 'Python', 'message_length': 37}
2025-09-28 13:21:05 | INFO | {'message': 'I just found a story! It was boring.', 'author': 'Alice', 'timestamp': '2025-09-28 13:21:05', 'category': 'other', 'sentiment': 0.88, 'keyword_mentioned': 'other', 'message_length': 36}
2025-09-28 13:21:10 | INFO | {'message': 'I just tried a movie! It was weird.', 'author': 'Alice', 'timestamp': '2025-09-28 13:21:10', 'category': 'entertainment', 'sentiment': 0.36, 'keyword_mentioned': 'movie', 'message_length': 35}
2025-09-28 13:21:15 | INFO | {'message': 'I just saw a story! It was weird.', 'author': 'Bob', 'timestamp': '2025-09-28 13:21:15', 'category': 'other', 'sentiment': 0.9, 'keyword_mentioned': 'other', 'message_length': 33}
