2025-09-28 14:44:08 | INFO | {'message': 'I just tried a trick! It was weird.', 'author': 'Eve', 'timestamp': '2025-09-28 14:44:08', 'category': 'other', 'sentiment': 0.63, 'keyword_mentioned': 'other', 'message_length': 35}
2025-09-28 14:44:13 | INFO | {'message': 'I just tried Python! It was boring.', 'author': 'Alice', 'timestamp': '2025-09-28 14:44:13', 'category': 'tech', 'sentiment': 0.03, 'keyword_mentioned': 'Python', 'message_length': 35}
2025-09-28 14:44:18 | INFO | {'message': 'I just loved a movie! It was funny.', 'author': 'Alice', 'timestamp': '2025-09-28 14:44:18', 'category': 'entertainment', 'sentiment': 0.24, 'keyword_mentioned': 'movie', 'message_length': 35}
2025-09-28 14:44:23 | INFO | {'message': 'I just loved Python! It was funny.', 'author': 'Bob', 'timestamp': '2025-09-28 14:44:23', 'category': 'tech', 'sentiment': 0.2, 'keyword_mentioned': 'Python', 'message_length': 34}
2025-09-28 14:44:28 | INFO | {'message': 'I just found a trick! It was amazing.', 'author': 'Charlie', 'timestamp': '2025-09-28 14:44:28', 'category': 'other', 'sentiment': 0.49, 'keyword_mentioned': 'other', 'message_length': 37}
2025-09-28 14:44:33 | INFO | {'message': 'I just tried a movie! It was funny.', 'author': 'Eve', 'timestamp': '2025-09-28 14:44:33', 'category': 'entertainment', 'sentiment': 0.5, 'keyword_mentioned': 'movie', 'message_length': 35}
2025-09-28 14:44:38 | INFO | {'message': 'I just found Python! It was boring.', 'author': 'Bob', 'timestamp': '2025-09-28 14:44:38', 'category': 'tech', 'sentiment': 0.53, 'keyword_mentioned': 'Python', 'message_length': 35}
2025-09-28 14:44:43 | INFO | {'message': 'I just tried a story! It was boring.', 'author': 'Eve', 'timestamp': '2025-09-28 14:44:43', 'category': 'other', 'sentiment': 0.84, 'keyword_mentioned': 'other', 'message_length': 36}
2025-09-28 14:44:48 | INFO | {'message': 'I just found recipe! It was exciting.', 'author': 'Alice', 'timestamp': '2025-09-28 14:44:48', 'category': 'food', 'sentiment': 0.21, 'keyword_mentioned': 'recipe', 'message_length': 37}
2025-09-28 14:44:53 | INFO | {'message': 'I just found game! It was funny.', 'author': 'Alice', 'timestamp': '2025-09-28 14:44:53', 'category': 'gaming', 'sentiment': 0.7, 'keyword_mentioned': 'game', 'message_length': 32}
2025-09-28 14:44:58 | INFO | {'message': 'I just found Python! It was amazing.', 'author': 'Alice', 'timestamp': '2025-09-28 14:44:58', 'category': 'tech', 'sentiment': 0.17, 'keyword_mentioned': 'Python', 'message_length': 36}
2025-09-28 14:45:03 | INFO | {'message': 'I just saw a meme! It was boring.', 'author': 'Charlie', 'timestamp': '2025-09-28 14:45:03', 'category': 'humor', 'sentiment': 0.53, 'keyword_mentioned': 'meme', 'message_length': 33}
2025-09-28 14:45:08 | INFO | {'message': 'I just tried recipe! It was exciting.', 'author': 'Eve', 'timestamp': '2025-09-28 14:45:08', 'category': 'food', 'sentiment': 0.66, 'keyword_mentioned': 'recipe', 'message_length': 37}
2025-09-28 14:45:13 | INFO | {'message': 'I just shared a story! It was amazing.', 'author': 'Charlie', 'timestamp': '2025-09-28 14:45:13', 'category': 'other', 'sentiment': 0.72, 'keyword_mentioned': 'other', 'message_length': 38}
2025-09-28 14:45:18 | INFO | {'message': 'I just shared a trick! It was exciting.', 'author': 'Charlie', 'timestamp': '2025-09-28 14:45:18', 'category': 'other', 'sentiment': 0.3, 'keyword_mentioned': 'other', 'message_length': 39}
2025-09-28 14:45:23 | INFO | {'message': 'I just found recipe! It was boring.', 'author': 'Charlie', 'timestamp': '2025-09-28 14:45:23', 'category': 'food', 'sentiment': 0.86, 'keyword_mentioned': 'recipe', 'message_length': 35}
2025-09-28 14:45:28 | INFO | {'message': 'I just loved game! It was funny.', 'author': 'Eve', 'timestamp': '2025-09-28 14:45:28', 'category': 'gaming', 'sentiment': 0.55, 'keyword_mentioned': 'game', 'message_length': 32}
2025-09-28 14:45:33 | INFO | {'message': 'I just loved recipe! It was weird.', 'author': 'Eve', 'timestamp': '2025-09-28 14:45:33', 'category': 'food', 'sentiment': 0.66, 'keyword_mentioned': 'recipe', 'message_length': 34}
2025-09-28 14:45:38 | INFO | {'message': 'I just shared an app! It was weird.', 'author': 'Alice', 'timestamp': '2025-09-28 14:45:38', 'category': 'other', 'sentiment': 0.68, 'keyword_mentioned': 'other', 'message_length': 35}
2025-09-28 14:45:43 | INFO | {'message': 'I just tried a movie! It was boring.', 'author': 'Alice', 'timestamp': '2025-09-28 14:45:43', 'category': 'entertainment', 'sentiment': 0.15, 'keyword_mentioned': 'movie', 'message_length': 36}
2025-09-28 14:45:48 | INFO | {'message': 'I just shared travel! It was weird.', 'author': 'Eve', 'timestamp': '2025-09-28 14:45:48', 'category': 'travel', 'sentiment': 0.09, 'keyword_mentioned': 'travel', 'message_length': 35}
2025-09-28 14:45:53 | INFO | {'message': 'I just saw Python! It was amazing.', 'author': 'Alice', 'timestamp': '2025-09-28 14:45:53', 'category': 'tech', 'sentiment': 0.56, 'keyword_mentioned': 'Python', 'message_length': 34}
2025-09-28 14:45:58 | INFO | {'message': 'I just saw recipe! It was exciting.', 'author': 'Bob', 'timestamp': '2025-09-28 14:45:58', 'category': 'food', 'sentiment': 0.84, 'keyword_mentioned': 'recipe', 'message_length': 35}
2025-09-28 14:46:03 | INFO | {'message': 'I just found recipe! It was amazing.', 'author': 'Alice', 'timestamp': '2025-09-28 14:46:03', 'category': 'food', 'sentiment': 0.41, 'keyword_mentioned': 'recipe', 'message_length': 36}
2025-09-28 14:46:08 | INFO | {'message': 'I just loved a trick! It was funny.', 'author': 'Eve', 'timestamp': '2025-09-28 14:46:08', 'category': 'other', 'sentiment': 0.89, 'keyword_mentioned': 'other', 'message_length': 35}
2025-09-28 14:46:13 | INFO | {'message': 'I just tried a movie! It was weird.', 'author': 'Eve', 'timestamp': '2025-09-28 14:46:13', 'category': 'entertainment', 'sentiment': 0.91, 'keyword_mentioned': 'movie', 'message_length': 35}
2025-09-28 14:46:18 | INFO | {'message': 'I just saw JavaScript! It was weird.', 'author': 'Alice', 'timestamp': '2025-09-28 14:46:18', 'category': 'tech', 'sentiment': 0.74, 'keyword_mentioned': 'JavaScript', 'message_length': 36}
2025-09-28 14:46:22 | INFO | Logging to file: logs/project_log.log
2025-09-28 14:46:22 | INFO | Log sanitization enabled, personal info removed
2025-09-28 14:46:22 | INFO | BASE_DATA_DIR: PROJECT_ROOT/data
2025-09-28 14:46:22 | INFO | Calling SQLite init_db() with {db_path=}.
2025-09-28 14:46:22 | INFO | SUCCESS: Got a cursor to execute SQL.
2025-09-28 14:46:22 | INFO | SUCCESS: Database initialized and table ready at PROJECT_ROOT/data/buzz.sqlite.
2025-09-28 14:46:22 | INFO | Starting Kafka consumer...
2025-09-28 14:46:23 | INFO | {'message': 'I just shared a movie! It was boring.', 'author': 'Charlie', 'timestamp': '2025-09-28 14:46:23', 'category': 'entertainment', 'sentiment': 0.86, 'keyword_mentioned': 'movie', 'message_length': 37}
2025-09-28 14:46:28 | INFO | {'message': 'I just loved recipe! It was funny.', 'author': 'Bob', 'timestamp': '2025-09-28 14:46:28', 'category': 'food', 'sentiment': 0.47, 'keyword_mentioned': 'recipe', 'message_length': 34}
2025-09-28 14:46:33 | INFO | {'message': 'I just loved an app! It was weird.', 'author': 'Bob', 'timestamp': '2025-09-28 14:46:33', 'category': 'other', 'sentiment': 0.61, 'keyword_mentioned': 'other', 'message_length': 34}
2025-09-28 14:46:38 | INFO | {'message': 'I just tried JavaScript! It was boring.', 'author': 'Alice', 'timestamp': '2025-09-28 14:46:38', 'category': 'tech', 'sentiment': 0.32, 'keyword_mentioned': 'JavaScript', 'message_length': 39}
2025-09-28 14:46:43 | INFO | {'message': 'I just saw an app! It was amazing.', 'author': 'Eve', 'timestamp': '2025-09-28 14:46:43', 'category': 'other', 'sentiment': 0.3, 'keyword_mentioned': 'other', 'message_length': 34}
2025-09-28 14:46:48 | INFO | {'message': 'I just saw a meme! It was boring.', 'author': 'Eve', 'timestamp': '2025-09-28 14:46:48', 'category': 'humor', 'sentiment': 0.9, 'keyword_mentioned': 'meme', 'message_length': 33}
2025-09-28 14:46:53 | INFO | {'message': 'I just saw recipe! It was boring.', 'author': 'Alice', 'timestamp': '2025-09-28 14:46:53', 'category': 'food', 'sentiment': 0.53, 'keyword_mentioned': 'recipe', 'message_length': 33}
2025-09-28 14:46:58 | INFO | {'message': 'I just loved a story! It was amazing.', 'author': 'Alice', 'timestamp': '2025-09-28 14:46:58', 'category': 'other', 'sentiment': 0.22, 'keyword_mentioned': 'other', 'message_length': 37}
2025-09-28 14:47:03 | INFO | {'message': 'I just shared JavaScript! It was funny.', 'author': 'Alice', 'timestamp': '2025-09-28 14:47:03', 'category': 'tech', 'sentiment': 0.7, 'keyword_mentioned': 'JavaScript', 'message_length': 39}
2025-09-28 14:47:08 | INFO | {'message': 'I just shared a meme! It was weird.', 'author': 'Eve', 'timestamp': '2025-09-28 14:47:08', 'category': 'humor', 'sentiment': 0.68, 'keyword_mentioned': 'meme', 'message_length': 35}
2025-09-28 14:47:13 | INFO | {'message': 'I just found an app! It was funny.', 'author': 'Charlie', 'timestamp': '2025-09-28 14:47:13', 'category': 'other', 'sentiment': 0.97, 'keyword_mentioned': 'other', 'message_length': 34}
2025-09-28 14:47:18 | INFO | {'message': 'I just tried Python! It was funny.', 'author': 'Bob', 'timestamp': '2025-09-28 14:47:18', 'category': 'tech', 'sentiment': 0.5, 'keyword_mentioned': 'Python', 'message_length': 34}
2025-09-28 14:47:23 | INFO | {'message': 'I just found game! It was exciting.', 'author': 'Charlie', 'timestamp': '2025-09-28 14:47:23', 'category': 'gaming', 'sentiment': 0.43, 'keyword_mentioned': 'game', 'message_length': 35}
2025-09-28 14:47:28 | INFO | {'message': 'I just shared JavaScript! It was funny.', 'author': 'Bob', 'timestamp': '2025-09-28 14:47:28', 'category': 'tech', 'sentiment': 0.3, 'keyword_mentioned': 'JavaScript', 'message_length': 39}
2025-09-28 14:47:33 | INFO | {'message': 'I just saw a trick! It was weird.', 'author': 'Charlie', 'timestamp': '2025-09-28 14:47:33', 'category': 'other', 'sentiment': 0.29, 'keyword_mentioned': 'other', 'message_length': 33}
2025-09-28 14:47:38 | INFO | {'message': 'I just found Python! It was exciting.', 'author': 'Bob', 'timestamp': '2025-09-28 14:47:38', 'category': 'tech', 'sentiment': 0.58, 'keyword_mentioned': 'Python', 'message_length': 37}
2025-09-28 14:47:43 | INFO | {'message': 'I just loved a meme! It was weird.', 'author': 'Bob', 'timestamp': '2025-09-28 14:47:43', 'category': 'humor', 'sentiment': 0.39, 'keyword_mentioned': 'meme', 'message_length': 34}
2025-09-28 14:47:48 | INFO | {'message': 'I just loved a trick! It was exciting.', 'author': 'Alice', 'timestamp': '2025-09-28 14:47:48', 'category': 'other', 'sentiment': 0.13, 'keyword_mentioned': 'other', 'message_length': 38}
2025-09-28 14:47:53 | INFO | {'message': 'I just loved a trick! It was exciting.', 'author': 'Alice', 'timestamp': '2025-09-28 14:47:53', 'category': 'other', 'sentiment': 0.67, 'keyword_mentioned': 'other', 'message_length': 38}
2025-09-28 14:47:58 | INFO | {'message': 'I just loved travel! It was funny.', 'author': 'Charlie', 'timestamp': '2025-09-28 14:47:58', 'category': 'travel', 'sentiment': 0.8, 'keyword_mentioned': 'travel', 'message_length': 34}
2025-09-28 14:48:03 | INFO | {'message': 'I just shared JavaScript! It was boring.', 'author': 'Alice', 'timestamp': '2025-09-28 14:48:03', 'category': 'tech', 'sentiment': 0.57, 'keyword_mentioned': 'JavaScript', 'message_length': 40}
2025-09-28 14:48:08 | INFO | {'message': 'I just tried a meme! It was boring.', 'author': 'Bob', 'timestamp': '2025-09-28 14:48:08', 'category': 'humor', 'sentiment': 0.58, 'keyword_mentioned': 'meme', 'message_length': 35}
2025-09-28 14:48:13 | INFO | {'message': 'I just loved a movie! It was funny.', 'author': 'Eve', 'timestamp': '2025-09-28 14:48:13', 'category': 'entertainment', 'sentiment': 0.2, 'keyword_mentioned': 'movie', 'message_length': 35}
2025-09-28 14:48:18 | INFO | {'message': 'I just found Python! It was exciting.', 'author': 'Eve', 'timestamp': '2025-09-28 14:48:18', 'category': 'tech', 'sentiment': 0.28, 'keyword_mentioned': 'Python', 'message_length': 37}
2025-09-28 14:48:23 | INFO | {'message': 'I just saw JavaScript! It was exciting.', 'author': 'Bob', 'timestamp': '2025-09-28 14:48:23', 'category': 'tech', 'sentiment': 0.79, 'keyword_mentioned': 'JavaScript', 'message_length': 39}
2025-09-28 14:48:28 | INFO | {'message': 'I just saw game! It was exciting.', 'author': 'Eve', 'timestamp': '2025-09-28 14:48:28', 'category': 'gaming', 'sentiment': 0.99, 'keyword_mentioned': 'game', 'message_length': 33}
2025-09-28 14:48:33 | INFO | {'message': 'I just loved travel! It was boring.', 'author': 'Bob', 'timestamp': '2025-09-28 14:48:33', 'category': 'travel', 'sentiment': 0.21, 'keyword_mentioned': 'travel', 'message_length': 35}
2025-09-28 14:48:38 | INFO | {'message': 'I just found recipe! It was amazing.', 'author': 'Bob', 'timestamp': '2025-09-28 14:48:38', 'category': 'food', 'sentiment': 0.66, 'keyword_mentioned': 'recipe', 'message_length': 36}
2025-09-28 14:48:43 | INFO | {'message': 'I just found a trick! It was funny.', 'author': 'Eve', 'timestamp': '2025-09-28 14:48:43', 'category': 'other', 'sentiment': 0.07, 'keyword_mentioned': 'other', 'message_length': 35}
2025-09-28 14:48:48 | INFO | {'message': 'I just found travel! It was boring.', 'author': 'Alice', 'timestamp': '2025-09-28 14:48:48', 'category': 'travel', 'sentiment': 0.04, 'keyword_mentioned': 'travel', 'message_length': 35}
2025-09-28 14:48:53 | INFO | {'message': 'I just shared a meme! It was boring.', 'author': 'Alice', 'timestamp': '2025-09-28 14:48:53', 'category': 'humor', 'sentiment': 0.1, 'keyword_mentioned': 'meme', 'message_length': 36}
2025-09-28 14:48:58 | INFO | {'message': 'I just saw Python! It was amazing.', 'author': 'Alice', 'timestamp': '2025-09-28 14:48:58', 'category': 'tech', 'sentiment': 0.78, 'keyword_mentioned': 'Python', 'message_length': 34}
2025-09-28 14:49:03 | INFO | Logging to file: logs/project_log.log
2025-09-28 14:49:03 | INFO | Log sanitization enabled, personal info removed
2025-09-28 14:49:03 | INFO | BASE_DATA_DIR: PROJECT_ROOT/data
2025-09-28 14:49:03 | INFO | Calling SQLite init_db() with {db_path=}.
2025-09-28 14:49:03 | INFO | SUCCESS: Got a cursor to execute SQL.
2025-09-28 14:49:03 | INFO | SUCCESS: Database initialized and table ready at PROJECT_ROOT/data/buzz.sqlite.
2025-09-28 14:49:03 | INFO | Starting Kafka consumer...
2025-09-28 14:49:03 | INFO | Subscribed to Kafka topic: buzz_messages
2025-09-28 14:49:03 | INFO | {'message': 'I just saw an app! It was funny.', 'author': 'Bob', 'timestamp': '2025-09-28 14:49:03', 'category': 'other', 'sentiment': 0.12, 'keyword_mentioned': 'other', 'message_length': 32}
2025-09-28 14:49:08 | INFO | {'message': 'I just loved game! It was weird.', 'author': 'Bob', 'timestamp': '2025-09-28 14:49:08', 'category': 'gaming', 'sentiment': 0.2, 'keyword_mentioned': 'game', 'message_length': 32}
2025-09-28 14:49:09 | ERROR | Kafka error: KafkaError{code=UNKNOWN_TOPIC_OR_PART,val=3,str="Subscribed topic not available: buzz_messages: Broker: Unknown topic or partition"}
2025-09-28 14:49:13 | INFO | {'message': 'I just tried recipe! It was exciting.', 'author': 'Alice', 'timestamp': '2025-09-28 14:49:13', 'category': 'food', 'sentiment': 0.87, 'keyword_mentioned': 'recipe', 'message_length': 37}
2025-09-28 14:49:18 | INFO | {'message': 'I just shared recipe! It was boring.', 'author': 'Alice', 'timestamp': '2025-09-28 14:49:18', 'category': 'food', 'sentiment': 0.5, 'keyword_mentioned': 'recipe', 'message_length': 36}
2025-09-28 14:49:23 | INFO | {'message': 'I just tried a movie! It was boring.', 'author': 'Bob', 'timestamp': '2025-09-28 14:49:23', 'category': 'entertainment', 'sentiment': 0.11, 'keyword_mentioned': 'movie', 'message_length': 36}
2025-09-28 14:49:28 | INFO | {'message': 'I just loved recipe! It was amazing.', 'author': 'Eve', 'timestamp': '2025-09-28 14:49:28', 'category': 'food', 'sentiment': 0.46, 'keyword_mentioned': 'recipe', 'message_length': 36}
2025-09-28 14:49:33 | INFO | {'message': 'I just tried game! It was exciting.', 'author': 'Bob', 'timestamp': '2025-09-28 14:49:33', 'category': 'gaming', 'sentiment': 0.6, 'keyword_mentioned': 'game', 'message_length': 35}
2025-09-28 14:49:38 | INFO | {'message': 'I just tried a movie! It was exciting.', 'author': 'Eve', 'timestamp': '2025-09-28 14:49:38', 'category': 'entertainment', 'sentiment': 0.89, 'keyword_mentioned': 'movie', 'message_length': 38}
2025-09-28 14:49:44 | INFO | {'message': 'I just shared an app! It was amazing.', 'author': 'Alice', 'timestamp': '2025-09-28 14:49:44', 'category': 'other', 'sentiment': 0.88, 'keyword_mentioned': 'other', 'message_length': 37}
2025-09-28 14:49:49 | INFO | {'message': 'I just saw travel! It was weird.', 'author': 'Bob', 'timestamp': '2025-09-28 14:49:49', 'category': 'travel', 'sentiment': 0.84, 'keyword_mentioned': 'travel', 'message_length': 32}
2025-09-28 14:49:54 | INFO | {'message': 'I just shared a movie! It was weird.', 'author': 'Alice', 'timestamp': '2025-09-28 14:49:54', 'category': 'entertainment', 'sentiment': 0.5, 'keyword_mentioned': 'movie', 'message_length': 36}
2025-09-28 14:49:59 | INFO | {'message': 'I just found a story! It was exciting.', 'author': 'Alice', 'timestamp': '2025-09-28 14:49:59', 'category': 'other', 'sentiment': 0.75, 'keyword_mentioned': 'other', 'message_length': 38}
2025-09-28 14:50:04 | INFO | {'message': 'I just loved travel! It was amazing.', 'author': 'Eve', 'timestamp': '2025-09-28 14:50:04', 'category': 'travel', 'sentiment': 0.19, 'keyword_mentioned': 'travel', 'message_length': 36}
2025-09-28 14:50:09 | INFO | {'message': 'I just saw a meme! It was boring.', 'author': 'Bob', 'timestamp': '2025-09-28 14:50:09', 'category': 'humor', 'sentiment': 0.0, 'keyword_mentioned': 'meme', 'message_length': 33}
2025-09-28 14:50:14 | INFO | {'message': 'I just saw recipe! It was boring.', 'author': 'Bob', 'timestamp': '2025-09-28 14:50:14', 'category': 'food', 'sentiment': 0.1, 'keyword_mentioned': 'recipe', 'message_length': 33}
2025-09-28 14:50:19 | INFO | {'message': 'I just shared game! It was boring.', 'author': 'Bob', 'timestamp': '2025-09-28 14:50:19', 'category': 'gaming', 'sentiment': 0.08, 'keyword_mentioned': 'game', 'message_length': 34}
2025-09-28 14:50:24 | INFO | {'message': 'I just loved travel! It was amazing.', 'author': 'Alice', 'timestamp': '2025-09-28 14:50:24', 'category': 'travel', 'sentiment': 0.1, 'keyword_mentioned': 'travel', 'message_length': 36}
2025-09-28 14:50:29 | INFO | {'message': 'I just shared an app! It was amazing.', 'author': 'Charlie', 'timestamp': '2025-09-28 14:50:29', 'category': 'other', 'sentiment': 0.47, 'keyword_mentioned': 'other', 'message_length': 37}
2025-09-28 14:50:34 | INFO | {'message': 'I just found a meme! It was boring.', 'author': 'Alice', 'timestamp': '2025-09-28 14:50:34', 'category': 'humor', 'sentiment': 0.45, 'keyword_mentioned': 'meme', 'message_length': 35}
2025-09-28 14:50:39 | INFO | {'message': 'I just saw JavaScript! It was funny.', 'author': 'Bob', 'timestamp': '2025-09-28 14:50:39', 'category': 'tech', 'sentiment': 0.57, 'keyword_mentioned': 'JavaScript', 'message_length': 36}
2025-09-28 14:50:44 | INFO | {'message': 'I just saw a trick! It was boring.', 'author': 'Charlie', 'timestamp': '2025-09-28 14:50:44', 'category': 'other', 'sentiment': 0.04, 'keyword_mentioned': 'other', 'message_length': 34}
2025-09-28 14:50:49 | INFO | {'message': 'I just saw a movie! It was exciting.', 'author': 'Alice', 'timestamp': '2025-09-28 14:50:49', 'category': 'entertainment', 'sentiment': 0.51, 'keyword_mentioned': 'movie', 'message_length': 36}
2025-09-28 14:50:54 | INFO | {'message': 'I just found a movie! It was boring.', 'author': 'Eve', 'timestamp': '2025-09-28 14:50:54', 'category': 'entertainment', 'sentiment': 0.9, 'keyword_mentioned': 'movie', 'message_length': 36}
2025-09-28 14:50:59 | INFO | {'message': 'I just found a movie! It was exciting.', 'author': 'Eve', 'timestamp': '2025-09-28 14:50:59', 'category': 'entertainment', 'sentiment': 0.7, 'keyword_mentioned': 'movie', 'message_length': 38}
2025-09-28 14:51:04 | INFO | {'message': 'I just loved game! It was boring.', 'author': 'Charlie', 'timestamp': '2025-09-28 14:51:04', 'category': 'gaming', 'sentiment': 0.58, 'keyword_mentioned': 'game', 'message_length': 33}
2025-09-28 14:51:09 | INFO | {'message': 'I just found JavaScript! It was boring.', 'author': 'Eve', 'timestamp': '2025-09-28 14:51:09', 'category': 'tech', 'sentiment': 0.39, 'keyword_mentioned': 'JavaScript', 'message_length': 39}
2025-09-28 14:51:14 | INFO | {'message': 'I just shared JavaScript! It was funny.', 'author': 'Bob', 'timestamp': '2025-09-28 14:51:14', 'category': 'tech', 'sentiment': 0.61, 'keyword_mentioned': 'JavaScript', 'message_length': 39}
2025-09-28 14:51:19 | INFO | {'message': 'I just shared a trick! It was amazing.', 'author': 'Alice', 'timestamp': '2025-09-28 14:51:19', 'category': 'other', 'sentiment': 0.44, 'keyword_mentioned': 'other', 'message_length': 38}
2025-09-28 14:51:24 | INFO | {'message': 'I just loved a story! It was boring.', 'author': 'Alice', 'timestamp': '2025-09-28 14:51:24', 'category': 'other', 'sentiment': 0.37, 'keyword_mentioned': 'other', 'message_length': 36}
2025-09-28 14:51:29 | INFO | {'message': 'I just tried game! It was boring.', 'author': 'Alice', 'timestamp': '2025-09-28 14:51:29', 'category': 'gaming', 'sentiment': 0.05, 'keyword_mentioned': 'game', 'message_length': 33}
2025-09-28 14:51:34 | INFO | {'message': 'I just shared travel! It was exciting.', 'author': 'Alice', 'timestamp': '2025-09-28 14:51:34', 'category': 'travel', 'sentiment': 0.27, 'keyword_mentioned': 'travel', 'message_length': 38}
2025-09-28 14:51:39 | INFO | {'message': 'I just loved an app! It was funny.', 'author': 'Charlie', 'timestamp': '2025-09-28 14:51:39', 'category': 'other', 'sentiment': 0.52, 'keyword_mentioned': 'other', 'message_length': 34}
2025-09-28 14:51:44 | INFO | {'message': 'I just loved a movie! It was exciting.', 'author': 'Bob', 'timestamp': '2025-09-28 14:51:44', 'category': 'entertainment', 'sentiment': 0.26, 'keyword_mentioned': 'movie', 'message_length': 38}
2025-09-28 14:51:49 | INFO | {'message': 'I just shared recipe! It was exciting.', 'author': 'Bob', 'timestamp': '2025-09-28 14:51:49', 'category': 'food', 'sentiment': 0.88, 'keyword_mentioned': 'recipe', 'message_length': 38}
2025-09-28 14:51:54 | INFO | {'message': 'I just shared a trick! It was weird.', 'author': 'Alice', 'timestamp': '2025-09-28 14:51:54', 'category': 'other', 'sentiment': 0.69, 'keyword_mentioned': 'other', 'message_length': 36}
2025-09-28 14:51:59 | INFO | {'message': 'I just saw JavaScript! It was amazing.', 'author': 'Alice', 'timestamp': '2025-09-28 14:51:59', 'category': 'tech', 'sentiment': 0.55, 'keyword_mentioned': 'JavaScript', 'message_length': 38}
2025-09-28 14:52:04 | INFO | {'message': 'I just found a story! It was funny.', 'author': 'Charlie', 'timestamp': '2025-09-28 14:52:04', 'category': 'other', 'sentiment': 0.28, 'keyword_mentioned': 'other', 'message_length': 35}
2025-09-28 14:52:09 | INFO | {'message': 'I just shared game! It was amazing.', 'author': 'Charlie', 'timestamp': '2025-09-28 14:52:09', 'category': 'gaming', 'sentiment': 0.73, 'keyword_mentioned': 'game', 'message_length': 35}
2025-09-28 14:52:14 | INFO | {'message': 'I just shared game! It was funny.', 'author': 'Alice', 'timestamp': '2025-09-28 14:52:14', 'category': 'gaming', 'sentiment': 0.88, 'keyword_mentioned': 'game', 'message_length': 33}
2025-09-28 14:52:19 | INFO | {'message': 'I just shared Python! It was weird.', 'author': 'Charlie', 'timestamp': '2025-09-28 14:52:19', 'category': 'tech', 'sentiment': 0.76, 'keyword_mentioned': 'Python', 'message_length': 35}
2025-09-28 14:52:24 | INFO | {'message': 'I just tried travel! It was boring.', 'author': 'Alice', 'timestamp': '2025-09-28 14:52:24', 'category': 'travel', 'sentiment': 0.48, 'keyword_mentioned': 'travel', 'message_length': 35}
2025-09-28 14:52:29 | INFO | {'message': 'I just shared JavaScript! It was weird.', 'author': 'Bob', 'timestamp': '2025-09-28 14:52:29', 'category': 'tech', 'sentiment': 0.07, 'keyword_mentioned': 'JavaScript', 'message_length': 39}
2025-09-28 14:52:34 | INFO | {'message': 'I just loved JavaScript! It was amazing.', 'author': 'Bob', 'timestamp': '2025-09-28 14:52:34', 'category': 'tech', 'sentiment': 0.58, 'keyword_mentioned': 'JavaScript', 'message_length': 40}
2025-09-28 14:52:39 | INFO | {'message': 'I just tried recipe! It was funny.', 'author': 'Alice', 'timestamp': '2025-09-28 14:52:39', 'category': 'food', 'sentiment': 0.74, 'keyword_mentioned': 'recipe', 'message_length': 34}
2025-09-28 14:52:44 | INFO | {'message': 'I just found JavaScript! It was exciting.', 'author': 'Bob', 'timestamp': '2025-09-28 14:52:44', 'category': 'tech', 'sentiment': 0.2, 'keyword_mentioned': 'JavaScript', 'message_length': 41}
2025-09-28 14:52:49 | INFO | {'message': 'I just shared game! It was boring.', 'author': 'Alice', 'timestamp': '2025-09-28 14:52:49', 'category': 'gaming', 'sentiment': 0.23, 'keyword_mentioned': 'game', 'message_length': 34}
2025-09-28 14:52:54 | INFO | {'message': 'I just tried a trick! It was boring.', 'author': 'Bob', 'timestamp': '2025-09-28 14:52:54', 'category': 'other', 'sentiment': 0.46, 'keyword_mentioned': 'other', 'message_length': 36}
2025-09-28 14:52:59 | INFO | {'message': 'I just loved JavaScript! It was amazing.', 'author': 'Eve', 'timestamp': '2025-09-28 14:52:59', 'category': 'tech', 'sentiment': 0.98, 'keyword_mentioned': 'JavaScript', 'message_length': 40}
2025-09-28 14:53:04 | INFO | {'message': 'I just found recipe! It was boring.', 'author': 'Charlie', 'timestamp': '2025-09-28 14:53:04', 'category': 'food', 'sentiment': 0.96, 'keyword_mentioned': 'recipe', 'message_length': 35}
2025-09-28 14:53:09 | INFO | {'message': 'I just saw an app! It was exciting.', 'author': 'Charlie', 'timestamp': '2025-09-28 14:53:09', 'category': 'other', 'sentiment': 0.75, 'keyword_mentioned': 'other', 'message_length': 35}
2025-09-28 14:53:14 | INFO | {'message': 'I just tried a movie! It was weird.', 'author': 'Alice', 'timestamp': '2025-09-28 14:53:14', 'category': 'entertainment', 'sentiment': 0.02, 'keyword_mentioned': 'movie', 'message_length': 35}
2025-09-28 14:53:19 | INFO | {'message': 'I just found a trick! It was funny.', 'author': 'Bob', 'timestamp': '2025-09-28 14:53:19', 'category': 'other', 'sentiment': 0.34, 'keyword_mentioned': 'other', 'message_length': 35}
2025-09-28 14:53:24 | INFO | {'message': 'I just saw Python! It was exciting.', 'author': 'Charlie', 'timestamp': '2025-09-28 14:53:24', 'category': 'tech', 'sentiment': 0.13, 'keyword_mentioned': 'Python', 'message_length': 35}
2025-09-28 14:53:29 | INFO | {'message': 'I just loved travel! It was amazing.', 'author': 'Charlie', 'timestamp': '2025-09-28 14:53:29', 'category': 'travel', 'sentiment': 0.88, 'keyword_mentioned': 'travel', 'message_length': 36}
2025-09-28 14:53:34 | INFO | {'message': 'I just saw travel! It was funny.', 'author': 'Bob', 'timestamp': '2025-09-28 14:53:34', 'category': 'travel', 'sentiment': 0.91, 'keyword_mentioned': 'travel', 'message_length': 32}
2025-09-28 14:53:39 | INFO | {'message': 'I just loved Python! It was amazing.', 'author': 'Bob', 'timestamp': '2025-09-28 14:53:39', 'category': 'tech', 'sentiment': 0.76, 'keyword_mentioned': 'Python', 'message_length': 36}
2025-09-28 14:53:44 | INFO | {'message': 'I just found Python! It was weird.', 'author': 'Bob', 'timestamp': '2025-09-28 14:53:44', 'category': 'tech', 'sentiment': 0.66, 'keyword_mentioned': 'Python', 'message_length': 34}
2025-09-28 14:53:49 | INFO | {'message': 'I just tried recipe! It was boring.', 'author': 'Charlie', 'timestamp': '2025-09-28 14:53:49', 'category': 'food', 'sentiment': 0.88, 'keyword_mentioned': 'recipe', 'message_length': 35}
2025-09-28 14:53:54 | INFO | {'message': 'I just found an app! It was exciting.', 'author': 'Charlie', 'timestamp': '2025-09-28 14:53:54', 'category': 'other', 'sentiment': 0.82, 'keyword_mentioned': 'other', 'message_length': 37}
2025-09-28 14:53:59 | INFO | {'message': 'I just saw a meme! It was boring.', 'author': 'Bob', 'timestamp': '2025-09-28 14:53:59', 'category': 'humor', 'sentiment': 0.06, 'keyword_mentioned': 'meme', 'message_length': 33}
2025-09-28 14:54:04 | INFO | {'message': 'I just tried travel! It was funny.', 'author': 'Eve', 'timestamp': '2025-09-28 14:54:04', 'category': 'travel', 'sentiment': 0.94, 'keyword_mentioned': 'travel', 'message_length': 34}
2025-09-28 14:54:09 | INFO | {'message': 'I just found a meme! It was weird.', 'author': 'Charlie', 'timestamp': '2025-09-28 14:54:09', 'category': 'humor', 'sentiment': 0.78, 'keyword_mentioned': 'meme', 'message_length': 34}
2025-09-28 14:54:14 | INFO | {'message': 'I just tried a trick! It was boring.', 'author': 'Charlie', 'timestamp': '2025-09-28 14:54:14', 'category': 'other', 'sentiment': 0.68, 'keyword_mentioned': 'other', 'message_length': 36}
2025-09-28 14:54:19 | INFO | {'message': 'I just tried JavaScript! It was boring.', 'author': 'Bob', 'timestamp': '2025-09-28 14:54:19', 'category': 'tech', 'sentiment': 0.05, 'keyword_mentioned': 'JavaScript', 'message_length': 39}
2025-09-28 14:54:24 | INFO | {'message': 'I just tried JavaScript! It was boring.', 'author': 'Alice', 'timestamp': '2025-09-28 14:54:24', 'category': 'tech', 'sentiment': 0.38, 'keyword_mentioned': 'JavaScript', 'message_length': 39}
2025-09-28 14:54:29 | INFO | {'message': 'I just shared recipe! It was amazing.', 'author': 'Bob', 'timestamp': '2025-09-28 14:54:29', 'category': 'food', 'sentiment': 0.35, 'keyword_mentioned': 'recipe', 'message_length': 37}
2025-09-28 14:54:34 | INFO | {'message': 'I just tried Python! It was funny.', 'author': 'Bob', 'timestamp': '2025-09-28 14:54:34', 'category': 'tech', 'sentiment': 0.59, 'keyword_mentioned': 'Python', 'message_length': 34}
2025-09-28 14:54:39 | INFO | {'message': 'I just shared Python! It was funny.', 'author': 'Alice', 'timestamp': '2025-09-28 14:54:39', 'category': 'tech', 'sentiment': 0.59, 'keyword_mentioned': 'Python', 'message_length': 35}
2025-09-28 14:54:44 | INFO | {'message': 'I just shared an app! It was weird.', 'author': 'Charlie', 'timestamp': '2025-09-28 14:54:44', 'category': 'other', 'sentiment': 0.9, 'keyword_mentioned': 'other', 'message_length': 35}
2025-09-28 14:54:49 | INFO | {'message': 'I just shared recipe! It was amazing.', 'author': 'Eve', 'timestamp': '2025-09-28 14:54:49', 'category': 'food', 'sentiment': 0.03, 'keyword_mentioned': 'recipe', 'message_length': 37}
2025-09-28 14:54:54 | INFO | {'message': 'I just shared a movie! It was weird.', 'author': 'Bob', 'timestamp': '2025-09-28 14:54:54', 'category': 'entertainment', 'sentiment': 0.15, 'keyword_mentioned': 'movie', 'message_length': 36}
2025-09-28 14:54:59 | INFO | {'message': 'I just saw a meme! It was weird.', 'author': 'Eve', 'timestamp': '2025-09-28 14:54:59', 'category': 'humor', 'sentiment': 0.36, 'keyword_mentioned': 'meme', 'message_length': 32}
2025-09-28 14:55:04 | INFO | {'message': 'I just loved JavaScript! It was amazing.', 'author': 'Charlie', 'timestamp': '2025-09-28 14:55:04', 'category': 'tech', 'sentiment': 0.37, 'keyword_mentioned': 'JavaScript', 'message_length': 40}
2025-09-28 14:55:09 | INFO | {'message': 'I just shared Python! It was funny.', 'author': 'Charlie', 'timestamp': '2025-09-28 14:55:09', 'category': 'tech', 'sentiment': 0.1, 'keyword_mentioned': 'Python', 'message_length': 35}
2025-09-28 14:55:14 | INFO | {'message': 'I just saw a trick! It was funny.', 'author': 'Alice', 'timestamp': '2025-09-28 14:55:14', 'category': 'other', 'sentiment': 0.14, 'keyword_mentioned': 'other', 'message_length': 33}
2025-09-28 14:55:19 | INFO | {'message': 'I just loved travel! It was exciting.', 'author': 'Bob', 'timestamp': '2025-09-28 14:55:19', 'category': 'travel', 'sentiment': 0.25, 'keyword_mentioned': 'travel', 'message_length': 37}
2025-09-28 14:55:24 | INFO | {'message': 'I just tried a story! It was funny.', 'author': 'Eve', 'timestamp': '2025-09-28 14:55:24', 'category': 'other', 'sentiment': 0.37, 'keyword_mentioned': 'other', 'message_length': 35}
2025-09-28 14:55:29 | INFO | {'message': 'I just loved a story! It was amazing.', 'author': 'Charlie', 'timestamp': '2025-09-28 14:55:29', 'category': 'other', 'sentiment': 0.65, 'keyword_mentioned': 'other', 'message_length': 37}
2025-09-28 14:55:34 | INFO | {'message': 'I just saw travel! It was boring.', 'author': 'Eve', 'timestamp': '2025-09-28 14:55:34', 'category': 'travel', 'sentiment': 0.72, 'keyword_mentioned': 'travel', 'message_length': 33}
2025-09-28 14:55:39 | INFO | {'message': 'I just loved Python! It was amazing.', 'author': 'Alice', 'timestamp': '2025-09-28 14:55:39', 'category': 'tech', 'sentiment': 1.0, 'keyword_mentioned': 'Python', 'message_length': 36}
2025-09-28 14:55:44 | INFO | {'message': 'I just loved game! It was amazing.', 'author': 'Eve', 'timestamp': '2025-09-28 14:55:44', 'category': 'gaming', 'sentiment': 0.83, 'keyword_mentioned': 'game', 'message_length': 34}
2025-09-28 14:55:49 | INFO | {'message': 'I just found Python! It was amazing.', 'author': 'Alice', 'timestamp': '2025-09-28 14:55:49', 'category': 'tech', 'sentiment': 0.55, 'keyword_mentioned': 'Python', 'message_length': 36}
2025-09-28 14:55:54 | INFO | {'message': 'I just shared a meme! It was weird.', 'author': 'Eve', 'timestamp': '2025-09-28 14:55:54', 'category': 'humor', 'sentiment': 0.72, 'keyword_mentioned': 'meme', 'message_length': 35}
2025-09-28 14:55:59 | INFO | {'message': 'I just saw a trick! It was funny.', 'author': 'Charlie', 'timestamp': '2025-09-28 14:55:59', 'category': 'other', 'sentiment': 0.91, 'keyword_mentioned': 'other', 'message_length': 33}
2025-09-28 14:56:04 | INFO | {'message': 'I just saw recipe! It was exciting.', 'author': 'Eve', 'timestamp': '2025-09-28 14:56:04', 'category': 'food', 'sentiment': 0.19, 'keyword_mentioned': 'recipe', 'message_length': 35}
2025-09-28 15:22:46 | INFO | {'message': 'I just found travel! It was amazing.', 'author': 'Eve', 'timestamp': '2025-09-28 15:22:46', 'category': 'travel', 'sentiment': 0.41, 'keyword_mentioned': 'travel', 'message_length': 36}
2025-09-28 15:22:51 | INFO | {'message': 'I just loved Python! It was amazing.', 'author': 'Bob', 'timestamp': '2025-09-28 15:22:51', 'category': 'tech', 'sentiment': 1.0, 'keyword_mentioned': 'Python', 'message_length': 36}
2025-09-28 16:08:30 | INFO | {'message': 'I just shared JavaScript! It was amazing.', 'author': 'Eve', 'timestamp': '2025-09-28 16:08:30', 'category': 'tech', 'sentiment': 0.64, 'keyword_mentioned': 'JavaScript', 'message_length': 41}
2025-09-28 16:08:35 | INFO | {'message': 'I just shared JavaScript! It was funny.', 'author': 'Bob', 'timestamp': '2025-09-28 16:08:35', 'category': 'tech', 'sentiment': 0.23, 'keyword_mentioned': 'JavaScript', 'message_length': 39}
2025-09-28 16:08:40 | INFO | {'message': 'I just tried a story! It was funny.', 'author': 'Alice', 'timestamp': '2025-09-28 16:08:40', 'category': 'other', 'sentiment': 0.34, 'keyword_mentioned': 'other', 'message_length': 35}
2025-09-28 16:08:45 | INFO | {'message': 'I just saw a story! It was amazing.', 'author': 'Bob', 'timestamp': '2025-09-28 16:08:45', 'category': 'other', 'sentiment': 0.74, 'keyword_mentioned': 'other', 'message_length': 35}
2025-09-28 16:08:50 | INFO | {'message': 'I just saw travel! It was amazing.', 'author': 'Charlie', 'timestamp': '2025-09-28 16:08:50', 'category': 'travel', 'sentiment': 0.27, 'keyword_mentioned': 'travel', 'message_length': 34}
2025-09-28 16:08:55 | INFO | {'message': 'I just saw a story! It was boring.', 'author': 'Bob', 'timestamp': '2025-09-28 16:08:55', 'category': 'other', 'sentiment': 0.93, 'keyword_mentioned': 'other', 'message_length': 34}
2025-09-28 16:09:00 | INFO | {'message': 'I just found Python! It was funny.', 'author': 'Bob', 'timestamp': '2025-09-28 16:09:00', 'category': 'tech', 'sentiment': 0.8, 'keyword_mentioned': 'Python', 'message_length': 34}
2025-09-28 16:09:05 | INFO | {'message': 'I just loved travel! It was funny.', 'author': 'Charlie', 'timestamp': '2025-09-28 16:09:05', 'category': 'travel', 'sentiment': 0.38, 'keyword_mentioned': 'travel', 'message_length': 34}
2025-09-28 16:09:10 | INFO | {'message': 'I just loved a trick! It was amazing.', 'author': 'Bob', 'timestamp': '2025-09-28 16:09:10', 'category': 'other', 'sentiment': 0.24, 'keyword_mentioned': 'other', 'message_length': 37}
2025-09-28 16:09:15 | INFO | {'message': 'I just found an app! It was exciting.', 'author': 'Eve', 'timestamp': '2025-09-28 16:09:15', 'category': 'other', 'sentiment': 0.18, 'keyword_mentioned': 'other', 'message_length': 37}
2025-09-28 16:09:20 | INFO | {'message': 'I just loved a story! It was boring.', 'author': 'Bob', 'timestamp': '2025-09-28 16:09:20', 'category': 'other', 'sentiment': 0.41, 'keyword_mentioned': 'other', 'message_length': 36}
2025-09-28 16:09:25 | INFO | {'message': 'I just tried a story! It was amazing.', 'author': 'Eve', 'timestamp': '2025-09-28 16:09:25', 'category': 'other', 'sentiment': 0.38, 'keyword_mentioned': 'other', 'message_length': 37}
2025-09-28 16:09:30 | INFO | {'message': 'I just tried Python! It was amazing.', 'author': 'Bob', 'timestamp': '2025-09-28 16:09:30', 'category': 'tech', 'sentiment': 0.75, 'keyword_mentioned': 'Python', 'message_length': 36}
2025-09-28 16:09:35 | INFO | {'message': 'I just found a meme! It was amazing.', 'author': 'Charlie', 'timestamp': '2025-09-28 16:09:35', 'category': 'humor', 'sentiment': 0.92, 'keyword_mentioned': 'meme', 'message_length': 36}
2025-09-28 16:09:40 | INFO | {'message': 'I just shared a trick! It was boring.', 'author': 'Charlie', 'timestamp': '2025-09-28 16:09:40', 'category': 'other', 'sentiment': 0.39, 'keyword_mentioned': 'other', 'message_length': 37}
2025-09-28 16:09:45 | INFO | {'message': 'I just found travel! It was exciting.', 'author': 'Bob', 'timestamp': '2025-09-28 16:09:45', 'category': 'travel', 'sentiment': 0.67, 'keyword_mentioned': 'travel', 'message_length': 37}
2025-09-28 16:09:50 | INFO | {'message': 'I just shared travel! It was weird.', 'author': 'Alice', 'timestamp': '2025-09-28 16:09:50', 'category': 'travel', 'sentiment': 0.26, 'keyword_mentioned': 'travel', 'message_length': 35}
2025-09-28 16:09:55 | INFO | {'message': 'I just saw travel! It was amazing.', 'author': 'Bob', 'timestamp': '2025-09-28 16:09:55', 'category': 'travel', 'sentiment': 0.93, 'keyword_mentioned': 'travel', 'message_length': 34}
2025-09-28 16:10:00 | INFO | {'message': 'I just found travel! It was weird.', 'author': 'Charlie', 'timestamp': '2025-09-28 16:10:00', 'category': 'travel', 'sentiment': 0.17, 'keyword_mentioned': 'travel', 'message_length': 34}
2025-09-28 16:10:05 | INFO | {'message': 'I just shared travel! It was weird.', 'author': 'Bob', 'timestamp': '2025-09-28 16:10:05', 'category': 'travel', 'sentiment': 0.71, 'keyword_mentioned': 'travel', 'message_length': 35}
2025-09-28 16:10:07 | WARNING | Producer interrupted by user.
2025-09-28 16:10:07 | INFO | Producer shutting down.
2025-09-28 16:11:36 | INFO | Logging to file: logs/project_log.log
2025-09-28 16:11:36 | INFO | Log sanitization enabled, personal info removed
2025-09-28 16:11:36 | INFO | Starting Producer to run continuously.
2025-09-28 16:11:36 | INFO | Use Ctrl+C to stop.
2025-09-28 16:11:36 | INFO | MESSAGE_INTERVAL_SECONDS: 5
2025-09-28 16:11:36 | INFO | BUZZ_TOPIC: buzzline
2025-09-28 16:11:36 | INFO | KAFKA_BROKER_ADDRESS: 127.0.0.1:9092
2025-09-28 16:11:36 | INFO | BASE_DATA_DIR: PROJECT_ROOT/data
2025-09-28 16:11:36 | INFO | LIVE_DATA_PATH: PROJECT_ROOT/data/project_live.json
2025-09-28 16:11:36 | INFO | BASE_DATA_DIR: PROJECT_ROOT/data
2025-09-28 16:11:36 | INFO | SQLITE_PATH: PROJECT_ROOT/data/buzz.sqlite
2025-09-28 16:11:36 | INFO | Deleted existing live data file.
2025-09-28 16:11:36 | INFO | Kafka broker address: localhost:9092
2025-09-28 16:11:37 | INFO | Kafka is ready. Brokers: {'throttle_time_ms': 0, 'brokers': [{'node_id': 1, 'host': 'localhost', 'port': 9092, 'rack': None}], 'cluster_id': 'zJ62-SIKSqi5x7SKZvUAXA', 'controller_id': 1}
2025-09-28 16:11:39 | WARNING | WARNING: Kafka setup failed: NoBrokersAvailable
2025-09-28 16:11:39 | INFO | {'message': 'I just tried recipe! It was exciting.', 'author': 'Charlie', 'timestamp': '2025-09-28 16:11:39', 'category': 'food', 'sentiment': 0.64, 'keyword_mentioned': 'recipe', 'message_length': 37}
2025-09-28 16:11:44 | INFO | {'message': 'I just tried a trick! It was amazing.', 'author': 'Bob', 'timestamp': '2025-09-28 16:11:44', 'category': 'other', 'sentiment': 0.86, 'keyword_mentioned': 'other', 'message_length': 37}
2025-09-28 16:11:49 | INFO | {'message': 'I just loved travel! It was exciting.', 'author': 'Alice', 'timestamp': '2025-09-28 16:11:49', 'category': 'travel', 'sentiment': 0.89, 'keyword_mentioned': 'travel', 'message_length': 37}
2025-09-28 16:11:54 | INFO | {'message': 'I just saw recipe! It was exciting.', 'author': 'Bob', 'timestamp': '2025-09-28 16:11:54', 'category': 'food', 'sentiment': 0.08, 'keyword_mentioned': 'recipe', 'message_length': 35}
2025-09-28 16:11:59 | INFO | {'message': 'I just saw travel! It was boring.', 'author': 'Charlie', 'timestamp': '2025-09-28 16:11:59', 'category': 'travel', 'sentiment': 0.36, 'keyword_mentioned': 'travel', 'message_length': 33}
2025-09-28 16:12:04 | INFO | {'message': 'I just saw a story! It was weird.', 'author': 'Alice', 'timestamp': '2025-09-28 16:12:04', 'category': 'other', 'sentiment': 0.68, 'keyword_mentioned': 'other', 'message_length': 33}
2025-09-28 16:12:09 | INFO | {'message': 'I just found JavaScript! It was boring.', 'author': 'Bob', 'timestamp': '2025-09-28 16:12:09', 'category': 'tech', 'sentiment': 0.43, 'keyword_mentioned': 'JavaScript', 'message_length': 39}
2025-09-28 16:12:14 | INFO | {'message': 'I just loved JavaScript! It was exciting.', 'author': 'Charlie', 'timestamp': '2025-09-28 16:12:14', 'category': 'tech', 'sentiment': 0.88, 'keyword_mentioned': 'JavaScript', 'message_length': 41}
2025-09-28 16:12:14 | INFO | Logging to file: logs/project_log.log
2025-09-28 16:12:14 | INFO | Log sanitization enabled, personal info removed
2025-09-28 16:12:14 | INFO | BASE_DATA_DIR: PROJECT_ROOT/data
2025-09-28 16:12:14 | INFO | Calling SQLite init_db() with {db_path=}.
2025-09-28 16:12:14 | INFO | SUCCESS: Got a cursor to execute SQL.
2025-09-28 16:12:14 | INFO | SUCCESS: Database initialized and table ready at PROJECT_ROOT/data/buzz.sqlite.
2025-09-28 16:12:14 | INFO | Starting Kafka consumer...
2025-09-28 16:12:15 | INFO | Subscribed to Kafka topic: buzz_messages
2025-09-28 16:12:19 | INFO | {'message': 'I just found a meme! It was exciting.', 'author': 'Bob', 'timestamp': '2025-09-28 16:12:19', 'category': 'humor', 'sentiment': 0.54, 'keyword_mentioned': 'meme', 'message_length': 37}
2025-09-28 16:12:21 | ERROR | Kafka error: KafkaError{code=UNKNOWN_TOPIC_OR_PART,val=3,str="Subscribed topic not available: buzz_messages: Broker: Unknown topic or partition"}
2025-09-28 16:12:24 | INFO | {'message': 'I just found a trick! It was amazing.', 'author': 'Eve', 'timestamp': '2025-09-28 16:12:24', 'category': 'other', 'sentiment': 0.89, 'keyword_mentioned': 'other', 'message_length': 37}
2025-09-28 16:12:29 | INFO | {'message': 'I just shared JavaScript! It was boring.', 'author': 'Charlie', 'timestamp': '2025-09-28 16:12:29', 'category': 'tech', 'sentiment': 0.75, 'keyword_mentioned': 'JavaScript', 'message_length': 40}
2025-09-28 16:12:34 | INFO | {'message': 'I just saw an app! It was amazing.', 'author': 'Charlie', 'timestamp': '2025-09-28 16:12:34', 'category': 'other', 'sentiment': 0.07, 'keyword_mentioned': 'other', 'message_length': 34}
2025-09-28 16:12:39 | INFO | {'message': 'I just tried an app! It was exciting.', 'author': 'Charlie', 'timestamp': '2025-09-28 16:12:39', 'category': 'other', 'sentiment': 0.14, 'keyword_mentioned': 'other', 'message_length': 37}
2025-09-28 16:12:44 | INFO | {'message': 'I just tried travel! It was boring.', 'author': 'Alice', 'timestamp': '2025-09-28 16:12:44', 'category': 'travel', 'sentiment': 0.93, 'keyword_mentioned': 'travel', 'message_length': 35}
2025-09-28 16:12:49 | INFO | {'message': 'I just shared travel! It was weird.', 'author': 'Eve', 'timestamp': '2025-09-28 16:12:49', 'category': 'travel', 'sentiment': 0.81, 'keyword_mentioned': 'travel', 'message_length': 35}
2025-09-28 16:12:54 | INFO | {'message': 'I just found a movie! It was funny.', 'author': 'Charlie', 'timestamp': '2025-09-28 16:12:54', 'category': 'entertainment', 'sentiment': 0.73, 'keyword_mentioned': 'movie', 'message_length': 35}
2025-09-28 16:12:59 | INFO | {'message': 'I just shared a meme! It was exciting.', 'author': 'Charlie', 'timestamp': '2025-09-28 16:12:59', 'category': 'humor', 'sentiment': 0.79, 'keyword_mentioned': 'meme', 'message_length': 38}
2025-09-28 16:13:04 | INFO | {'message': 'I just found a meme! It was funny.', 'author': 'Charlie', 'timestamp': '2025-09-28 16:13:04', 'category': 'humor', 'sentiment': 0.92, 'keyword_mentioned': 'meme', 'message_length': 34}
2025-09-28 16:13:09 | INFO | {'message': 'I just tried JavaScript! It was funny.', 'author': 'Eve', 'timestamp': '2025-09-28 16:13:09', 'category': 'tech', 'sentiment': 0.24, 'keyword_mentioned': 'JavaScript', 'message_length': 38}
2025-09-28 16:13:14 | INFO | {'message': 'I just tried Python! It was exciting.', 'author': 'Alice', 'timestamp': '2025-09-28 16:13:14', 'category': 'tech', 'sentiment': 0.28, 'keyword_mentioned': 'Python', 'message_length': 37}
2025-09-28 16:13:19 | INFO | {'message': 'I just found a movie! It was boring.', 'author': 'Alice', 'timestamp': '2025-09-28 16:13:19', 'category': 'entertainment', 'sentiment': 0.1, 'keyword_mentioned': 'movie', 'message_length': 36}
2025-09-28 16:13:24 | INFO | {'message': 'I just shared Python! It was amazing.', 'author': 'Alice', 'timestamp': '2025-09-28 16:13:24', 'category': 'tech', 'sentiment': 0.91, 'keyword_mentioned': 'Python', 'message_length': 37}
2025-09-28 16:13:29 | INFO | {'message': 'I just tried Python! It was exciting.', 'author': 'Charlie', 'timestamp': '2025-09-28 16:13:29', 'category': 'tech', 'sentiment': 0.93, 'keyword_mentioned': 'Python', 'message_length': 37}
2025-09-28 16:13:34 | INFO | {'message': 'I just tried JavaScript! It was boring.', 'author': 'Charlie', 'timestamp': '2025-09-28 16:13:34', 'category': 'tech', 'sentiment': 0.98, 'keyword_mentioned': 'JavaScript', 'message_length': 39}
2025-09-28 16:13:39 | INFO | {'message': 'I just shared an app! It was funny.', 'author': 'Bob', 'timestamp': '2025-09-28 16:13:39', 'category': 'other', 'sentiment': 0.03, 'keyword_mentioned': 'other', 'message_length': 35}
2025-09-28 16:13:44 | INFO | {'message': 'I just tried a story! It was boring.', 'author': 'Bob', 'timestamp': '2025-09-28 16:13:44', 'category': 'other', 'sentiment': 0.52, 'keyword_mentioned': 'other', 'message_length': 36}
2025-09-28 16:13:49 | INFO | {'message': 'I just loved a trick! It was funny.', 'author': 'Eve', 'timestamp': '2025-09-28 16:13:49', 'category': 'other', 'sentiment': 0.92, 'keyword_mentioned': 'other', 'message_length': 35}
2025-09-28 16:13:54 | INFO | {'message': 'I just tried JavaScript! It was boring.', 'author': 'Charlie', 'timestamp': '2025-09-28 16:13:54', 'category': 'tech', 'sentiment': 0.81, 'keyword_mentioned': 'JavaScript', 'message_length': 39}
2025-09-28 16:13:59 | INFO | {'message': 'I just loved a meme! It was funny.', 'author': 'Alice', 'timestamp': '2025-09-28 16:13:59', 'category': 'humor', 'sentiment': 0.5, 'keyword_mentioned': 'meme', 'message_length': 34}
2025-09-28 16:14:04 | INFO | {'message': 'I just found a trick! It was funny.', 'author': 'Eve', 'timestamp': '2025-09-28 16:14:04', 'category': 'other', 'sentiment': 0.37, 'keyword_mentioned': 'other', 'message_length': 35}
2025-09-28 16:14:09 | INFO | {'message': 'I just saw an app! It was weird.', 'author': 'Charlie', 'timestamp': '2025-09-28 16:14:09', 'category': 'other', 'sentiment': 0.51, 'keyword_mentioned': 'other', 'message_length': 32}
2025-09-28 16:14:14 | INFO | {'message': 'I just loved JavaScript! It was exciting.', 'author': 'Bob', 'timestamp': '2025-09-28 16:14:14', 'category': 'tech', 'sentiment': 0.68, 'keyword_mentioned': 'JavaScript', 'message_length': 41}
2025-09-28 16:14:19 | INFO | {'message': 'I just saw JavaScript! It was amazing.', 'author': 'Bob', 'timestamp': '2025-09-28 16:14:19', 'category': 'tech', 'sentiment': 0.92, 'keyword_mentioned': 'JavaScript', 'message_length': 38}
2025-09-28 16:14:24 | INFO | {'message': 'I just loved Python! It was exciting.', 'author': 'Alice', 'timestamp': '2025-09-28 16:14:24', 'category': 'tech', 'sentiment': 0.74, 'keyword_mentioned': 'Python', 'message_length': 37}
2025-09-28 16:14:29 | INFO | {'message': 'I just found recipe! It was weird.', 'author': 'Eve', 'timestamp': '2025-09-28 16:14:29', 'category': 'food', 'sentiment': 0.95, 'keyword_mentioned': 'recipe', 'message_length': 34}
2025-09-28 16:14:34 | INFO | {'message': 'I just loved Python! It was amazing.', 'author': 'Charlie', 'timestamp': '2025-09-28 16:14:34', 'category': 'tech', 'sentiment': 0.83, 'keyword_mentioned': 'Python', 'message_length': 36}
2025-09-28 16:14:39 | INFO | {'message': 'I just shared a meme! It was boring.', 'author': 'Bob', 'timestamp': '2025-09-28 16:14:39', 'category': 'humor', 'sentiment': 0.46, 'keyword_mentioned': 'meme', 'message_length': 36}
2025-09-28 16:14:46 | INFO | Logging to file: logs/project_log.log
