2025-09-28 10:22:18 | INFO | {'message': 'I just saw travel! It was exciting.', 'author': 'Alice', 'timestamp': '2025-09-28 10:22:18', 'category': 'travel', 'sentiment': 0.8, 'keyword_mentioned': 'travel', 'message_length': 35}
2025-09-28 10:22:23 | INFO | {'message': 'I just loved a movie! It was funny.', 'author': 'Eve', 'timestamp': '2025-09-28 10:22:23', 'category': 'entertainment', 'sentiment': 0.74, 'keyword_mentioned': 'movie', 'message_length': 35}
2025-09-28 10:22:28 | INFO | {'message': 'I just found a story! It was weird.', 'author': 'Alice', 'timestamp': '2025-09-28 10:22:28', 'category': 'other', 'sentiment': 0.26, 'keyword_mentioned': 'other', 'message_length': 35}
2025-09-28 10:22:33 | INFO | {'message': 'I just loved game! It was boring.', 'author': 'Bob', 'timestamp': '2025-09-28 10:22:33', 'category': 'gaming', 'sentiment': 0.25, 'keyword_mentioned': 'game', 'message_length': 33}
2025-09-28 10:22:38 | INFO | {'message': 'I just tried a movie! It was exciting.', 'author': 'Charlie', 'timestamp': '2025-09-28 10:22:38', 'category': 'entertainment', 'sentiment': 0.6, 'keyword_mentioned': 'movie', 'message_length': 38}
2025-09-28 10:22:43 | INFO | {'message': 'I just shared a story! It was weird.', 'author': 'Alice', 'timestamp': '2025-09-28 10:22:43', 'category': 'other', 'sentiment': 0.81, 'keyword_mentioned': 'other', 'message_length': 36}
2025-09-28 10:22:48 | INFO | {'message': 'I just loved a trick! It was exciting.', 'author': 'Alice', 'timestamp': '2025-09-28 10:22:48', 'category': 'other', 'sentiment': 0.31, 'keyword_mentioned': 'other', 'message_length': 38}
2025-09-28 10:22:53 | INFO | {'message': 'I just found a movie! It was funny.', 'author': 'Eve', 'timestamp': '2025-09-28 10:22:53', 'category': 'entertainment', 'sentiment': 0.62, 'keyword_mentioned': 'movie', 'message_length': 35}
2025-09-28 10:22:58 | INFO | {'message': 'I just found a movie! It was weird.', 'author': 'Eve', 'timestamp': '2025-09-28 10:22:58', 'category': 'entertainment', 'sentiment': 0.96, 'keyword_mentioned': 'movie', 'message_length': 35}
2025-09-28 10:23:03 | INFO | {'message': 'I just tried game! It was boring.', 'author': 'Eve', 'timestamp': '2025-09-28 10:23:03', 'category': 'gaming', 'sentiment': 0.65, 'keyword_mentioned': 'game', 'message_length': 33}
2025-09-28 10:23:08 | INFO | {'message': 'I just saw a trick! It was amazing.', 'author': 'Eve', 'timestamp': '2025-09-28 10:23:08', 'category': 'other', 'sentiment': 0.13, 'keyword_mentioned': 'other', 'message_length': 35}
2025-09-28 10:23:13 | INFO | {'message': 'I just shared an app! It was amazing.', 'author': 'Bob', 'timestamp': '2025-09-28 10:23:13', 'category': 'other', 'sentiment': 0.68, 'keyword_mentioned': 'other', 'message_length': 37}
2025-09-28 10:23:18 | INFO | {'message': 'I just saw a story! It was boring.', 'author': 'Bob', 'timestamp': '2025-09-28 10:23:18', 'category': 'other', 'sentiment': 0.17, 'keyword_mentioned': 'other', 'message_length': 34}
2025-09-28 10:23:23 | INFO | {'message': 'I just shared an app! It was boring.', 'author': 'Alice', 'timestamp': '2025-09-28 10:23:23', 'category': 'other', 'sentiment': 0.63, 'keyword_mentioned': 'other', 'message_length': 36}
2025-09-28 10:23:28 | INFO | {'message': 'I just loved an app! It was weird.', 'author': 'Eve', 'timestamp': '2025-09-28 10:23:28', 'category': 'other', 'sentiment': 0.68, 'keyword_mentioned': 'other', 'message_length': 34}
2025-09-28 10:23:33 | INFO | {'message': 'I just found JavaScript! It was exciting.', 'author': 'Alice', 'timestamp': '2025-09-28 10:23:33', 'category': 'tech', 'sentiment': 0.57, 'keyword_mentioned': 'JavaScript', 'message_length': 41}
2025-09-28 10:23:38 | INFO | {'message': 'I just saw a story! It was boring.', 'author': 'Charlie', 'timestamp': '2025-09-28 10:23:38', 'category': 'other', 'sentiment': 0.07, 'keyword_mentioned': 'other', 'message_length': 34}
2025-09-28 10:23:43 | INFO | {'message': 'I just loved game! It was funny.', 'author': 'Charlie', 'timestamp': '2025-09-28 10:23:43', 'category': 'gaming', 'sentiment': 0.38, 'keyword_mentioned': 'game', 'message_length': 32}
2025-09-28 10:23:48 | INFO | {'message': 'I just shared game! It was amazing.', 'author': 'Bob', 'timestamp': '2025-09-28 10:23:48', 'category': 'gaming', 'sentiment': 0.08, 'keyword_mentioned': 'game', 'message_length': 35}
2025-09-28 10:23:53 | INFO | {'message': 'I just shared a movie! It was weird.', 'author': 'Alice', 'timestamp': '2025-09-28 10:23:53', 'category': 'entertainment', 'sentiment': 0.1, 'keyword_mentioned': 'movie', 'message_length': 36}
2025-09-28 10:23:58 | INFO | {'message': 'I just loved travel! It was weird.', 'author': 'Bob', 'timestamp': '2025-09-28 10:23:58', 'category': 'travel', 'sentiment': 0.01, 'keyword_mentioned': 'travel', 'message_length': 34}
2025-09-28 10:24:03 | INFO | {'message': 'I just loved a trick! It was exciting.', 'author': 'Eve', 'timestamp': '2025-09-28 10:24:03', 'category': 'other', 'sentiment': 0.46, 'keyword_mentioned': 'other', 'message_length': 38}
2025-09-28 10:24:08 | INFO | {'message': 'I just tried a movie! It was weird.', 'author': 'Bob', 'timestamp': '2025-09-28 10:24:08', 'category': 'entertainment', 'sentiment': 0.55, 'keyword_mentioned': 'movie', 'message_length': 35}
2025-09-28 10:24:13 | INFO | {'message': 'I just loved game! It was exciting.', 'author': 'Eve', 'timestamp': '2025-09-28 10:24:13', 'category': 'gaming', 'sentiment': 0.39, 'keyword_mentioned': 'game', 'message_length': 35}
2025-09-28 10:24:18 | INFO | {'message': 'I just found recipe! It was boring.', 'author': 'Bob', 'timestamp': '2025-09-28 10:24:18', 'category': 'food', 'sentiment': 0.51, 'keyword_mentioned': 'recipe', 'message_length': 35}
2025-09-28 10:24:23 | INFO | {'message': 'I just shared travel! It was amazing.', 'author': 'Bob', 'timestamp': '2025-09-28 10:24:23', 'category': 'travel', 'sentiment': 0.72, 'keyword_mentioned': 'travel', 'message_length': 37}
2025-09-28 10:24:28 | INFO | {'message': 'I just shared a meme! It was exciting.', 'author': 'Charlie', 'timestamp': '2025-09-28 10:24:28', 'category': 'humor', 'sentiment': 0.98, 'keyword_mentioned': 'meme', 'message_length': 38}
2025-09-28 10:24:33 | INFO | {'message': 'I just saw game! It was amazing.', 'author': 'Bob', 'timestamp': '2025-09-28 10:24:33', 'category': 'gaming', 'sentiment': 0.43, 'keyword_mentioned': 'game', 'message_length': 32}
2025-09-28 10:24:38 | INFO | {'message': 'I just loved recipe! It was weird.', 'author': 'Eve', 'timestamp': '2025-09-28 10:24:38', 'category': 'food', 'sentiment': 0.93, 'keyword_mentioned': 'recipe', 'message_length': 34}
2025-09-28 10:24:43 | INFO | {'message': 'I just tried an app! It was boring.', 'author': 'Alice', 'timestamp': '2025-09-28 10:24:43', 'category': 'other', 'sentiment': 0.97, 'keyword_mentioned': 'other', 'message_length': 35}
2025-09-28 10:24:48 | INFO | {'message': 'I just tried Python! It was exciting.', 'author': 'Charlie', 'timestamp': '2025-09-28 10:24:48', 'category': 'tech', 'sentiment': 0.79, 'keyword_mentioned': 'Python', 'message_length': 37}
2025-09-28 10:24:53 | INFO | {'message': 'I just shared an app! It was boring.', 'author': 'Alice', 'timestamp': '2025-09-28 10:24:53', 'category': 'other', 'sentiment': 0.2, 'keyword_mentioned': 'other', 'message_length': 36}
2025-09-28 10:24:58 | INFO | {'message': 'I just loved game! It was funny.', 'author': 'Bob', 'timestamp': '2025-09-28 10:24:58', 'category': 'gaming', 'sentiment': 0.14, 'keyword_mentioned': 'game', 'message_length': 32}
2025-09-28 10:25:03 | INFO | {'message': 'I just loved a movie! It was funny.', 'author': 'Alice', 'timestamp': '2025-09-28 10:25:03', 'category': 'entertainment', 'sentiment': 0.93, 'keyword_mentioned': 'movie', 'message_length': 35}
2025-09-28 10:25:08 | INFO | {'message': 'I just shared Python! It was exciting.', 'author': 'Bob', 'timestamp': '2025-09-28 10:25:08', 'category': 'tech', 'sentiment': 0.66, 'keyword_mentioned': 'Python', 'message_length': 38}
2025-09-28 10:25:13 | INFO | {'message': 'I just shared a trick! It was funny.', 'author': 'Alice', 'timestamp': '2025-09-28 10:25:13', 'category': 'other', 'sentiment': 0.22, 'keyword_mentioned': 'other', 'message_length': 36}
2025-09-28 10:25:18 | INFO | {'message': 'I just saw an app! It was weird.', 'author': 'Bob', 'timestamp': '2025-09-28 10:25:18', 'category': 'other', 'sentiment': 0.89, 'keyword_mentioned': 'other', 'message_length': 32}
2025-09-28 10:25:23 | INFO | {'message': 'I just saw a movie! It was exciting.', 'author': 'Alice', 'timestamp': '2025-09-28 10:25:23', 'category': 'entertainment', 'sentiment': 0.45, 'keyword_mentioned': 'movie', 'message_length': 36}
2025-09-28 10:25:28 | INFO | {'message': 'I just found travel! It was exciting.', 'author': 'Bob', 'timestamp': '2025-09-28 10:25:28', 'category': 'travel', 'sentiment': 0.94, 'keyword_mentioned': 'travel', 'message_length': 37}
2025-09-28 10:25:33 | INFO | {'message': 'I just tried recipe! It was boring.', 'author': 'Bob', 'timestamp': '2025-09-28 10:25:33', 'category': 'food', 'sentiment': 0.32, 'keyword_mentioned': 'recipe', 'message_length': 35}
2025-09-28 10:25:38 | INFO | {'message': 'I just loved JavaScript! It was weird.', 'author': 'Bob', 'timestamp': '2025-09-28 10:25:38', 'category': 'tech', 'sentiment': 0.06, 'keyword_mentioned': 'JavaScript', 'message_length': 38}
2025-09-28 10:25:43 | INFO | {'message': 'I just saw travel! It was weird.', 'author': 'Charlie', 'timestamp': '2025-09-28 10:25:43', 'category': 'travel', 'sentiment': 0.5, 'keyword_mentioned': 'travel', 'message_length': 32}
2025-09-28 10:25:48 | INFO | {'message': 'I just shared a trick! It was weird.', 'author': 'Charlie', 'timestamp': '2025-09-28 10:25:48', 'category': 'other', 'sentiment': 0.26, 'keyword_mentioned': 'other', 'message_length': 36}
2025-09-28 10:25:53 | INFO | {'message': 'I just shared an app! It was funny.', 'author': 'Bob', 'timestamp': '2025-09-28 10:25:53', 'category': 'other', 'sentiment': 0.55, 'keyword_mentioned': 'other', 'message_length': 35}
2025-09-28 10:25:59 | INFO | {'message': 'I just tried a meme! It was amazing.', 'author': 'Bob', 'timestamp': '2025-09-28 10:25:59', 'category': 'humor', 'sentiment': 0.49, 'keyword_mentioned': 'meme', 'message_length': 36}
2025-09-28 10:26:04 | INFO | {'message': 'I just found JavaScript! It was amazing.', 'author': 'Alice', 'timestamp': '2025-09-28 10:26:04', 'category': 'tech', 'sentiment': 0.26, 'keyword_mentioned': 'JavaScript', 'message_length': 40}
2025-09-28 10:26:09 | INFO | {'message': 'I just shared a trick! It was funny.', 'author': 'Charlie', 'timestamp': '2025-09-28 10:26:09', 'category': 'other', 'sentiment': 0.51, 'keyword_mentioned': 'other', 'message_length': 36}
2025-09-28 10:26:14 | INFO | {'message': 'I just found a meme! It was weird.', 'author': 'Alice', 'timestamp': '2025-09-28 10:26:14', 'category': 'humor', 'sentiment': 0.85, 'keyword_mentioned': 'meme', 'message_length': 34}
2025-09-28 10:26:19 | INFO | {'message': 'I just tried an app! It was exciting.', 'author': 'Charlie', 'timestamp': '2025-09-28 10:26:19', 'category': 'other', 'sentiment': 0.46, 'keyword_mentioned': 'other', 'message_length': 37}
2025-09-28 10:26:24 | INFO | {'message': 'I just found Python! It was boring.', 'author': 'Eve', 'timestamp': '2025-09-28 10:26:24', 'category': 'tech', 'sentiment': 0.42, 'keyword_mentioned': 'Python', 'message_length': 35}
2025-09-28 10:26:29 | INFO | {'message': 'I just loved a movie! It was exciting.', 'author': 'Alice', 'timestamp': '2025-09-28 10:26:29', 'category': 'entertainment', 'sentiment': 0.2, 'keyword_mentioned': 'movie', 'message_length': 38}
2025-09-28 10:26:34 | INFO | {'message': 'I just shared a meme! It was funny.', 'author': 'Eve', 'timestamp': '2025-09-28 10:26:34', 'category': 'humor', 'sentiment': 0.79, 'keyword_mentioned': 'meme', 'message_length': 35}
2025-09-28 10:26:39 | INFO | {'message': 'I just saw a trick! It was boring.', 'author': 'Charlie', 'timestamp': '2025-09-28 10:26:39', 'category': 'other', 'sentiment': 0.37, 'keyword_mentioned': 'other', 'message_length': 34}
2025-09-28 10:26:44 | INFO | {'message': 'I just loved recipe! It was exciting.', 'author': 'Charlie', 'timestamp': '2025-09-28 10:26:44', 'category': 'food', 'sentiment': 0.78, 'keyword_mentioned': 'recipe', 'message_length': 37}
2025-09-28 10:26:49 | INFO | {'message': 'I just tried recipe! It was exciting.', 'author': 'Charlie', 'timestamp': '2025-09-28 10:26:49', 'category': 'food', 'sentiment': 0.52, 'keyword_mentioned': 'recipe', 'message_length': 37}
2025-09-28 10:26:54 | INFO | {'message': 'I just found JavaScript! It was funny.', 'author': 'Bob', 'timestamp': '2025-09-28 10:26:54', 'category': 'tech', 'sentiment': 0.25, 'keyword_mentioned': 'JavaScript', 'message_length': 38}
2025-09-28 10:26:59 | INFO | {'message': 'I just shared JavaScript! It was boring.', 'author': 'Bob', 'timestamp': '2025-09-28 10:26:59', 'category': 'tech', 'sentiment': 0.09, 'keyword_mentioned': 'JavaScript', 'message_length': 40}
2025-09-28 10:27:04 | INFO | {'message': 'I just shared a movie! It was boring.', 'author': 'Alice', 'timestamp': '2025-09-28 10:27:04', 'category': 'entertainment', 'sentiment': 0.67, 'keyword_mentioned': 'movie', 'message_length': 37}
2025-09-28 10:27:09 | INFO | {'message': 'I just loved recipe! It was boring.', 'author': 'Bob', 'timestamp': '2025-09-28 10:27:09', 'category': 'food', 'sentiment': 0.93, 'keyword_mentioned': 'recipe', 'message_length': 35}
2025-09-28 10:27:14 | INFO | {'message': 'I just shared a trick! It was weird.', 'author': 'Eve', 'timestamp': '2025-09-28 10:27:14', 'category': 'other', 'sentiment': 0.15, 'keyword_mentioned': 'other', 'message_length': 36}
2025-09-28 10:27:19 | INFO | {'message': 'I just saw game! It was amazing.', 'author': 'Eve', 'timestamp': '2025-09-28 10:27:19', 'category': 'gaming', 'sentiment': 0.15, 'keyword_mentioned': 'game', 'message_length': 32}
2025-09-28 10:27:24 | INFO | {'message': 'I just loved travel! It was funny.', 'author': 'Charlie', 'timestamp': '2025-09-28 10:27:24', 'category': 'travel', 'sentiment': 0.14, 'keyword_mentioned': 'travel', 'message_length': 34}
2025-09-28 10:27:29 | INFO | {'message': 'I just saw JavaScript! It was amazing.', 'author': 'Bob', 'timestamp': '2025-09-28 10:27:29', 'category': 'tech', 'sentiment': 0.7, 'keyword_mentioned': 'JavaScript', 'message_length': 38}
2025-09-28 10:27:34 | INFO | {'message': 'I just loved JavaScript! It was weird.', 'author': 'Eve', 'timestamp': '2025-09-28 10:27:34', 'category': 'tech', 'sentiment': 0.07, 'keyword_mentioned': 'JavaScript', 'message_length': 38}
2025-09-28 10:27:39 | INFO | {'message': 'I just loved an app! It was amazing.', 'author': 'Charlie', 'timestamp': '2025-09-28 10:27:39', 'category': 'other', 'sentiment': 0.97, 'keyword_mentioned': 'other', 'message_length': 36}
2025-09-28 10:27:44 | INFO | {'message': 'I just tried Python! It was exciting.', 'author': 'Charlie', 'timestamp': '2025-09-28 10:27:44', 'category': 'tech', 'sentiment': 0.98, 'keyword_mentioned': 'Python', 'message_length': 37}
2025-09-28 10:27:49 | INFO | {'message': 'I just loved a story! It was funny.', 'author': 'Alice', 'timestamp': '2025-09-28 10:27:49', 'category': 'other', 'sentiment': 0.12, 'keyword_mentioned': 'other', 'message_length': 35}
2025-09-28 10:27:54 | INFO | {'message': 'I just saw a story! It was exciting.', 'author': 'Charlie', 'timestamp': '2025-09-28 10:27:54', 'category': 'other', 'sentiment': 0.52, 'keyword_mentioned': 'other', 'message_length': 36}
2025-09-28 10:27:59 | INFO | {'message': 'I just loved a meme! It was weird.', 'author': 'Alice', 'timestamp': '2025-09-28 10:27:59', 'category': 'humor', 'sentiment': 0.12, 'keyword_mentioned': 'meme', 'message_length': 34}
2025-09-28 10:28:04 | INFO | {'message': 'I just loved game! It was funny.', 'author': 'Eve', 'timestamp': '2025-09-28 10:28:04', 'category': 'gaming', 'sentiment': 0.65, 'keyword_mentioned': 'game', 'message_length': 32}
2025-09-28 10:28:09 | INFO | {'message': 'I just found Python! It was amazing.', 'author': 'Eve', 'timestamp': '2025-09-28 10:28:09', 'category': 'tech', 'sentiment': 0.62, 'keyword_mentioned': 'Python', 'message_length': 36}
2025-09-28 10:28:14 | INFO | {'message': 'I just tried a trick! It was funny.', 'author': 'Eve', 'timestamp': '2025-09-28 10:28:14', 'category': 'other', 'sentiment': 0.43, 'keyword_mentioned': 'other', 'message_length': 35}
2025-09-28 10:28:19 | INFO | {'message': 'I just loved travel! It was amazing.', 'author': 'Eve', 'timestamp': '2025-09-28 10:28:19', 'category': 'travel', 'sentiment': 0.88, 'keyword_mentioned': 'travel', 'message_length': 36}
2025-09-28 10:28:24 | INFO | {'message': 'I just tried a story! It was weird.', 'author': 'Eve', 'timestamp': '2025-09-28 10:28:24', 'category': 'other', 'sentiment': 0.9, 'keyword_mentioned': 'other', 'message_length': 35}
2025-09-28 10:28:29 | INFO | {'message': 'I just loved recipe! It was funny.', 'author': 'Charlie', 'timestamp': '2025-09-28 10:28:29', 'category': 'food', 'sentiment': 0.42, 'keyword_mentioned': 'recipe', 'message_length': 34}
2025-09-28 10:28:34 | INFO | {'message': 'I just loved an app! It was exciting.', 'author': 'Charlie', 'timestamp': '2025-09-28 10:28:34', 'category': 'other', 'sentiment': 0.64, 'keyword_mentioned': 'other', 'message_length': 37}
2025-09-28 10:28:39 | INFO | {'message': 'I just tried a trick! It was boring.', 'author': 'Alice', 'timestamp': '2025-09-28 10:28:39', 'category': 'other', 'sentiment': 0.74, 'keyword_mentioned': 'other', 'message_length': 36}
2025-09-28 10:28:44 | INFO | {'message': 'I just found JavaScript! It was amazing.', 'author': 'Eve', 'timestamp': '2025-09-28 10:28:44', 'category': 'tech', 'sentiment': 0.4, 'keyword_mentioned': 'JavaScript', 'message_length': 40}
2025-09-28 10:28:49 | INFO | {'message': 'I just loved a trick! It was funny.', 'author': 'Alice', 'timestamp': '2025-09-28 10:28:49', 'category': 'other', 'sentiment': 0.86, 'keyword_mentioned': 'other', 'message_length': 35}
2025-09-28 10:28:54 | INFO | {'message': 'I just loved game! It was boring.', 'author': 'Alice', 'timestamp': '2025-09-28 10:28:54', 'category': 'gaming', 'sentiment': 0.33, 'keyword_mentioned': 'game', 'message_length': 33}
2025-09-28 10:28:59 | INFO | {'message': 'I just shared a meme! It was weird.', 'author': 'Eve', 'timestamp': '2025-09-28 10:28:59', 'category': 'humor', 'sentiment': 0.27, 'keyword_mentioned': 'meme', 'message_length': 35}
2025-09-28 10:29:04 | INFO | {'message': 'I just shared a story! It was amazing.', 'author': 'Alice', 'timestamp': '2025-09-28 10:29:04', 'category': 'other', 'sentiment': 0.53, 'keyword_mentioned': 'other', 'message_length': 38}
2025-09-28 10:29:09 | INFO | {'message': 'I just loved travel! It was weird.', 'author': 'Bob', 'timestamp': '2025-09-28 10:29:09', 'category': 'travel', 'sentiment': 0.56, 'keyword_mentioned': 'travel', 'message_length': 34}
2025-09-28 10:29:14 | INFO | {'message': 'I just saw a meme! It was exciting.', 'author': 'Alice', 'timestamp': '2025-09-28 10:29:14', 'category': 'humor', 'sentiment': 0.4, 'keyword_mentioned': 'meme', 'message_length': 35}
2025-09-28 10:29:19 | INFO | {'message': 'I just loved JavaScript! It was exciting.', 'author': 'Charlie', 'timestamp': '2025-09-28 10:29:19', 'category': 'tech', 'sentiment': 0.7, 'keyword_mentioned': 'JavaScript', 'message_length': 41}
2025-09-28 10:29:24 | INFO | {'message': 'I just found a story! It was exciting.', 'author': 'Charlie', 'timestamp': '2025-09-28 10:29:24', 'category': 'other', 'sentiment': 0.6, 'keyword_mentioned': 'other', 'message_length': 38}
2025-09-28 10:29:29 | INFO | {'message': 'I just found an app! It was weird.', 'author': 'Bob', 'timestamp': '2025-09-28 10:29:29', 'category': 'other', 'sentiment': 0.74, 'keyword_mentioned': 'other', 'message_length': 34}
2025-09-28 10:29:34 | INFO | {'message': 'I just saw game! It was boring.', 'author': 'Bob', 'timestamp': '2025-09-28 10:29:34', 'category': 'gaming', 'sentiment': 0.09, 'keyword_mentioned': 'game', 'message_length': 31}
2025-09-28 10:29:39 | INFO | {'message': 'I just tried JavaScript! It was exciting.', 'author': 'Alice', 'timestamp': '2025-09-28 10:29:39', 'category': 'tech', 'sentiment': 0.4, 'keyword_mentioned': 'JavaScript', 'message_length': 41}
2025-09-28 10:29:44 | INFO | {'message': 'I just shared a trick! It was amazing.', 'author': 'Alice', 'timestamp': '2025-09-28 10:29:44', 'category': 'other', 'sentiment': 0.63, 'keyword_mentioned': 'other', 'message_length': 38}
2025-09-28 10:29:49 | INFO | {'message': 'I just shared game! It was weird.', 'author': 'Alice', 'timestamp': '2025-09-28 10:29:49', 'category': 'gaming', 'sentiment': 0.32, 'keyword_mentioned': 'game', 'message_length': 33}
2025-09-28 10:29:54 | INFO | {'message': 'I just tried recipe! It was weird.', 'author': 'Bob', 'timestamp': '2025-09-28 10:29:54', 'category': 'food', 'sentiment': 0.51, 'keyword_mentioned': 'recipe', 'message_length': 34}
2025-09-28 10:29:59 | INFO | {'message': 'I just tried Python! It was exciting.', 'author': 'Alice', 'timestamp': '2025-09-28 10:29:59', 'category': 'tech', 'sentiment': 0.7, 'keyword_mentioned': 'Python', 'message_length': 37}
2025-09-28 10:30:04 | INFO | {'message': 'I just loved game! It was amazing.', 'author': 'Alice', 'timestamp': '2025-09-28 10:30:04', 'category': 'gaming', 'sentiment': 0.45, 'keyword_mentioned': 'game', 'message_length': 34}
2025-09-28 10:30:09 | INFO | {'message': 'I just loved game! It was funny.', 'author': 'Eve', 'timestamp': '2025-09-28 10:30:09', 'category': 'gaming', 'sentiment': 0.24, 'keyword_mentioned': 'game', 'message_length': 32}
2025-09-28 10:30:14 | INFO | {'message': 'I just shared recipe! It was weird.', 'author': 'Bob', 'timestamp': '2025-09-28 10:30:14', 'category': 'food', 'sentiment': 0.5, 'keyword_mentioned': 'recipe', 'message_length': 35}
2025-09-28 10:30:19 | INFO | {'message': 'I just found game! It was amazing.', 'author': 'Eve', 'timestamp': '2025-09-28 10:30:19', 'category': 'gaming', 'sentiment': 0.48, 'keyword_mentioned': 'game', 'message_length': 34}
2025-09-28 10:30:24 | INFO | {'message': 'I just loved Python! It was exciting.', 'author': 'Bob', 'timestamp': '2025-09-28 10:30:24', 'category': 'tech', 'sentiment': 0.88, 'keyword_mentioned': 'Python', 'message_length': 37}
2025-09-28 10:30:29 | INFO | {'message': 'I just found an app! It was weird.', 'author': 'Eve', 'timestamp': '2025-09-28 10:30:29', 'category': 'other', 'sentiment': 0.17, 'keyword_mentioned': 'other', 'message_length': 34}
2025-09-28 10:30:34 | INFO | {'message': 'I just shared travel! It was weird.', 'author': 'Charlie', 'timestamp': '2025-09-28 10:30:34', 'category': 'travel', 'sentiment': 0.68, 'keyword_mentioned': 'travel', 'message_length': 35}
2025-09-28 10:30:39 | INFO | {'message': 'I just saw an app! It was funny.', 'author': 'Bob', 'timestamp': '2025-09-28 10:30:39', 'category': 'other', 'sentiment': 0.88, 'keyword_mentioned': 'other', 'message_length': 32}
2025-09-28 10:30:44 | INFO | {'message': 'I just found recipe! It was boring.', 'author': 'Eve', 'timestamp': '2025-09-28 10:30:44', 'category': 'food', 'sentiment': 0.91, 'keyword_mentioned': 'recipe', 'message_length': 35}
2025-09-28 10:30:49 | INFO | {'message': 'I just tried Python! It was amazing.', 'author': 'Alice', 'timestamp': '2025-09-28 10:30:49', 'category': 'tech', 'sentiment': 0.38, 'keyword_mentioned': 'Python', 'message_length': 36}
2025-09-28 10:30:54 | INFO | {'message': 'I just saw a trick! It was weird.', 'author': 'Eve', 'timestamp': '2025-09-28 10:30:54', 'category': 'other', 'sentiment': 0.07, 'keyword_mentioned': 'other', 'message_length': 33}
2025-09-28 10:30:59 | INFO | {'message': 'I just shared travel! It was boring.', 'author': 'Eve', 'timestamp': '2025-09-28 10:30:59', 'category': 'travel', 'sentiment': 0.32, 'keyword_mentioned': 'travel', 'message_length': 36}
2025-09-28 10:31:04 | INFO | {'message': 'I just loved an app! It was boring.', 'author': 'Charlie', 'timestamp': '2025-09-28 10:31:04', 'category': 'other', 'sentiment': 0.84, 'keyword_mentioned': 'other', 'message_length': 35}
2025-09-28 10:31:09 | INFO | {'message': 'I just loved Python! It was exciting.', 'author': 'Charlie', 'timestamp': '2025-09-28 10:31:09', 'category': 'tech', 'sentiment': 0.23, 'keyword_mentioned': 'Python', 'message_length': 37}
2025-09-28 10:31:14 | INFO | {'message': 'I just found a trick! It was amazing.', 'author': 'Alice', 'timestamp': '2025-09-28 10:31:14', 'category': 'other', 'sentiment': 0.22, 'keyword_mentioned': 'other', 'message_length': 37}
2025-09-28 10:31:19 | INFO | {'message': 'I just loved a meme! It was boring.', 'author': 'Eve', 'timestamp': '2025-09-28 10:31:19', 'category': 'humor', 'sentiment': 0.16, 'keyword_mentioned': 'meme', 'message_length': 35}
2025-09-28 10:31:24 | INFO | {'message': 'I just tried a meme! It was exciting.', 'author': 'Bob', 'timestamp': '2025-09-28 10:31:24', 'category': 'humor', 'sentiment': 0.63, 'keyword_mentioned': 'meme', 'message_length': 37}
2025-09-28 10:31:29 | INFO | {'message': 'I just saw a story! It was exciting.', 'author': 'Bob', 'timestamp': '2025-09-28 10:31:29', 'category': 'other', 'sentiment': 0.5, 'keyword_mentioned': 'other', 'message_length': 36}
2025-09-28 10:31:34 | INFO | {'message': 'I just found an app! It was boring.', 'author': 'Alice', 'timestamp': '2025-09-28 10:31:34', 'category': 'other', 'sentiment': 0.46, 'keyword_mentioned': 'other', 'message_length': 35}
2025-09-28 10:31:39 | INFO | {'message': 'I just tried a meme! It was exciting.', 'author': 'Charlie', 'timestamp': '2025-09-28 10:31:39', 'category': 'humor', 'sentiment': 0.65, 'keyword_mentioned': 'meme', 'message_length': 37}
2025-09-28 10:31:44 | INFO | {'message': 'I just saw Python! It was amazing.', 'author': 'Charlie', 'timestamp': '2025-09-28 10:31:44', 'category': 'tech', 'sentiment': 0.87, 'keyword_mentioned': 'Python', 'message_length': 34}
2025-09-28 10:31:49 | INFO | {'message': 'I just found Python! It was exciting.', 'author': 'Eve', 'timestamp': '2025-09-28 10:31:49', 'category': 'tech', 'sentiment': 0.57, 'keyword_mentioned': 'Python', 'message_length': 37}
2025-09-28 10:31:54 | INFO | {'message': 'I just tried an app! It was boring.', 'author': 'Bob', 'timestamp': '2025-09-28 10:31:54', 'category': 'other', 'sentiment': 0.63, 'keyword_mentioned': 'other', 'message_length': 35}
2025-09-28 10:31:59 | INFO | {'message': 'I just loved a movie! It was weird.', 'author': 'Bob', 'timestamp': '2025-09-28 10:31:59', 'category': 'entertainment', 'sentiment': 0.96, 'keyword_mentioned': 'movie', 'message_length': 35}
2025-09-28 10:32:04 | INFO | {'message': 'I just loved a story! It was amazing.', 'author': 'Charlie', 'timestamp': '2025-09-28 10:32:04', 'category': 'other', 'sentiment': 0.46, 'keyword_mentioned': 'other', 'message_length': 37}
2025-09-28 10:32:09 | INFO | {'message': 'I just shared a movie! It was weird.', 'author': 'Eve', 'timestamp': '2025-09-28 10:32:09', 'category': 'entertainment', 'sentiment': 0.25, 'keyword_mentioned': 'movie', 'message_length': 36}
2025-09-28 10:32:14 | INFO | {'message': 'I just loved game! It was amazing.', 'author': 'Charlie', 'timestamp': '2025-09-28 10:32:14', 'category': 'gaming', 'sentiment': 0.6, 'keyword_mentioned': 'game', 'message_length': 34}
2025-09-28 10:32:19 | INFO | {'message': 'I just found an app! It was exciting.', 'author': 'Alice', 'timestamp': '2025-09-28 10:32:19', 'category': 'other', 'sentiment': 0.91, 'keyword_mentioned': 'other', 'message_length': 37}
2025-09-28 10:32:24 | INFO | {'message': 'I just loved a story! It was funny.', 'author': 'Bob', 'timestamp': '2025-09-28 10:32:24', 'category': 'other', 'sentiment': 0.33, 'keyword_mentioned': 'other', 'message_length': 35}
2025-09-28 10:32:29 | INFO | {'message': 'I just tried JavaScript! It was exciting.', 'author': 'Alice', 'timestamp': '2025-09-28 10:32:29', 'category': 'tech', 'sentiment': 0.07, 'keyword_mentioned': 'JavaScript', 'message_length': 41}
2025-09-28 10:32:34 | INFO | {'message': 'I just saw a movie! It was boring.', 'author': 'Alice', 'timestamp': '2025-09-28 10:32:34', 'category': 'entertainment', 'sentiment': 1.0, 'keyword_mentioned': 'movie', 'message_length': 34}
2025-09-28 10:32:39 | INFO | {'message': 'I just saw a trick! It was weird.', 'author': 'Charlie', 'timestamp': '2025-09-28 10:32:39', 'category': 'other', 'sentiment': 0.03, 'keyword_mentioned': 'other', 'message_length': 33}
2025-09-28 10:32:44 | INFO | {'message': 'I just shared recipe! It was weird.', 'author': 'Alice', 'timestamp': '2025-09-28 10:32:44', 'category': 'food', 'sentiment': 0.27, 'keyword_mentioned': 'recipe', 'message_length': 35}
2025-09-28 10:32:49 | INFO | {'message': 'I just saw an app! It was amazing.', 'author': 'Bob', 'timestamp': '2025-09-28 10:32:49', 'category': 'other', 'sentiment': 0.11, 'keyword_mentioned': 'other', 'message_length': 34}
2025-09-28 10:32:54 | INFO | {'message': 'I just saw game! It was boring.', 'author': 'Charlie', 'timestamp': '2025-09-28 10:32:54', 'category': 'gaming', 'sentiment': 0.12, 'keyword_mentioned': 'game', 'message_length': 31}
2025-09-28 10:32:59 | INFO | {'message': 'I just shared an app! It was weird.', 'author': 'Alice', 'timestamp': '2025-09-28 10:32:59', 'category': 'other', 'sentiment': 0.37, 'keyword_mentioned': 'other', 'message_length': 35}
2025-09-28 10:33:04 | INFO | {'message': 'I just tried JavaScript! It was boring.', 'author': 'Bob', 'timestamp': '2025-09-28 10:33:04', 'category': 'tech', 'sentiment': 0.13, 'keyword_mentioned': 'JavaScript', 'message_length': 39}
2025-09-28 10:33:09 | INFO | {'message': 'I just loved a trick! It was funny.', 'author': 'Eve', 'timestamp': '2025-09-28 10:33:09', 'category': 'other', 'sentiment': 0.97, 'keyword_mentioned': 'other', 'message_length': 35}
2025-09-28 10:33:14 | INFO | {'message': 'I just saw an app! It was exciting.', 'author': 'Alice', 'timestamp': '2025-09-28 10:33:14', 'category': 'other', 'sentiment': 0.7, 'keyword_mentioned': 'other', 'message_length': 35}
2025-09-28 10:33:19 | INFO | {'message': 'I just saw a story! It was funny.', 'author': 'Alice', 'timestamp': '2025-09-28 10:33:19', 'category': 'other', 'sentiment': 0.83, 'keyword_mentioned': 'other', 'message_length': 33}
2025-09-28 10:33:24 | INFO | {'message': 'I just saw a meme! It was boring.', 'author': 'Alice', 'timestamp': '2025-09-28 10:33:24', 'category': 'humor', 'sentiment': 0.93, 'keyword_mentioned': 'meme', 'message_length': 33}
2025-09-28 10:33:29 | INFO | {'message': 'I just saw a story! It was funny.', 'author': 'Bob', 'timestamp': '2025-09-28 10:33:29', 'category': 'other', 'sentiment': 0.87, 'keyword_mentioned': 'other', 'message_length': 33}
2025-09-28 10:33:34 | INFO | {'message': 'I just saw a movie! It was exciting.', 'author': 'Eve', 'timestamp': '2025-09-28 10:33:34', 'category': 'entertainment', 'sentiment': 0.71, 'keyword_mentioned': 'movie', 'message_length': 36}
2025-09-28 10:33:39 | INFO | {'message': 'I just saw JavaScript! It was amazing.', 'author': 'Eve', 'timestamp': '2025-09-28 10:33:39', 'category': 'tech', 'sentiment': 0.64, 'keyword_mentioned': 'JavaScript', 'message_length': 38}
2025-09-28 10:33:44 | INFO | {'message': 'I just found a trick! It was boring.', 'author': 'Alice', 'timestamp': '2025-09-28 10:33:44', 'category': 'other', 'sentiment': 0.54, 'keyword_mentioned': 'other', 'message_length': 36}
2025-09-28 10:33:49 | INFO | {'message': 'I just found a trick! It was weird.', 'author': 'Eve', 'timestamp': '2025-09-28 10:33:49', 'category': 'other', 'sentiment': 0.0, 'keyword_mentioned': 'other', 'message_length': 35}
2025-09-28 10:33:54 | INFO | {'message': 'I just tried JavaScript! It was boring.', 'author': 'Alice', 'timestamp': '2025-09-28 10:33:54', 'category': 'tech', 'sentiment': 0.64, 'keyword_mentioned': 'JavaScript', 'message_length': 39}
2025-09-28 10:33:59 | INFO | {'message': 'I just loved travel! It was funny.', 'author': 'Alice', 'timestamp': '2025-09-28 10:33:59', 'category': 'travel', 'sentiment': 0.6, 'keyword_mentioned': 'travel', 'message_length': 34}
2025-09-28 10:34:04 | INFO | {'message': 'I just tried a trick! It was funny.', 'author': 'Bob', 'timestamp': '2025-09-28 10:34:04', 'category': 'other', 'sentiment': 0.57, 'keyword_mentioned': 'other', 'message_length': 35}
2025-09-28 10:34:09 | INFO | {'message': 'I just found a story! It was amazing.', 'author': 'Bob', 'timestamp': '2025-09-28 10:34:09', 'category': 'other', 'sentiment': 0.16, 'keyword_mentioned': 'other', 'message_length': 37}
2025-09-28 10:34:14 | INFO | {'message': 'I just shared travel! It was boring.', 'author': 'Bob', 'timestamp': '2025-09-28 10:34:14', 'category': 'travel', 'sentiment': 0.2, 'keyword_mentioned': 'travel', 'message_length': 36}
2025-09-28 10:34:19 | INFO | {'message': 'I just found a story! It was amazing.', 'author': 'Charlie', 'timestamp': '2025-09-28 10:34:19', 'category': 'other', 'sentiment': 0.25, 'keyword_mentioned': 'other', 'message_length': 37}
2025-09-28 10:34:24 | INFO | {'message': 'I just saw recipe! It was boring.', 'author': 'Charlie', 'timestamp': '2025-09-28 10:34:24', 'category': 'food', 'sentiment': 0.29, 'keyword_mentioned': 'recipe', 'message_length': 33}
2025-09-28 10:34:29 | INFO | {'message': 'I just tried a movie! It was exciting.', 'author': 'Alice', 'timestamp': '2025-09-28 10:34:29', 'category': 'entertainment', 'sentiment': 0.82, 'keyword_mentioned': 'movie', 'message_length': 38}
2025-09-28 10:34:34 | INFO | {'message': 'I just shared a movie! It was amazing.', 'author': 'Bob', 'timestamp': '2025-09-28 10:34:34', 'category': 'entertainment', 'sentiment': 0.45, 'keyword_mentioned': 'movie', 'message_length': 38}
2025-09-28 10:34:39 | INFO | {'message': 'I just found recipe! It was exciting.', 'author': 'Charlie', 'timestamp': '2025-09-28 10:34:39', 'category': 'food', 'sentiment': 0.56, 'keyword_mentioned': 'recipe', 'message_length': 37}
2025-09-28 10:34:44 | INFO | {'message': 'I just found a meme! It was weird.', 'author': 'Eve', 'timestamp': '2025-09-28 10:34:44', 'category': 'humor', 'sentiment': 0.85, 'keyword_mentioned': 'meme', 'message_length': 34}
2025-09-28 10:34:49 | INFO | {'message': 'I just loved a movie! It was boring.', 'author': 'Charlie', 'timestamp': '2025-09-28 10:34:49', 'category': 'entertainment', 'sentiment': 0.97, 'keyword_mentioned': 'movie', 'message_length': 36}
2025-09-28 10:34:54 | INFO | {'message': 'I just saw a movie! It was funny.', 'author': 'Eve', 'timestamp': '2025-09-28 10:34:54', 'category': 'entertainment', 'sentiment': 0.03, 'keyword_mentioned': 'movie', 'message_length': 33}
2025-09-28 10:34:59 | INFO | {'message': 'I just tried a meme! It was amazing.', 'author': 'Alice', 'timestamp': '2025-09-28 10:34:59', 'category': 'humor', 'sentiment': 0.99, 'keyword_mentioned': 'meme', 'message_length': 36}
2025-09-28 10:35:04 | INFO | {'message': 'I just loved a trick! It was weird.', 'author': 'Bob', 'timestamp': '2025-09-28 10:35:04', 'category': 'other', 'sentiment': 0.28, 'keyword_mentioned': 'other', 'message_length': 35}
2025-09-28 10:35:09 | INFO | {'message': 'I just saw a trick! It was boring.', 'author': 'Eve', 'timestamp': '2025-09-28 10:35:09', 'category': 'other', 'sentiment': 0.69, 'keyword_mentioned': 'other', 'message_length': 34}
2025-09-28 10:35:14 | INFO | {'message': 'I just saw a story! It was weird.', 'author': 'Bob', 'timestamp': '2025-09-28 10:35:14', 'category': 'other', 'sentiment': 0.13, 'keyword_mentioned': 'other', 'message_length': 33}
2025-09-28 10:35:19 | INFO | {'message': 'I just shared a movie! It was amazing.', 'author': 'Eve', 'timestamp': '2025-09-28 10:35:19', 'category': 'entertainment', 'sentiment': 0.53, 'keyword_mentioned': 'movie', 'message_length': 38}
2025-09-28 10:35:24 | INFO | {'message': 'I just shared a movie! It was weird.', 'author': 'Eve', 'timestamp': '2025-09-28 10:35:24', 'category': 'entertainment', 'sentiment': 0.64, 'keyword_mentioned': 'movie', 'message_length': 36}
2025-09-28 10:35:29 | INFO | {'message': 'I just shared a movie! It was amazing.', 'author': 'Eve', 'timestamp': '2025-09-28 10:35:29', 'category': 'entertainment', 'sentiment': 0.22, 'keyword_mentioned': 'movie', 'message_length': 38}
2025-09-28 10:35:34 | INFO | {'message': 'I just found a meme! It was amazing.', 'author': 'Alice', 'timestamp': '2025-09-28 10:35:34', 'category': 'humor', 'sentiment': 0.23, 'keyword_mentioned': 'meme', 'message_length': 36}
2025-09-28 10:35:39 | INFO | {'message': 'I just shared an app! It was amazing.', 'author': 'Eve', 'timestamp': '2025-09-28 10:35:39', 'category': 'other', 'sentiment': 0.23, 'keyword_mentioned': 'other', 'message_length': 37}
2025-09-28 10:35:44 | INFO | {'message': 'I just found recipe! It was amazing.', 'author': 'Charlie', 'timestamp': '2025-09-28 10:35:44', 'category': 'food', 'sentiment': 0.65, 'keyword_mentioned': 'recipe', 'message_length': 36}
2025-09-28 10:35:49 | INFO | {'message': 'I just tried a meme! It was boring.', 'author': 'Charlie', 'timestamp': '2025-09-28 10:35:49', 'category': 'humor', 'sentiment': 0.72, 'keyword_mentioned': 'meme', 'message_length': 35}
2025-09-28 10:35:54 | INFO | {'message': 'I just found a movie! It was boring.', 'author': 'Alice', 'timestamp': '2025-09-28 10:35:54', 'category': 'entertainment', 'sentiment': 0.97, 'keyword_mentioned': 'movie', 'message_length': 36}
2025-09-28 10:35:59 | INFO | {'message': 'I just loved Python! It was exciting.', 'author': 'Charlie', 'timestamp': '2025-09-28 10:35:59', 'category': 'tech', 'sentiment': 0.21, 'keyword_mentioned': 'Python', 'message_length': 37}
2025-09-28 10:36:04 | INFO | {'message': 'I just saw recipe! It was funny.', 'author': 'Alice', 'timestamp': '2025-09-28 10:36:04', 'category': 'food', 'sentiment': 0.17, 'keyword_mentioned': 'recipe', 'message_length': 32}
2025-09-28 10:36:09 | INFO | {'message': 'I just tried a meme! It was boring.', 'author': 'Bob', 'timestamp': '2025-09-28 10:36:09', 'category': 'humor', 'sentiment': 0.18, 'keyword_mentioned': 'meme', 'message_length': 35}
2025-09-28 10:36:14 | INFO | {'message': 'I just tried game! It was exciting.', 'author': 'Charlie', 'timestamp': '2025-09-28 10:36:14', 'category': 'gaming', 'sentiment': 0.71, 'keyword_mentioned': 'game', 'message_length': 35}
2025-09-28 10:36:19 | INFO | {'message': 'I just saw a story! It was boring.', 'author': 'Bob', 'timestamp': '2025-09-28 10:36:19', 'category': 'other', 'sentiment': 0.71, 'keyword_mentioned': 'other', 'message_length': 34}
2025-09-28 10:36:24 | INFO | {'message': 'I just loved game! It was weird.', 'author': 'Bob', 'timestamp': '2025-09-28 10:36:24', 'category': 'gaming', 'sentiment': 0.68, 'keyword_mentioned': 'game', 'message_length': 32}
2025-09-28 10:36:29 | INFO | {'message': 'I just shared a story! It was exciting.', 'author': 'Bob', 'timestamp': '2025-09-28 10:36:29', 'category': 'other', 'sentiment': 0.34, 'keyword_mentioned': 'other', 'message_length': 39}
2025-09-28 10:36:34 | INFO | {'message': 'I just shared an app! It was funny.', 'author': 'Charlie', 'timestamp': '2025-09-28 10:36:34', 'category': 'other', 'sentiment': 0.32, 'keyword_mentioned': 'other', 'message_length': 35}
2025-09-28 10:36:39 | INFO | {'message': 'I just loved an app! It was exciting.', 'author': 'Bob', 'timestamp': '2025-09-28 10:36:39', 'category': 'other', 'sentiment': 0.71, 'keyword_mentioned': 'other', 'message_length': 37}
2025-09-28 10:36:44 | INFO | {'message': 'I just found a story! It was exciting.', 'author': 'Alice', 'timestamp': '2025-09-28 10:36:44', 'category': 'other', 'sentiment': 0.69, 'keyword_mentioned': 'other', 'message_length': 38}
2025-09-28 10:36:49 | INFO | {'message': 'I just found a meme! It was weird.', 'author': 'Bob', 'timestamp': '2025-09-28 10:36:49', 'category': 'humor', 'sentiment': 0.75, 'keyword_mentioned': 'meme', 'message_length': 34}
2025-09-28 10:36:54 | INFO | {'message': 'I just found game! It was amazing.', 'author': 'Bob', 'timestamp': '2025-09-28 10:36:54', 'category': 'gaming', 'sentiment': 0.68, 'keyword_mentioned': 'game', 'message_length': 34}
2025-09-28 10:36:59 | INFO | {'message': 'I just shared game! It was funny.', 'author': 'Charlie', 'timestamp': '2025-09-28 10:36:59', 'category': 'gaming', 'sentiment': 0.77, 'keyword_mentioned': 'game', 'message_length': 33}
2025-09-28 10:37:04 | INFO | {'message': 'I just found game! It was boring.', 'author': 'Eve', 'timestamp': '2025-09-28 10:37:04', 'category': 'gaming', 'sentiment': 0.12, 'keyword_mentioned': 'game', 'message_length': 33}
2025-09-28 10:37:09 | INFO | {'message': 'I just saw a trick! It was amazing.', 'author': 'Eve', 'timestamp': '2025-09-28 10:37:09', 'category': 'other', 'sentiment': 0.42, 'keyword_mentioned': 'other', 'message_length': 35}
2025-09-28 10:37:14 | INFO | {'message': 'I just shared a trick! It was weird.', 'author': 'Charlie', 'timestamp': '2025-09-28 10:37:14', 'category': 'other', 'sentiment': 0.5, 'keyword_mentioned': 'other', 'message_length': 36}
2025-09-28 10:37:19 | INFO | {'message': 'I just found an app! It was weird.', 'author': 'Bob', 'timestamp': '2025-09-28 10:37:19', 'category': 'other', 'sentiment': 0.57, 'keyword_mentioned': 'other', 'message_length': 34}
2025-09-28 10:37:24 | INFO | {'message': 'I just saw a movie! It was amazing.', 'author': 'Charlie', 'timestamp': '2025-09-28 10:37:24', 'category': 'entertainment', 'sentiment': 0.33, 'keyword_mentioned': 'movie', 'message_length': 35}
2025-09-28 10:37:29 | INFO | {'message': 'I just loved a trick! It was exciting.', 'author': 'Bob', 'timestamp': '2025-09-28 10:37:29', 'category': 'other', 'sentiment': 0.87, 'keyword_mentioned': 'other', 'message_length': 38}
2025-09-28 10:37:34 | INFO | {'message': 'I just loved Python! It was boring.', 'author': 'Charlie', 'timestamp': '2025-09-28 10:37:34', 'category': 'tech', 'sentiment': 0.72, 'keyword_mentioned': 'Python', 'message_length': 35}
2025-09-28 10:37:39 | INFO | {'message': 'I just shared an app! It was exciting.', 'author': 'Charlie', 'timestamp': '2025-09-28 10:37:39', 'category': 'other', 'sentiment': 0.59, 'keyword_mentioned': 'other', 'message_length': 38}
2025-09-28 10:37:44 | INFO | {'message': 'I just shared an app! It was weird.', 'author': 'Eve', 'timestamp': '2025-09-28 10:37:44', 'category': 'other', 'sentiment': 0.76, 'keyword_mentioned': 'other', 'message_length': 35}
2025-09-28 10:37:49 | INFO | {'message': 'I just loved JavaScript! It was funny.', 'author': 'Bob', 'timestamp': '2025-09-28 10:37:49', 'category': 'tech', 'sentiment': 0.15, 'keyword_mentioned': 'JavaScript', 'message_length': 38}
2025-09-28 10:37:54 | INFO | {'message': 'I just loved a movie! It was weird.', 'author': 'Bob', 'timestamp': '2025-09-28 10:37:54', 'category': 'entertainment', 'sentiment': 0.89, 'keyword_mentioned': 'movie', 'message_length': 35}
2025-09-28 10:37:59 | INFO | {'message': 'I just found JavaScript! It was weird.', 'author': 'Charlie', 'timestamp': '2025-09-28 10:37:59', 'category': 'tech', 'sentiment': 0.13, 'keyword_mentioned': 'JavaScript', 'message_length': 38}
2025-09-28 10:38:04 | INFO | {'message': 'I just found recipe! It was exciting.', 'author': 'Alice', 'timestamp': '2025-09-28 10:38:04', 'category': 'food', 'sentiment': 0.42, 'keyword_mentioned': 'recipe', 'message_length': 37}
2025-09-28 10:38:09 | INFO | {'message': 'I just tried a meme! It was amazing.', 'author': 'Bob', 'timestamp': '2025-09-28 10:38:09', 'category': 'humor', 'sentiment': 0.47, 'keyword_mentioned': 'meme', 'message_length': 36}
2025-09-28 10:38:14 | INFO | {'message': 'I just saw a trick! It was weird.', 'author': 'Charlie', 'timestamp': '2025-09-28 10:38:14', 'category': 'other', 'sentiment': 0.82, 'keyword_mentioned': 'other', 'message_length': 33}
2025-09-28 10:38:19 | INFO | {'message': 'I just saw JavaScript! It was amazing.', 'author': 'Eve', 'timestamp': '2025-09-28 10:38:19', 'category': 'tech', 'sentiment': 0.11, 'keyword_mentioned': 'JavaScript', 'message_length': 38}
2025-09-28 10:38:24 | INFO | {'message': 'I just loved travel! It was funny.', 'author': 'Charlie', 'timestamp': '2025-09-28 10:38:24', 'category': 'travel', 'sentiment': 0.33, 'keyword_mentioned': 'travel', 'message_length': 34}
2025-09-28 10:38:29 | INFO | {'message': 'I just saw a trick! It was boring.', 'author': 'Alice', 'timestamp': '2025-09-28 10:38:29', 'category': 'other', 'sentiment': 0.85, 'keyword_mentioned': 'other', 'message_length': 34}
2025-09-28 10:38:34 | INFO | {'message': 'I just shared a meme! It was weird.', 'author': 'Eve', 'timestamp': '2025-09-28 10:38:34', 'category': 'humor', 'sentiment': 0.11, 'keyword_mentioned': 'meme', 'message_length': 35}
2025-09-28 10:38:39 | INFO | {'message': 'I just loved a trick! It was boring.', 'author': 'Charlie', 'timestamp': '2025-09-28 10:38:39', 'category': 'other', 'sentiment': 0.89, 'keyword_mentioned': 'other', 'message_length': 36}
2025-09-28 10:38:44 | INFO | {'message': 'I just saw JavaScript! It was weird.', 'author': 'Eve', 'timestamp': '2025-09-28 10:38:44', 'category': 'tech', 'sentiment': 0.97, 'keyword_mentioned': 'JavaScript', 'message_length': 36}
2025-09-28 10:38:49 | INFO | {'message': 'I just shared JavaScript! It was weird.', 'author': 'Bob', 'timestamp': '2025-09-28 10:38:49', 'category': 'tech', 'sentiment': 0.94, 'keyword_mentioned': 'JavaScript', 'message_length': 39}
2025-09-28 10:38:54 | INFO | {'message': 'I just tried a movie! It was weird.', 'author': 'Alice', 'timestamp': '2025-09-28 10:38:54', 'category': 'entertainment', 'sentiment': 0.72, 'keyword_mentioned': 'movie', 'message_length': 35}
2025-09-28 10:38:59 | INFO | {'message': 'I just found a story! It was amazing.', 'author': 'Eve', 'timestamp': '2025-09-28 10:38:59', 'category': 'other', 'sentiment': 0.88, 'keyword_mentioned': 'other', 'message_length': 37}
2025-09-28 10:39:04 | INFO | {'message': 'I just loved Python! It was exciting.', 'author': 'Charlie', 'timestamp': '2025-09-28 10:39:04', 'category': 'tech', 'sentiment': 0.6, 'keyword_mentioned': 'Python', 'message_length': 37}
2025-09-28 10:39:09 | INFO | {'message': 'I just loved Python! It was boring.', 'author': 'Bob', 'timestamp': '2025-09-28 10:39:09', 'category': 'tech', 'sentiment': 0.61, 'keyword_mentioned': 'Python', 'message_length': 35}
2025-09-28 10:39:14 | INFO | {'message': 'I just saw a movie! It was boring.', 'author': 'Eve', 'timestamp': '2025-09-28 10:39:14', 'category': 'entertainment', 'sentiment': 0.15, 'keyword_mentioned': 'movie', 'message_length': 34}
2025-09-28 10:39:19 | INFO | {'message': 'I just found travel! It was funny.', 'author': 'Eve', 'timestamp': '2025-09-28 10:39:19', 'category': 'travel', 'sentiment': 0.15, 'keyword_mentioned': 'travel', 'message_length': 34}
2025-09-28 10:39:24 | INFO | {'message': 'I just tried a movie! It was exciting.', 'author': 'Eve', 'timestamp': '2025-09-28 10:39:24', 'category': 'entertainment', 'sentiment': 0.95, 'keyword_mentioned': 'movie', 'message_length': 38}
2025-09-28 10:39:29 | INFO | {'message': 'I just shared recipe! It was funny.', 'author': 'Charlie', 'timestamp': '2025-09-28 10:39:29', 'category': 'food', 'sentiment': 0.93, 'keyword_mentioned': 'recipe', 'message_length': 35}
2025-09-28 10:39:34 | INFO | {'message': 'I just saw a trick! It was boring.', 'author': 'Charlie', 'timestamp': '2025-09-28 10:39:34', 'category': 'other', 'sentiment': 0.19, 'keyword_mentioned': 'other', 'message_length': 34}
2025-09-28 10:39:39 | INFO | {'message': 'I just tried game! It was weird.', 'author': 'Alice', 'timestamp': '2025-09-28 10:39:39', 'category': 'gaming', 'sentiment': 0.16, 'keyword_mentioned': 'game', 'message_length': 32}
2025-09-28 10:39:44 | INFO | {'message': 'I just found a trick! It was boring.', 'author': 'Alice', 'timestamp': '2025-09-28 10:39:44', 'category': 'other', 'sentiment': 0.31, 'keyword_mentioned': 'other', 'message_length': 36}
2025-09-28 10:39:49 | INFO | {'message': 'I just found JavaScript! It was boring.', 'author': 'Eve', 'timestamp': '2025-09-28 10:39:49', 'category': 'tech', 'sentiment': 0.6, 'keyword_mentioned': 'JavaScript', 'message_length': 39}
2025-09-28 10:39:54 | INFO | {'message': 'I just saw travel! It was exciting.', 'author': 'Charlie', 'timestamp': '2025-09-28 10:39:54', 'category': 'travel', 'sentiment': 0.17, 'keyword_mentioned': 'travel', 'message_length': 35}
2025-09-28 10:39:59 | INFO | {'message': 'I just shared a trick! It was boring.', 'author': 'Alice', 'timestamp': '2025-09-28 10:39:59', 'category': 'other', 'sentiment': 0.33, 'keyword_mentioned': 'other', 'message_length': 37}
2025-09-28 10:40:04 | INFO | {'message': 'I just tried travel! It was exciting.', 'author': 'Charlie', 'timestamp': '2025-09-28 10:40:04', 'category': 'travel', 'sentiment': 0.96, 'keyword_mentioned': 'travel', 'message_length': 37}
2025-09-28 10:40:09 | INFO | {'message': 'I just shared an app! It was amazing.', 'author': 'Eve', 'timestamp': '2025-09-28 10:40:09', 'category': 'other', 'sentiment': 0.42, 'keyword_mentioned': 'other', 'message_length': 37}
2025-09-28 10:40:14 | INFO | {'message': 'I just found Python! It was funny.', 'author': 'Eve', 'timestamp': '2025-09-28 10:40:14', 'category': 'tech', 'sentiment': 0.04, 'keyword_mentioned': 'Python', 'message_length': 34}
2025-09-28 10:40:19 | INFO | {'message': 'I just tried travel! It was boring.', 'author': 'Bob', 'timestamp': '2025-09-28 10:40:19', 'category': 'travel', 'sentiment': 0.31, 'keyword_mentioned': 'travel', 'message_length': 35}
2025-09-28 10:40:24 | INFO | {'message': 'I just tried recipe! It was boring.', 'author': 'Charlie', 'timestamp': '2025-09-28 10:40:24', 'category': 'food', 'sentiment': 0.07, 'keyword_mentioned': 'recipe', 'message_length': 35}
